2024-11-25 11:53:34,300 [WARNING] PyNaCl is not installed, voice will NOT be supported
2024-11-25 11:53:34,303 [INFO] Added server: 1v1 Random (game_events_1v1.log)
2024-11-25 11:53:34,303 [INFO] Added server: 1v1 Best Setups (game_events_1v1best.log)
2024-11-25 11:53:34,303 [INFO] Added server: 1v1 Best Setups (game_events_1v1best2.log)
2024-11-25 11:53:34,304 [INFO] Added server: 1v1 Default (game_events_1v1default.log)
2024-11-25 11:53:34,304 [INFO] Added server: 1v1 New Player Server (game_events_noob.log)
2024-11-25 11:53:34,305 [INFO] Added server: 2v2 Random (game_events_2v2.log)
2024-11-25 11:53:34,305 [INFO] Added server: 2v2 Atlantic Warfare (game_events_2v2noRUorAS.log)
2024-11-25 11:53:34,306 [INFO] Added server: 3v3 Random (game_events_3v3_FFA.log)
2024-11-25 11:53:34,306 [INFO] Added server: 509 CG 1v1 (game_events_509cg1v1.log)
2024-11-25 11:53:34,306 [INFO] Added server: 509 CG 2v2 (game_events_509cg2v2.log)
2024-11-25 11:53:34,307 [INFO] Added server: 8 Player 4v4 (game_events_8player4v4.log)
2024-11-25 11:53:34,307 [INFO] Added server: 8 Player Diplo (game_events_8playerdiplo.log)
2024-11-25 11:53:34,307 [INFO] Added server: 10 Player 5v5 (game_events_10player5v5.log)
2024-11-25 11:53:34,308 [INFO] Added server: 10 Player Diplo (game_events_10playerdiplo.log)
2024-11-25 11:53:34,308 [INFO] Added server: 16 Player Server (game_events_16player.log)
2024-11-25 11:53:34,308 [INFO] Monitoring 15 servers...
2024-11-25 11:53:34,310 [INFO] Monitoring: game_events_1v1.log for 1v1 Random
2024-11-25 11:53:34,311 [INFO] logging in using static token
2024-11-25 11:53:34,313 [INFO] Monitoring: game_events_1v1best.log for 1v1 Best Setups
2024-11-25 11:53:34,314 [INFO] Monitoring: game_events_1v1best2.log for 1v1 Best Setups
2024-11-25 11:53:34,315 [INFO] Monitoring: game_events_1v1default.log for 1v1 Default
2024-11-25 11:53:34,316 [INFO] Monitoring: game_events_noob.log for 1v1 New Player Server
2024-11-25 11:53:34,317 [INFO] Monitoring: game_events_2v2.log for 2v2 Random
2024-11-25 11:53:34,319 [INFO] Monitoring: game_events_2v2noRUorAS.log for 2v2 Atlantic Warfare
2024-11-25 11:53:34,320 [INFO] Monitoring: game_events_3v3_FFA.log for 3v3 Random
2024-11-25 11:53:34,321 [INFO] Monitoring: game_events_509cg1v1.log for 509 CG 1v1
2024-11-25 11:53:34,323 [INFO] Monitoring: game_events_509cg2v2.log for 509 CG 2v2
2024-11-25 11:53:34,324 [INFO] Monitoring: game_events_8player4v4.log for 8 Player 4v4
2024-11-25 11:53:34,325 [INFO] Monitoring: game_events_8playerdiplo.log for 8 Player Diplo
2024-11-25 11:53:34,326 [INFO] Monitoring: game_events_10player5v5.log for 10 Player 5v5
2024-11-25 11:53:34,327 [INFO] Monitoring: game_events_10playerdiplo.log for 10 Player Diplo
2024-11-25 11:53:34,327 [INFO] Monitoring: game_events_16player.log for 16 Player Server
2024-11-25 11:53:35,314 [INFO] Shard ID None has connected to Gateway (Session ID: 40e8678898ce171b9dbc807a5cec461b).
2024-11-25 11:53:35,315 [INFO] Discord bot connected
2024-11-25 11:53:37,515 [INFO] Discord bot connected as DefconExpandedBot#6864
2024-11-25 11:54:15,711 [INFO] 1v1 Random: Server started
2024-11-25 11:55:07,143 [INFO] 1v1 Random: Game started
