CLIENT_NAME 16 DefconExpanded
SERVER_START Dedcon 1.60.1.5 2024-10-19
CHARSET latin1
CLIENT_NEW 17 425333 98.122.186.54 1.60.1.5 MINICOM
TEAM_ENTER 0 17
TEAM_ALLIANCE 0 0 SWITCH
CLIENT_NAME 17 Lord Haw Haw 
TEAM_ALLIANCE 0 5 SWITCH
CLIENT_NEW 18 13214032 67.191.97.64 1.60.1.5 MINICOM
TEAM_ENTER 1 18
TEAM_ALLIANCE 1 0 SWITCH
CLIENT_NAME 18 Corporation
TEAM_ALLIANCE 1 2 SWITCH
CLIENT_NAME 16 DefconExpanded
SERVER_START Dedcon 1.60.1.5 2024-10-19
CHARSET latin1
CLIENT_NEW 17 13194428 84.69.179.9 1.60.1.5 MINICOM
TEAM_ENTER 0 17
TEAM_ALLIANCE 0 0 SWITCH
CLIENT_NAME 17 LadenBinKezza
CLIENT_NEW 18 425333 98.122.186.54 1.60.1.5 MINICOM
TEAM_ENTER 1 18
TEAM_ALLIANCE 1 1 SWITCH
CLIENT_NAME 18 Lord Haw Haw 
TEAM_ALLIANCE 1 5 SWITCH
CLIENT_NEW 19 13214032 67.191.97.64 1.60.1.5 MINICOM
TEAM_ENTER 2 19
TEAM_ALLIANCE 2 1 SWITCH
CLIENT_NAME 19 Corporation
TEAM_ALLIANCE 2 2 SWITCH
CLIENT_NEW 20 13233792 77.80.165.40 1.60.1.5 MINICOM
TEAM_ENTER 3 20
TEAM_ALLIANCE 3 1 SWITCH
CLIENT_NAME 20 ItsEK
CLIENT_NEW 21 13210377 173.79.170.129 1.60.1.5 MINICOM
TEAM_ENTER 4 21
TEAM_ALLIANCE 4 3 SWITCH
CLIENT_NAME 21 Sievert
CLIENT_QUIT 21 0
TEAM_LEAVE 4
CLIENT_NEW 22 13199557 173.79.170.129 1.60.1.5 MINICOM
TEAM_ENTER 4 22
TEAM_ALLIANCE 4 3 SWITCH
CLIENT_NAME 22 Sievert
CPU_NEW 23
TEAM_ENTER 5 23
TEAM_ALLIANCE 5 4 SWITCH
TEAM_READY 5 1
CPU_NAME 23 Player 5
CPU_NEW 24
TEAM_ENTER 6 24
TEAM_ALLIANCE 6 6 SWITCH
TEAM_READY 6 1
CPU_NAME 24 Player 6
CPU_NEW 25
TEAM_ENTER 7 25
TEAM_ALLIANCE 7 7 SWITCH
TEAM_READY 7 1
CPU_NAME 25 Player 7
CPU_NEW 26
TEAM_ENTER 8 26
TEAM_ALLIANCE 8 8 SWITCH
TEAM_READY 8 1
CPU_NAME 26 Player 8
CPU_NEW 27
TEAM_ENTER 9 27
TEAM_ALLIANCE 9 9 SWITCH
TEAM_READY 9 1
CPU_NAME 27 Player 9
CPU_NEW 28
TEAM_ENTER 10 28
TEAM_ALLIANCE 10 10 SWITCH
TEAM_READY 10 1
CPU_NAME 28 Player 10
CPU_NEW 29
TEAM_ENTER 11 29
TEAM_ALLIANCE 11 11 SWITCH
TEAM_READY 11 1
CPU_NAME 29 Player 11
CPU_NEW 30
TEAM_ENTER 12 30
TEAM_ALLIANCE 12 12 SWITCH
TEAM_READY 12 1
CPU_NAME 30 Player 12
CPU_NEW 31
TEAM_ENTER 13 31
TEAM_ALLIANCE 13 13 SWITCH
TEAM_READY 13 1
CPU_NAME 31 Player 13
CPU_NEW 32
TEAM_ENTER 14 32
TEAM_ALLIANCE 14 14 SWITCH
TEAM_READY 14 1
CPU_NAME 32 Player 14
CPU_NEW 33
TEAM_ENTER 15 33
TEAM_ALLIANCE 15 15 SWITCH
TEAM_READY 15 1
CPU_NAME 33 Player 15
TEAM_ALLIANCE 1 0 SWITCH
TEAM_READY 15 1
TEAM_READY 14 1
TEAM_READY 13 1
TEAM_READY 12 1
TEAM_READY 11 1
TEAM_READY 10 1
TEAM_READY 9 1
TEAM_READY 8 1
TEAM_READY 7 1
TEAM_READY 6 1
TEAM_READY 5 1
TEAM_ALLIANCE 2 0 SWITCH
TEAM_READY 15 1
TEAM_READY 14 1
TEAM_READY 13 1
TEAM_READY 12 1
TEAM_READY 11 1
TEAM_READY 10 1
TEAM_READY 9 1
TEAM_READY 8 1
TEAM_READY 7 1
TEAM_READY 6 1
TEAM_READY 5 1
TEAM_READY 15 1
TEAM_READY 14 1
TEAM_READY 13 1
TEAM_READY 12 1
TEAM_READY 11 1
TEAM_READY 10 1
TEAM_READY 9 1
TEAM_READY 8 1
TEAM_READY 7 1
TEAM_READY 6 1
TEAM_READY 5 1
TEAM_ALLIANCE 3 0 SWITCH
TEAM_ALLIANCE 4 0 SWITCH
TEAM_READY 15 1
TEAM_READY 14 1
TEAM_READY 13 1
TEAM_READY 12 1
TEAM_READY 11 1
TEAM_READY 10 1
TEAM_READY 9 1
TEAM_READY 8 1
TEAM_READY 7 1
TEAM_READY 6 1
TEAM_READY 5 1
TEAM_READY 15 1
TEAM_READY 14 1
TEAM_READY 13 1
TEAM_READY 12 1
TEAM_READY 11 1
TEAM_READY 10 1
TEAM_READY 9 1
TEAM_READY 8 1
TEAM_READY 7 1
TEAM_READY 6 1
TEAM_READY 5 1
TEAM_TERRITORY 2 5
TEAM_READY 15 1
TEAM_READY 14 1
TEAM_READY 13 1
TEAM_READY 12 1
TEAM_READY 11 1
TEAM_READY 10 1
TEAM_READY 9 1
TEAM_READY 8 1
TEAM_READY 7 1
TEAM_READY 6 1
TEAM_READY 5 1
TEAM_TERRITORY 1 4
TEAM_READY 15 1
TEAM_READY 14 1
TEAM_READY 13 1
TEAM_READY 12 1
TEAM_READY 11 1
TEAM_READY 10 1
TEAM_READY 9 1
TEAM_READY 8 1
TEAM_READY 7 1
TEAM_READY 6 1
TEAM_READY 5 1
TEAM_TERRITORY 0 6
TEAM_READY 15 1
TEAM_READY 14 1
TEAM_READY 13 1
TEAM_READY 12 1
TEAM_READY 11 1
TEAM_READY 10 1
TEAM_READY 9 1
TEAM_READY 8 1
TEAM_READY 7 1
TEAM_READY 6 1
TEAM_READY 5 1
TEAM_TERRITORY 3 14
TEAM_READY 15 1
TEAM_READY 14 1
TEAM_READY 13 1
TEAM_READY 12 1
TEAM_READY 11 1
TEAM_READY 10 1
TEAM_READY 9 1
TEAM_READY 8 1
TEAM_READY 7 1
TEAM_READY 6 1
TEAM_READY 5 1
TEAM_TERRITORY 4 15
TEAM_READY 15 1
TEAM_READY 14 1
TEAM_READY 13 1
TEAM_READY 12 1
TEAM_READY 11 1
TEAM_READY 10 1
TEAM_READY 9 1
TEAM_READY 8 1
TEAM_READY 7 1
TEAM_READY 6 1
TEAM_READY 5 1
TEAM_ALLIANCE 5 1 SWITCH
TEAM_READY 15 1
TEAM_READY 14 1
TEAM_READY 13 1
TEAM_READY 12 1
TEAM_READY 11 1
TEAM_READY 10 1
TEAM_READY 9 1
TEAM_READY 8 1
TEAM_READY 7 1
TEAM_READY 6 1
TEAM_READY 5 1
TEAM_ALLIANCE 6 1 SWITCH
TEAM_READY 15 1
TEAM_READY 14 1
TEAM_READY 13 1
TEAM_READY 12 1
TEAM_READY 11 1
TEAM_READY 10 1
TEAM_READY 9 1
TEAM_READY 8 1
TEAM_READY 7 1
TEAM_READY 6 1
TEAM_READY 5 1
TEAM_ALLIANCE 7 1 SWITCH
TEAM_READY 15 1
TEAM_READY 14 1
TEAM_READY 13 1
TEAM_READY 12 1
TEAM_READY 11 1
TEAM_READY 10 1
TEAM_READY 9 1
TEAM_READY 8 1
TEAM_READY 7 1
TEAM_READY 6 1
TEAM_READY 5 1
TEAM_ALLIANCE 8 1 SWITCH
TEAM_READY 15 1
TEAM_READY 14 1
TEAM_READY 13 1
TEAM_READY 12 1
TEAM_READY 11 1
TEAM_READY 10 1
TEAM_READY 9 1
TEAM_READY 8 1
TEAM_READY 7 1
TEAM_READY 6 1
TEAM_READY 5 1
TEAM_ALLIANCE 9 1 SWITCH
TEAM_READY 15 1
TEAM_READY 14 1
TEAM_READY 13 1
TEAM_READY 12 1
TEAM_READY 11 1
TEAM_READY 10 1
TEAM_READY 9 1
TEAM_READY 8 1
TEAM_READY 7 1
TEAM_READY 6 1
TEAM_READY 5 1
TEAM_ALLIANCE 10 1 SWITCH
TEAM_READY 15 1
TEAM_READY 14 1
TEAM_READY 13 1
TEAM_READY 12 1
TEAM_READY 11 1
TEAM_READY 10 1
TEAM_READY 9 1
TEAM_READY 8 1
TEAM_READY 7 1
TEAM_READY 6 1
TEAM_READY 5 1
TEAM_ALLIANCE 11 1 SWITCH
TEAM_READY 15 1
TEAM_READY 14 1
TEAM_READY 13 1
TEAM_READY 12 1
TEAM_READY 11 1
TEAM_READY 10 1
TEAM_READY 9 1
TEAM_READY 8 1
TEAM_READY 7 1
TEAM_READY 6 1
TEAM_READY 5 1
TEAM_ALLIANCE 12 1 SWITCH
TEAM_READY 15 1
TEAM_READY 14 1
TEAM_READY 13 1
TEAM_READY 12 1
TEAM_READY 11 1
TEAM_READY 10 1
TEAM_READY 9 1
TEAM_READY 8 1
TEAM_READY 7 1
TEAM_READY 6 1
TEAM_READY 5 1
TEAM_ALLIANCE 13 1 SWITCH
TEAM_READY 15 1
TEAM_READY 14 1
TEAM_READY 13 1
TEAM_READY 12 1
TEAM_READY 11 1
TEAM_READY 10 1
TEAM_READY 9 1
TEAM_READY 8 1
TEAM_READY 7 1
TEAM_READY 6 1
TEAM_READY 5 1
TEAM_ALLIANCE 14 1 SWITCH
TEAM_READY 15 1
TEAM_READY 14 1
TEAM_READY 13 1
TEAM_READY 12 1
TEAM_READY 11 1
TEAM_READY 10 1
TEAM_READY 9 1
TEAM_READY 8 1
TEAM_READY 7 1
TEAM_READY 6 1
TEAM_READY 5 1
TEAM_ALLIANCE 15 1 SWITCH
TEAM_READY 15 1
TEAM_READY 14 1
TEAM_READY 13 1
TEAM_READY 12 1
TEAM_READY 11 1
TEAM_READY 10 1
TEAM_READY 9 1
TEAM_READY 8 1
TEAM_READY 7 1
TEAM_READY 6 1
TEAM_READY 5 1
TEAM_READY 1 1
TEAM_READY 0 1
TEAM_READY 4 1
TEAM_READY 3 1
TEAM_READY 2 1
TEAM_TERRITORY 5 4
TEAM_TERRITORY 8 14
TEAM_TERRITORY 14 5
TEAM_TERRITORY 13 12
TEAM_TERRITORY 15 11
TEAM_TERRITORY 11 10
TEAM_TERRITORY 12 8
TEAM_TERRITORY 6 6
TEAM_TERRITORY 7 2
TEAM_TERRITORY 10 3
TEAM_TERRITORY 9 7
RANKED 1
SETTING CaseSensitive 0
SETTING TotalBandwidth 75000
SETTING PlayerBandwidth 10000
SETTING ServerLANIP 116.203.228.110
SETTING ServerPort 5022
SETTING MaxSpectators 30
SETTING SpectatorChatChannel 1
SETTING TeamSwitching 0
SETTING EmptyBomberLaunch 1
SETTING FirstStrikeBonus 15
SETTING UnitBuffer 5
SETTING CityBuffer 2
SETTING WorldUnitScale 100
SETTING WorldScale 100
SETTING VariableUnitCounts 0
SETTING MaxGameRealTime 0
SETTING VictoryTimer 45
SETTING VictoryTrigger 20
SETTING VictoryMode 0
SETTING ScoreMode 0
SETTING SlowestSpeed 1
SETTING GameSpeed 0
SETTING RadarSharing 1
SETTING PermitDefection 1
SETTING RandomTerritories 0
SETTING CityPopulations 3
SETTING PopulationPerTerritory 150
SETTING CitiesPerTerritory 30
SETTING TerritoriesPerTeam 1
SETTING MinTeams 1
SETTING MaxTeams 16
SETTING GameMode 0
SETTING AdvertiseOnLAN 1
SETTING AdvertiseOnInternet 1
SETTING ServerName DefconExpanded | 16 Player | Test Server
SETTING KickVoteMin 2
SETTING DropCourtesy -1
SETTING SlowBudgetMax 1200
SETTING SlowBudgetStart 1200
SETTING ReadyVoteDelay 90
SETTING GhostProtection 1
SETTING IdleTimeGlobal 600
SETTING AdvertisePlayers 16
GAME_START
SETTING SpectatorChatChannel 0
TEAM_SPEED 0 1
SETTING RadarSharing 1
SETTING GameSpeed 0
SETTING VariableUnitCounts 0
SETTING WorldScale 100
SETTING TeamSwitching 0
SETTING SlowestSpeed 0
SETTING RadarSharing 1
SETTING GameSpeed 0
SETTING VariableUnitCounts 0
SETTING WorldScale 100
SETTING TeamSwitching 0
TEAM_SPEED 3 0
TEAM_SPEED 1 0
TEAM_SPEED 3 0
TEAM_SPEED 4 0
TEAM_SPEED 4 1
TEAM_SPEED 4 1
TEAM_SPEED 1 1
TEAM_SPEED 1 0
TEAM_SPEED 4 1
TEAM_SPEED 2 5
SETTING SlowestSpeed 1
SETTING RadarSharing 1
SETTING GameSpeed 0
SETTING VariableUnitCounts 0
SETTING WorldScale 100
SETTING TeamSwitching 0
TEAM_SPEED 2 5
SETTING RadarSharing 3
SETTING RadarSharing 1
SETTING GameSpeed 0
SETTING VariableUnitCounts 0
SETTING WorldScale 100
SETTING TeamSwitching 0
SETTING RadarSharing 2
SETTING RadarSharing 1
SETTING GameSpeed 0
SETTING VariableUnitCounts 0
SETTING WorldScale 100
SETTING TeamSwitching 0
SETTING PermitDefection 0
SETTING RadarSharing 1
SETTING GameSpeed 0
SETTING VariableUnitCounts 0
SETTING WorldScale 100
SETTING TeamSwitching 0
SETTING SlowestSpeed 0
SETTING RadarSharing 1
SETTING GameSpeed 0
SETTING VariableUnitCounts 0
SETTING WorldScale 100
SETTING TeamSwitching 0
TEAM_SPEED 4 0
TEAM_SPEED 4 0
TEAM_SPEED 4 1
TEAM_SPEED 4 0
TEAM_SPEED 1 1
TEAM_SPEED 1 1
TEAM_SPEED 4 1
TEAM_SPEED 2 20
TEAM_SPEED 1 5
TEAM_SPEED 4 20
TEAM_SPEED 0 5
TEAM_SPEED 3 10
TEAM_SPEED 3 10
TEAM_SPEED 3 10
TEAM_SPEED 3 10
TEAM_SPEED 3 20
TEAM_SPEED 3 20
TEAM_SPEED 3 5
TEAM_SPEED 0 1
TEAM_SPEED 2 1
TEAM_SPEED 1 1
TEAM_SPEED 3 1
TEAM_SPEED 3 1
TEAM_SPEED 0 5
TEAM_SPEED 0 5
TEAM_SPEED 2 5
TEAM_SPEED 3 5
TEAM_SPEED 1 5
TEAM_SPEED 2 1
TEAM_SPEED 2 5
TEAM_SPEED 2 1
TEAM_SPEED 2 5
TEAM_SPEED 2 1
TEAM_SPEED 3 20
TEAM_SPEED 3 1
TEAM_SPEED 2 5
TEAM_SPEED 0 5
TEAM_SPEED 1 10
TEAM_SPEED 3 5
TEAM_SPEED 0 1
TEAM_SPEED 1 1
TEAM_SPEED 0 5
TEAM_SPEED 1 5
TEAM_SPEED 1 1
TEAM_SPEED 3 5
TEAM_SPEED 0 5
TEAM_SPEED 4 1
TEAM_SPEED 3 20
TEAM_SPEED 3 20
TEAM_SPEED 3 10
TEAM_SPEED 3 5
TEAM_SPEED 3 1
TEAM_SPEED 3 1
TEAM_SPEED 3 5
TEAM_SPEED 1 10
TEAM_SPEED 4 20
TEAM_SPEED 0 5
TEAM_SPEED 4 1
TEAM_SPEED 3 5
TEAM_SPEED 4 10
TEAM_SPEED 1 1
TEAM_SPEED 3 5
TEAM_SPEED 1 5
TEAM_SPEED 4 1
TEAM_SPEED 4 20
TEAM_SPEED 1 1
TEAM_SPEED 1 5
TEAM_SPEED 0 1
TEAM_SPEED 4 1
TEAM_SPEED 0 5
TEAM_SPEED 4 20
TEAM_SPEED 1 1
TEAM_SPEED 3 5
TEAM_SPEED 3 5
TEAM_SPEED 1 5
TEAM_SPEED 4 1
TEAM_SPEED 4 20
TEAM_SPEED 0 1
TEAM_SPEED 0 5
TEAM_SPEED 4 1
TEAM_SPEED 0 5
TEAM_SPEED 2 5
TEAM_SPEED 4 20
TEAM_SPEED 0 1
TEAM_SPEED 0 5
TEAM_SPEED 1 1
TEAM_SPEED 1 5
TEAM_SPEED 1 1
TEAM_SPEED 3 5
TEAM_SPEED 3 10
TEAM_SPEED 3 5
TEAM_SPEED 1 20
TEAM_SPEED 1 1
TEAM_SPEED 1 5
TEAM_SPEED 1 20
CLIENT_QUIT 19 0
TEAM_ABANDON 2
TEAM_SPEED 0 1
TEAM_SPEED 3 5
TEAM_SPEED 3 20
TEAM_SPEED 0 5
TEAM_SPEED 0 1
TEAM_SPEED 1 20
TEAM_SPEED 0 5
TEAM_SPEED 0 1
TEAM_SPEED 0 5
TEAM_SPEED 3 1
TEAM_SPEED 0 1
TEAM_SPEED 3 20
TEAM_SPEED 3 10
TEAM_SPEED 3 20
TEAM_SPEED 4 1
TEAM_SPEED 0 20
TEAM_SPEED 4 20
TEAM_SPEED 4 1
TEAM_SPEED 4 20
TEAM_SPEED 4 1
TEAM_SPEED 4 20
TEAM_SPEED 4 1
TEAM_SPEED 4 20
TEAM_SPEED 4 1
TEAM_SPEED 4 20
TEAM_SPEED 4 1
TEAM_SPEED 4 20
TEAM_SPEED 4 1
TEAM_SPEED 4 20
TEAM_SPEED 4 1
TEAM_SPEED 4 20
TEAM_SPEED 4 1
TEAM_SPEED 4 20
TEAM_SPEED 4 1
TEAM_SPEED 4 20
TEAM_SPEED 4 1
TEAM_SPEED 4 20
GAME_END
SETTING Record demo_recordings/game8p_2024-11-24-20-39.d8crec
SETTING AdvertiseOnInternet 0
CLIENT_QUIT 18 0
TEAM_ABANDON 1
SETTING RadarSharing 1
SETTING GameSpeed 0
SETTING VariableUnitCounts 0
SETTING WorldScale 100
SETTING TeamSwitching 0
CLIENT_QUIT 20 0
TEAM_ABANDON 3
CLIENT_QUIT 17 0
TEAM_ABANDON 0
CLIENT_QUIT 22 2
TEAM_ABANDON 4
SCORE_BEGIN
SCORE_TEAM 4 305 22 Sievert
SCORE_TEAM 0 254 17 LadenBinKezza
SCORE_TEAM 10 148 28 Player 10
SCORE_TEAM 13 130 31 Player 13
SCORE_TEAM 6 102 24 Player 6
SCORE_TEAM 5 88 23 Player 5
SCORE_TEAM 11 77 29 Player 11
SCORE_TEAM 3 44 20 ItsEK
SCORE_TEAM 14 35 32 Player 14
SCORE_TEAM 15 32 33 Player 15
SCORE_TEAM 2 12 19 Corporation
SCORE_TEAM 8 0 26 Player 8
SCORE_TEAM 1 -5 18 Lord Haw Haw 
SCORE_TEAM 9 -5 27 Player 9
SCORE_TEAM 12 -9 30 Player 12
SCORE_TEAM 7 -19 25 Player 7
SCORE_SIGNATURE_PLAYER 22 13199557 Sievert
SCORE_SIGNATURE_PLAYER 20 13233792 ItsEK
SCORE_SIGNATURE_PLAYER 18 425333 Lord Haw Haw 
SCORE_SIGNATURE_PLAYER 17 13194428 LadenBinKezza
SCORE_END
SERVER_QUIT
TEAM_ABANDON 15
TEAM_ABANDON 14
TEAM_ABANDON 13
TEAM_ABANDON 12
TEAM_ABANDON 11
TEAM_ABANDON 10
TEAM_ABANDON 9
TEAM_ABANDON 8
TEAM_ABANDON 7
TEAM_ABANDON 6
TEAM_ABANDON 5
CLIENT_NAME 16 DefconExpanded
SERVER_START Dedcon 1.60.1.5 2024-10-19
CHARSET latin1
