CLIENT_NAME 6 DefconExpanded
SERVER_START Dedcon 1.6.0
CHARSET latin1
SCORE_BEGIN
SCORE_END
SERVER_QUIT
CLIENT_NAME 6 DefconExpanded
SERVER_START Dedcon 1.6.0
CHARSET latin1
SCORE_BEGIN
SCORE_END
SERVER_QUIT
CLIENT_NAME 6 DefconExpanded
SERVER_START Dedcon 1.6.0
CHARSET latin1
SCORE_BEGIN
SCORE_END
SERVER_QUIT
CLIENT_NAME 6 DefconExpanded
SERVER_START Dedcon 1.6.0
CHARSET latin1
SCORE_BEGIN
SCORE_END
SERVER_QUIT
CLIENT_NAME 6 DefconExpanded
SERVER_START Dedcon 1.6.0
CHARSET latin1
SCORE_BEGIN
SCORE_END
SERVER_QUIT
CLIENT_NAME 6 DefconExpanded
SERVER_START Dedcon 1.6.0
CHARSET latin1
SCORE_BEGIN
SCORE_END
SERVER_QUIT
CLIENT_NAME 6 DefconExpanded
SERVER_START Dedcon 1.6.0
CHARSET latin1
SCORE_BEGIN
SCORE_END
SERVER_QUIT
CLIENT_NAME 6 DefconExpanded
SERVER_START Dedcon 1.6.0
CHARSET latin1
SCORE_BEGIN
SCORE_END
SERVER_QUIT
CLIENT_NAME 6 DefconExpanded
SERVER_START Dedcon 1.6.0
CHARSET latin1
SCORE_BEGIN
SCORE_END
SERVER_QUIT
CLIENT_NAME 6 DefconExpanded
SERVER_START Dedcon 1.6.0
CHARSET latin1
SCORE_BEGIN
SCORE_END
SERVER_QUIT
CLIENT_NAME 6 DefconExpanded
SERVER_START Dedcon 1.6.0
CHARSET latin1
SCORE_BEGIN
SCORE_END
SERVER_QUIT
CLIENT_NAME 6 DefconExpanded
SERVER_START Dedcon 1.6.0
CHARSET latin1
SCORE_BEGIN
SCORE_END
SERVER_QUIT
CLIENT_NAME 6 DefconExpanded
SERVER_START Dedcon 1.6.0
CHARSET latin1
SCORE_BEGIN
SCORE_END
SERVER_QUIT
CLIENT_NAME 6 DefconExpanded
SERVER_START Dedcon 1.6.0
CHARSET latin1
SCORE_BEGIN
SCORE_END
SERVER_QUIT
CLIENT_NAME 6 DefconExpanded
SERVER_START Dedcon 1.6.0
CHARSET latin1
SCORE_BEGIN
SCORE_END
SERVER_QUIT
CLIENT_NAME 6 DefconExpanded
SERVER_START Dedcon 1.6.0
CHARSET latin1
SCORE_BEGIN
SCORE_END
SERVER_QUIT
CLIENT_NAME 6 DefconExpanded
SERVER_START Dedcon 1.6.0
CHARSET latin1
SCORE_BEGIN
SCORE_END
SERVER_QUIT
CLIENT_NAME 6 DefconExpanded
SERVER_START Dedcon 1.6.0
CHARSET latin1
SCORE_BEGIN
SCORE_END
SERVER_QUIT
CLIENT_NAME 6 DefconExpanded
SERVER_START Dedcon 1.6.0
CHARSET latin1
SCORE_BEGIN
SCORE_END
SERVER_QUIT
CLIENT_NAME 6 DefconExpanded
SERVER_START Dedcon 1.6.0
CHARSET latin1
SCORE_BEGIN
SCORE_END
SERVER_QUIT
CLIENT_NAME 6 DefconExpanded
SERVER_START Dedcon 1.6.0
CHARSET latin1
SCORE_BEGIN
SCORE_END
SERVER_QUIT
CLIENT_NAME 6 DefconExpanded
SERVER_START Dedcon 1.6.0
CHARSET latin1
SCORE_BEGIN
SCORE_END
SERVER_QUIT
CLIENT_NAME 6 DefconExpanded
SERVER_START Dedcon 1.6.0
CHARSET latin1
SCORE_BEGIN
SCORE_END
SERVER_QUIT
CLIENT_NAME 6 DefconExpanded
SERVER_START Dedcon 1.6.0
CHARSET latin1
SCORE_BEGIN
SCORE_END
SERVER_QUIT
CLIENT_NAME 6 DefconExpanded
SERVER_START Dedcon 1.6.0
CHARSET latin1
SCORE_BEGIN
SCORE_END
SERVER_QUIT
CLIENT_NAME 6 DefconExpanded
SERVER_START Dedcon 1.6.0
CHARSET latin1
SCORE_BEGIN
SCORE_END
SERVER_QUIT
CLIENT_NAME 6 DefconExpanded
SERVER_START Dedcon 1.6.0
CHARSET latin1
SCORE_BEGIN
SCORE_END
SERVER_QUIT
CLIENT_NAME 6 DefconExpanded
SERVER_START Dedcon 1.6.0
CHARSET latin1
SCORE_BEGIN
SCORE_END
SERVER_QUIT
CLIENT_NAME 6 DefconExpanded
SERVER_START Dedcon 1.6.0
CHARSET latin1
SCORE_BEGIN
SCORE_END
SERVER_QUIT
CLIENT_NAME 6 DefconExpanded
SERVER_START Dedcon 1.6.0
CHARSET latin1
SCORE_BEGIN
SCORE_END
SERVER_QUIT
CLIENT_NAME 6 DefconExpanded
SERVER_START Dedcon 1.6.0
CHARSET latin1
SCORE_BEGIN
SCORE_END
SERVER_QUIT
CLIENT_NAME 6 DefconExpanded
SERVER_START Dedcon 1.6.0
CHARSET latin1
SCORE_BEGIN
SCORE_END
SERVER_QUIT
CLIENT_NAME 6 DefconExpanded
SERVER_START Dedcon 1.6.0
CHARSET latin1
SCORE_BEGIN
SCORE_END
SERVER_QUIT
CLIENT_NAME 6 DefconExpanded
SERVER_START Dedcon 1.6.0
CHARSET latin1
SCORE_BEGIN
SCORE_END
SERVER_QUIT
CLIENT_NAME 6 DefconExpanded
SERVER_START Dedcon 1.6.0
CHARSET latin1
SCORE_BEGIN
SCORE_END
SERVER_QUIT
CLIENT_NAME 6 DefconExpanded
SERVER_START Dedcon 1.6.0
CHARSET latin1
SCORE_BEGIN
SCORE_END
SERVER_QUIT
CLIENT_NAME 6 DefconExpanded
SERVER_START Dedcon 1.6.0
CHARSET latin1
SCORE_BEGIN
SCORE_END
SERVER_QUIT
CLIENT_NAME 6 DefconExpanded
SERVER_START Dedcon 1.6.0
CHARSET latin1
SCORE_BEGIN
SCORE_END
SERVER_QUIT
CLIENT_NAME 6 DefconExpanded
SERVER_START Dedcon 1.6.0
CHARSET latin1
SCORE_BEGIN
SCORE_END
SERVER_QUIT
CLIENT_NAME 6 DefconExpanded
SERVER_START Dedcon 1.6.0
CHARSET latin1
SCORE_BEGIN
SCORE_END
SERVER_QUIT
CLIENT_NAME 6 DefconExpanded
SERVER_START Dedcon 1.6.0
CHARSET latin1
SCORE_BEGIN
SCORE_END
SERVER_QUIT
CLIENT_NAME 6 DefconExpanded
SERVER_START Dedcon 1.6.0
CHARSET latin1
SCORE_BEGIN
SCORE_END
SERVER_QUIT
CLIENT_NAME 6 DefconExpanded
SERVER_START Dedcon 1.6.0
CHARSET latin1
SCORE_BEGIN
SCORE_END
SERVER_QUIT
CLIENT_NAME 6 DefconExpanded
SERVER_START Dedcon 1.6.0
CHARSET latin1
SCORE_BEGIN
SCORE_END
SERVER_QUIT
CLIENT_NAME 6 DefconExpanded
SERVER_START Dedcon 1.6.0
CHARSET latin1
SCORE_BEGIN
SCORE_END
SERVER_QUIT
CLIENT_NAME 6 DefconExpanded
SERVER_START Dedcon 1.6.0
CHARSET latin1
SCORE_BEGIN
SCORE_END
SERVER_QUIT
CLIENT_NAME 6 DefconExpanded
SERVER_START Dedcon 1.6.0
CHARSET latin1
SCORE_BEGIN
SCORE_END
SERVER_QUIT
CLIENT_NAME 6 DefconExpanded
SERVER_START Dedcon 1.6.0
CHARSET latin1
SCORE_BEGIN
SCORE_END
SERVER_QUIT
CLIENT_NAME 6 DefconExpanded
SERVER_START Dedcon 1.6.0
CHARSET latin1
SCORE_BEGIN
SCORE_END
SERVER_QUIT
CLIENT_NAME 6 DefconExpanded
SERVER_START Dedcon 1.6.0
CHARSET latin1
SCORE_BEGIN
SCORE_END
SERVER_QUIT
CLIENT_NAME 6 DefconExpanded
SERVER_START Dedcon 1.6.0
CHARSET latin1
SCORE_BEGIN
SCORE_END
SERVER_QUIT
CLIENT_NAME 6 DefconExpanded
SERVER_START Dedcon 1.6.0
CHARSET latin1
CLIENT_NEW 7 13224848 90.247.134.248 1.62 STEAM
TEAM_ENTER 0 7
TEAM_ALLIANCE 0 0
CLIENT_NAME 7 LadenBinKezza
CLIENT_QUIT 7 0
TEAM_LEAVE 0
SCORE_BEGIN
SCORE_END
SERVER_QUIT
CLIENT_NAME 6 DefconExpanded
SERVER_START Dedcon 1.6.0
CHARSET latin1
SCORE_BEGIN
SCORE_END
SERVER_QUIT
CLIENT_NAME 6 DefconExpanded
SERVER_START Dedcon 1.6.0
CHARSET latin1
SCORE_BEGIN
SCORE_END
SERVER_QUIT
CLIENT_NAME 6 DefconExpanded
SERVER_START Dedcon 1.6.0
CHARSET latin1
SCORE_BEGIN
SCORE_END
SERVER_QUIT
CLIENT_NAME 6 DefconExpanded
SERVER_START Dedcon 1.6.0
CHARSET latin1
CLIENT_NEW 7 13224848 90.247.134.248 1.62 STEAM
TEAM_ENTER 0 7
TEAM_ALLIANCE 0 0
CLIENT_NAME 7 LadenBinKezza
CLIENT_NEW 8 13224833 143.110.96.2 1.62 STEAM
TEAM_ENTER 1 8
TEAM_ALLIANCE 1 1
CLIENT_NAME 8 ItsEK
TEAM_ALLIANCE 0 5
TEAM_ALLIANCE 0 4
TEAM_READY 1 1
TEAM_READY 0 1
TEAM_TERRITORY 0 2
TEAM_TERRITORY 1 1
RANKED 1
SETTING MaxIdleRunTime 1800
SETTING MinRunTime 900
SETTING CaseSensitive 0
SETTING TotalBandwidth 75000
SETTING PlayerBandwidth 10000
SETTING ServerLANIP 116.203.228.110
SETTING ServerPort 5011
SETTING MaxSpectators 15
SETTING SpectatorChatChannel 1
SETTING TeamSwitching 0
SETTING WorldScale 100
SETTING VariableUnitCounts 0
SETTING MaxGameRealTime 0
SETTING VictoryTimer 45
SETTING VictoryTrigger 20
SETTING ScoreMode 0
SETTING SlowestSpeed 1
SETTING GameSpeed 0
SETTING RadarSharing 1
SETTING PermitDefection 0
SETTING RandomTerritories 1
SETTING CityPopulations 3
SETTING PopulationPerTerritory 150
SETTING CitiesPerTerritory 30
SETTING TerritoriesPerTeam 1
SETTING MaxTeams 2
SETTING GameMode 0
SETTING AdvertiseOnLAN 1
SETTING AdvertiseOnInternet 1
SETTING ServerName DefconExpanded | 1v1 | EU vs SA | Totally Random
SETTING KickVoteMin 2
SETTING DropCourtesy -1
SETTING SlowBudgetMax 1200
SETTING SlowBudgetStart 1200
SETTING Territory2 1
SETTING Territory1 2
SETTING AllianceSize 1
SETTING ReadyVoteDelay 90
SETTING IdleTimeGlobal 600
SETTING AdvertisePlayers 2
GAME_START
SETTING SpectatorChatChannel 0
SETTING RadarSharing 1
SETTING GameSpeed 0
SETTING VariableUnitCounts 0
SETTING WorldScale 100
SETTING TeamSwitching 0
TEAM_SPEED 1 1
TEAM_SPEED 0 1
TEAM_SPEED 1 5
TEAM_SPEED 1 5
TEAM_SPEED 1 5
TEAM_SPEED 1 5
TEAM_SPEED 1 5
TEAM_SPEED 1 10
TEAM_SPEED 1 5
TEAM_SPEED 1 5
TEAM_SPEED 1 5
TEAM_SPEED 1 5
TEAM_SPEED 1 5
TEAM_SPEED 1 5
TEAM_SPEED 1 5
TEAM_SPEED 1 5
TEAM_SPEED 1 5
TEAM_SPEED 1 5
TEAM_SPEED 1 5
TEAM_SPEED 1 5
TEAM_SPEED 1 5
TEAM_SPEED 1 10
TEAM_SPEED 0 10
CLIENT_NEW 9 13220395 88.90.186.172 1.62 STEAM
TEAM_SPEED 0 1
TEAM_SPEED 1 1
TEAM_SPEED 1 1
CLIENT_NAME 9 Haakon
TEAM_SPEED 1 1
TEAM_SPEED 0 5
TEAM_SPEED 1 5
CLIENT_QUIT 9 0
TEAM_SPEED 0 1
TEAM_SPEED 1 1
TEAM_SPEED 1 1
TEAM_SPEED 0 5
TEAM_SPEED 1 5
TEAM_SPEED 0 1
TEAM_SPEED 0 5
TEAM_SPEED 0 1
TEAM_SPEED 0 5
TEAM_SPEED 0 1
TEAM_SPEED 0 5
TEAM_SPEED 0 1
TEAM_SPEED 1 5
TEAM_SPEED 1 10
TEAM_SPEED 1 10
TEAM_SPEED 1 10
TEAM_SPEED 1 10
TEAM_SPEED 1 10
TEAM_SPEED 1 10
TEAM_SPEED 1 10
TEAM_SPEED 0 5
TEAM_SPEED 1 10
TEAM_SPEED 1 10
TEAM_SPEED 1 10
TEAM_SPEED 1 10
TEAM_SPEED 1 10
TEAM_SPEED 1 10
TEAM_SPEED 1 10
TEAM_SPEED 1 10
TEAM_SPEED 0 1
TEAM_SPEED 0 5
TEAM_SPEED 0 1
TEAM_SPEED 0 5
TEAM_SPEED 0 1
TEAM_SPEED 0 5
TEAM_SPEED 0 1
TEAM_SPEED 0 10
TEAM_SPEED 1 1
TEAM_SPEED 1 1
TEAM_SPEED 1 1
TEAM_SPEED 1 1
TEAM_SPEED 1 1
TEAM_SPEED 1 1
TEAM_SPEED 1 1
TEAM_SPEED 0 1
TEAM_SPEED 1 1
TEAM_SPEED 1 1
TEAM_SPEED 1 1
TEAM_SPEED 1 1
TEAM_SPEED 1 1
TEAM_SPEED 1 1
TEAM_SPEED 1 1
TEAM_SPEED 1 1
TEAM_SPEED 1 1
TEAM_SPEED 1 1
TEAM_SPEED 1 1
TEAM_SPEED 1 1
TEAM_SPEED 1 1
TEAM_SPEED 1 1
TEAM_SPEED 1 1
TEAM_SPEED 1 1
TEAM_SPEED 1 1
TEAM_SPEED 1 1
TEAM_SPEED 1 1
TEAM_SPEED 1 1
TEAM_SPEED 1 1
TEAM_SPEED 1 1
TEAM_SPEED 1 1
TEAM_SPEED 1 1
TEAM_SPEED 1 1
TEAM_SPEED 1 1
TEAM_SPEED 1 1
TEAM_SPEED 1 1
TEAM_SPEED 1 1
TEAM_SPEED 1 1
TEAM_SPEED 1 1
TEAM_SPEED 1 1
TEAM_SPEED 1 1
TEAM_SPEED 1 1
TEAM_SPEED 1 1
TEAM_SPEED 1 1
TEAM_SPEED 1 1
TEAM_SPEED 1 1
TEAM_SPEED 1 1
TEAM_SPEED 1 1
TEAM_SPEED 1 1
TEAM_SPEED 1 1
TEAM_SPEED 1 1
TEAM_SPEED 1 1
TEAM_SPEED 1 1
TEAM_SPEED 1 1
TEAM_SPEED 1 1
TEAM_SPEED 1 1
TEAM_SPEED 1 1
TEAM_SPEED 1 1
TEAM_SPEED 1 1
TEAM_SPEED 1 1
TEAM_SPEED 1 1
TEAM_SPEED 1 1
TEAM_SPEED 1 1
TEAM_SPEED 1 1
TEAM_SPEED 1 1
TEAM_SPEED 1 1
TEAM_SPEED 1 1
TEAM_SPEED 1 1
TEAM_SPEED 1 1
TEAM_SPEED 1 1
TEAM_SPEED 1 1
TEAM_SPEED 1 1
TEAM_SPEED 1 1
TEAM_SPEED 1 1
TEAM_SPEED 1 1
TEAM_SPEED 1 1
TEAM_SPEED 1 1
TEAM_SPEED 1 1
TEAM_SPEED 1 1
TEAM_SPEED 1 1
TEAM_SPEED 1 1
TEAM_SPEED 1 1
TEAM_SPEED 1 1
TEAM_SPEED 1 1
TEAM_SPEED 1 1
TEAM_SPEED 1 1
TEAM_SPEED 1 1
TEAM_SPEED 1 1
TEAM_SPEED 1 1
TEAM_SPEED 1 1
TEAM_SPEED 1 1
TEAM_SPEED 1 1
TEAM_SPEED 1 1
TEAM_SPEED 1 1
TEAM_SPEED 1 1
TEAM_SPEED 1 1
TEAM_SPEED 1 1
TEAM_SPEED 1 1
TEAM_SPEED 1 1
TEAM_SPEED 1 1
TEAM_SPEED 1 1
TEAM_SPEED 1 1
TEAM_SPEED 1 1
TEAM_SPEED 1 1
TEAM_SPEED 1 1
TEAM_SPEED 1 1
TEAM_SPEED 1 1
TEAM_SPEED 1 1
TEAM_SPEED 1 1
TEAM_SPEED 1 1
TEAM_SPEED 1 1
TEAM_SPEED 1 1
TEAM_SPEED 1 1
TEAM_SPEED 1 1
TEAM_SPEED 1 1
TEAM_SPEED 1 1
TEAM_SPEED 1 1
TEAM_SPEED 1 1
TEAM_SPEED 1 1
TEAM_SPEED 1 1
TEAM_SPEED 1 1
TEAM_SPEED 1 1
TEAM_SPEED 1 1
TEAM_SPEED 1 1
TEAM_SPEED 1 1
TEAM_SPEED 1 1
TEAM_SPEED 1 1
TEAM_SPEED 1 1
TEAM_SPEED 1 1
TEAM_SPEED 1 1
TEAM_SPEED 1 1
TEAM_SPEED 1 1
TEAM_SPEED 1 1
TEAM_SPEED 1 1
TEAM_SPEED 1 1
TEAM_SPEED 1 1
TEAM_SPEED 1 1
TEAM_SPEED 1 1
TEAM_SPEED 1 1
TEAM_SPEED 1 1
TEAM_SPEED 1 1
TEAM_SPEED 1 1
TEAM_SPEED 1 1
TEAM_SPEED 1 1
TEAM_SPEED 1 1
TEAM_SPEED 1 1
TEAM_SPEED 1 1
TEAM_SPEED 1 1
TEAM_SPEED 1 1
TEAM_SPEED 1 1
TEAM_SPEED 1 1
TEAM_SPEED 1 1
TEAM_SPEED 1 1
TEAM_SPEED 1 1
TEAM_SPEED 1 1
TEAM_SPEED 1 1
TEAM_SPEED 1 1
TEAM_SPEED 1 1
TEAM_SPEED 1 1
TEAM_SPEED 1 1
TEAM_SPEED 1 1
TEAM_SPEED 1 1
TEAM_SPEED 1 1
TEAM_SPEED 1 1
TEAM_SPEED 1 1
TEAM_SPEED 1 1
TEAM_SPEED 1 1
TEAM_SPEED 1 1
TEAM_SPEED 1 1
TEAM_SPEED 1 1
TEAM_SPEED 1 1
TEAM_SPEED 1 1
TEAM_SPEED 1 1
TEAM_SPEED 1 1
TEAM_SPEED 0 5
TEAM_SPEED 1 1
TEAM_SPEED 1 1
TEAM_SPEED 1 1
TEAM_SPEED 1 1
TEAM_SPEED 1 1
TEAM_SPEED 1 1
TEAM_SPEED 1 1
TEAM_SPEED 1 1
TEAM_SPEED 1 1
TEAM_SPEED 1 1
TEAM_SPEED 1 1
TEAM_SPEED 1 1
TEAM_SPEED 1 1
TEAM_SPEED 1 1
TEAM_SPEED 1 1
TEAM_SPEED 1 1
TEAM_SPEED 1 1
TEAM_SPEED 1 1
TEAM_SPEED 1 1
TEAM_SPEED 1 1
TEAM_SPEED 1 1
TEAM_SPEED 1 1
TEAM_SPEED 1 1
TEAM_SPEED 1 1
TEAM_SPEED 1 1
TEAM_SPEED 1 1
TEAM_SPEED 1 1
TEAM_SPEED 1 1
TEAM_SPEED 1 1
TEAM_SPEED 1 1
TEAM_SPEED 1 1
TEAM_SPEED 1 1
TEAM_SPEED 1 1
TEAM_SPEED 1 1
TEAM_SPEED 1 1
TEAM_SPEED 1 1
TEAM_SPEED 1 1
TEAM_SPEED 1 1
TEAM_SPEED 1 1
TEAM_SPEED 1 1
TEAM_SPEED 1 1
TEAM_SPEED 1 1
TEAM_SPEED 1 1
TEAM_SPEED 1 1
TEAM_SPEED 1 1
TEAM_SPEED 1 1
TEAM_SPEED 1 1
TEAM_SPEED 1 1
TEAM_SPEED 1 1
TEAM_SPEED 1 1
TEAM_SPEED 1 1
TEAM_SPEED 1 1
TEAM_SPEED 1 1
TEAM_SPEED 1 1
TEAM_SPEED 1 1
TEAM_SPEED 1 1
TEAM_SPEED 1 1
TEAM_SPEED 1 1
TEAM_SPEED 1 1
TEAM_SPEED 1 1
TEAM_SPEED 1 1
TEAM_SPEED 1 1
TEAM_SPEED 1 1
TEAM_SPEED 1 1
TEAM_SPEED 1 1
TEAM_SPEED 1 1
TEAM_SPEED 1 1
TEAM_SPEED 1 1
TEAM_SPEED 1 1
TEAM_SPEED 1 1
TEAM_SPEED 1 1
TEAM_SPEED 1 1
TEAM_SPEED 1 1
TEAM_SPEED 1 1
TEAM_SPEED 1 1
TEAM_SPEED 1 1
TEAM_SPEED 1 1
TEAM_SPEED 1 1
TEAM_SPEED 1 1
TEAM_SPEED 1 1
TEAM_SPEED 0 5
TEAM_SPEED 0 5
TEAM_SPEED 1 1
TEAM_SPEED 1 1
TEAM_SPEED 1 1
TEAM_SPEED 1 1
TEAM_SPEED 1 1
TEAM_SPEED 1 1
TEAM_SPEED 1 1
TEAM_SPEED 1 1
TEAM_SPEED 1 1
TEAM_SPEED 1 1
TEAM_SPEED 1 1
TEAM_SPEED 1 1
TEAM_SPEED 1 1
TEAM_SPEED 1 1
TEAM_SPEED 1 1
TEAM_SPEED 1 1
TEAM_SPEED 1 1
TEAM_SPEED 1 1
TEAM_SPEED 1 1
TEAM_SPEED 1 1
TEAM_SPEED 1 1
TEAM_SPEED 1 1
TEAM_SPEED 1 1
TEAM_SPEED 1 1
TEAM_SPEED 1 1
TEAM_SPEED 1 1
TEAM_SPEED 1 1
TEAM_SPEED 1 1
TEAM_SPEED 1 1
TEAM_SPEED 1 1
TEAM_SPEED 1 1
TEAM_SPEED 1 1
TEAM_SPEED 1 1
TEAM_SPEED 1 1
TEAM_SPEED 1 1
TEAM_SPEED 1 1
TEAM_SPEED 1 1
TEAM_SPEED 1 1
TEAM_SPEED 1 1
TEAM_SPEED 1 1
TEAM_SPEED 1 1
TEAM_SPEED 1 1
TEAM_SPEED 1 1
TEAM_SPEED 1 1
TEAM_SPEED 1 1
TEAM_SPEED 1 1
TEAM_SPEED 1 1
TEAM_SPEED 1 1
TEAM_SPEED 1 1
TEAM_SPEED 1 1
TEAM_SPEED 1 1
TEAM_SPEED 1 1
TEAM_SPEED 1 1
TEAM_SPEED 1 5
TEAM_SPEED 0 1
TEAM_SPEED 1 5
TEAM_SPEED 1 5
TEAM_SPEED 1 5
SETTING SlowestSpeed 0
SETTING RadarSharing 1
SETTING GameSpeed 0
SETTING VariableUnitCounts 0
SETTING WorldScale 100
SETTING TeamSwitching 0
TEAM_SPEED 1 0
SETTING SlowestSpeed 1
SETTING RadarSharing 1
SETTING GameSpeed 0
SETTING VariableUnitCounts 0
SETTING WorldScale 100
SETTING TeamSwitching 0
TEAM_SPEED 0 5
TEAM_SPEED 1 5
TEAM_SPEED 1 20
TEAM_SPEED 1 20
TEAM_SPEED 0 1
TEAM_SPEED 0 5
TEAM_SPEED 0 10
TEAM_SPEED 0 1
TEAM_SPEED 0 10
TEAM_SPEED 0 1
TEAM_SPEED 0 10
TEAM_SPEED 0 1
TEAM_SPEED 0 5
TEAM_SPEED 0 1
TEAM_SPEED 0 5
TEAM_SPEED 0 1
TEAM_SPEED 0 10
TEAM_SPEED 0 1
TEAM_SPEED 0 20
TEAM_SPEED 0 1
TEAM_SPEED 0 5
TEAM_SPEED 0 1
TEAM_SPEED 0 5
CLIENT_NEW 10 13220395 88.90.186.172 1.62 STEAM
TEAM_SPEED 0 1
TEAM_SPEED 0 20
TEAM_SPEED 1 1
TEAM_SPEED 0 20
TEAM_SPEED 1 20
CLIENT_NEW 11 13219904 176.249.99.151 1.62 STEAM
CLIENT_QUIT 11 0
CLIENT_NEW 12 12726403 87.123.243.143 1.42 linux
TEAM_SPEED 0 1
TEAM_SPEED 0 5
TEAM_SPEED 0 1
TEAM_SPEED 0 5
TEAM_SPEED 0 1
TEAM_SPEED 0 20
TEAM_SPEED 1 1
TEAM_SPEED 1 1
TEAM_SPEED 1 5
TEAM_SPEED 1 5
TEAM_SPEED 1 10
TEAM_SPEED 1 20
CLIENT_QUIT 12 0
GAME_END
SETTING Record demo_recordings/game_2024-10-24-17-38.dcrec
SETTING AdvertiseOnInternet 0
SETTING RadarSharing 1
SETTING GameSpeed 0
SETTING VariableUnitCounts 0
SETTING WorldScale 100
SETTING TeamSwitching 0
CLIENT_QUIT 10 2
CLIENT_QUIT 8 2
TEAM_ABANDON 1
CLIENT_QUIT 7 2
TEAM_ABANDON 0
SCORE_BEGIN
SCORE_TEAM 0 209 7 LadenBinKezza
SCORE_TEAM 1 -29 8 ItsEK
SCORE_SIGNATURE_SPECTATOR 10 13220395 Haakon
SCORE_SIGNATURE_PLAYER 8 13224833 ItsEK
SCORE_SIGNATURE_PLAYER 7 13224848 LadenBinKezza
SCORE_END
SERVER_QUIT
CLIENT_NAME 6 DefconExpanded
SERVER_START Dedcon 1.6.0
CHARSET latin1
SCORE_BEGIN
SCORE_END
SERVER_QUIT
CLIENT_NAME 6 DefconExpanded
SERVER_START Dedcon 1.6.0
CHARSET latin1
CLIENT_NEW 7 12726403 87.123.243.143 1.42 linux
TEAM_ENTER 0 7
TEAM_ALLIANCE 0 0
CLIENT_NAME 7 Rad
TEAM_ALLIANCE 0 3
CLIENT_QUIT 7 0
TEAM_LEAVE 0
SCORE_BEGIN
SCORE_END
SERVER_QUIT
CLIENT_NAME 6 DefconExpanded
SERVER_START Dedcon 1.6.0
CHARSET latin1
SCORE_BEGIN
SCORE_END
SERVER_QUIT
CLIENT_NAME 6 DefconExpanded
SERVER_START Dedcon 1.6.0
CHARSET latin1
SCORE_BEGIN
SCORE_END
SERVER_QUIT
CLIENT_NAME 6 DefconExpanded
SERVER_START Dedcon 1.6.0
CHARSET latin1
CLIENT_NEW 7 13224886 81.141.172.253 1.62 STEAM
TEAM_ENTER 0 7
TEAM_ALLIANCE 0 0
CLIENT_NAME 7 NewPlayer_2
CLIENT_QUIT 7 0
TEAM_LEAVE 0
SCORE_BEGIN
SCORE_END
SERVER_QUIT
CLIENT_NAME 6 DefconExpanded
SERVER_START Dedcon 1.6.0
CHARSET latin1
SCORE_BEGIN
SCORE_END
SERVER_QUIT
CLIENT_NAME 6 DefconExpanded
SERVER_START Dedcon 1.6.0
CHARSET latin1
SCORE_BEGIN
SCORE_END
SERVER_QUIT
CLIENT_NAME 6 DefconExpanded
SERVER_START Dedcon 1.6.0
CHARSET latin1
SCORE_BEGIN
SCORE_END
SERVER_QUIT
CLIENT_NAME 6 DefconExpanded
SERVER_START Dedcon 1.6.0
CHARSET latin1
SCORE_BEGIN
SCORE_END
SERVER_QUIT
CLIENT_NAME 6 DefconExpanded
SERVER_START Dedcon 1.6.0
CHARSET latin1
SCORE_BEGIN
SCORE_END
SERVER_QUIT
CLIENT_NAME 6 DefconExpanded
SERVER_START Dedcon 1.6.0
CHARSET latin1
SCORE_BEGIN
SCORE_END
SERVER_QUIT
CLIENT_NAME 6 DefconExpanded
SERVER_START Dedcon 1.6.0
CHARSET latin1
SCORE_BEGIN
SCORE_END
SERVER_QUIT
CLIENT_NAME 6 DefconExpanded
SERVER_START Dedcon 1.6.0
CHARSET latin1
SCORE_BEGIN
SCORE_END
SERVER_QUIT
CLIENT_NAME 6 DefconExpanded
SERVER_START Dedcon 1.6.0
CHARSET latin1
SCORE_BEGIN
SCORE_END
SERVER_QUIT
CLIENT_NAME 6 DefconExpanded
SERVER_START Dedcon 1.6.0
CHARSET latin1
SCORE_BEGIN
SCORE_END
SERVER_QUIT
CLIENT_NAME 6 DefconExpanded
SERVER_START Dedcon 1.6.0
CHARSET latin1
SCORE_BEGIN
SCORE_END
SERVER_QUIT
CLIENT_NAME 6 DefconExpanded
SERVER_START Dedcon 1.6.0
CHARSET latin1
SCORE_BEGIN
SCORE_END
SERVER_QUIT
CLIENT_NAME 6 DefconExpanded
SERVER_START Dedcon 1.6.0
CHARSET latin1
SCORE_BEGIN
SCORE_END
SERVER_QUIT
CLIENT_NAME 6 DefconExpanded
SERVER_START Dedcon 1.6.0
CHARSET latin1
SCORE_BEGIN
SCORE_END
SERVER_QUIT
CLIENT_NAME 6 DefconExpanded
SERVER_START Dedcon 1.6.0
CHARSET latin1
SCORE_BEGIN
SCORE_END
SERVER_QUIT
CLIENT_NAME 6 DefconExpanded
SERVER_START Dedcon 1.6.0
CHARSET latin1
SCORE_BEGIN
SCORE_END
SERVER_QUIT
CLIENT_NAME 6 DefconExpanded
SERVER_START Dedcon 1.6.0
CHARSET latin1
SCORE_BEGIN
SCORE_END
SERVER_QUIT
CLIENT_NAME 6 DefconExpanded
SERVER_START Dedcon 1.6.0
CHARSET latin1
SCORE_BEGIN
SCORE_END
SERVER_QUIT
CLIENT_NAME 6 DefconExpanded
SERVER_START Dedcon 1.6.0
CHARSET latin1
SCORE_BEGIN
SCORE_END
SERVER_QUIT
CLIENT_NAME 6 DefconExpanded
SERVER_START Dedcon 1.6.0
CHARSET latin1
SCORE_BEGIN
SCORE_END
SERVER_QUIT
CLIENT_NAME 6 DefconExpanded
SERVER_START Dedcon 1.6.0
CHARSET latin1
SCORE_BEGIN
SCORE_END
SERVER_QUIT
CLIENT_NAME 6 DefconExpanded
SERVER_START Dedcon 1.6.0
CHARSET latin1
SCORE_BEGIN
SCORE_END
SERVER_QUIT
CLIENT_NAME 6 DefconExpanded
SERVER_START Dedcon 1.6.0
CHARSET latin1
SCORE_BEGIN
SCORE_END
SERVER_QUIT
CLIENT_NAME 6 DefconExpanded
SERVER_START Dedcon 1.6.0
CHARSET latin1
SCORE_BEGIN
SCORE_END
SERVER_QUIT
CLIENT_NAME 6 DefconExpanded
SERVER_START Dedcon 1.6.0
CHARSET latin1
SCORE_BEGIN
SCORE_END
SERVER_QUIT
CLIENT_NAME 6 DefconExpanded
SERVER_START Dedcon 1.6.0
CHARSET latin1
SCORE_BEGIN
SCORE_END
SERVER_QUIT
CLIENT_NAME 6 DefconExpanded
SERVER_START Dedcon 1.6.0
CHARSET latin1
SCORE_BEGIN
SCORE_END
SERVER_QUIT
CLIENT_NAME 6 DefconExpanded
SERVER_START Dedcon 1.6.0
CHARSET latin1
SCORE_BEGIN
SCORE_END
SERVER_QUIT
CLIENT_NAME 6 DefconExpanded
SERVER_START Dedcon 1.6.0
CHARSET latin1
SCORE_BEGIN
SCORE_END
SERVER_QUIT
CLIENT_NAME 6 DefconExpanded
SERVER_START Dedcon 1.6.0
CHARSET latin1
SCORE_BEGIN
SCORE_END
SERVER_QUIT
CLIENT_NAME 6 DefconExpanded
SERVER_START Dedcon 1.6.0
CHARSET latin1
SCORE_BEGIN
SCORE_END
SERVER_QUIT
CLIENT_NAME 6 DefconExpanded
SERVER_START Dedcon 1.6.0
CHARSET latin1
SCORE_BEGIN
SCORE_END
SERVER_QUIT
CLIENT_NAME 6 DefconExpanded
SERVER_START Dedcon 1.6.0
CHARSET latin1
SCORE_BEGIN
SCORE_END
SERVER_QUIT
CLIENT_NAME 6 DefconExpanded
SERVER_START Dedcon 1.6.0
CHARSET latin1
SCORE_BEGIN
SCORE_END
SERVER_QUIT
CLIENT_NAME 6 DefconExpanded
SERVER_START Dedcon 1.6.0
CHARSET latin1
SCORE_BEGIN
SCORE_END
SERVER_QUIT
CLIENT_NAME 6 DefconExpanded
SERVER_START Dedcon 1.6.0
CHARSET latin1
SCORE_BEGIN
SCORE_END
SERVER_QUIT
CLIENT_NAME 6 DefconExpanded
SERVER_START Dedcon 1.6.0
CHARSET latin1
SCORE_BEGIN
SCORE_END
SERVER_QUIT
CLIENT_NAME 6 DefconExpanded
SERVER_START Dedcon 1.6.0
CHARSET latin1
SCORE_BEGIN
SCORE_END
SERVER_QUIT
CLIENT_NAME 6 DefconExpanded
SERVER_START Dedcon 1.6.0
CHARSET latin1
SCORE_BEGIN
SCORE_END
SERVER_QUIT
CLIENT_NAME 6 DefconExpanded
SERVER_START Dedcon 1.6.0
CHARSET latin1
SCORE_BEGIN
SCORE_END
SERVER_QUIT
CLIENT_NAME 6 DefconExpanded
SERVER_START Dedcon 1.6.0
CHARSET latin1
SCORE_BEGIN
SCORE_END
SERVER_QUIT
CLIENT_NAME 6 DefconExpanded
SERVER_START Dedcon 1.6.0
CHARSET latin1
SCORE_BEGIN
SCORE_END
SERVER_QUIT
CLIENT_NAME 6 DefconExpanded
SERVER_START Dedcon 1.6.0
CHARSET latin1
SCORE_BEGIN
SCORE_END
SERVER_QUIT
CLIENT_NAME 6 DefconExpanded
SERVER_START Dedcon 1.6.0
CHARSET latin1
SCORE_BEGIN
SCORE_END
SERVER_QUIT
CLIENT_NAME 6 DefconExpanded
SERVER_START Dedcon 1.6.0
CHARSET latin1
SCORE_BEGIN
SCORE_END
SERVER_QUIT
CLIENT_NAME 6 DefconExpanded
SERVER_START Dedcon 1.6.0
CHARSET latin1
SCORE_BEGIN
SCORE_END
SERVER_QUIT
CLIENT_NAME 6 DefconExpanded
SERVER_START Dedcon 1.6.0
CHARSET latin1
SCORE_BEGIN
SCORE_END
SERVER_QUIT
CLIENT_NAME 6 DefconExpanded
SERVER_START Dedcon 1.6.0
CHARSET latin1
SCORE_BEGIN
SCORE_END
SERVER_QUIT
CLIENT_NAME 6 DefconExpanded
SERVER_START Dedcon 1.6.0
CHARSET latin1
SCORE_BEGIN
SCORE_END
SERVER_QUIT
CLIENT_NAME 6 DefconExpanded
SERVER_START Dedcon 1.6.0
CHARSET latin1
SCORE_BEGIN
SCORE_END
SERVER_QUIT
CLIENT_NAME 6 DefconExpanded
SERVER_START Dedcon 1.6.0
CHARSET latin1
SCORE_BEGIN
SCORE_END
SERVER_QUIT
CLIENT_NAME 6 DefconExpanded
SERVER_START Dedcon 1.6.0
CHARSET latin1
SCORE_BEGIN
SCORE_END
SERVER_QUIT
CLIENT_NAME 6 DefconExpanded
SERVER_START Dedcon 1.6.0
CHARSET latin1
SCORE_BEGIN
SCORE_END
SERVER_QUIT
CLIENT_NAME 6 DefconExpanded
SERVER_START Dedcon 1.6.0
CHARSET latin1
SCORE_BEGIN
SCORE_END
SERVER_QUIT
CLIENT_NAME 6 DefconExpanded
SERVER_START Dedcon 1.6.0
CHARSET latin1
SCORE_BEGIN
SCORE_END
SERVER_QUIT
CLIENT_NAME 6 DefconExpanded
SERVER_START Dedcon 1.6.0
CHARSET latin1
SCORE_BEGIN
SCORE_END
SERVER_QUIT
CLIENT_NAME 6 DefconExpanded
SERVER_START Dedcon 1.6.0
CHARSET latin1
SCORE_BEGIN
SCORE_END
SERVER_QUIT
CLIENT_NAME 6 DefconExpanded
SERVER_START Dedcon 1.6.0
CHARSET latin1
SCORE_BEGIN
SCORE_END
SERVER_QUIT
CLIENT_NAME 6 DefconExpanded
SERVER_START Dedcon 1.6.0
CHARSET latin1
SCORE_BEGIN
SCORE_END
SERVER_QUIT
CLIENT_NAME 6 DefconExpanded
SERVER_START Dedcon 1.6.0
CHARSET latin1
SCORE_BEGIN
SCORE_END
SERVER_QUIT
CLIENT_NAME 6 DefconExpanded
SERVER_START Dedcon 1.6.0
CHARSET latin1
SCORE_BEGIN
SCORE_END
SERVER_QUIT
CLIENT_NAME 6 DefconExpanded
SERVER_START Dedcon 1.6.0
CHARSET latin1
SCORE_BEGIN
SCORE_END
SERVER_QUIT
CLIENT_NAME 6 DefconExpanded
SERVER_START Dedcon 1.6.0
CHARSET latin1
SCORE_BEGIN
SCORE_END
SERVER_QUIT
CLIENT_NAME 6 DefconExpanded
SERVER_START Dedcon 1.6.0
CHARSET latin1
SCORE_BEGIN
SCORE_END
SERVER_QUIT
CLIENT_NAME 6 DefconExpanded
SERVER_START Dedcon 1.6.0
CHARSET latin1
SCORE_BEGIN
SCORE_END
SERVER_QUIT
CLIENT_NAME 6 DefconExpanded
SERVER_START Dedcon 1.6.0
CHARSET latin1
SCORE_BEGIN
SCORE_END
SERVER_QUIT
CLIENT_NAME 6 DefconExpanded
SERVER_START Dedcon 1.6.0
CHARSET latin1
SCORE_BEGIN
SCORE_END
SERVER_QUIT
CLIENT_NAME 6 DefconExpanded
SERVER_START Dedcon 1.6.0
CHARSET latin1
SCORE_BEGIN
SCORE_END
SERVER_QUIT
CLIENT_NAME 6 DefconExpanded
SERVER_START Dedcon 1.6.0
CHARSET latin1
SCORE_BEGIN
SCORE_END
SERVER_QUIT
CLIENT_NAME 6 DefconExpanded
SERVER_START Dedcon 1.6.0
CHARSET latin1
SCORE_BEGIN
SCORE_END
SERVER_QUIT
CLIENT_NAME 6 DefconExpanded
SERVER_START Dedcon 1.6.0
CHARSET latin1
SCORE_BEGIN
SCORE_END
SERVER_QUIT
CLIENT_NAME 6 DefconExpanded
SERVER_START Dedcon 1.6.0
CHARSET latin1
SCORE_BEGIN
SCORE_END
SERVER_QUIT
CLIENT_NAME 6 DefconExpanded
SERVER_START Dedcon 1.6.0
CHARSET latin1
SCORE_BEGIN
SCORE_END
SERVER_QUIT
CLIENT_NAME 6 DefconExpanded
SERVER_START Dedcon 1.6.0
CHARSET latin1
SCORE_BEGIN
SCORE_END
SERVER_QUIT
CLIENT_NAME 6 DefconExpanded
SERVER_START Dedcon 1.6.0
CHARSET latin1
SCORE_BEGIN
SCORE_END
SERVER_QUIT
CLIENT_NAME 6 DefconExpanded
SERVER_START Dedcon 1.6.0
CHARSET latin1
SCORE_BEGIN
SCORE_END
SERVER_QUIT
CLIENT_NAME 6 DefconExpanded
SERVER_START Dedcon 1.6.0
CHARSET latin1
SCORE_BEGIN
SCORE_END
SERVER_QUIT
CLIENT_NAME 6 DefconExpanded
SERVER_START Dedcon 1.6.0
CHARSET latin1
SCORE_BEGIN
SCORE_END
SERVER_QUIT
CLIENT_NAME 6 DefconExpanded
SERVER_START Dedcon 1.6.0
CHARSET latin1
SCORE_BEGIN
SCORE_END
SERVER_QUIT
CLIENT_NAME 6 DefconExpanded
SERVER_START Dedcon 1.6.0
CHARSET latin1
SCORE_BEGIN
SCORE_END
SERVER_QUIT
CLIENT_NAME 6 DefconExpanded
SERVER_START Dedcon 1.6.0
CHARSET latin1
SCORE_BEGIN
SCORE_END
SERVER_QUIT
CLIENT_NAME 6 DefconExpanded
SERVER_START Dedcon 1.6.0
CHARSET latin1
SCORE_BEGIN
SCORE_END
SERVER_QUIT
CLIENT_NAME 6 DefconExpanded
SERVER_START Dedcon 1.6.0
CHARSET latin1
SCORE_BEGIN
SCORE_END
SERVER_QUIT
CLIENT_NAME 6 DefconExpanded
SERVER_START Dedcon 1.6.0
CHARSET latin1
SCORE_BEGIN
SCORE_END
SERVER_QUIT
CLIENT_NAME 6 DefconExpanded
SERVER_START Dedcon 1.6.0
CHARSET latin1
SCORE_BEGIN
SCORE_END
SERVER_QUIT
CLIENT_NAME 6 DefconExpanded
SERVER_START Dedcon 1.6.0
CHARSET latin1
SCORE_BEGIN
SCORE_END
SERVER_QUIT
CLIENT_NAME 6 DefconExpanded
SERVER_START Dedcon 1.6.0
CHARSET latin1
SCORE_BEGIN
SCORE_END
SERVER_QUIT
CLIENT_NAME 6 DefconExpanded
SERVER_START Dedcon 1.6.0
CHARSET latin1
SCORE_BEGIN
SCORE_END
SERVER_QUIT
CLIENT_NAME 6 DefconExpanded
SERVER_START Dedcon 1.6.0
CHARSET latin1
SCORE_BEGIN
SCORE_END
SERVER_QUIT
CLIENT_NAME 6 DefconExpanded
SERVER_START Dedcon 1.6.0
CHARSET latin1
SCORE_BEGIN
SCORE_END
SERVER_QUIT
CLIENT_NAME 6 DefconExpanded
SERVER_START Dedcon 1.6.0
CHARSET latin1
CLIENT_NAME 6 DefconExpanded
SERVER_START Dedcon 1.6.0
CHARSET latin1
SCORE_BEGIN
SCORE_END
SERVER_QUIT
CLIENT_NAME 6 DefconExpanded
SERVER_START Dedcon 1.6.0
CHARSET latin1
SCORE_BEGIN
SCORE_END
SERVER_QUIT
CLIENT_NAME 6 DefconExpanded
SERVER_START Dedcon 1.6.0
CHARSET latin1
SCORE_BEGIN
SCORE_END
SERVER_QUIT
CLIENT_NAME 6 DefconExpanded
SERVER_START Dedcon 1.6.0
CHARSET latin1
SCORE_BEGIN
SCORE_END
SERVER_QUIT
CLIENT_NAME 6 DefconExpanded
SERVER_START Dedcon 1.6.0
CHARSET latin1
SCORE_BEGIN
SCORE_END
SERVER_QUIT
CLIENT_NAME 6 DefconExpanded
SERVER_START Dedcon 1.6.0
CHARSET latin1
SCORE_BEGIN
SCORE_END
SERVER_QUIT
CLIENT_NAME 6 DefconExpanded
SERVER_START Dedcon 1.6.0
CHARSET latin1
SCORE_BEGIN
SCORE_END
SERVER_QUIT
CLIENT_NAME 6 DefconExpanded
SERVER_START Dedcon 1.6.0
CHARSET latin1
SCORE_BEGIN
SCORE_END
SERVER_QUIT
CLIENT_NAME 6 DefconExpanded
SERVER_START Dedcon 1.6.0
CHARSET latin1
CLIENT_NAME 6 DefconExpanded
SERVER_START Dedcon 1.6.0
CHARSET latin1
SCORE_BEGIN
SCORE_END
SERVER_QUIT
CLIENT_NAME 6 DefconExpanded
SERVER_START Dedcon 1.6.0
CHARSET latin1
SCORE_BEGIN
SCORE_END
SERVER_QUIT
CLIENT_NAME 6 DefconExpanded
SERVER_START Dedcon 1.6.0
CHARSET latin1
SCORE_BEGIN
SCORE_END
SERVER_QUIT
CLIENT_NAME 6 DefconExpanded
SERVER_START Dedcon 1.6.0
CHARSET latin1
SCORE_BEGIN
SCORE_END
SERVER_QUIT
CLIENT_NAME 6 DefconExpanded
SERVER_START Dedcon 1.6.0
CHARSET latin1
SCORE_BEGIN
SCORE_END
SERVER_QUIT
CLIENT_NAME 6 DefconExpanded
SERVER_START Dedcon 1.6.0
CHARSET latin1
SCORE_BEGIN
SCORE_END
SERVER_QUIT
CLIENT_NAME 6 DefconExpanded
SERVER_START Dedcon 1.6.0
CHARSET latin1
SCORE_BEGIN
SCORE_END
SERVER_QUIT
CLIENT_NAME 6 DefconExpanded
SERVER_START Dedcon 1.6.0
CHARSET latin1
SCORE_BEGIN
SCORE_END
SERVER_QUIT
CLIENT_NAME 6 DefconExpanded
SERVER_START Dedcon 1.6.0
CHARSET latin1
SCORE_BEGIN
SCORE_END
SERVER_QUIT
CLIENT_NAME 6 DefconExpanded
SERVER_START Dedcon 1.6.0
CHARSET latin1
SCORE_BEGIN
SCORE_END
SERVER_QUIT
CLIENT_NAME 6 DefconExpanded
SERVER_START Dedcon 1.6.0
CHARSET latin1
SCORE_BEGIN
SCORE_END
SERVER_QUIT
CLIENT_NAME 6 DefconExpanded
SERVER_START Dedcon 1.6.0
CHARSET latin1
SCORE_BEGIN
SCORE_END
SERVER_QUIT
CLIENT_NAME 6 DefconExpanded
SERVER_START Dedcon 1.6.0
CHARSET latin1
SCORE_BEGIN
SCORE_END
SERVER_QUIT
CLIENT_NAME 6 DefconExpanded
SERVER_START Dedcon 1.6.0
CHARSET latin1
CLIENT_NEW 7 13225263 81.141.172.253 1.62 STEAM
TEAM_ENTER 0 7
TEAM_ALLIANCE 0 0
CLIENT_NAME 7 NewPlayer_2
CLIENT_QUIT 7 0
TEAM_LEAVE 0
CLIENT_NEW 8 13225263 81.141.172.253 1.62 STEAM
TEAM_ENTER 0 8
TEAM_ALLIANCE 0 0
CLIENT_QUIT 8 0
TEAM_LEAVE 0
CLIENT_NEW 9 13225267 71.208.145.65 1.62 STEAM
TEAM_ENTER 0 9
TEAM_ALLIANCE 0 0
CLIENT_NAME 9 NewPlayer
CLIENT_QUIT 9 0
TEAM_LEAVE 0
CLIENT_NEW 10 13225263 81.141.172.253 1.62 STEAM
TEAM_ENTER 0 10
TEAM_ALLIANCE 0 0
CLIENT_QUIT 10 0
TEAM_LEAVE 0
SCORE_BEGIN
SCORE_END
SERVER_QUIT
CLIENT_NAME 6 DefconExpanded
SERVER_START Dedcon 1.6.0
CHARSET latin1
SCORE_BEGIN
SCORE_END
SERVER_QUIT
CLIENT_NAME 6 DefconExpanded
SERVER_START Dedcon 1.6.0
CHARSET latin1
SCORE_BEGIN
SCORE_END
SERVER_QUIT
CLIENT_NAME 6 DefconExpanded
SERVER_START Dedcon 1.6.0
CHARSET latin1
SCORE_BEGIN
SCORE_END
SERVER_QUIT
CLIENT_NAME 6 DefconExpanded
SERVER_START Dedcon 1.6.0
CHARSET latin1
SCORE_BEGIN
SCORE_END
SERVER_QUIT
CLIENT_NAME 6 DefconExpanded
SERVER_START Dedcon 1.6.0
CHARSET latin1
SCORE_BEGIN
SCORE_END
SERVER_QUIT
CLIENT_NAME 6 DefconExpanded
SERVER_START Dedcon 1.6.0
CHARSET latin1
SCORE_BEGIN
SCORE_END
SERVER_QUIT
CLIENT_NAME 6 DefconExpanded
SERVER_START Dedcon 1.6.0
CHARSET latin1
SCORE_BEGIN
SCORE_END
SERVER_QUIT
CLIENT_NAME 6 DefconExpanded
SERVER_START Dedcon 1.6.0
CHARSET latin1
SCORE_BEGIN
SCORE_END
SERVER_QUIT
CLIENT_NAME 6 DefconExpanded
SERVER_START Dedcon 1.6.0
CHARSET latin1
SCORE_BEGIN
SCORE_END
SERVER_QUIT
CLIENT_NAME 6 DefconExpanded
SERVER_START Dedcon 1.6.0
CHARSET latin1
SCORE_BEGIN
SCORE_END
SERVER_QUIT
CLIENT_NAME 6 DefconExpanded
SERVER_START Dedcon 1.6.0
CHARSET latin1
SCORE_BEGIN
SCORE_END
SERVER_QUIT
CLIENT_NAME 6 DefconExpanded
SERVER_START Dedcon 1.6.0
CHARSET latin1
SCORE_BEGIN
SCORE_END
SERVER_QUIT
CLIENT_NAME 6 DefconExpanded
SERVER_START Dedcon 1.6.0
CHARSET latin1
SCORE_BEGIN
SCORE_END
SERVER_QUIT
CLIENT_NAME 6 DefconExpanded
SERVER_START Dedcon 1.6.0
CHARSET latin1
SCORE_BEGIN
SCORE_END
SERVER_QUIT
CLIENT_NAME 6 DefconExpanded
SERVER_START Dedcon 1.6.0
CHARSET latin1
SCORE_BEGIN
SCORE_END
SERVER_QUIT
CLIENT_NAME 6 DefconExpanded
SERVER_START Dedcon 1.6.0
CHARSET latin1
SCORE_BEGIN
SCORE_END
SERVER_QUIT
CLIENT_NAME 6 DefconExpanded
SERVER_START Dedcon 1.6.0
CHARSET latin1
SCORE_BEGIN
SCORE_END
SERVER_QUIT
CLIENT_NAME 6 DefconExpanded
SERVER_START Dedcon 1.6.0
CHARSET latin1
SCORE_BEGIN
SCORE_END
SERVER_QUIT
CLIENT_NAME 6 DefconExpanded
SERVER_START Dedcon 1.6.0
CHARSET latin1
SCORE_BEGIN
SCORE_END
SERVER_QUIT
CLIENT_NAME 6 DefconExpanded
SERVER_START Dedcon 1.6.0
CHARSET latin1
SCORE_BEGIN
SCORE_END
SERVER_QUIT
CLIENT_NAME 6 DefconExpanded
SERVER_START Dedcon 1.6.0
CHARSET latin1
SCORE_BEGIN
SCORE_END
SERVER_QUIT
CLIENT_NAME 6 DefconExpanded
SERVER_START Dedcon 1.6.0
CHARSET latin1
SCORE_BEGIN
SCORE_END
SERVER_QUIT
CLIENT_NAME 6 DefconExpanded
SERVER_START Dedcon 1.6.0
CHARSET latin1
SCORE_BEGIN
SCORE_END
SERVER_QUIT
CLIENT_NAME 6 DefconExpanded
SERVER_START Dedcon 1.6.0
CHARSET latin1
SCORE_BEGIN
SCORE_END
SERVER_QUIT
CLIENT_NAME 6 DefconExpanded
SERVER_START Dedcon 1.6.0
CHARSET latin1
SCORE_BEGIN
SCORE_END
SERVER_QUIT
CLIENT_NAME 6 DefconExpanded
SERVER_START Dedcon 1.6.0
CHARSET latin1
SCORE_BEGIN
SCORE_END
SERVER_QUIT
CLIENT_NAME 6 DefconExpanded
SERVER_START Dedcon 1.6.0
CHARSET latin1
SCORE_BEGIN
SCORE_END
SERVER_QUIT
CLIENT_NAME 6 DefconExpanded
SERVER_START Dedcon 1.6.0
CHARSET latin1
SCORE_BEGIN
SCORE_END
SERVER_QUIT
CLIENT_NAME 6 DefconExpanded
SERVER_START Dedcon 1.6.0
CHARSET latin1
SCORE_BEGIN
SCORE_END
SERVER_QUIT
CLIENT_NAME 6 DefconExpanded
SERVER_START Dedcon 1.6.0
CHARSET latin1
SCORE_BEGIN
SCORE_END
SERVER_QUIT
CLIENT_NAME 6 DefconExpanded
SERVER_START Dedcon 1.6.0
CHARSET latin1
SCORE_BEGIN
SCORE_END
SERVER_QUIT
CLIENT_NAME 6 DefconExpanded
SERVER_START Dedcon 1.6.0
CHARSET latin1
SCORE_BEGIN
SCORE_END
SERVER_QUIT
CLIENT_NAME 6 DefconExpanded
SERVER_START Dedcon 1.6.0
CHARSET latin1
SCORE_BEGIN
SCORE_END
SERVER_QUIT
CLIENT_NAME 6 DefconExpanded
SERVER_START Dedcon 1.6.0
CHARSET latin1
SCORE_BEGIN
SCORE_END
SERVER_QUIT
CLIENT_NAME 6 DefconExpanded
SERVER_START Dedcon 1.6.0
CHARSET latin1
SCORE_BEGIN
SCORE_END
SERVER_QUIT
CLIENT_NAME 6 DefconExpanded
SERVER_START Dedcon 1.6.0
CHARSET latin1
SCORE_BEGIN
SCORE_END
SERVER_QUIT
CLIENT_NAME 6 DefconExpanded
SERVER_START Dedcon 1.6.0
CHARSET latin1
SCORE_BEGIN
SCORE_END
SERVER_QUIT
CLIENT_NAME 6 DefconExpanded
SERVER_START Dedcon 1.6.0
CHARSET latin1
SCORE_BEGIN
SCORE_END
SERVER_QUIT
CLIENT_NAME 6 DefconExpanded
SERVER_START Dedcon 1.6.0
CHARSET latin1
SCORE_BEGIN
SCORE_END
SERVER_QUIT
CLIENT_NAME 6 DefconExpanded
SERVER_START Dedcon 1.6.0
CHARSET latin1
SCORE_BEGIN
SCORE_END
SERVER_QUIT
CLIENT_NAME 6 DefconExpanded
SERVER_START Dedcon 1.6.0
CHARSET latin1
SCORE_BEGIN
SCORE_END
SERVER_QUIT
CLIENT_NAME 6 DefconExpanded
SERVER_START Dedcon 1.6.0
CHARSET latin1
SCORE_BEGIN
SCORE_END
SERVER_QUIT
CLIENT_NAME 6 DefconExpanded
SERVER_START Dedcon 1.6.0
CHARSET latin1
SCORE_BEGIN
SCORE_END
SERVER_QUIT
CLIENT_NAME 6 DefconExpanded
SERVER_START Dedcon 1.6.0
CHARSET latin1
SCORE_BEGIN
SCORE_END
SERVER_QUIT
CLIENT_NAME 6 DefconExpanded
SERVER_START Dedcon 1.6.0
CHARSET latin1
SCORE_BEGIN
SCORE_END
SERVER_QUIT
CLIENT_NAME 6 DefconExpanded
SERVER_START Dedcon 1.6.0
CHARSET latin1
SCORE_BEGIN
SCORE_END
SERVER_QUIT
CLIENT_NAME 6 DefconExpanded
SERVER_START Dedcon 1.6.0
CHARSET latin1
SCORE_BEGIN
SCORE_END
SERVER_QUIT
CLIENT_NAME 6 DefconExpanded
SERVER_START Dedcon 1.6.0
CHARSET latin1
SCORE_BEGIN
SCORE_END
SERVER_QUIT
CLIENT_NAME 6 DefconExpanded
SERVER_START Dedcon 1.6.0
CHARSET latin1
SCORE_BEGIN
SCORE_END
SERVER_QUIT
CLIENT_NAME 6 DefconExpanded
SERVER_START Dedcon 1.6.0
CHARSET latin1
SCORE_BEGIN
SCORE_END
SERVER_QUIT
CLIENT_NAME 6 DefconExpanded
SERVER_START Dedcon 1.6.0
CHARSET latin1
CLIENT_NEW 7 13220395 88.90.186.172 1.62 STEAM
TEAM_ENTER 0 7
TEAM_ALLIANCE 0 0
CLIENT_NAME 7 Haakon
CLIENT_NEW 8 13225414 47.153.232.136 1.62 STEAM
TEAM_ENTER 1 8
TEAM_ALLIANCE 1 1
CLIENT_NAME 8 Vulture
TEAM_READY 0 1
TEAM_READY 1 1
TEAM_TERRITORY 0 2
TEAM_TERRITORY 1 1
RANKED 1
SETTING MaxIdleRunTime 1800
SETTING MinRunTime 900
SETTING CaseSensitive 0
SETTING TotalBandwidth 75000
SETTING PlayerBandwidth 10000
SETTING ServerLANIP 116.203.228.110
SETTING ServerPort 5013
SETTING MaxSpectators 15
SETTING SpectatorChatChannel 1
SETTING TeamSwitching 0
SETTING WorldScale 100
SETTING VariableUnitCounts 0
SETTING MaxGameRealTime 0
SETTING VictoryTimer 45
SETTING VictoryTrigger 20
SETTING ScoreMode 0
SETTING SlowestSpeed 1
SETTING GameSpeed 0
SETTING RadarSharing 1
SETTING PermitDefection 0
SETTING RandomTerritories 1
SETTING CityPopulations 3
SETTING PopulationPerTerritory 150
SETTING CitiesPerTerritory 30
SETTING TerritoriesPerTeam 1
SETTING MaxTeams 2
SETTING GameMode 0
SETTING AdvertiseOnLAN 1
SETTING AdvertiseOnInternet 1
SETTING ServerName DefconExpanded | 1v1 | EU vs SA | Totally Random
SETTING KickVoteMin 2
SETTING DropCourtesy -1
SETTING SlowBudgetMax 1200
SETTING SlowBudgetStart 1200
SETTING Territory2 1
SETTING Territory1 2
SETTING AllianceSize 1
SETTING ReadyVoteDelay 90
SETTING IdleTimeGlobal 600
SETTING AdvertisePlayers 2
GAME_START
TEAM_SPEED 1 1
SETTING SpectatorChatChannel 0
SETTING RadarSharing 1
SETTING GameSpeed 0
SETTING VariableUnitCounts 0
SETTING WorldScale 100
SETTING TeamSwitching 0
TEAM_SPEED 0 1
CLIENT_NEW 9 13224848 90.247.134.248 1.62 STEAM
CLIENT_NAME 9 LadenBinKezza
SETTING SpectatorChatChannel 1
SETTING RadarSharing 1
SETTING GameSpeed 0
SETTING VariableUnitCounts 0
SETTING WorldScale 100
SETTING TeamSwitching 0
TEAM_SPEED 0 1
TEAM_SPEED 0 1
CLIENT_NEW 10 12726403 87.123.243.128 1.42 linux
SETTING SpectatorChatChannel 0
SETTING RadarSharing 1
SETTING GameSpeed 0
SETTING VariableUnitCounts 0
SETTING WorldScale 100
SETTING TeamSwitching 0
CLIENT_NAME 10 Rad
TEAM_SPEED 1 5
TEAM_SPEED 0 1
TEAM_SPEED 0 5
TEAM_SPEED 0 5
TEAM_SPEED 1 1
TEAM_SPEED 1 1
TEAM_SPEED 1 5
TEAM_SPEED 1 1
TEAM_SPEED 0 1
TEAM_SPEED 0 1
TEAM_SPEED 1 5
TEAM_SPEED 1 5
TEAM_SPEED 1 5
TEAM_SPEED 1 5
TEAM_SPEED 1 5
TEAM_SPEED 1 1
TEAM_SPEED 1 1
TEAM_SPEED 1 1
TEAM_SPEED 0 5
TEAM_SPEED 0 5
TEAM_SPEED 0 5
TEAM_SPEED 0 5
TEAM_SPEED 1 5
TEAM_SPEED 1 1
TEAM_SPEED 1 1
TEAM_SPEED 1 5
TEAM_SPEED 1 5
TEAM_SPEED 1 5
TEAM_SPEED 1 5
TEAM_SPEED 1 1
TEAM_SPEED 1 5
TEAM_SPEED 1 5
TEAM_SPEED 0 1
TEAM_SPEED 0 1
TEAM_SPEED 1 1
TEAM_SPEED 1 1
TEAM_SPEED 0 5
TEAM_SPEED 0 5
TEAM_SPEED 1 1
TEAM_SPEED 1 1
TEAM_SPEED 1 1
TEAM_SPEED 0 5
TEAM_SPEED 0 5
TEAM_SPEED 0 5
TEAM_SPEED 1 5
TEAM_SPEED 1 1
TEAM_SPEED 1 5
TEAM_SPEED 1 1
TEAM_SPEED 1 5
TEAM_SPEED 1 5
TEAM_SPEED 1 5
TEAM_SPEED 1 5
TEAM_SPEED 1 5
TEAM_SPEED 1 1
TEAM_SPEED 1 5
TEAM_SPEED 1 1
TEAM_SPEED 1 5
TEAM_SPEED 1 5
TEAM_SPEED 1 1
TEAM_SPEED 1 5
TEAM_SPEED 1 5
TEAM_SPEED 1 5
TEAM_SPEED 1 5
TEAM_SPEED 0 1
TEAM_SPEED 0 5
TEAM_SPEED 0 5
TEAM_SPEED 1 1
TEAM_SPEED 1 5
TEAM_SPEED 1 5
TEAM_SPEED 1 1
TEAM_SPEED 1 1
TEAM_SPEED 1 5
TEAM_SPEED 1 5
TEAM_SPEED 1 5
TEAM_SPEED 1 5
TEAM_SPEED 1 1
TEAM_SPEED 1 5
TEAM_SPEED 1 5
TEAM_SPEED 1 1
TEAM_SPEED 1 1
TEAM_SPEED 1 5
TEAM_SPEED 1 1
TEAM_SPEED 1 1
TEAM_SPEED 1 5
TEAM_SPEED 1 5
TEAM_SPEED 1 5
TEAM_SPEED 1 5
TEAM_SPEED 1 5
TEAM_SPEED 1 1
TEAM_SPEED 1 1
TEAM_SPEED 1 5
TEAM_SPEED 1 5
TEAM_SPEED 1 5
TEAM_SPEED 0 1
TEAM_SPEED 1 1
TEAM_SPEED 1 1
TEAM_SPEED 0 5
TEAM_SPEED 1 5
TEAM_SPEED 0 1
TEAM_SPEED 0 1
TEAM_SPEED 0 5
TEAM_SPEED 0 5
TEAM_SPEED 0 1
TEAM_SPEED 0 5
TEAM_SPEED 0 5
TEAM_SPEED 0 1
TEAM_SPEED 1 1
TEAM_SPEED 1 1
TEAM_SPEED 0 5
TEAM_SPEED 1 5
TEAM_SPEED 0 1
TEAM_SPEED 0 5
TEAM_SPEED 1 1
TEAM_SPEED 1 1
TEAM_SPEED 1 5
TEAM_SPEED 1 5
TEAM_SPEED 1 5
TEAM_SPEED 1 5
TEAM_SPEED 0 1
TEAM_SPEED 0 5
TEAM_SPEED 1 1
TEAM_SPEED 1 1
TEAM_SPEED 1 5
TEAM_SPEED 1 5
TEAM_SPEED 1 5
TEAM_SPEED 0 1
TEAM_SPEED 0 5
TEAM_SPEED 0 1
TEAM_SPEED 0 5
TEAM_SPEED 0 5
TEAM_SPEED 0 1
TEAM_SPEED 0 5
TEAM_SPEED 1 1
TEAM_SPEED 1 1
TEAM_SPEED 0 1
TEAM_SPEED 1 5
TEAM_SPEED 1 5
TEAM_SPEED 1 5
TEAM_SPEED 1 5
TEAM_SPEED 1 5
TEAM_SPEED 0 5
TEAM_SPEED 1 1
TEAM_SPEED 1 1
TEAM_SPEED 1 1
TEAM_SPEED 1 5
TEAM_SPEED 1 5
TEAM_SPEED 1 5
TEAM_SPEED 1 5
TEAM_SPEED 1 5
TEAM_SPEED 1 1
TEAM_SPEED 1 5
TEAM_SPEED 1 5
TEAM_SPEED 1 5
TEAM_SPEED 1 1
TEAM_SPEED 1 5
TEAM_SPEED 1 5
TEAM_SPEED 0 1
TEAM_SPEED 1 1
TEAM_SPEED 1 1
TEAM_SPEED 1 1
TEAM_SPEED 1 1
TEAM_SPEED 0 5
TEAM_SPEED 0 5
TEAM_SPEED 0 5
TEAM_SPEED 0 5
TEAM_SPEED 1 5
TEAM_SPEED 1 1
TEAM_SPEED 1 5
TEAM_SPEED 1 5
TEAM_SPEED 1 1
TEAM_SPEED 1 5
TEAM_SPEED 1 5
TEAM_SPEED 1 1
TEAM_SPEED 1 5
TEAM_SPEED 1 5
TEAM_SPEED 1 1
TEAM_SPEED 1 1
TEAM_SPEED 1 5
TEAM_SPEED 1 1
TEAM_SPEED 1 5
TEAM_SPEED 0 1
TEAM_SPEED 0 1
TEAM_SPEED 0 1
TEAM_SPEED 0 5
TEAM_SPEED 1 1
TEAM_SPEED 1 5
TEAM_SPEED 0 1
TEAM_SPEED 0 5
TEAM_SPEED 0 5
TEAM_SPEED 0 1
TEAM_SPEED 0 1
TEAM_SPEED 0 5
TEAM_SPEED 0 5
TEAM_SPEED 0 1
TEAM_SPEED 0 5
TEAM_SPEED 1 1
TEAM_SPEED 0 1
TEAM_SPEED 0 5
TEAM_SPEED 1 5
TEAM_SPEED 1 5
TEAM_SPEED 1 1
TEAM_SPEED 1 5
TEAM_SPEED 1 5
TEAM_SPEED 1 5
TEAM_SPEED 1 5
TEAM_SPEED 1 5
TEAM_SPEED 0 1
TEAM_SPEED 0 1
TEAM_SPEED 1 1
TEAM_SPEED 0 5
TEAM_SPEED 0 5
CLIENT_NEW 11 13225427 104.137.39.166 1.62 STEAM
TEAM_SPEED 0 5
TEAM_SPEED 0 5
TEAM_SPEED 1 5
TEAM_SPEED 1 5
TEAM_SPEED 1 5
TEAM_SPEED 1 5
TEAM_SPEED 1 5
TEAM_SPEED 1 5
TEAM_SPEED 1 5
TEAM_SPEED 1 1
TEAM_SPEED 1 1
TEAM_SPEED 1 5
TEAM_SPEED 1 5
TEAM_SPEED 1 1
TEAM_SPEED 1 1
TEAM_SPEED 1 5
TEAM_SPEED 1 5
TEAM_SPEED 1 1
TEAM_SPEED 1 5
TEAM_SPEED 1 5
TEAM_SPEED 0 1
TEAM_SPEED 1 1
TEAM_SPEED 1 1
TEAM_SPEED 0 5
TEAM_SPEED 0 5
TEAM_SPEED 0 5
CLIENT_NAME 11 hotcakes
TEAM_SPEED 1 5
TEAM_SPEED 1 5
TEAM_SPEED 1 5
TEAM_SPEED 0 1
TEAM_SPEED 1 1
TEAM_SPEED 1 1
TEAM_SPEED 0 5
TEAM_SPEED 1 5
TEAM_SPEED 1 5
TEAM_SPEED 1 1
TEAM_SPEED 1 5
TEAM_SPEED 1 1
TEAM_SPEED 1 1
TEAM_SPEED 1 5
TEAM_SPEED 1 5
TEAM_SPEED 1 5
TEAM_SPEED 1 1
TEAM_SPEED 1 1
TEAM_SPEED 1 5
TEAM_SPEED 1 1
TEAM_SPEED 1 5
TEAM_SPEED 1 1
TEAM_SPEED 1 5
TEAM_SPEED 1 5
TEAM_SPEED 1 5
TEAM_SPEED 1 1
TEAM_SPEED 1 1
TEAM_SPEED 0 5
TEAM_SPEED 0 5
TEAM_SPEED 1 5
TEAM_SPEED 1 5
TEAM_SPEED 1 1
TEAM_SPEED 1 1
TEAM_SPEED 1 5
TEAM_SPEED 1 1
TEAM_SPEED 1 5
TEAM_SPEED 1 5
TEAM_SPEED 1 5
TEAM_SPEED 1 5
TEAM_SPEED 1 1
TEAM_SPEED 1 5
TEAM_SPEED 1 5
TEAM_SPEED 0 20
TEAM_SPEED 0 20
TEAM_SPEED 0 1
TEAM_SPEED 0 1
TEAM_SPEED 0 20
TEAM_SPEED 1 20
TEAM_SPEED 1 20
TEAM_SPEED 1 1
TEAM_SPEED 1 1
TEAM_SPEED 0 20
TEAM_SPEED 1 20
TEAM_SPEED 1 1
TEAM_SPEED 1 20
TEAM_SPEED 1 1
TEAM_SPEED 1 20
SETTING SpectatorChatChannel 1
SETTING RadarSharing 1
SETTING GameSpeed 0
SETTING VariableUnitCounts 0
SETTING WorldScale 100
SETTING TeamSwitching 0
TEAM_SPEED 1 1
TEAM_SPEED 1 1
TEAM_SPEED 1 20
TEAM_SPEED 1 1
TEAM_SPEED 1 1
TEAM_SPEED 1 20
TEAM_SPEED 1 20
TEAM_SPEED 1 1
TEAM_SPEED 1 1
TEAM_SPEED 1 20
TEAM_SPEED 1 1
TEAM_SPEED 1 5
TEAM_SPEED 1 5
TEAM_SPEED 1 1
TEAM_SPEED 1 10
TEAM_SPEED 1 1
TEAM_SPEED 1 10
TEAM_SPEED 1 10
TEAM_SPEED 1 1
TEAM_SPEED 1 20
TEAM_SPEED 1 1
TEAM_SPEED 1 20
TEAM_SPEED 1 1
TEAM_SPEED 1 10
TEAM_SPEED 1 10
TEAM_SPEED 1 1
TEAM_SPEED 1 20
TEAM_SPEED 1 20
TEAM_SPEED 1 1
TEAM_SPEED 1 20
TEAM_SPEED 1 1
TEAM_SPEED 0 20
TEAM_SPEED 1 20
GAME_END
SETTING Record demo_recordings/game_2024-10-26-14-38.dcrec
SETTING AdvertiseOnInternet 0
SETTING RadarSharing 1
SETTING GameSpeed 0
SETTING VariableUnitCounts 0
SETTING WorldScale 100
SETTING TeamSwitching 0
CLIENT_QUIT 11 0
CLIENT_QUIT 10 0
CLIENT_QUIT 7 0
TEAM_ABANDON 0
CLIENT_QUIT 8 0
TEAM_ABANDON 1
CLIENT_QUIT 9 2
SCORE_BEGIN
SCORE_TEAM 1 155 8 Vulture
SCORE_TEAM 0 66 7 Haakon
SCORE_SIGNATURE_SPECTATOR 11 13225427 hotcakes
SCORE_SIGNATURE_SPECTATOR 9 13224848 LadenBinKezza
SCORE_SIGNATURE_PLAYER 8 13225414 Vulture
SCORE_SIGNATURE_PLAYER 7 13220395 Haakon
SCORE_END
SERVER_QUIT
CLIENT_NAME 6 DefconExpanded
SERVER_START Dedcon 1.6.0
CHARSET latin1
SCORE_BEGIN
SCORE_END
SERVER_QUIT
CLIENT_NAME 6 DefconExpanded
SERVER_START Dedcon 1.6.0
CHARSET latin1
SCORE_BEGIN
SCORE_END
SERVER_QUIT
CLIENT_NAME 6 DefconExpanded
SERVER_START Dedcon 1.6.0
CHARSET latin1
SCORE_BEGIN
SCORE_END
SERVER_QUIT
CLIENT_NAME 6 DefconExpanded
SERVER_START Dedcon 1.6.0
CHARSET latin1
SCORE_BEGIN
SCORE_END
SERVER_QUIT
CLIENT_NAME 6 DefconExpanded
SERVER_START Dedcon 1.6.0
CHARSET latin1
SCORE_BEGIN
SCORE_END
SERVER_QUIT
CLIENT_NAME 6 DefconExpanded
SERVER_START Dedcon 1.6.0
CHARSET latin1
SCORE_BEGIN
SCORE_END
SERVER_QUIT
CLIENT_NAME 6 DefconExpanded
SERVER_START Dedcon 1.6.0
CHARSET latin1
SCORE_BEGIN
SCORE_END
SERVER_QUIT
CLIENT_NAME 6 DefconExpanded
SERVER_START Dedcon 1.6.0
CHARSET latin1
SCORE_BEGIN
SCORE_END
SERVER_QUIT
CLIENT_NAME 6 DefconExpanded
SERVER_START Dedcon 1.6.0
CHARSET latin1
SCORE_BEGIN
SCORE_END
SERVER_QUIT
CLIENT_NAME 6 DefconExpanded
SERVER_START Dedcon 1.6.0
CHARSET latin1
CLIENT_NEW 7 13225456 178.167.87.177 1.62 STEAM
TEAM_ENTER 0 7
TEAM_ALLIANCE 0 0
CLIENT_NAME 7 HAN SOLO
CLIENT_QUIT 7 0
TEAM_LEAVE 0
CLIENT_NEW 8 13224613 79.53.64.77 1.62 STEAM
TEAM_ENTER 0 8
TEAM_ALLIANCE 0 0
CLIENT_NAME 8 NewPlayer
CLIENT_QUIT 8 0
TEAM_LEAVE 0
SCORE_BEGIN
SCORE_END
SERVER_QUIT
CLIENT_NAME 6 DefconExpanded
SERVER_START Dedcon 1.6.0
CHARSET latin1
SCORE_BEGIN
SCORE_END
SERVER_QUIT
CLIENT_NAME 6 DefconExpanded
SERVER_START Dedcon 1.6.0
CHARSET latin1
SCORE_BEGIN
SCORE_END
SERVER_QUIT
CLIENT_NAME 6 DefconExpanded
SERVER_START Dedcon 1.6.0
CHARSET latin1
CLIENT_NEW 7 13225475 80.26.181.206 1.62 STEAM
TEAM_ENTER 0 7
TEAM_ALLIANCE 0 0
CLIENT_NAME 7 Messiah
CLIENT_QUIT 7 0
TEAM_LEAVE 0
SCORE_BEGIN
SCORE_END
SERVER_QUIT
CLIENT_NAME 6 DefconExpanded
SERVER_START Dedcon 1.6.0
CHARSET latin1
SCORE_BEGIN
SCORE_END
SERVER_QUIT
CLIENT_NAME 6 DefconExpanded
SERVER_START Dedcon 1.6.0
CHARSET latin1
SCORE_BEGIN
SCORE_END
SERVER_QUIT
CLIENT_NAME 6 DefconExpanded
SERVER_START Dedcon 1.6.0
CHARSET latin1
SCORE_BEGIN
SCORE_END
SERVER_QUIT
CLIENT_NAME 6 DefconExpanded
SERVER_START Dedcon 1.6.0
CHARSET latin1
SCORE_BEGIN
SCORE_END
SERVER_QUIT
CLIENT_NAME 6 DefconExpanded
SERVER_START Dedcon 1.6.0
CHARSET latin1
SCORE_BEGIN
SCORE_END
SERVER_QUIT
CLIENT_NAME 6 DefconExpanded
SERVER_START Dedcon 1.6.0
CHARSET latin1
SCORE_BEGIN
SCORE_END
SERVER_QUIT
CLIENT_NAME 6 DefconExpanded
SERVER_START Dedcon 1.6.0
CHARSET latin1
SCORE_BEGIN
SCORE_END
SERVER_QUIT
CLIENT_NAME 6 DefconExpanded
SERVER_START Dedcon 1.6.0
CHARSET latin1
SCORE_BEGIN
SCORE_END
SERVER_QUIT
CLIENT_NAME 6 DefconExpanded
SERVER_START Dedcon 1.6.0
CHARSET latin1
SCORE_BEGIN
SCORE_END
SERVER_QUIT
CLIENT_NAME 6 DefconExpanded
SERVER_START Dedcon 1.6.0
CHARSET latin1
SCORE_BEGIN
SCORE_END
SERVER_QUIT
CLIENT_NAME 6 DefconExpanded
SERVER_START Dedcon 1.6.0
CHARSET latin1
SCORE_BEGIN
SCORE_END
SERVER_QUIT
CLIENT_NAME 6 DefconExpanded
SERVER_START Dedcon 1.6.0
CHARSET latin1
SCORE_BEGIN
SCORE_END
SERVER_QUIT
CLIENT_NAME 6 DefconExpanded
SERVER_START Dedcon 1.6.0
CHARSET latin1
SCORE_BEGIN
SCORE_END
SERVER_QUIT
CLIENT_NAME 6 DefconExpanded
SERVER_START Dedcon 1.6.0
CHARSET latin1
SCORE_BEGIN
SCORE_END
SERVER_QUIT
CLIENT_NAME 6 DefconExpanded
SERVER_START Dedcon 1.6.0
CHARSET latin1
SCORE_BEGIN
SCORE_END
SERVER_QUIT
CLIENT_NAME 6 DefconExpanded
SERVER_START Dedcon 1.6.0
CHARSET latin1
SCORE_BEGIN
SCORE_END
SERVER_QUIT
CLIENT_NAME 6 DefconExpanded
SERVER_START Dedcon 1.6.0
CHARSET latin1
SCORE_BEGIN
SCORE_END
SERVER_QUIT
CLIENT_NAME 6 DefconExpanded
SERVER_START Dedcon 1.6.0
CHARSET latin1
SCORE_BEGIN
SCORE_END
SERVER_QUIT
CLIENT_NAME 6 DefconExpanded
SERVER_START Dedcon 1.6.0
CHARSET latin1
SCORE_BEGIN
SCORE_END
SERVER_QUIT
CLIENT_NAME 6 DefconExpanded
SERVER_START Dedcon 1.6.0
CHARSET latin1
SCORE_BEGIN
SCORE_END
SERVER_QUIT
CLIENT_NAME 6 DefconExpanded
SERVER_START Dedcon 1.6.0
CHARSET latin1
SCORE_BEGIN
SCORE_END
SERVER_QUIT
CLIENT_NAME 6 DefconExpanded
SERVER_START Dedcon 1.6.0
CHARSET latin1
SCORE_BEGIN
SCORE_END
SERVER_QUIT
CLIENT_NAME 6 DefconExpanded
SERVER_START Dedcon 1.6.0
CHARSET latin1
SCORE_BEGIN
SCORE_END
SERVER_QUIT
CLIENT_NAME 6 DefconExpanded
SERVER_START Dedcon 1.6.0
CHARSET latin1
SCORE_BEGIN
SCORE_END
SERVER_QUIT
CLIENT_NAME 6 DefconExpanded
SERVER_START Dedcon 1.6.0
CHARSET latin1
SCORE_BEGIN
SCORE_END
SERVER_QUIT
CLIENT_NAME 6 DefconExpanded
SERVER_START Dedcon 1.6.0
CHARSET latin1
SCORE_BEGIN
SCORE_END
SERVER_QUIT
CLIENT_NAME 6 DefconExpanded
SERVER_START Dedcon 1.6.0
CHARSET latin1
SCORE_BEGIN
SCORE_END
SERVER_QUIT
CLIENT_NAME 6 DefconExpanded
SERVER_START Dedcon 1.6.0
CHARSET latin1
SCORE_BEGIN
SCORE_END
SERVER_QUIT
CLIENT_NAME 6 DefconExpanded
SERVER_START Dedcon 1.6.0
CHARSET latin1
SCORE_BEGIN
SCORE_END
SERVER_QUIT
CLIENT_NAME 6 DefconExpanded
SERVER_START Dedcon 1.6.0
CHARSET latin1
SCORE_BEGIN
SCORE_END
SERVER_QUIT
CLIENT_NAME 6 DefconExpanded
SERVER_START Dedcon 1.6.0
CHARSET latin1
SCORE_BEGIN
SCORE_END
SERVER_QUIT
CLIENT_NAME 6 DefconExpanded
SERVER_START Dedcon 1.6.0
CHARSET latin1
SCORE_BEGIN
SCORE_END
SERVER_QUIT
CLIENT_NAME 6 DefconExpanded
SERVER_START Dedcon 1.6.0
CHARSET latin1
SCORE_BEGIN
SCORE_END
SERVER_QUIT
CLIENT_NAME 6 DefconExpanded
SERVER_START Dedcon 1.6.0
CHARSET latin1
SCORE_BEGIN
SCORE_END
SERVER_QUIT
CLIENT_NAME 6 DefconExpanded
SERVER_START Dedcon 1.6.0
CHARSET latin1
SCORE_BEGIN
SCORE_END
SERVER_QUIT
CLIENT_NAME 6 DefconExpanded
SERVER_START Dedcon 1.6.0
CHARSET latin1
SCORE_BEGIN
SCORE_END
SERVER_QUIT
CLIENT_NAME 6 DefconExpanded
SERVER_START Dedcon 1.6.0
CHARSET latin1
SCORE_BEGIN
SCORE_END
SERVER_QUIT
CLIENT_NAME 6 DefconExpanded
SERVER_START Dedcon 1.6.0
CHARSET latin1
SCORE_BEGIN
SCORE_END
SERVER_QUIT
CLIENT_NAME 6 DefconExpanded
SERVER_START Dedcon 1.6.0
CHARSET latin1
SCORE_BEGIN
SCORE_END
SERVER_QUIT
CLIENT_NAME 6 DefconExpanded
SERVER_START Dedcon 1.6.0
CHARSET latin1
SCORE_BEGIN
SCORE_END
SERVER_QUIT
CLIENT_NAME 6 DefconExpanded
SERVER_START Dedcon 1.6.0
CHARSET latin1
SCORE_BEGIN
SCORE_END
SERVER_QUIT
CLIENT_NAME 6 DefconExpanded
SERVER_START Dedcon 1.6.0
CHARSET latin1
SCORE_BEGIN
SCORE_END
SERVER_QUIT
CLIENT_NAME 6 DefconExpanded
SERVER_START Dedcon 1.6.0
CHARSET latin1
SCORE_BEGIN
SCORE_END
SERVER_QUIT
CLIENT_NAME 6 DefconExpanded
SERVER_START Dedcon 1.6.0
CHARSET latin1
SCORE_BEGIN
SCORE_END
SERVER_QUIT
CLIENT_NAME 6 DefconExpanded
SERVER_START Dedcon 1.6.0
CHARSET latin1
SCORE_BEGIN
SCORE_END
SERVER_QUIT
CLIENT_NAME 6 DefconExpanded
SERVER_START Dedcon 1.6.0
CHARSET latin1
SCORE_BEGIN
SCORE_END
SERVER_QUIT
CLIENT_NAME 6 DefconExpanded
SERVER_START Dedcon 1.6.0
CHARSET latin1
SCORE_BEGIN
SCORE_END
SERVER_QUIT
CLIENT_NAME 6 DefconExpanded
SERVER_START Dedcon 1.6.0
CHARSET latin1
SCORE_BEGIN
SCORE_END
SERVER_QUIT
CLIENT_NAME 6 DefconExpanded
SERVER_START Dedcon 1.6.0
CHARSET latin1
SCORE_BEGIN
SCORE_END
SERVER_QUIT
CLIENT_NAME 6 DefconExpanded
SERVER_START Dedcon 1.6.0
CHARSET latin1
SCORE_BEGIN
SCORE_END
SERVER_QUIT
CLIENT_NAME 6 DefconExpanded
SERVER_START Dedcon 1.6.0
CHARSET latin1
SCORE_BEGIN
SCORE_END
SERVER_QUIT
CLIENT_NAME 6 DefconExpanded
SERVER_START Dedcon 1.6.0
CHARSET latin1
SCORE_BEGIN
SCORE_END
SERVER_QUIT
CLIENT_NAME 6 DefconExpanded
SERVER_START Dedcon 1.6.0
CHARSET latin1
SCORE_BEGIN
SCORE_END
SERVER_QUIT
CLIENT_NAME 6 DefconExpanded
SERVER_START Dedcon 1.6.0
CHARSET latin1
SCORE_BEGIN
SCORE_END
SERVER_QUIT
CLIENT_NAME 6 DefconExpanded
SERVER_START Dedcon 1.6.0
CHARSET latin1
SCORE_BEGIN
SCORE_END
SERVER_QUIT
CLIENT_NAME 6 DefconExpanded
SERVER_START Dedcon 1.6.0
CHARSET latin1
SCORE_BEGIN
SCORE_END
SERVER_QUIT
CLIENT_NAME 6 DefconExpanded
SERVER_START Dedcon 1.6.0
CHARSET latin1
SCORE_BEGIN
SCORE_END
SERVER_QUIT
CLIENT_NAME 6 DefconExpanded
SERVER_START Dedcon 1.6.0
CHARSET latin1
SCORE_BEGIN
SCORE_END
SERVER_QUIT
CLIENT_NAME 6 DefconExpanded
SERVER_START Dedcon 1.6.0
CHARSET latin1
SCORE_BEGIN
SCORE_END
SERVER_QUIT
CLIENT_NAME 6 DefconExpanded
SERVER_START Dedcon 1.6.0
CHARSET latin1
SCORE_BEGIN
SCORE_END
SERVER_QUIT
CLIENT_NAME 6 DefconExpanded
SERVER_START Dedcon 1.6.0
CHARSET latin1
SCORE_BEGIN
SCORE_END
SERVER_QUIT
CLIENT_NAME 6 DefconExpanded
SERVER_START Dedcon 1.6.0
CHARSET latin1
SCORE_BEGIN
SCORE_END
SERVER_QUIT
CLIENT_NAME 6 DefconExpanded
SERVER_START Dedcon 1.6.0
CHARSET latin1
SCORE_BEGIN
SCORE_END
SERVER_QUIT
CLIENT_NAME 6 DefconExpanded
SERVER_START Dedcon 1.6.0
CHARSET latin1
SCORE_BEGIN
SCORE_END
SERVER_QUIT
CLIENT_NAME 6 DefconExpanded
SERVER_START Dedcon 1.6.0
CHARSET latin1
SCORE_BEGIN
SCORE_END
SERVER_QUIT
CLIENT_NAME 6 DefconExpanded
SERVER_START Dedcon 1.6.0
CHARSET latin1
SCORE_BEGIN
SCORE_END
SERVER_QUIT
CLIENT_NAME 6 DefconExpanded
SERVER_START Dedcon 1.6.0
CHARSET latin1
SCORE_BEGIN
SCORE_END
SERVER_QUIT
CLIENT_NAME 6 DefconExpanded
SERVER_START Dedcon 1.6.0
CHARSET latin1
SCORE_BEGIN
SCORE_END
SERVER_QUIT
CLIENT_NAME 6 DefconExpanded
SERVER_START Dedcon 1.6.0
CHARSET latin1
SCORE_BEGIN
SCORE_END
SERVER_QUIT
CLIENT_NAME 6 DefconExpanded
SERVER_START Dedcon 1.6.0
CHARSET latin1
SCORE_BEGIN
SCORE_END
SERVER_QUIT
CLIENT_NAME 6 DefconExpanded
SERVER_START Dedcon 1.6.0
CHARSET latin1
SCORE_BEGIN
SCORE_END
SERVER_QUIT
CLIENT_NAME 6 DefconExpanded
SERVER_START Dedcon 1.6.0
CHARSET latin1
SCORE_BEGIN
SCORE_END
SERVER_QUIT
CLIENT_NAME 6 DefconExpanded
SERVER_START Dedcon 1.6.0
CHARSET latin1
SCORE_BEGIN
SCORE_END
SERVER_QUIT
CLIENT_NAME 6 DefconExpanded
SERVER_START Dedcon 1.6.0
CHARSET latin1
SCORE_BEGIN
SCORE_END
SERVER_QUIT
CLIENT_NAME 6 DefconExpanded
SERVER_START Dedcon 1.6.0
CHARSET latin1
SCORE_BEGIN
SCORE_END
SERVER_QUIT
CLIENT_NAME 6 DefconExpanded
SERVER_START Dedcon 1.6.0
CHARSET latin1
SCORE_BEGIN
SCORE_END
SERVER_QUIT
CLIENT_NAME 6 DefconExpanded
SERVER_START Dedcon 1.6.0
CHARSET latin1
SCORE_BEGIN
SCORE_END
SERVER_QUIT
CLIENT_NAME 6 DefconExpanded
SERVER_START Dedcon 1.6.0
CHARSET latin1
SCORE_BEGIN
SCORE_END
SERVER_QUIT
CLIENT_NAME 6 DefconExpanded
SERVER_START Dedcon 1.6.0
CHARSET latin1
SCORE_BEGIN
SCORE_END
SERVER_QUIT
CLIENT_NAME 6 DefconExpanded
SERVER_START Dedcon 1.6.0
CHARSET latin1
SCORE_BEGIN
SCORE_END
SERVER_QUIT
CLIENT_NAME 6 DefconExpanded
SERVER_START Dedcon 1.6.0
CHARSET latin1
SCORE_BEGIN
SCORE_END
SERVER_QUIT
CLIENT_NAME 6 DefconExpanded
SERVER_START Dedcon 1.6.0
CHARSET latin1
SCORE_BEGIN
SCORE_END
SERVER_QUIT
CLIENT_NAME 6 DefconExpanded
SERVER_START Dedcon 1.6.0
CHARSET latin1
SCORE_BEGIN
SCORE_END
SERVER_QUIT
CLIENT_NAME 6 DefconExpanded
SERVER_START Dedcon 1.6.0
CHARSET latin1
SCORE_BEGIN
SCORE_END
SERVER_QUIT
CLIENT_NAME 6 DefconExpanded
SERVER_START Dedcon 1.6.0
CHARSET latin1
SCORE_BEGIN
SCORE_END
SERVER_QUIT
CLIENT_NAME 6 DefconExpanded
SERVER_START Dedcon 1.6.0
CHARSET latin1
SCORE_BEGIN
SCORE_END
SERVER_QUIT
CLIENT_NAME 6 DefconExpanded
SERVER_START Dedcon 1.6.0
CHARSET latin1
SCORE_BEGIN
SCORE_END
SERVER_QUIT
CLIENT_NAME 6 DefconExpanded
SERVER_START Dedcon 1.6.0
CHARSET latin1
SCORE_BEGIN
SCORE_END
SERVER_QUIT
CLIENT_NAME 6 DefconExpanded
SERVER_START Dedcon 1.6.0
CHARSET latin1
SCORE_BEGIN
SCORE_END
SERVER_QUIT
CLIENT_NAME 6 DefconExpanded
SERVER_START Dedcon 1.6.0
CHARSET latin1
SCORE_BEGIN
SCORE_END
SERVER_QUIT
CLIENT_NAME 6 DefconExpanded
SERVER_START Dedcon 1.6.0
CHARSET latin1
SCORE_BEGIN
SCORE_END
SERVER_QUIT
CLIENT_NAME 6 DefconExpanded
SERVER_START Dedcon 1.6.0
CHARSET latin1
SCORE_BEGIN
SCORE_END
SERVER_QUIT
CLIENT_NAME 6 DefconExpanded
SERVER_START Dedcon 1.6.0
CHARSET latin1
SCORE_BEGIN
SCORE_END
SERVER_QUIT
CLIENT_NAME 6 DefconExpanded
SERVER_START Dedcon 1.6.0
CHARSET latin1
SCORE_BEGIN
SCORE_END
SERVER_QUIT
CLIENT_NAME 6 DefconExpanded
SERVER_START Dedcon 1.6.0
CHARSET latin1
SCORE_BEGIN
SCORE_END
SERVER_QUIT
CLIENT_NAME 6 DefconExpanded
SERVER_START Dedcon 1.6.0
CHARSET latin1
SCORE_BEGIN
SCORE_END
SERVER_QUIT
CLIENT_NAME 6 DefconExpanded
SERVER_START Dedcon 1.6.0
CHARSET latin1
SCORE_BEGIN
SCORE_END
SERVER_QUIT
CLIENT_NAME 6 DefconExpanded
SERVER_START Dedcon 1.6.0
CHARSET latin1
SCORE_BEGIN
SCORE_END
SERVER_QUIT
CLIENT_NAME 6 DefconExpanded
SERVER_START Dedcon 1.6.0
CHARSET latin1
SCORE_BEGIN
SCORE_END
SERVER_QUIT
CLIENT_NAME 6 DefconExpanded
SERVER_START Dedcon 1.6.0
CHARSET latin1
SCORE_BEGIN
SCORE_END
SERVER_QUIT
CLIENT_NAME 6 DefconExpanded
SERVER_START Dedcon 1.6.0
CHARSET latin1
SCORE_BEGIN
SCORE_END
SERVER_QUIT
CLIENT_NAME 6 DefconExpanded
SERVER_START Dedcon 1.6.0
CHARSET latin1
SCORE_BEGIN
SCORE_END
SERVER_QUIT
CLIENT_NAME 6 DefconExpanded
SERVER_START Dedcon 1.6.0
CHARSET latin1
SCORE_BEGIN
SCORE_END
SERVER_QUIT
CLIENT_NAME 6 DefconExpanded
SERVER_START Dedcon 1.6.0
CHARSET latin1
SCORE_BEGIN
SCORE_END
SERVER_QUIT
CLIENT_NAME 6 DefconExpanded
SERVER_START Dedcon 1.6.0
CHARSET latin1
SCORE_BEGIN
SCORE_END
SERVER_QUIT
CLIENT_NAME 6 DefconExpanded
SERVER_START Dedcon 1.6.0
CHARSET latin1
SCORE_BEGIN
SCORE_END
SERVER_QUIT
CLIENT_NAME 6 DefconExpanded
SERVER_START Dedcon 1.6.0
CHARSET latin1
SCORE_BEGIN
SCORE_END
SERVER_QUIT
CLIENT_NAME 6 DefconExpanded
SERVER_START Dedcon 1.6.0
CHARSET latin1
SCORE_BEGIN
SCORE_END
SERVER_QUIT
CLIENT_NAME 6 DefconExpanded
SERVER_START Dedcon 1.6.0
CHARSET latin1
SCORE_BEGIN
SCORE_END
SERVER_QUIT
CLIENT_NAME 6 DefconExpanded
SERVER_START Dedcon 1.6.0
CHARSET latin1
SCORE_BEGIN
SCORE_END
SERVER_QUIT
CLIENT_NAME 6 DefconExpanded
SERVER_START Dedcon 1.6.0
CHARSET latin1
SCORE_BEGIN
SCORE_END
SERVER_QUIT
CLIENT_NAME 6 DefconExpanded
SERVER_START Dedcon 1.6.0
CHARSET latin1
SCORE_BEGIN
SCORE_END
SERVER_QUIT
CLIENT_NAME 6 DefconExpanded
SERVER_START Dedcon 1.6.0
CHARSET latin1
SCORE_BEGIN
SCORE_END
SERVER_QUIT
CLIENT_NAME 6 DefconExpanded
SERVER_START Dedcon 1.6.0
CHARSET latin1
SCORE_BEGIN
SCORE_END
SERVER_QUIT
CLIENT_NAME 6 DefconExpanded
SERVER_START Dedcon 1.6.0
CHARSET latin1
SCORE_BEGIN
SCORE_END
SERVER_QUIT
CLIENT_NAME 6 DefconExpanded
SERVER_START Dedcon 1.6.0
CHARSET latin1
SCORE_BEGIN
SCORE_END
SERVER_QUIT
CLIENT_NAME 6 DefconExpanded
SERVER_START Dedcon 1.6.0
CHARSET latin1
CLIENT_NEW 7 2968018 92.31.141.160 1.63 MAC
TEAM_ENTER 0 7
TEAM_ALLIANCE 0 0
CLIENT_NAME 7 Fight in WarRoom
CLIENT_QUIT 7 0
TEAM_LEAVE 0
CLIENT_NEW 8 2968018 92.31.141.160 1.63 MAC
TEAM_ENTER 0 8
TEAM_ALLIANCE 0 0
CLIENT_NEW 9 13225878 78.94.11.13 1.62 STEAM
TEAM_ENTER 1 9
TEAM_ALLIANCE 1 1
CLIENT_NAME 9 NewPlayer
TEAM_READY 1 1
TEAM_READY 0 1
TEAM_TERRITORY 0 2
TEAM_TERRITORY 1 1
RANKED 1
SETTING MaxIdleRunTime 1800
SETTING MinRunTime 900
SETTING CaseSensitive 0
SETTING TotalBandwidth 75000
SETTING PlayerBandwidth 10000
SETTING ServerLANIP 116.203.228.110
SETTING ServerPort 5016
SETTING MaxSpectators 15
SETTING SpectatorChatChannel 1
SETTING TeamSwitching 0
SETTING WorldScale 100
SETTING VariableUnitCounts 0
SETTING MaxGameRealTime 0
SETTING VictoryTimer 45
SETTING VictoryTrigger 20
SETTING ScoreMode 0
SETTING SlowestSpeed 1
SETTING GameSpeed 0
SETTING RadarSharing 1
SETTING PermitDefection 0
SETTING RandomTerritories 1
SETTING CityPopulations 3
SETTING PopulationPerTerritory 150
SETTING CitiesPerTerritory 30
SETTING TerritoriesPerTeam 1
SETTING MaxTeams 2
SETTING GameMode 0
SETTING AdvertiseOnLAN 1
SETTING AdvertiseOnInternet 1
SETTING ServerName DefconExpanded | 1v1 | EU vs SA | Totally Random
SETTING KickVoteMin 2
SETTING DropCourtesy -1
SETTING SlowBudgetMax 1200
SETTING SlowBudgetStart 1200
SETTING Territory2 1
SETTING Territory1 2
SETTING AllianceSize 1
SETTING ReadyVoteDelay 90
SETTING IdleTimeGlobal 600
SETTING AdvertisePlayers 2
GAME_START
SETTING SpectatorChatChannel 0
TEAM_SPEED 0 1
SETTING RadarSharing 1
SETTING GameSpeed 0
SETTING VariableUnitCounts 0
SETTING WorldScale 100
SETTING TeamSwitching 0
TEAM_SPEED 0 1
TEAM_SPEED 0 1
TEAM_SPEED 0 5
TEAM_SPEED 0 1
TEAM_SPEED 1 20
CLIENT_NEW 10 12726403 88.130.218.140 1.42 linux
CLIENT_QUIT 10 0
TEAM_SPEED 1 20
TEAM_SPEED 1 20
TEAM_SPEED 1 20
TEAM_SPEED 1 20
TEAM_SPEED 1 20
TEAM_SPEED 1 20
TEAM_SPEED 1 10
TEAM_SPEED 1 5
TEAM_SPEED 1 1
TEAM_SPEED 1 20
TEAM_SPEED 1 20
TEAM_SPEED 1 20
TEAM_SPEED 1 20
TEAM_SPEED 0 5
TEAM_SPEED 0 1
CLIENT_NEW 11 13225721 78.96.143.126 1.62 STEAM
CLIENT_NAME 11 Mojo
TEAM_SPEED 0 5
TEAM_SPEED 0 1
TEAM_SPEED 1 20
TEAM_SPEED 0 5
TEAM_SPEED 0 1
CLIENT_QUIT 11 0
CLIENT_NEW 12 13225614 90.247.134.248 1.62 STEAM
TEAM_SPEED 1 20
CLIENT_NAME 12 LadenBinKezza
TEAM_SPEED 0 5
CLIENT_QUIT 12 0
TEAM_SPEED 0 1
TEAM_SPEED 1 20
TEAM_SPEED 1 20
TEAM_SPEED 1 20
TEAM_SPEED 0 5
TEAM_SPEED 0 1
TEAM_SPEED 1 20
TEAM_SPEED 1 20
TEAM_SPEED 1 20
TEAM_SPEED 1 20
TEAM_SPEED 1 20
TEAM_SPEED 1 20
TEAM_SPEED 0 5
TEAM_SPEED 0 1
TEAM_SPEED 0 5
TEAM_SPEED 1 20
TEAM_SPEED 1 10
TEAM_SPEED 1 20
TEAM_SPEED 1 20
TEAM_SPEED 0 1
TEAM_SPEED 1 20
TEAM_SPEED 1 20
TEAM_SPEED 1 20
TEAM_SPEED 1 20
TEAM_SPEED 1 20
TEAM_SPEED 1 20
TEAM_SPEED 1 20
TEAM_SPEED 1 20
TEAM_SPEED 1 20
TEAM_SPEED 1 20
TEAM_SPEED 1 20
TEAM_SPEED 1 20
TEAM_SPEED 1 20
TEAM_SPEED 1 20
TEAM_SPEED 1 20
TEAM_SPEED 1 20
TEAM_SPEED 0 5
CLIENT_QUIT 9 0
TEAM_ABANDON 1
TEAM_SPEED 0 1
CLIENT_QUIT 8 0
TEAM_ABANDON 0
SCORE_BEGIN
SCORE_TEAM 0 0 8 Fight in WarRoom
SCORE_TEAM 1 0 9 NewPlayer
SCORE_END
SERVER_QUIT
GAME_END
CLIENT_NAME 6 DefconExpanded
SERVER_START Dedcon 1.6.0
CHARSET latin1
SCORE_BEGIN
SCORE_END
SERVER_QUIT
CLIENT_NAME 6 DefconExpanded
SERVER_START Dedcon 1.6.0
CHARSET latin1
SCORE_BEGIN
SCORE_END
SERVER_QUIT
CLIENT_NAME 6 DefconExpanded
SERVER_START Dedcon 1.6.0
CHARSET latin1
SCORE_BEGIN
SCORE_END
SERVER_QUIT
CLIENT_NAME 6 DefconExpanded
SERVER_START Dedcon 1.6.0
CHARSET latin1
SCORE_BEGIN
SCORE_END
SERVER_QUIT
CLIENT_NAME 6 DefconExpanded
SERVER_START Dedcon 1.6.0
CHARSET latin1
SCORE_BEGIN
SCORE_END
SERVER_QUIT
CLIENT_NAME 6 DefconExpanded
SERVER_START Dedcon 1.6.0
CHARSET latin1
SCORE_BEGIN
SCORE_END
SERVER_QUIT
CLIENT_NAME 6 DefconExpanded
SERVER_START Dedcon 1.6.0
CHARSET latin1
SCORE_BEGIN
SCORE_END
SERVER_QUIT
CLIENT_NAME 6 DefconExpanded
SERVER_START Dedcon 1.6.0
CHARSET latin1
SCORE_BEGIN
SCORE_END
SERVER_QUIT
CLIENT_NAME 6 DefconExpanded
SERVER_START Dedcon 1.6.0
CHARSET latin1
SCORE_BEGIN
SCORE_END
SERVER_QUIT
CLIENT_NAME 6 DefconExpanded
SERVER_START Dedcon 1.6.0
CHARSET latin1
SCORE_BEGIN
SCORE_END
SERVER_QUIT
CLIENT_NAME 6 DefconExpanded
SERVER_START Dedcon 1.6.0
CHARSET latin1
SCORE_BEGIN
SCORE_END
SERVER_QUIT
CLIENT_NAME 6 DefconExpanded
SERVER_START Dedcon 1.6.0
CHARSET latin1
SCORE_BEGIN
SCORE_END
SERVER_QUIT
CLIENT_NAME 6 DefconExpanded
SERVER_START Dedcon 1.6.0
CHARSET latin1
SCORE_BEGIN
SCORE_END
SERVER_QUIT
CLIENT_NAME 6 DefconExpanded
SERVER_START Dedcon 1.6.0
CHARSET latin1
SCORE_BEGIN
SCORE_END
SERVER_QUIT
CLIENT_NAME 6 DefconExpanded
SERVER_START Dedcon 1.6.0
CHARSET latin1
SCORE_BEGIN
SCORE_END
SERVER_QUIT
CLIENT_NAME 6 DefconExpanded
SERVER_START Dedcon 1.6.0
CHARSET latin1
SCORE_BEGIN
SCORE_END
SERVER_QUIT
CLIENT_NAME 6 DefconExpanded
SERVER_START Dedcon 1.6.0
CHARSET latin1
SCORE_BEGIN
SCORE_END
SERVER_QUIT
CLIENT_NAME 6 DefconExpanded
SERVER_START Dedcon 1.6.0
CHARSET latin1
SCORE_BEGIN
SCORE_END
SERVER_QUIT
CLIENT_NAME 6 DefconExpanded
SERVER_START Dedcon 1.6.0
CHARSET latin1
SCORE_BEGIN
SCORE_END
SERVER_QUIT
CLIENT_NAME 6 DefconExpanded
SERVER_START Dedcon 1.6.0
CHARSET latin1
SCORE_BEGIN
SCORE_END
SERVER_QUIT
CLIENT_NAME 6 DefconExpanded
SERVER_START Dedcon 1.6.0
CHARSET latin1
SCORE_BEGIN
SCORE_END
SERVER_QUIT
CLIENT_NAME 6 DefconExpanded
SERVER_START Dedcon 1.6.0
CHARSET latin1
SCORE_BEGIN
SCORE_END
SERVER_QUIT
CLIENT_NAME 6 DefconExpanded
SERVER_START Dedcon 1.6.0
CHARSET latin1
SCORE_BEGIN
SCORE_END
SERVER_QUIT
CLIENT_NAME 6 DefconExpanded
SERVER_START Dedcon 1.6.0
CHARSET latin1
SCORE_BEGIN
SCORE_END
SERVER_QUIT
CLIENT_NAME 6 DefconExpanded
SERVER_START Dedcon 1.6.0
CHARSET latin1
SCORE_BEGIN
SCORE_END
SERVER_QUIT
CLIENT_NAME 6 DefconExpanded
SERVER_START Dedcon 1.6.0
CHARSET latin1
SCORE_BEGIN
SCORE_END
SERVER_QUIT
CLIENT_NAME 6 DefconExpanded
SERVER_START Dedcon 1.6.0
CHARSET latin1
SCORE_BEGIN
SCORE_END
SERVER_QUIT
CLIENT_NAME 6 DefconExpanded
SERVER_START Dedcon 1.6.0
CHARSET latin1
SCORE_BEGIN
SCORE_END
SERVER_QUIT
CLIENT_NAME 6 DefconExpanded
SERVER_START Dedcon 1.6.0
CHARSET latin1
SCORE_BEGIN
SCORE_END
SERVER_QUIT
CLIENT_NAME 6 DefconExpanded
SERVER_START Dedcon 1.6.0
CHARSET latin1
SCORE_BEGIN
SCORE_END
SERVER_QUIT
CLIENT_NAME 6 DefconExpanded
SERVER_START Dedcon 1.6.0
CHARSET latin1
SCORE_BEGIN
SCORE_END
SERVER_QUIT
CLIENT_NAME 6 DefconExpanded
SERVER_START Dedcon 1.6.0
CHARSET latin1
SCORE_BEGIN
SCORE_END
SERVER_QUIT
CLIENT_NAME 6 DefconExpanded
SERVER_START Dedcon 1.6.0
CHARSET latin1
SCORE_BEGIN
SCORE_END
SERVER_QUIT
CLIENT_NAME 6 DefconExpanded
SERVER_START Dedcon 1.6.0
CHARSET latin1
SCORE_BEGIN
SCORE_END
SERVER_QUIT
CLIENT_NAME 6 DefconExpanded
SERVER_START Dedcon 1.6.0
CHARSET latin1
SCORE_BEGIN
SCORE_END
SERVER_QUIT
CLIENT_NAME 6 DefconExpanded
SERVER_START Dedcon 1.6.0
CHARSET latin1
SCORE_BEGIN
SCORE_END
SERVER_QUIT
CLIENT_NAME 6 DefconExpanded
SERVER_START Dedcon 1.6.0
CHARSET latin1
SCORE_BEGIN
SCORE_END
SERVER_QUIT
CLIENT_NAME 6 DefconExpanded
SERVER_START Dedcon 1.6.0
CHARSET latin1
SCORE_BEGIN
SCORE_END
SERVER_QUIT
CLIENT_NAME 6 DefconExpanded
SERVER_START Dedcon 1.6.0
CHARSET latin1
SCORE_BEGIN
SCORE_END
SERVER_QUIT
CLIENT_NAME 6 DefconExpanded
SERVER_START Dedcon 1.6.0
CHARSET latin1
SCORE_BEGIN
SCORE_END
SERVER_QUIT
CLIENT_NAME 6 DefconExpanded
SERVER_START Dedcon 1.6.0
CHARSET latin1
SCORE_BEGIN
SCORE_END
SERVER_QUIT
CLIENT_NAME 6 DefconExpanded
SERVER_START Dedcon 1.6.0
CHARSET latin1
SCORE_BEGIN
SCORE_END
SERVER_QUIT
CLIENT_NAME 6 DefconExpanded
SERVER_START Dedcon 1.6.0
CHARSET latin1
SCORE_BEGIN
SCORE_END
SERVER_QUIT
CLIENT_NAME 6 DefconExpanded
SERVER_START Dedcon 1.6.0
CHARSET latin1
SCORE_BEGIN
SCORE_END
SERVER_QUIT
CLIENT_NAME 6 DefconExpanded
SERVER_START Dedcon 1.6.0
CHARSET latin1
SCORE_BEGIN
SCORE_END
SERVER_QUIT
CLIENT_NAME 6 DefconExpanded
SERVER_START Dedcon 1.6.0
CHARSET latin1
SCORE_BEGIN
SCORE_END
SERVER_QUIT
CLIENT_NAME 6 DefconExpanded
SERVER_START Dedcon 1.6.0
CHARSET latin1
SCORE_BEGIN
SCORE_END
SERVER_QUIT
CLIENT_NAME 6 DefconExpanded
SERVER_START Dedcon 1.6.0
CHARSET latin1
SCORE_BEGIN
SCORE_END
SERVER_QUIT
CLIENT_NAME 6 DefconExpanded
SERVER_START Dedcon 1.6.0
CHARSET latin1
SCORE_BEGIN
SCORE_END
SERVER_QUIT
CLIENT_NAME 6 DefconExpanded
SERVER_START Dedcon 1.6.0
CHARSET latin1
SCORE_BEGIN
SCORE_END
SERVER_QUIT
CLIENT_NAME 6 DefconExpanded
SERVER_START Dedcon 1.6.0
CHARSET latin1
SCORE_BEGIN
SCORE_END
SERVER_QUIT
CLIENT_NAME 6 DefconExpanded
SERVER_START Dedcon 1.6.0
CHARSET latin1
SCORE_BEGIN
SCORE_END
SERVER_QUIT
CLIENT_NAME 6 DefconExpanded
SERVER_START Dedcon 1.6.0
CHARSET latin1
SCORE_BEGIN
SCORE_END
SERVER_QUIT
CLIENT_NAME 6 DefconExpanded
SERVER_START Dedcon 1.6.0
CHARSET latin1
SCORE_BEGIN
SCORE_END
SERVER_QUIT
CLIENT_NAME 6 DefconExpanded
SERVER_START Dedcon 1.6.0
CHARSET latin1
SCORE_BEGIN
SCORE_END
SERVER_QUIT
CLIENT_NAME 6 DefconExpanded
SERVER_START Dedcon 1.6.0
CHARSET latin1
SCORE_BEGIN
SCORE_END
SERVER_QUIT
CLIENT_NAME 6 DefconExpanded
SERVER_START Dedcon 1.6.0
CHARSET latin1
SCORE_BEGIN
SCORE_END
SERVER_QUIT
CLIENT_NAME 6 DefconExpanded
SERVER_START Dedcon 1.6.0
CHARSET latin1
SCORE_BEGIN
SCORE_END
SERVER_QUIT
CLIENT_NAME 6 DefconExpanded
SERVER_START Dedcon 1.6.0
CHARSET latin1
SCORE_BEGIN
SCORE_END
SERVER_QUIT
CLIENT_NAME 6 DefconExpanded
SERVER_START Dedcon 1.6.0
CHARSET latin1
SCORE_BEGIN
SCORE_END
SERVER_QUIT
CLIENT_NAME 6 DefconExpanded
SERVER_START Dedcon 1.6.0
CHARSET latin1
SCORE_BEGIN
SCORE_END
SERVER_QUIT
CLIENT_NAME 6 DefconExpanded
SERVER_START Dedcon 1.6.0
CHARSET latin1
SCORE_BEGIN
SCORE_END
SERVER_QUIT
CLIENT_NAME 6 DefconExpanded
SERVER_START Dedcon 1.6.0
CHARSET latin1
SCORE_BEGIN
SCORE_END
SERVER_QUIT
CLIENT_NAME 6 DefconExpanded
SERVER_START Dedcon 1.6.0
CHARSET latin1
SCORE_BEGIN
SCORE_END
SERVER_QUIT
CLIENT_NAME 6 DefconExpanded
SERVER_START Dedcon 1.6.0
CHARSET latin1
SCORE_BEGIN
SCORE_END
SERVER_QUIT
CLIENT_NAME 6 DefconExpanded
SERVER_START Dedcon 1.6.0
CHARSET latin1
SCORE_BEGIN
SCORE_END
SERVER_QUIT
CLIENT_NAME 6 DefconExpanded
SERVER_START Dedcon 1.6.0
CHARSET latin1
SCORE_BEGIN
SCORE_END
SERVER_QUIT
CLIENT_NAME 6 DefconExpanded
SERVER_START Dedcon 1.6.0
CHARSET latin1
SCORE_BEGIN
SCORE_END
SERVER_QUIT
CLIENT_NAME 6 DefconExpanded
SERVER_START Dedcon 1.6.0
CHARSET latin1
SCORE_BEGIN
SCORE_END
SERVER_QUIT
CLIENT_NAME 6 DefconExpanded
SERVER_START Dedcon 1.6.0
CHARSET latin1
SCORE_BEGIN
SCORE_END
SERVER_QUIT
CLIENT_NAME 6 DefconExpanded
SERVER_START Dedcon 1.6.0
CHARSET latin1
SCORE_BEGIN
SCORE_END
SERVER_QUIT
CLIENT_NAME 6 DefconExpanded
SERVER_START Dedcon 1.6.0
CHARSET latin1
SCORE_BEGIN
SCORE_END
SERVER_QUIT
CLIENT_NAME 6 DefconExpanded
SERVER_START Dedcon 1.6.0
CHARSET latin1
SCORE_BEGIN
SCORE_END
SERVER_QUIT
CLIENT_NAME 6 DefconExpanded
SERVER_START Dedcon 1.6.0
CHARSET latin1
SCORE_BEGIN
SCORE_END
SERVER_QUIT
CLIENT_NAME 6 DefconExpanded
SERVER_START Dedcon 1.6.0
CHARSET latin1
SCORE_BEGIN
SCORE_END
SERVER_QUIT
CLIENT_NAME 6 DefconExpanded
SERVER_START Dedcon 1.6.0
CHARSET latin1
SCORE_BEGIN
SCORE_END
SERVER_QUIT
CLIENT_NAME 6 DefconExpanded
SERVER_START Dedcon 1.6.0
CHARSET latin1
SCORE_BEGIN
SCORE_END
SERVER_QUIT
CLIENT_NAME 6 DefconExpanded
SERVER_START Dedcon 1.6.0
CHARSET latin1
SCORE_BEGIN
SCORE_END
SERVER_QUIT
CLIENT_NAME 6 DefconExpanded
SERVER_START Dedcon 1.6.0
CHARSET latin1
SCORE_BEGIN
SCORE_END
SERVER_QUIT
CLIENT_NAME 6 DefconExpanded
SERVER_START Dedcon 1.6.0
CHARSET latin1
SCORE_BEGIN
SCORE_END
SERVER_QUIT
CLIENT_NAME 6 DefconExpanded
SERVER_START Dedcon 1.6.0
CHARSET latin1
SCORE_BEGIN
SCORE_END
SERVER_QUIT
CLIENT_NAME 6 DefconExpanded
SERVER_START Dedcon 1.6.0
CHARSET latin1
SCORE_BEGIN
SCORE_END
SERVER_QUIT
CLIENT_NAME 6 DefconExpanded
SERVER_START Dedcon 1.6.0
CHARSET latin1
SCORE_BEGIN
SCORE_END
SERVER_QUIT
CLIENT_NAME 6 DefconExpanded
SERVER_START Dedcon 1.6.0
CHARSET latin1
SCORE_BEGIN
SCORE_END
SERVER_QUIT
CLIENT_NAME 6 DefconExpanded
SERVER_START Dedcon 1.6.0
CHARSET latin1
SCORE_BEGIN
SCORE_END
SERVER_QUIT
CLIENT_NAME 6 DefconExpanded
SERVER_START Dedcon 1.6.0
CHARSET latin1
SCORE_BEGIN
SCORE_END
SERVER_QUIT
CLIENT_NAME 6 DefconExpanded
SERVER_START Dedcon 1.6.0
CHARSET latin1
SCORE_BEGIN
SCORE_END
SERVER_QUIT
CLIENT_NAME 6 DefconExpanded
SERVER_START Dedcon 1.6.0
CHARSET latin1
SCORE_BEGIN
SCORE_END
SERVER_QUIT
CLIENT_NAME 6 DefconExpanded
SERVER_START Dedcon 1.6.0
CHARSET latin1
SCORE_BEGIN
SCORE_END
SERVER_QUIT
CLIENT_NAME 6 DefconExpanded
SERVER_START Dedcon 1.6.0
CHARSET latin1
SCORE_BEGIN
SCORE_END
SERVER_QUIT
CLIENT_NAME 6 DefconExpanded
SERVER_START Dedcon 1.6.0
CHARSET latin1
SCORE_BEGIN
SCORE_END
SERVER_QUIT
CLIENT_NAME 6 DefconExpanded
SERVER_START Dedcon 1.6.0
CHARSET latin1
SCORE_BEGIN
SCORE_END
SERVER_QUIT
CLIENT_NAME 6 DefconExpanded
SERVER_START Dedcon 1.6.0
CHARSET latin1
SCORE_BEGIN
SCORE_END
SERVER_QUIT
CLIENT_NAME 6 DefconExpanded
SERVER_START Dedcon 1.6.0
CHARSET latin1
SCORE_BEGIN
SCORE_END
SERVER_QUIT
CLIENT_NAME 6 DefconExpanded
SERVER_START Dedcon 1.6.0
CHARSET latin1
SCORE_BEGIN
SCORE_END
SERVER_QUIT
CLIENT_NAME 6 DefconExpanded
SERVER_START Dedcon 1.6.0
CHARSET latin1
SCORE_BEGIN
SCORE_END
SERVER_QUIT
CLIENT_NAME 6 DefconExpanded
SERVER_START Dedcon 1.6.0
CHARSET latin1
SCORE_BEGIN
SCORE_END
SERVER_QUIT
CLIENT_NAME 6 DefconExpanded
SERVER_START Dedcon 1.6.0
CHARSET latin1
SCORE_BEGIN
SCORE_END
SERVER_QUIT
CLIENT_NAME 6 DefconExpanded
SERVER_START Dedcon 1.6.0
CHARSET latin1
SCORE_BEGIN
SCORE_END
SERVER_QUIT
CLIENT_NAME 6 DefconExpanded
SERVER_START Dedcon 1.6.0
CHARSET latin1
SCORE_BEGIN
SCORE_END
SERVER_QUIT
CLIENT_NAME 6 DefconExpanded
SERVER_START Dedcon 1.6.0
CHARSET latin1
SCORE_BEGIN
SCORE_END
SERVER_QUIT
CLIENT_NAME 6 DefconExpanded
SERVER_START Dedcon 1.6.0
CHARSET latin1
CLIENT_NAME 6 DefconExpanded
SERVER_START Dedcon 1.6.0
CHARSET latin1
CLIENT_NAME 6 DefconExpanded
SERVER_START Dedcon 1.62 2024-10-19
CHARSET latin1
CLIENT_NAME 6 DefconExpanded
SERVER_START Dedcon 1.62 2024-10-19
CHARSET latin1
SCORE_BEGIN
SCORE_END
SERVER_QUIT
CLIENT_NAME 6 DefconExpanded
SERVER_START Dedcon 1.62 2024-10-19
CHARSET latin1
SCORE_BEGIN
SCORE_END
SERVER_QUIT
CLIENT_NAME 6 DefconExpanded
SERVER_START Dedcon 1.62 2024-10-19
CHARSET latin1
SCORE_BEGIN
SCORE_END
SERVER_QUIT
CLIENT_NAME 6 DefconExpanded
SERVER_START Dedcon 1.62 2024-10-19
CHARSET latin1
SCORE_BEGIN
SCORE_END
SERVER_QUIT
CLIENT_NAME 6 DefconExpanded
SERVER_START Dedcon 1.62 2024-10-19
CHARSET latin1
SCORE_BEGIN
SCORE_END
SERVER_QUIT
CLIENT_NAME 6 DefconExpanded
SERVER_START Dedcon 1.62 2024-10-19
CHARSET latin1
SCORE_BEGIN
SCORE_END
SERVER_QUIT
CLIENT_NAME 6 DefconExpanded
SERVER_START Dedcon 1.62 2024-10-19
CHARSET latin1
SCORE_BEGIN
SCORE_END
SERVER_QUIT
CLIENT_NAME 6 DefconExpanded
SERVER_START Dedcon 1.62 2024-10-19
CHARSET latin1
SCORE_BEGIN
SCORE_END
SERVER_QUIT
CLIENT_NAME 6 DefconExpanded
SERVER_START Dedcon 1.62 2024-10-19
CHARSET latin1
SCORE_BEGIN
SCORE_END
SERVER_QUIT
CLIENT_NAME 6 DefconExpanded
SERVER_START Dedcon 1.62 2024-10-19
CHARSET latin1
SCORE_BEGIN
SCORE_END
SERVER_QUIT
CLIENT_NAME 6 DefconExpanded
SERVER_START Dedcon 1.62 2024-10-19
CHARSET latin1
SCORE_BEGIN
SCORE_END
SERVER_QUIT
CLIENT_NAME 6 DefconExpanded
SERVER_START Dedcon 1.62 2024-10-19
CHARSET latin1
SCORE_BEGIN
SCORE_END
SERVER_QUIT
CLIENT_NAME 6 DefconExpanded
SERVER_START Dedcon 1.62 2024-10-19
CHARSET latin1
SCORE_BEGIN
SCORE_END
SERVER_QUIT
CLIENT_NAME 6 DefconExpanded
SERVER_START Dedcon 1.62 2024-10-19
CHARSET latin1
SCORE_BEGIN
SCORE_END
SERVER_QUIT
CLIENT_NAME 6 DefconExpanded
SERVER_START Dedcon 1.62 2024-10-19
CHARSET latin1
SCORE_BEGIN
SCORE_END
SERVER_QUIT
CLIENT_NAME 6 DefconExpanded
SERVER_START Dedcon 1.62 2024-10-19
CHARSET latin1
SCORE_BEGIN
SCORE_END
SERVER_QUIT
CLIENT_NAME 6 DefconExpanded
SERVER_START Dedcon 1.62 2024-10-19
CHARSET latin1
SCORE_BEGIN
SCORE_END
SERVER_QUIT
CLIENT_NAME 6 DefconExpanded
SERVER_START Dedcon 1.62 2024-10-19
CHARSET latin1
SCORE_BEGIN
SCORE_END
SERVER_QUIT
CLIENT_NAME 6 DefconExpanded
SERVER_START Dedcon 1.62 2024-10-19
CHARSET latin1
SCORE_BEGIN
SCORE_END
SERVER_QUIT
CLIENT_NAME 6 DefconExpanded
SERVER_START Dedcon 1.62 2024-10-19
CHARSET latin1
SCORE_BEGIN
SCORE_END
SERVER_QUIT
CLIENT_NAME 6 DefconExpanded
SERVER_START Dedcon 1.62 2024-10-19
CHARSET latin1
SCORE_BEGIN
SCORE_END
SERVER_QUIT
CLIENT_NAME 6 DefconExpanded
SERVER_START Dedcon 1.62 2024-10-19
CHARSET latin1
SCORE_BEGIN
SCORE_END
SERVER_QUIT
CLIENT_NAME 6 DefconExpanded
SERVER_START Dedcon 1.62 2024-10-19
CHARSET latin1
SCORE_BEGIN
SCORE_END
SERVER_QUIT
CLIENT_NAME 6 DefconExpanded
SERVER_START Dedcon 1.62 2024-10-19
CHARSET latin1
SCORE_BEGIN
SCORE_END
SERVER_QUIT
CLIENT_NAME 6 DefconExpanded
SERVER_START Dedcon 1.62 2024-10-19
CHARSET latin1
SCORE_BEGIN
SCORE_END
SERVER_QUIT
CLIENT_NAME 6 DefconExpanded
SERVER_START Dedcon 1.62 2024-10-19
CHARSET latin1
SCORE_BEGIN
SCORE_END
SERVER_QUIT
CLIENT_NAME 6 DefconExpanded
SERVER_START Dedcon 1.62 2024-10-19
CHARSET latin1
SCORE_BEGIN
SCORE_END
SERVER_QUIT
CLIENT_NAME 6 DefconExpanded
SERVER_START Dedcon 1.62 2024-10-19
CHARSET latin1
SCORE_BEGIN
SCORE_END
SERVER_QUIT
CLIENT_NAME 6 DefconExpanded
SERVER_START Dedcon 1.62 2024-10-19
CHARSET latin1
SCORE_BEGIN
SCORE_END
SERVER_QUIT
CLIENT_NAME 6 DefconExpanded
SERVER_START Dedcon 1.62 2024-10-19
CHARSET latin1
SCORE_BEGIN
SCORE_END
SERVER_QUIT
CLIENT_NAME 6 DefconExpanded
SERVER_START Dedcon 1.62 2024-10-19
CHARSET latin1
SCORE_BEGIN
SCORE_END
SERVER_QUIT
CLIENT_NAME 6 DefconExpanded
SERVER_START Dedcon 1.62 2024-10-19
CHARSET latin1
SCORE_BEGIN
SCORE_END
SERVER_QUIT
CLIENT_NAME 6 DefconExpanded
SERVER_START Dedcon 1.62 2024-10-19
CHARSET latin1
SCORE_BEGIN
SCORE_END
SERVER_QUIT
CLIENT_NAME 6 DefconExpanded
SERVER_START Dedcon 1.62 2024-10-19
CHARSET latin1
SCORE_BEGIN
SCORE_END
SERVER_QUIT
CLIENT_NAME 6 DefconExpanded
SERVER_START Dedcon 1.62 2024-10-19
CHARSET latin1
SCORE_BEGIN
SCORE_END
SERVER_QUIT
CLIENT_NAME 6 DefconExpanded
SERVER_START Dedcon 1.62 2024-10-19
CHARSET latin1
SCORE_BEGIN
SCORE_END
SERVER_QUIT
CLIENT_NAME 6 DefconExpanded
SERVER_START Dedcon 1.62 2024-10-19
CHARSET latin1
SCORE_BEGIN
SCORE_END
SERVER_QUIT
CLIENT_NAME 6 DefconExpanded
SERVER_START Dedcon 1.62 2024-10-19
CHARSET latin1
SCORE_BEGIN
SCORE_END
SERVER_QUIT
CLIENT_NAME 6 DefconExpanded
SERVER_START Dedcon 1.62 2024-10-19
CHARSET latin1
SCORE_BEGIN
SCORE_END
SERVER_QUIT
CLIENT_NAME 6 DefconExpanded
SERVER_START Dedcon 1.62 2024-10-19
CHARSET latin1
CLIENT_NAME 6 DefconExpanded
SERVER_START Dedcon 1.62 2024-10-19
CHARSET latin1
SCORE_BEGIN
SCORE_END
SERVER_QUIT
CLIENT_NAME 6 DefconExpanded
SERVER_START Dedcon 1.62 2024-10-19
CHARSET latin1
SCORE_BEGIN
SCORE_END
SERVER_QUIT
CLIENT_NAME 6 DefconExpanded
SERVER_START Dedcon 1.62 2024-10-19
CHARSET latin1
SCORE_BEGIN
SCORE_END
SERVER_QUIT
CLIENT_NAME 6 DefconExpanded
SERVER_START Dedcon 1.62 2024-10-19
CHARSET latin1
SCORE_BEGIN
SCORE_END
SERVER_QUIT
CLIENT_NAME 6 DefconExpanded
SERVER_START Dedcon 1.62 2024-10-19
CHARSET latin1
SCORE_BEGIN
SCORE_END
SERVER_QUIT
CLIENT_NAME 6 DefconExpanded
SERVER_START Dedcon 1.62 2024-10-19
CHARSET latin1
SCORE_BEGIN
SCORE_END
SERVER_QUIT
CLIENT_NAME 6 DefconExpanded
SERVER_START Dedcon 1.62 2024-10-19
CHARSET latin1
SCORE_BEGIN
SCORE_END
SERVER_QUIT
CLIENT_NAME 6 DefconExpanded
SERVER_START Dedcon 1.62 2024-10-19
CHARSET latin1
SCORE_BEGIN
SCORE_END
SERVER_QUIT
CLIENT_NAME 6 DefconExpanded
SERVER_START Dedcon 1.62 2024-10-19
CHARSET latin1
SCORE_BEGIN
SCORE_END
SERVER_QUIT
CLIENT_NAME 6 DefconExpanded
SERVER_START Dedcon 1.62 2024-10-19
CHARSET latin1
SCORE_BEGIN
SCORE_END
SERVER_QUIT
CLIENT_NAME 6 DefconExpanded
SERVER_START Dedcon 1.62 2024-10-19
CHARSET latin1
SCORE_BEGIN
SCORE_END
SERVER_QUIT
CLIENT_NAME 6 DefconExpanded
SERVER_START Dedcon 1.62 2024-10-19
CHARSET latin1
CLIENT_NEW 7 13226207 90.240.132.233 1.62 STEAM
TEAM_ENTER 0 7
TEAM_ALLIANCE 0 0 SWITCH
CLIENT_NAME 7 LadenBinKezza
CLIENT_QUIT 7 0
TEAM_LEAVE 0
SCORE_BEGIN
SCORE_END
SERVER_QUIT
