SERVER_START Dedcon 1.62 2024-10-19
CHARSET latin1
CLIENT_NEW 7 13238990 26.102.130.209 1.62 STEAM
TEAM_ENTER 0 7
TEAM_ALLIANCE 0 0 SWITCH
CLIENT_NAME 7 LadenBinKezza
CLIENT_QUIT 7 0
TEAM_LEAVE 0
SERVER_START Dedcon 1.62 2024-10-19
CHARSET latin1
CLIENT_NEW 7 13238990 26.102.130.209 1.62 STEAM
TEAM_ENTER 0 7
TEAM_ALLIANCE 0 0 SWITCH
CLIENT_NAME 7 LadenBinKezza
CLIENT_QUIT 7 0
TEAM_LEAVE 0
SERVER_START Dedcon 1.62 2024-10-19
CHARSET latin1
CLIENT_NEW 7 13238990 26.102.130.209 1.62 STEAM
TEAM_ENTER 0 7
TEAM_ALLIANCE 0 0 SWITCH
CLIENT_NAME 7 LadenBinKezza
CLIENT_QUIT 7 0
TEAM_LEAVE 0
SCORE_BEGIN
SCORE_END
SERVER_QUIT
SERVER_START Dedcon 1.62 2024-10-19
CHARSET latin1
CLIENT_NEW 7 13238990 26.102.130.209 1.62 STEAM
TEAM_ENTER 0 7
TEAM_ALLIANCE 0 0 SWITCH
CLIENT_NAME 7 LadenBinKezza
CLIENT_QUIT 7 0
TEAM_LEAVE 0
