CLIENT_NAME 6 DefconExpanded
SERVER_START Dedcon 1.62 2024-10-19
CHARSET latin1
CLIENT_NAME 6 DefconExpanded
SERVER_START Dedcon 1.62 2024-10-19
CHARSET latin1
SCORE_BEGIN
SCORE_END
SERVER_QUIT
CLIENT_NAME 6 DefconExpanded
SERVER_START Dedcon 1.62 2024-10-19
CHARSET latin1
SCORE_BEGIN
SCORE_END
SERVER_QUIT
CLIENT_NAME 6 DefconExpanded
SERVER_START Dedcon 1.62 2024-10-19
CHARSET latin1
SCORE_BEGIN
SCORE_END
SERVER_QUIT
CLIENT_NAME 6 DefconExpanded
SERVER_START Dedcon 1.62 2024-10-19
CHARSET latin1
SCORE_BEGIN
SCORE_END
SERVER_QUIT
CLIENT_NAME 6 DefconExpanded
SERVER_START Dedcon 1.62 2024-10-19
CHARSET latin1
CLIENT_NEW 7 13232180 212.129.80.131 1.62 STEAM
TEAM_ENTER 0 7
TEAM_ALLIANCE 0 0 SWITCH
CLIENT_NAME 7 zad
CLIENT_NEW 8 13232191 90.108.75.193 1.62 STEAM
TEAM_ENTER 1 8
TEAM_ALLIANCE 1 1 SWITCH
CLIENT_NAME 8 zorilles
TEAM_ALLIANCE 1 2 SWITCH
TEAM_READY 1 1
CLIENT_QUIT 8 0
TEAM_LEAVE 1
CLIENT_QUIT 7 0
TEAM_LEAVE 0
SCORE_BEGIN
SCORE_END
SERVER_QUIT
CLIENT_NAME 6 DefconExpanded
SERVER_START Dedcon 1.62 2024-10-19
CHARSET latin1
SCORE_BEGIN
SCORE_END
SERVER_QUIT
CLIENT_NAME 6 DefconExpanded
SERVER_START Dedcon 1.62 2024-10-19
CHARSET latin1
SCORE_BEGIN
SCORE_END
SERVER_QUIT
CLIENT_NAME 6 DefconExpanded
SERVER_START Dedcon 1.62 2024-10-19
CHARSET latin1
SCORE_BEGIN
SCORE_END
SERVER_QUIT
CLIENT_NAME 6 DefconExpanded
SERVER_START Dedcon 1.62 2024-10-19
CHARSET latin1
SCORE_BEGIN
SCORE_END
SERVER_QUIT
CLIENT_NAME 6 DefconExpanded
SERVER_START Dedcon 1.62 2024-10-19
CHARSET latin1
