CLIENT_NAME 6 Kezza's Test Server
SERVER_START Dedcon 1.6.0
CHARSET latin1
CLIENT_NAME 6 Kezza's Test Server
SERVER_START Dedcon 1.6.0
CHARSET latin1
CLIENT_NAME 6 Kezza's Test Server
SERVER_START Dedcon 1.6.0
CHARSET latin1
CLIENT_NAME 6 Kezza's Test Server
SERVER_START Dedcon 1.6.0
CHARSET latin1
CLIENT_NEW 7 13208303 26.102.130.209 1.62 STEAM
TEAM_ENTER 0 7
TEAM_ALLIANCE 0 0
CLIENT_NAME 7 LadenBinKezza
CLIENT_QUIT 7 0
TEAM_LEAVE 0
CLIENT_NAME 6 Kezza's Test Server
SERVER_START Dedcon 1.6.0
CHARSET latin1
SCORE_BEGIN
SCORE_END
SERVER_QUIT
CLIENT_NAME 6 Kezza's Test Server
SERVER_START Dedcon 1.6.0
CHARSET latin1
SCORE_BEGIN
SCORE_END
SERVER_QUIT
CLIENT_NAME 6 Kezza's Test Server
SERVER_START Dedcon 1.6.0
CHARSET latin1
SCORE_BEGIN
SCORE_END
SERVER_QUIT
CLIENT_NAME 6 Kezza's Test Server
SERVER_START Dedcon 1.6.0
CHARSET latin1
CLIENT_NAME 6 Kezza's Test Server
SERVER_START Dedcon 1.6.0
CHARSET latin1
