SERVER_START Dedcon 1.60.1.5 2024-10-19
CHARSET latin1
CLIENT_NEW 9 DEMO 26.102.130.209 1.60.1.5 MINICOM
TEAM_ENTER 0 9
TEAM_ALLIANCE 0 0 SWITCH
CLIENT_NAME 9 LadenBinKezza
CLIENT_QUIT 9 0
TEAM_LEAVE 0
SCORE_BEGIN
SCORE_END
SERVER_QUIT
SERVER_START Dedcon 1.60.1.5 2024-10-19
CHARSET latin1
CLIENT_NEW 9 DEMO 90.240.156.240 1.60.1.5 MINICOM
TEAM_ENTER 0 9
TEAM_ALLIANCE 0 0 SWITCH
CLIENT_NAME 9 LadenBinKezza
CLIENT_QUIT 9 2
TEAM_LEAVE 0
SCORE_BEGIN
SCORE_END
SERVER_QUIT
SERVER_START Dedcon 1.60.1.5 2024-10-19
CHARSET latin1
CLIENT_NEW 9 DEMO 90.240.156.240 1.60.1.5 MINICOM
TEAM_ENTER 0 9
TEAM_ALLIANCE 0 0 SWITCH
CLIENT_NAME 9 LadenBinKezza
CLIENT_QUIT 9 0
TEAM_LEAVE 0
SCORE_BEGIN
SCORE_END
SERVER_QUIT
SERVER_START Dedcon 1.60.1.5 2024-10-19
CHARSET latin1
CLIENT_NEW 9 425333 98.122.186.54 1.60.1.5 MINICOM
TEAM_ENTER 0 9
TEAM_ALLIANCE 0 0 SWITCH
CLIENT_NAME 9 Lord Haw Haw 
CLIENT_QUIT 9 0
TEAM_LEAVE 0
SCORE_BEGIN
SCORE_END
SERVER_QUIT
SERVER_START Dedcon 1.60.1.5 2024-10-19
CHARSET latin1
CLIENT_NEW 9 425333 98.122.186.54 1.60.1.5 MINICOM
TEAM_ENTER 0 9
TEAM_ALLIANCE 0 0 SWITCH
CLIENT_NAME 9 Lord Haw Haw 
TEAM_ALLIANCE 0 5 SWITCH
CLIENT_QUIT 9 0
TEAM_LEAVE 0
SCORE_BEGIN
SCORE_END
SERVER_QUIT
SERVER_START Dedcon 1.60.1.5 2024-10-19
CHARSET latin1
CLIENT_NEW 9 425333 98.122.186.54 1.60.1.5 MINICOM
TEAM_ENTER 0 9
TEAM_ALLIANCE 0 0 SWITCH
CLIENT_NAME 9 Lord Haw Haw 
CPU_NEW 10
TEAM_ENTER 1 10
TEAM_ALLIANCE 1 1 SWITCH
CPU_NAME 10 Player 1
CLIENT_QUIT 9 2
TEAM_LEAVE 0
TEAM_LEAVE 1
CPU_QUIT 10
SCORE_BEGIN
SCORE_END
SERVER_QUIT
SERVER_START Dedcon 1.60.1.5 2024-10-19
CHARSET latin1
CLIENT_NEW 9 425333 98.122.186.54 1.60.1.5 MINICOM
TEAM_ENTER 0 9
TEAM_ALLIANCE 0 0 SWITCH
CLIENT_NAME 9 Lord Haw Haw 
CPU_NEW 10
TEAM_ENTER 1 10
TEAM_ALLIANCE 1 1 SWITCH
CPU_NAME 10 Player 1
TEAM_READY 1 1
TEAM_READY 0 1
TEAM_TERRITORY 1 7
TEAM_TERRITORY 0 6
RANKED 1
SETTING CaseSensitive 0
SETTING TotalBandwidth 75000
SETTING PlayerBandwidth 10000
SETTING ServerLANIP 116.203.228.110
SETTING ServerPort 5013
SETTING MaxSpectators 15
SETTING EmptyBomberLaunch 0
SETTING NukeTrajectoryCalc 0
SETTING BomberBehavior 0
SETTING FighterBehavior 0
SETTING WorldUnitScale 100
SETTING FirstStrikeBonus 15
SETTING UnitBuffer 5
SETTING CityBuffer 2
SETTING SpectatorChatChannel 1
SETTING TeamSwitching 0
SETTING WorldScale 100
SETTING VariableUnitCounts 0
SETTING MaxGameRealTime 0
SETTING VictoryTimer 45
SETTING VictoryTrigger 20
SETTING VictoryMode 0
SETTING ScoreMode 0
SETTING SlowestSpeed 0
SETTING GameSpeed 0
SETTING RadarSharing 1
SETTING PermitDefection 1
SETTING RandomTerritories 0
SETTING CityPopulations 0
SETTING PopulationPerTerritory 100
SETTING CitiesPerTerritory 25
SETTING TerritoriesPerTeam 1
SETTING MinTeams 0
SETTING MaxTeams 2
SETTING GameMode 0
SETTING AdvertiseOnLAN 1
SETTING AdvertiseOnInternet 1
SETTING ServerName MURICON | 1v1 Default | 2.8.15
SETTING KickVoteMin 2
SETTING DropCourtesy -1
SETTING SlowBudgetUseRealtime 100
SETTING SlowBudgetUsePause 300
SETTING SlowBudgetRefill 0
SETTING SlowBudgetMax 1800
SETTING SlowBudgetStart 1800
SETTING ReadyVoteDelay 90
SETTING IdleTimeGlobal 600
SETTING AdvertisePlayers 2
GAME_START
SETTING SpectatorChatChannel 0
TEAM_SPEED 0 1
SETTING RadarSharing 1
SETTING GameSpeed 0
SETTING VariableUnitCounts 0
SETTING WorldScale 100
SETTING TeamSwitching 0
TEAM_SPEED 0 20
TEAM_SPEED 0 1
TEAM_SPEED 0 20
TEAM_SPEED 0 1
TEAM_SPEED 0 20
TEAM_SPEED 0 1
TEAM_SPEED 0 20
TEAM_SPEED 0 1
TEAM_SPEED 0 20
TEAM_SPEED 0 1
TEAM_SPEED 0 20
TEAM_SPEED 0 1
TEAM_SPEED 0 20
TEAM_SPEED 0 1
TEAM_SPEED 0 20
TEAM_SPEED 0 1
TEAM_SPEED 0 20
TEAM_SPEED 0 1
SETTING SlowBudgetRefill 60
SETTING RadarSharing 1
SETTING GameSpeed 0
SETTING VariableUnitCounts 0
SETTING WorldScale 100
SETTING TeamSwitching 0
TEAM_SPEED 0 20
TEAM_SPEED 0 1
TEAM_SPEED 0 20
TEAM_SPEED 0 1
TEAM_SPEED 0 20
TEAM_SPEED 0 1
TEAM_SPEED 0 20
TEAM_SPEED 0 1
TEAM_SPEED 0 20
TEAM_SPEED 0 1
TEAM_SPEED 0 20
TEAM_SPEED 0 1
TEAM_SPEED 0 20
TEAM_SPEED 0 1
TEAM_SPEED 0 20
TEAM_SPEED 0 1
TEAM_SPEED 0 20
TEAM_SPEED 0 1
TEAM_SPEED 0 20
TEAM_SPEED 0 1
TEAM_SPEED 0 20
TEAM_SPEED 0 1
TEAM_SPEED 0 20
TEAM_SPEED 0 1
TEAM_SPEED 0 20
TEAM_SPEED 0 1
TEAM_SPEED 0 20
TEAM_SPEED 0 1
TEAM_SPEED 0 20
TEAM_SPEED 0 1
TEAM_SPEED 0 20
TEAM_SPEED 0 1
TEAM_SPEED 0 20
TEAM_SPEED 0 1
TEAM_SPEED 0 20
TEAM_SPEED 0 1
TEAM_SPEED 0 20
TEAM_SPEED 0 1
TEAM_SPEED 0 20
TEAM_SPEED 0 1
TEAM_SPEED 0 20
TEAM_SPEED 0 1
TEAM_SPEED 0 20
TEAM_SPEED 0 1
TEAM_SPEED 0 20
TEAM_SPEED 0 1
TEAM_SPEED 0 20
TEAM_SPEED 0 1
TEAM_SPEED 0 20
TEAM_SPEED 0 1
TEAM_SPEED 0 20
TEAM_SPEED 0 1
TEAM_SPEED 0 20
TEAM_SPEED 0 1
TEAM_SPEED 0 20
TEAM_SPEED 0 1
TEAM_SPEED 0 20
GAME_END
SETTING Record demo_recordings/game8p_2024-12-06-04-12.d8crec
SETTING AdvertiseOnInternet 0
SETTING SpectatorChatChannel 1
SETTING RadarSharing 1
SETTING GameSpeed 0
SETTING VariableUnitCounts 0
SETTING WorldScale 100
SETTING TeamSwitching 0
CLIENT_QUIT 9 0
TEAM_ABANDON 0
SCORE_BEGIN
SCORE_TEAM 0 141 9 Lord Haw Haw 
SCORE_TEAM 1 12 10 Player 1
SCORE_SIGNATURE_PLAYER 9 425333 Lord Haw Haw 
SCORE_END
SERVER_QUIT
TEAM_ABANDON 1
SERVER_START Dedcon 1.60.1.5 2024-10-19
CHARSET latin1
SERVER_START Dedcon 1.60.1.5 2024-10-19
CHARSET latin1
CLIENT_NEW 9 425333 98.122.186.54 1.60.1.5 MINICOM
TEAM_ENTER 0 9
TEAM_ALLIANCE 0 0 SWITCH
CLIENT_NAME 9 Lord Haw Haw 
TEAM_ALLIANCE 0 5 SWITCH
CPU_NEW 10
TEAM_ENTER 1 10
TEAM_ALLIANCE 1 0 SWITCH
CPU_NAME 10 Player 1
TEAM_READY 1 1
TEAM_READY 0 1
TEAM_TERRITORY 0 5
TEAM_TERRITORY 1 6
RANKED 1
SETTING CaseSensitive 0
SETTING TotalBandwidth 75000
SETTING PlayerBandwidth 10000
SETTING ServerLANIP 116.203.228.110
SETTING ServerPort 5015
SETTING MaxSpectators 15
SETTING EmptyBomberLaunch 0
SETTING NukeTrajectoryCalc 0
SETTING BomberBehavior 0
SETTING FighterBehavior 0
SETTING WorldUnitScale 100
SETTING FirstStrikeBonus 15
SETTING UnitBuffer 5
SETTING CityBuffer 2
SETTING SpectatorChatChannel 1
SETTING TeamSwitching 0
SETTING WorldScale 100
SETTING VariableUnitCounts 0
SETTING MaxGameRealTime 0
SETTING VictoryTimer 45
SETTING VictoryTrigger 20
SETTING VictoryMode 0
SETTING ScoreMode 0
SETTING SlowestSpeed 0
SETTING GameSpeed 0
SETTING RadarSharing 1
SETTING PermitDefection 1
SETTING RandomTerritories 0
SETTING CityPopulations 0
SETTING PopulationPerTerritory 100
SETTING CitiesPerTerritory 25
SETTING TerritoriesPerTeam 1
SETTING MinTeams 0
SETTING MaxTeams 2
SETTING GameMode 0
SETTING AdvertiseOnLAN 1
SETTING AdvertiseOnInternet 1
SETTING ServerName MURICON | 1v1 Default | 2.8.15
SETTING KickVoteMin 2
SETTING DropCourtesy -1
SETTING SlowBudgetUseRealtime 100
SETTING SlowBudgetUsePause 300
SETTING SlowBudgetRefill 0
SETTING SlowBudgetMax 1800
SETTING SlowBudgetStart 1800
SETTING ReadyVoteDelay 90
SETTING IdleTimeGlobal 600
SETTING AdvertisePlayers 2
GAME_START
SETTING SpectatorChatChannel 0
TEAM_SPEED 0 1
SETTING RadarSharing 1
SETTING GameSpeed 0
SETTING VariableUnitCounts 0
SETTING WorldScale 100
SETTING TeamSwitching 0
TEAM_SPEED 0 20
TEAM_SPEED 0 1
TEAM_SPEED 0 20
TEAM_SPEED 0 1
TEAM_SPEED 0 20
TEAM_SPEED 0 1
TEAM_SPEED 0 20
TEAM_SPEED 0 20
TEAM_SPEED 0 20
TEAM_SPEED 0 1
TEAM_SPEED 0 20
TEAM_SPEED 0 1
TEAM_SPEED 0 20
TEAM_SPEED 0 1
TEAM_SPEED 0 20
TEAM_SPEED 0 1
TEAM_SPEED 0 20
TEAM_SPEED 0 1
TEAM_SPEED 0 20
SETTING SlowBudgetRefill 60
SETTING RadarSharing 1
SETTING GameSpeed 0
SETTING VariableUnitCounts 0
SETTING WorldScale 100
SETTING TeamSwitching 0
TEAM_SPEED 0 1
TEAM_SPEED 0 20
TEAM_SPEED 0 1
TEAM_SPEED 0 20
TEAM_SPEED 0 1
TEAM_SPEED 0 20
TEAM_SPEED 0 1
TEAM_SPEED 0 20
TEAM_SPEED 0 1
TEAM_SPEED 0 20
TEAM_SPEED 0 1
TEAM_SPEED 0 20
TEAM_SPEED 0 1
TEAM_SPEED 0 20
TEAM_SPEED 0 1
TEAM_SPEED 0 20
TEAM_SPEED 0 1
TEAM_SPEED 0 20
TEAM_SPEED 0 1
TEAM_SPEED 0 20
TEAM_SPEED 0 1
TEAM_SPEED 0 20
TEAM_SPEED 0 1
TEAM_SPEED 0 20
TEAM_SPEED 0 1
TEAM_SPEED 0 20
TEAM_SPEED 0 1
TEAM_SPEED 0 20
TEAM_SPEED 0 1
TEAM_SPEED 0 20
TEAM_SPEED 0 1
TEAM_SPEED 0 20
TEAM_SPEED 0 1
TEAM_SPEED 0 20
TEAM_SPEED 0 1
TEAM_SPEED 0 20
TEAM_SPEED 0 1
TEAM_SPEED 0 20
TEAM_SPEED 0 1
TEAM_SPEED 0 20
TEAM_SPEED 0 1
TEAM_SPEED 0 20
TEAM_SPEED 0 1
TEAM_SPEED 0 20
TEAM_SPEED 0 1
TEAM_SPEED 0 20
TEAM_SPEED 0 1
TEAM_SPEED 0 20
TEAM_SPEED 0 1
TEAM_SPEED 0 20
TEAM_SPEED 0 1
TEAM_SPEED 0 20
TEAM_SPEED 0 1
TEAM_SPEED 0 20
TEAM_SPEED 0 1
TEAM_SPEED 0 20
TEAM_SPEED 0 1
TEAM_SPEED 0 20
TEAM_SPEED 0 1
TEAM_SPEED 0 20
TEAM_SPEED 0 1
TEAM_SPEED 0 20
TEAM_SPEED 0 1
TEAM_SPEED 0 5
TEAM_SPEED 0 1
TEAM_SPEED 0 20
TEAM_SPEED 0 1
TEAM_SPEED 0 20
TEAM_SPEED 0 1
TEAM_SPEED 0 20
TEAM_SPEED 0 1
TEAM_SPEED 0 20
TEAM_SPEED 0 1
TEAM_SPEED 0 20
TEAM_SPEED 0 1
TEAM_SPEED 0 20
TEAM_SPEED 0 1
TEAM_SPEED 0 20
TEAM_SPEED 0 1
TEAM_SPEED 0 20
TEAM_SPEED 0 1
TEAM_SPEED 0 20
TEAM_SPEED 0 1
TEAM_SPEED 0 20
TEAM_SPEED 0 1
TEAM_SPEED 0 20
TEAM_SPEED 0 1
TEAM_SPEED 0 20
TEAM_SPEED 0 1
TEAM_SPEED 0 20
GAME_END
SETTING Record demo_recordings/game8p_2024-12-06-15-56.d8crec
SETTING AdvertiseOnInternet 0
SETTING SpectatorChatChannel 1
SETTING RadarSharing 1
SETTING GameSpeed 0
SETTING VariableUnitCounts 0
SETTING WorldScale 100
SETTING TeamSwitching 0
CLIENT_QUIT 9 0
TEAM_ABANDON 0
SCORE_BEGIN
SCORE_TEAM 0 145 9 Lord Haw Haw 
SCORE_TEAM 1 2 10 Player 1
SCORE_SIGNATURE_PLAYER 9 425333 Lord Haw Haw 
SCORE_END
SERVER_QUIT
TEAM_ABANDON 1
SERVER_START Dedcon 1.60.1.5 2024-10-19
CHARSET latin1
CLIENT_NEW 9 425333 98.122.186.54 1.60.1.5 MINICOM
TEAM_ENTER 0 9
TEAM_ALLIANCE 0 0 SWITCH
CLIENT_NAME 9 Lord Haw Haw 
CLIENT_QUIT 9 1
TEAM_LEAVE 0
SCORE_BEGIN
SCORE_END
SERVER_QUIT
SERVER_START Dedcon 1.60.1.5 2024-10-19
CHARSET latin1
CLIENT_NEW 9 425333 98.122.186.54 1.60.1.5 MINICOM
TEAM_ENTER 0 9
TEAM_ALLIANCE 0 0 SWITCH
CLIENT_NAME 9 Lord Haw Haw 
CPU_NEW 10
TEAM_ENTER 1 10
TEAM_ALLIANCE 1 1 SWITCH
CPU_NAME 10 Player 1
TEAM_READY 1 1
TEAM_READY 0 1
TEAM_TERRITORY 1 5
TEAM_TERRITORY 0 6
RANKED 1
SETTING CaseSensitive 0
SETTING TotalBandwidth 75000
SETTING PlayerBandwidth 10000
SETTING ServerLANIP 116.203.228.110
SETTING ServerPort 5015
SETTING MaxSpectators 15
SETTING EmptyBomberLaunch 0
SETTING NukeTrajectoryCalc 0
SETTING BomberBehavior 0
SETTING FighterBehavior 0
SETTING WorldUnitScale 100
SETTING FirstStrikeBonus 15
SETTING UnitBuffer 5
SETTING CityBuffer 2
SETTING SpectatorChatChannel 1
SETTING TeamSwitching 0
SETTING WorldScale 100
SETTING VariableUnitCounts 0
SETTING MaxGameRealTime 0
SETTING VictoryTimer 45
SETTING VictoryTrigger 20
SETTING VictoryMode 0
SETTING ScoreMode 0
SETTING SlowestSpeed 0
SETTING GameSpeed 0
SETTING RadarSharing 1
SETTING PermitDefection 1
SETTING RandomTerritories 0
SETTING CityPopulations 0
SETTING PopulationPerTerritory 100
SETTING CitiesPerTerritory 25
SETTING TerritoriesPerTeam 1
SETTING MinTeams 0
SETTING MaxTeams 2
SETTING GameMode 0
SETTING AdvertiseOnLAN 1
SETTING AdvertiseOnInternet 1
SETTING ServerName MURICON | 1v1 Default | 2.8.15
SETTING KickVoteMin 2
SETTING DropCourtesy -1
SETTING SlowBudgetUseRealtime 100
SETTING SlowBudgetUsePause 300
SETTING SlowBudgetRefill 0
SETTING SlowBudgetMax 1800
SETTING SlowBudgetStart 1800
SETTING ReadyVoteDelay 90
SETTING IdleTimeGlobal 600
SETTING AdvertisePlayers 2
GAME_START
SETTING SpectatorChatChannel 0
TEAM_SPEED 0 1
SETTING RadarSharing 1
SETTING GameSpeed 0
SETTING VariableUnitCounts 0
SETTING WorldScale 100
SETTING TeamSwitching 0
TEAM_SPEED 0 20
TEAM_SPEED 0 1
TEAM_SPEED 0 0
TEAM_SPEED 0 1
TEAM_SPEED 0 0
GAME_END
TEAM_SPEED 0 1
TEAM_SPEED 0 20
TEAM_SPEED 0 1
TEAM_SPEED 0 20
TEAM_SPEED 0 1
TEAM_SPEED 0 20
TEAM_SPEED 0 1
TEAM_SPEED 0 20
TEAM_SPEED 0 1
TEAM_SPEED 0 20
TEAM_SPEED 0 1
TEAM_SPEED 0 20
TEAM_SPEED 0 1
TEAM_SPEED 0 20
TEAM_SPEED 0 1
TEAM_SPEED 0 20
TEAM_SPEED 0 1
TEAM_SPEED 0 20
TEAM_SPEED 0 1
TEAM_SPEED 0 20
TEAM_SPEED 0 1
TEAM_SPEED 0 20
TEAM_SPEED 0 1
TEAM_SPEED 0 20
TEAM_SPEED 0 1
TEAM_SPEED 0 20
TEAM_SPEED 0 1
TEAM_SPEED 0 20
TEAM_SPEED 0 1
TEAM_SPEED 0 20
TEAM_SPEED 0 1
TEAM_SPEED 0 20
TEAM_SPEED 0 1
TEAM_SPEED 0 20
TEAM_SPEED 0 1
TEAM_SPEED 0 20
TEAM_SPEED 0 1
TEAM_SPEED 0 20
TEAM_SPEED 0 1
TEAM_SPEED 0 20
TEAM_SPEED 0 1
TEAM_SPEED 0 20
TEAM_SPEED 0 1
TEAM_SPEED 0 20
TEAM_SPEED 0 1
TEAM_SPEED 0 20
TEAM_SPEED 0 1
TEAM_SPEED 0 20
TEAM_SPEED 0 1
TEAM_SPEED 0 20
TEAM_SPEED 0 1
TEAM_SPEED 0 20
TEAM_SPEED 0 1
TEAM_SPEED 0 20
TEAM_SPEED 0 1
TEAM_SPEED 0 20
TEAM_SPEED 0 1
TEAM_SPEED 0 20
TEAM_SPEED 0 1
TEAM_SPEED 0 20
TEAM_SPEED 0 1
TEAM_SPEED 0 20
TEAM_SPEED 0 1
TEAM_SPEED 0 20
TEAM_SPEED 0 1
TEAM_SPEED 0 20
TEAM_SPEED 0 1
TEAM_SPEED 0 20
TEAM_SPEED 0 1
TEAM_SPEED 0 20
TEAM_SPEED 0 1
TEAM_SPEED 0 20
TEAM_SPEED 0 1
TEAM_SPEED 0 20
TEAM_SPEED 0 1
TEAM_SPEED 0 20
TEAM_SPEED 0 1
TEAM_SPEED 0 20
TEAM_SPEED 0 1
TEAM_SPEED 0 20
TEAM_SPEED 0 1
TEAM_SPEED 0 20
TEAM_SPEED 0 1
TEAM_SPEED 0 20
TEAM_SPEED 0 1
TEAM_SPEED 0 10
TEAM_SPEED 0 20
TEAM_SPEED 0 1
TEAM_SPEED 0 20
TEAM_SPEED 0 1
TEAM_SPEED 0 20
TEAM_SPEED 0 1
TEAM_SPEED 0 20
TEAM_SPEED 0 1
TEAM_SPEED 0 20
CLIENT_QUIT 9 2
TEAM_ABANDON 0
SCORE_BEGIN
SCORE_TEAM 0 148 9 Lord Haw Haw 
SCORE_TEAM 1 4 10 Player 1
SCORE_SIGNATURE_PLAYER 9 425333 Lord Haw Haw 
SCORE_END
SERVER_QUIT
TEAM_ABANDON 1
SERVER_START Dedcon 1.60.1.5 2024-10-19
CHARSET latin1
SERVER_START Dedcon 1.60.1.5 2024-10-19
CHARSET latin1
CLIENT_NEW 9 425333 98.122.186.54 1.60.1.5 MINICOM
TEAM_ENTER 0 9
TEAM_ALLIANCE 0 0 SWITCH
CLIENT_NAME 9 Lord Haw Haw 
TEAM_ALLIANCE 0 5 SWITCH
CPU_NEW 10
TEAM_ENTER 1 10
TEAM_ALLIANCE 1 0 SWITCH
CPU_NAME 10 Player 1
TEAM_READY 1 1
TEAM_READY 0 1
TEAM_TERRITORY 0 5
TEAM_TERRITORY 1 6
RANKED 1
SETTING CaseSensitive 0
SETTING TotalBandwidth 75000
SETTING PlayerBandwidth 10000
SETTING ServerLANIP 116.203.228.110
SETTING ServerPort 5015
SETTING MaxSpectators 15
SETTING EmptyBomberLaunch 0
SETTING NukeTrajectoryCalc 0
SETTING BomberBehavior 0
SETTING FighterBehavior 0
SETTING WorldUnitScale 100
SETTING FirstStrikeBonus 15
SETTING UnitBuffer 5
SETTING CityBuffer 2
SETTING SpectatorChatChannel 1
SETTING TeamSwitching 0
SETTING WorldScale 100
SETTING VariableUnitCounts 0
SETTING MaxGameRealTime 0
SETTING VictoryTimer 45
SETTING VictoryTrigger 20
SETTING VictoryMode 0
SETTING ScoreMode 0
SETTING SlowestSpeed 0
SETTING GameSpeed 0
SETTING RadarSharing 1
SETTING PermitDefection 1
SETTING RandomTerritories 0
SETTING CityPopulations 0
SETTING PopulationPerTerritory 100
SETTING CitiesPerTerritory 25
SETTING TerritoriesPerTeam 1
SETTING MinTeams 0
SETTING MaxTeams 2
SETTING GameMode 0
SETTING AdvertiseOnLAN 1
SETTING AdvertiseOnInternet 1
SETTING ServerName MURICON | 1v1 Default | 2.8.15
SETTING KickVoteMin 2
SETTING DropCourtesy -1
SETTING SlowBudgetUseRealtime 100
SETTING SlowBudgetUsePause 300
SETTING SlowBudgetRefill 0
SETTING SlowBudgetMax 1800
SETTING SlowBudgetStart 1800
SETTING ReadyVoteDelay 90
SETTING IdleTimeGlobal 600
SETTING AdvertisePlayers 2
GAME_START
SETTING SpectatorChatChannel 0
TEAM_SPEED 0 1
SETTING RadarSharing 1
SETTING GameSpeed 0
SETTING VariableUnitCounts 0
SETTING WorldScale 100
SETTING TeamSwitching 0
TEAM_SPEED 0 20
TEAM_SPEED 0 1
TEAM_SPEED 0 20
TEAM_SPEED 0 1
TEAM_SPEED 0 20
TEAM_SPEED 0 1
TEAM_SPEED 0 20
TEAM_SPEED 0 1
TEAM_SPEED 0 20
SETTING SlowBudgetRefill 60
SETTING RadarSharing 1
SETTING GameSpeed 0
SETTING VariableUnitCounts 0
SETTING WorldScale 100
SETTING TeamSwitching 0
TEAM_SPEED 0 1
TEAM_SPEED 0 20
TEAM_SPEED 0 1
TEAM_SPEED 0 20
TEAM_SPEED 0 1
TEAM_SPEED 0 20
TEAM_SPEED 0 1
TEAM_SPEED 0 20
TEAM_SPEED 0 1
TEAM_SPEED 0 20
TEAM_SPEED 0 1
TEAM_SPEED 0 20
TEAM_SPEED 0 1
TEAM_SPEED 0 20
TEAM_SPEED 0 1
TEAM_SPEED 0 20
TEAM_SPEED 0 1
TEAM_SPEED 0 20
TEAM_SPEED 0 1
TEAM_SPEED 0 20
TEAM_SPEED 0 1
TEAM_SPEED 0 20
TEAM_SPEED 0 1
TEAM_SPEED 0 20
TEAM_SPEED 0 1
TEAM_SPEED 0 0
TEAM_SPEED 0 1
TEAM_SPEED 0 20
TEAM_SPEED 0 1
TEAM_SPEED 0 20
TEAM_SPEED 0 1
TEAM_SPEED 0 20
TEAM_SPEED 0 1
TEAM_SPEED 0 20
TEAM_SPEED 0 1
TEAM_SPEED 0 20
TEAM_SPEED 0 1
TEAM_SPEED 0 20
TEAM_SPEED 0 1
TEAM_SPEED 0 0
TEAM_SPEED 0 1
TEAM_SPEED 0 5
TEAM_SPEED 0 10
TEAM_SPEED 0 1
TEAM_SPEED 0 20
TEAM_SPEED 0 1
TEAM_SPEED 0 20
TEAM_SPEED 0 1
TEAM_SPEED 0 20
TEAM_SPEED 0 1
TEAM_SPEED 0 20
TEAM_SPEED 0 1
TEAM_SPEED 0 20
TEAM_SPEED 0 1
TEAM_SPEED 0 20
TEAM_SPEED 0 1
TEAM_SPEED 0 20
TEAM_SPEED 0 1
TEAM_SPEED 0 20
TEAM_SPEED 0 1
TEAM_SPEED 0 20
TEAM_SPEED 0 1
TEAM_SPEED 0 20
TEAM_SPEED 0 1
TEAM_SPEED 0 20
TEAM_SPEED 0 1
TEAM_SPEED 0 20
TEAM_SPEED 0 1
TEAM_SPEED 0 20
TEAM_SPEED 0 1
TEAM_SPEED 0 20
TEAM_SPEED 0 1
TEAM_SPEED 0 20
TEAM_SPEED 0 1
TEAM_SPEED 0 20
TEAM_SPEED 0 1
TEAM_SPEED 0 20
TEAM_SPEED 0 1
TEAM_SPEED 0 20
GAME_END
SETTING Record demo_recordings/game8p_2024-12-07-05-11.d8crec
SETTING AdvertiseOnInternet 0
SETTING SpectatorChatChannel 1
CLIENT_QUIT 9 2
TEAM_ABANDON 0
SCORE_BEGIN
SCORE_TEAM 0 195 9 Lord Haw Haw 
SCORE_TEAM 1 -71 10 Player 1
SCORE_SIGNATURE_PLAYER 9 425333 Lord Haw Haw 
SCORE_END
SERVER_QUIT
TEAM_ABANDON 1
SERVER_START Dedcon 1.60.1.5 2024-10-19
CHARSET latin1
CLIENT_NEW 9 425333 98.122.186.54 1.60.1.5 MINICOM
TEAM_ENTER 0 9
TEAM_ALLIANCE 0 0 SWITCH
CLIENT_NAME 9 Lord Haw Haw 
TEAM_ALLIANCE 0 5 SWITCH
CPU_NEW 10
TEAM_ENTER 1 10
TEAM_ALLIANCE 1 0 SWITCH
CPU_NAME 10 Player 1
TEAM_READY 1 1
TEAM_READY 0 1
TEAM_TERRITORY 0 5
TEAM_TERRITORY 1 6
RANKED 1
SETTING CaseSensitive 0
SETTING TotalBandwidth 2500000
SETTING SpectatorBandwidth 1000000
SETTING PlayerBandwidth 1000000
SETTING ServerLANIP 116.203.228.110
SETTING ServerPort 5015
SETTING MaxSpectators 15
SETTING EmptyBomberLaunch 0
SETTING NukeTrajectoryCalc 0
SETTING BomberBehavior 0
SETTING FighterBehavior 0
SETTING WorldUnitScale 100
SETTING FirstStrikeBonus 15
SETTING UnitBuffer 5
SETTING CityBuffer 2
SETTING SpectatorChatChannel 1
SETTING TeamSwitching 0
SETTING WorldScale 100
SETTING VariableUnitCounts 0
SETTING MaxGameRealTime 0
SETTING VictoryTimer 45
SETTING VictoryTrigger 20
SETTING VictoryMode 0
SETTING ScoreMode 0
SETTING SlowestSpeed 0
SETTING GameSpeed 0
SETTING RadarSharing 1
SETTING PermitDefection 1
SETTING RandomTerritories 0
SETTING CityPopulations 0
SETTING PopulationPerTerritory 100
SETTING CitiesPerTerritory 25
SETTING TerritoriesPerTeam 1
SETTING MinTeams 0
SETTING MaxTeams 2
SETTING GameMode 0
SETTING AdvertiseOnLAN 1
SETTING AdvertiseOnInternet 1
SETTING ServerName MURICON | 1v1 Default | 2.8.15
SETTING KickVoteMin 2
SETTING DropCourtesy -1
SETTING SlowBudgetUseRealtime 100
SETTING SlowBudgetUsePause 300
SETTING SlowBudgetRefill 0
SETTING SlowBudgetMax 1800
SETTING SlowBudgetStart 1800
SETTING ReadyVoteDelay 90
SETTING IdleTimeGlobal 600
SETTING AdvertisePlayers 2
GAME_START
SETTING SpectatorChatChannel 0
TEAM_SPEED 0 1
SETTING RadarSharing 1
SETTING GameSpeed 0
SETTING VariableUnitCounts 0
SETTING WorldScale 100
SETTING TeamSwitching 0
CLIENT_QUIT 9 2
TEAM_ABANDON 0
SCORE_BEGIN
SCORE_TEAM 0 0 9 Lord Haw Haw 
SCORE_TEAM 1 0 10 Player 1
SCORE_END
SERVER_QUIT
TEAM_ABANDON 1
GAME_END
SERVER_START Dedcon 1.60.1.5 2024-10-19
CHARSET latin1
CLIENT_NEW 9 425333 98.122.186.54 1.60.1.5 MINICOM
TEAM_ENTER 0 9
TEAM_ALLIANCE 0 0 SWITCH
CLIENT_NAME 9 Lord Haw Haw 
TEAM_ALLIANCE 0 5 SWITCH
TEAM_TERRITORY 0 2
CPU_NEW 10
TEAM_ENTER 1 10
TEAM_ALLIANCE 1 0 SWITCH
CPU_NAME 10 Player 1
TEAM_READY 1 1
TEAM_READY 0 1
TEAM_TERRITORY 1 5
RANKED 1
SETTING CaseSensitive 0
SETTING TotalBandwidth 2500000
SETTING SpectatorBandwidth 1000000
SETTING PlayerBandwidth 1000000
SETTING ServerLANIP 116.203.228.110
SETTING ServerPort 5015
SETTING MaxSpectators 15
SETTING EmptyBomberLaunch 0
SETTING NukeTrajectoryCalc 0
SETTING BomberBehavior 0
SETTING FighterBehavior 0
SETTING WorldUnitScale 100
SETTING FirstStrikeBonus 15
SETTING UnitBuffer 5
SETTING CityBuffer 2
SETTING SpectatorChatChannel 1
SETTING TeamSwitching 0
SETTING WorldScale 100
SETTING VariableUnitCounts 0
SETTING MaxGameRealTime 0
SETTING VictoryTimer 45
SETTING VictoryTrigger 20
SETTING VictoryMode 0
SETTING ScoreMode 0
SETTING SlowestSpeed 0
SETTING GameSpeed 0
SETTING RadarSharing 1
SETTING PermitDefection 1
SETTING RandomTerritories 0
SETTING CityPopulations 0
SETTING PopulationPerTerritory 100
SETTING CitiesPerTerritory 25
SETTING TerritoriesPerTeam 1
SETTING MinTeams 0
SETTING MaxTeams 2
SETTING GameMode 0
SETTING AdvertiseOnLAN 1
SETTING AdvertiseOnInternet 1
SETTING ServerName MURICON | 1v1 Default | 2.8.15
SETTING KickVoteMin 2
SETTING DropCourtesy -1
SETTING SlowBudgetUseRealtime 100
SETTING SlowBudgetUsePause 300
SETTING SlowBudgetRefill 0
SETTING SlowBudgetMax 1800
SETTING SlowBudgetStart 1800
SETTING ReadyVoteDelay 90
SETTING IdleTimeGlobal 600
SETTING AdvertisePlayers 2
GAME_START
SETTING SpectatorChatChannel 0
TEAM_SPEED 0 1
SETTING RadarSharing 1
SETTING GameSpeed 0
SETTING VariableUnitCounts 0
SETTING WorldScale 100
SETTING TeamSwitching 0
TEAM_SPEED 0 20
TEAM_SPEED 0 1
TEAM_SPEED 0 20
TEAM_SPEED 0 1
TEAM_SPEED 0 20
TEAM_SPEED 0 1
TEAM_SPEED 0 20
TEAM_SPEED 0 1
TEAM_SPEED 0 20
TEAM_SPEED 0 1
TEAM_SPEED 0 20
TEAM_SPEED 0 1
TEAM_SPEED 0 20
TEAM_SPEED 0 1
TEAM_SPEED 0 20
TEAM_SPEED 0 1
TEAM_SPEED 0 20
TEAM_SPEED 0 1
TEAM_SPEED 0 20
TEAM_SPEED 0 1
SETTING SlowBudgetRefill 60
SETTING RadarSharing 1
SETTING GameSpeed 0
SETTING VariableUnitCounts 0
SETTING WorldScale 100
SETTING TeamSwitching 0
TEAM_SPEED 0 20
TEAM_SPEED 0 1
TEAM_SPEED 0 20
TEAM_SPEED 0 1
TEAM_SPEED 0 20
TEAM_SPEED 0 1
TEAM_SPEED 0 20
TEAM_SPEED 0 1
TEAM_SPEED 0 20
TEAM_SPEED 0 1
TEAM_SPEED 0 20
TEAM_SPEED 0 1
TEAM_SPEED 0 20
TEAM_SPEED 0 1
TEAM_SPEED 0 20
TEAM_SPEED 0 1
TEAM_SPEED 0 20
TEAM_SPEED 0 1
TEAM_SPEED 0 20
TEAM_SPEED 0 1
TEAM_SPEED 0 20
TEAM_SPEED 0 1
TEAM_SPEED 0 20
TEAM_SPEED 0 1
TEAM_SPEED 0 20
TEAM_SPEED 0 1
TEAM_SPEED 0 20
TEAM_SPEED 0 1
TEAM_SPEED 0 20
TEAM_SPEED 0 1
TEAM_SPEED 0 20
TEAM_SPEED 0 1
TEAM_SPEED 0 20
TEAM_SPEED 0 1
TEAM_SPEED 0 20
TEAM_SPEED 0 1
TEAM_SPEED 0 20
TEAM_SPEED 0 1
TEAM_SPEED 0 20
TEAM_SPEED 0 1
TEAM_SPEED 0 20
TEAM_SPEED 0 1
TEAM_SPEED 0 20
TEAM_SPEED 0 1
TEAM_SPEED 0 20
TEAM_SPEED 0 1
TEAM_SPEED 0 20
TEAM_SPEED 0 1
TEAM_SPEED 0 20
TEAM_SPEED 0 1
TEAM_SPEED 0 20
TEAM_SPEED 0 1
TEAM_SPEED 0 20
TEAM_SPEED 0 1
TEAM_SPEED 0 20
TEAM_SPEED 0 1
TEAM_SPEED 0 20
TEAM_SPEED 0 1
TEAM_SPEED 0 20
TEAM_SPEED 0 1
TEAM_SPEED 0 20
TEAM_SPEED 0 1
TEAM_SPEED 0 20
TEAM_SPEED 0 1
TEAM_SPEED 0 20
TEAM_SPEED 0 1
TEAM_SPEED 0 20
TEAM_SPEED 0 1
TEAM_SPEED 0 20
TEAM_SPEED 0 1
TEAM_SPEED 0 20
TEAM_SPEED 0 1
TEAM_SPEED 0 20
TEAM_SPEED 0 1
TEAM_SPEED 0 20
GAME_END
SETTING Record demo_recordings/game8p_2024-12-09-04-47.d8crec
SETTING AdvertiseOnInternet 0
SETTING SpectatorChatChannel 1
CLIENT_QUIT 9 2
TEAM_ABANDON 0
SCORE_BEGIN
SCORE_TEAM 0 134 9 Lord Haw Haw 
SCORE_TEAM 1 50 10 Player 1
SCORE_SIGNATURE_PLAYER 9 425333 Lord Haw Haw 
SCORE_END
SERVER_QUIT
TEAM_ABANDON 1
SERVER_START Dedcon 1.60.1.5 2024-10-19
CHARSET latin1
SERVER_START Dedcon 1.60.1.5 2024-10-19
CHARSET latin1
SERVER_START Dedcon 1.60.1.5 2024-10-19
CHARSET latin1
SERVER_START Dedcon 1.60.1.5 2024-10-19
CHARSET latin1
SCORE_BEGIN
SCORE_END
SERVER_QUIT
SERVER_START Dedcon 1.60.1.5 2024-10-19
CHARSET latin1
SERVER_START Dedcon 1.60.1.5 2024-10-19
CHARSET latin1
