CLIENT_NAME 6 DefconExpanded
SERVER_START Dedcon 1.6.0
CHARSET latin1
CLIENT_NEW 7 13225049 203.220.234.103 1.62 STEAM
TEAM_ENTER 0 7
TEAM_ALLIANCE 0 0
CLIENT_NAME 7 NewPlayer
CLIENT_QUIT 7 0
TEAM_LEAVE 0
SCORE_BEGIN
SCORE_END
SERVER_QUIT
CLIENT_NAME 6 DefconExpanded
SERVER_START Dedcon 1.6.0
CHARSET latin1
CLIENT_NEW 7 13225058 195.136.16.19 1.62 STEAM
TEAM_ENTER 0 7
TEAM_ALLIANCE 0 0
CLIENT_NAME 7 NewPlayer
CLIENT_QUIT 7 0
TEAM_LEAVE 0
SCORE_BEGIN
SCORE_END
SERVER_QUIT
CLIENT_NAME 6 DefconExpanded
SERVER_START Dedcon 1.6.0
CHARSET latin1
CLIENT_NEW 7 13225058 195.136.16.19 1.62 STEAM
TEAM_ENTER 0 7
TEAM_ALLIANCE 0 0
CLIENT_NAME 7 NewPlayer
CLIENT_QUIT 7 0
TEAM_LEAVE 0
SCORE_BEGIN
SCORE_END
SERVER_QUIT
CLIENT_NAME 6 DefconExpanded
SERVER_START Dedcon 1.6.0
CHARSET latin1
CLIENT_NEW 7 13225104 115.70.254.106 1.62 STEAM
TEAM_ENTER 0 7
TEAM_ALLIANCE 0 0
CLIENT_NAME 7 NATO
TEAM_TERRITORY 0 0
CLIENT_QUIT 7 0
TEAM_LEAVE 0
SCORE_BEGIN
SCORE_END
SERVER_QUIT
CLIENT_NAME 6 DefconExpanded
SERVER_START Dedcon 1.6.0
CHARSET latin1
CLIENT_NAME 6 DefconExpanded
SERVER_START Dedcon 1.6.0
CHARSET latin1
CLIENT_NAME 6 DefconExpanded
SERVER_START Dedcon 1.6.0
CHARSET latin1
CLIENT_NEW 7 13220935 212.3.196.4 1.62 STEAM
TEAM_ENTER 0 7
TEAM_ALLIANCE 0 0
CLIENT_NAME 7 NewPlayer
CLIENT_QUIT 7 0
TEAM_LEAVE 0
SCORE_BEGIN
SCORE_END
SERVER_QUIT
CLIENT_NAME 6 DefconExpanded
SERVER_START Dedcon 1.6.0
CHARSET latin1
CLIENT_NEW 7 13225636 164.70.142.41 1.62 STEAM
TEAM_ENTER 0 7
TEAM_ALLIANCE 0 0
CLIENT_NAME 7 NewPlayer
CLIENT_QUIT 7 0
TEAM_LEAVE 0
SCORE_BEGIN
SCORE_END
SERVER_QUIT
CLIENT_NAME 6 DefconExpanded
SERVER_START Dedcon 1.6.0
CHARSET latin1
CLIENT_NAME 6 DefconExpanded
SERVER_START Dedcon 1.6.0
CHARSET latin1
CLIENT_NAME 6 DefconExpanded
SERVER_START Dedcon 1.62 2024-10-19
CHARSET latin1
CLIENT_NAME 6 DefconExpanded
SERVER_START Dedcon 1.62 2024-10-19
CHARSET latin1
CLIENT_NAME 6 DefconExpanded
SERVER_START Dedcon 1.62 2024-10-19
CHARSET latin1
CLIENT_NEW 7 13226452 94.63.184.238 1.62 STEAM
TEAM_ENTER 0 7
TEAM_ALLIANCE 0 0 SWITCH
CLIENT_NAME 7 NewPlayer
CLIENT_QUIT 7 0
TEAM_LEAVE 0
SCORE_BEGIN
SCORE_END
SERVER_QUIT
CLIENT_NAME 6 DefconExpanded
SERVER_START Dedcon 1.62 2024-10-19
CHARSET latin1
CLIENT_NEW 7 13226452 94.63.184.238 1.62 STEAM
TEAM_ENTER 0 7
TEAM_ALLIANCE 0 0 SWITCH
CLIENT_NAME 7 NewPlayer
CLIENT_QUIT 7 0
TEAM_LEAVE 0
SCORE_BEGIN
SCORE_END
SERVER_QUIT
CLIENT_NAME 6 DefconExpanded
SERVER_START Dedcon 1.62 2024-10-19
CHARSET latin1
CLIENT_NEW 7 13226589 79.132.17.0 1.62 STEAM
TEAM_ENTER 0 7
TEAM_ALLIANCE 0 0 SWITCH
CLIENT_NAME 7 Kolinski
CLIENT_QUIT 7 0
TEAM_LEAVE 0
SCORE_BEGIN
SCORE_END
SERVER_QUIT
CLIENT_NAME 6 DefconExpanded
SERVER_START Dedcon 1.62 2024-10-19
CHARSET latin1
CLIENT_NEW 7 13226583 88.100.142.40 1.62 STEAM
TEAM_ENTER 0 7
TEAM_ALLIANCE 0 0 SWITCH
CLIENT_NAME 7 BURGUND
CLIENT_QUIT 7 0
TEAM_LEAVE 0
SCORE_BEGIN
SCORE_END
SERVER_QUIT
CLIENT_NAME 6 DefconExpanded
SERVER_START Dedcon 1.62 2024-10-19
CHARSET latin1
CLIENT_NEW 7 13226788 84.68.88.54 1.62 STEAM
TEAM_ENTER 0 7
TEAM_ALLIANCE 0 0 SWITCH
CLIENT_NAME 7 NewPlayer
CLIENT_QUIT 7 0
TEAM_LEAVE 0
SCORE_BEGIN
SCORE_END
SERVER_QUIT
CLIENT_NAME 6 DefconExpanded
SERVER_START Dedcon 1.62 2024-10-19
CHARSET latin1
CLIENT_NEW 7 13226829 97.70.141.2 1.62 STEAM
TEAM_ENTER 0 7
TEAM_ALLIANCE 0 0 SWITCH
CLIENT_NAME 7 NewPlayer
TEAM_TERRITORY 0 0
TEAM_TERRITORY 0 0
TEAM_TERRITORY 0 0
CLIENT_QUIT 7 0
TEAM_LEAVE 0
SCORE_BEGIN
SCORE_END
SERVER_QUIT
CLIENT_NAME 6 DefconExpanded
SERVER_START Dedcon 1.62 2024-10-19
CHARSET latin1
CLIENT_NEW 7 13226829 97.70.141.2 1.62 STEAM
TEAM_ENTER 0 7
TEAM_ALLIANCE 0 0 SWITCH
CLIENT_NAME 7 NewPlayer
CLIENT_QUIT 7 0
TEAM_LEAVE 0
SCORE_BEGIN
SCORE_END
SERVER_QUIT
CLIENT_NAME 6 DefconExpanded
SERVER_START Dedcon 1.62 2024-10-19
CHARSET latin1
CLIENT_NEW 7 13226832 86.1.105.81 1.62 STEAM
TEAM_ENTER 0 7
TEAM_ALLIANCE 0 0 SWITCH
CLIENT_NAME 7 NewPlayer
CLIENT_NEW 8 13226772 84.64.73.56 1.62 STEAM
TEAM_ENTER 1 8
TEAM_ALLIANCE 1 1 SWITCH
CLIENT_NAME 8 LadenBinKezza
TEAM_READY 1 1
TEAM_READY 1 0
TEAM_READY 1 1
TEAM_READY 1 0
TEAM_READY 1 1
TEAM_READY 1 0
TEAM_READY 1 1
TEAM_READY 1 0
TEAM_READY 1 1
TEAM_READY 1 0
CLIENT_QUIT 7 0
TEAM_LEAVE 0
CLIENT_QUIT 8 0
TEAM_LEAVE 1
SCORE_BEGIN
SCORE_END
SERVER_QUIT
CLIENT_NAME 6 DefconExpanded
SERVER_START Dedcon 1.62 2024-10-19
CHARSET latin1
CLIENT_NEW 7 13226832 86.1.105.81 1.62 STEAM
TEAM_ENTER 0 7
TEAM_ALLIANCE 0 0 SWITCH
CLIENT_NAME 7 NewPlayer
CLIENT_NEW 8 13226772 84.64.73.56 1.62 STEAM
TEAM_ENTER 1 8
TEAM_ALLIANCE 1 1 SWITCH
CLIENT_NAME 8 LadenBinKezza
CLIENT_QUIT 8 0
TEAM_LEAVE 1
CLIENT_NEW 9 13083098 93.44.159.30 1.62 STEAM
TEAM_ENTER 1 9
TEAM_ALLIANCE 1 1 SWITCH
CLIENT_NAME 9 pao bao
TEAM_READY 0 1
TEAM_READY 1 1
TEAM_TERRITORY 0 3
TEAM_TERRITORY 1 0
RANKED 1
SETTING CaseSensitive 0
SETTING TotalBandwidth 75000
SETTING PlayerBandwidth 10000
SETTING ServerLANIP 116.203.228.110
SETTING ServerPort 5017
SETTING MaxSpectators 15
SETTING SpectatorChatChannel 1
SETTING TeamSwitching 0
SETTING WorldScale 100
SETTING VariableUnitCounts 0
SETTING MaxGameRealTime 0
SETTING VictoryTimer 45
SETTING VictoryTrigger 20
SETTING ScoreMode 0
SETTING SlowestSpeed 1
SETTING GameSpeed 0
SETTING RadarSharing 1
SETTING PermitDefection 0
SETTING RandomTerritories 0
SETTING CityPopulations 0
SETTING PopulationPerTerritory 100
SETTING CitiesPerTerritory 25
SETTING TerritoriesPerTeam 1
SETTING MaxTeams 2
SETTING GameMode 0
SETTING AdvertiseOnLAN 1
SETTING AdvertiseOnInternet 1
SETTING ServerName New Players Welcome | Come and play!
SETTING KickVoteMin 2
SETTING DropCourtesy -1
SETTING ReadyVoteDelay 90
SETTING GhostProtection 1
SETTING AdvertisePlayers 2
GAME_START
TEAM_SPEED 1 1
TEAM_SPEED 1 5
TEAM_SPEED 1 5
TEAM_SPEED 1 1
TEAM_SPEED 1 1
TEAM_SPEED 1 5
TEAM_SPEED 1 5
TEAM_SPEED 1 10
TEAM_SPEED 1 10
TEAM_SPEED 1 5
TEAM_SPEED 1 10
TEAM_SPEED 1 20
CLIENT_NEW 10 13226772 84.64.73.56 1.62 STEAM
CLIENT_QUIT 9 0
TEAM_ABANDON 1
CLIENT_OUT_OF_SYNC 7
CLIENT_OUT_OF_SYNC 10
CLIENT_BACK_IN_SYNC 10
CLIENT_QUIT 10 0
CLIENT_QUIT 7 2
CLIENT_BACK_IN_SYNC 7
TEAM_ABANDON 0
GAME_END
SCORE_BEGIN
SCORE_TEAM 1 197 9 pao bao
SCORE_TEAM 0 -98 7 NewPlayer
SCORE_SIGNATURE_SPECTATOR 10 13226772 LadenBinKezza
SCORE_END
SERVER_QUIT
CLIENT_NAME 6 DefconExpanded
SERVER_START Dedcon 1.62 2024-10-19
CHARSET latin1
CLIENT_NAME 6 DefconExpanded
SERVER_START Dedcon 1.62 2024-10-19
CHARSET latin1
CLIENT_NEW 7 13226955 68.148.100.124 1.62 STEAM
TEAM_ENTER 0 7
TEAM_ALLIANCE 0 0 SWITCH
CLIENT_NAME 7 NewPlayer
CLIENT_QUIT 7 0
TEAM_LEAVE 0
SCORE_BEGIN
SCORE_END
SERVER_QUIT
CLIENT_NAME 6 DefconExpanded
SERVER_START Dedcon 1.62 2024-10-19
CHARSET latin1
CLIENT_NEW 7 13013716 79.136.166.130 1.62 STEAM
TEAM_ENTER 0 7
TEAM_ALLIANCE 0 0 SWITCH
CLIENT_NAME 7 karton.
CLIENT_QUIT 7 0
TEAM_LEAVE 0
SCORE_BEGIN
SCORE_END
SERVER_QUIT
CLIENT_NAME 6 DefconExpanded
SERVER_START Dedcon 1.62 2024-10-19
CHARSET latin1
CLIENT_NEW 7 13227317 86.140.184.37 1.62 STEAM
TEAM_ENTER 0 7
TEAM_ALLIANCE 0 0 SWITCH
CLIENT_NAME 7 NewPlayer
CLIENT_QUIT 7 0
TEAM_LEAVE 0
SCORE_BEGIN
SCORE_END
SERVER_QUIT
CLIENT_NAME 6 DefconExpanded
SERVER_START Dedcon 1.62 2024-10-19
CHARSET latin1
CLIENT_NEW 7 2935630 5.202.109.227 1.6
TEAM_ENTER 0 7
TEAM_ALLIANCE 0 0 SWITCH
CLIENT_NAME 7 NewPlayer
CLIENT_QUIT 7 0
TEAM_LEAVE 0
SCORE_BEGIN
SCORE_END
SERVER_QUIT
CLIENT_NAME 6 DefconExpanded
SERVER_START Dedcon 1.62 2024-10-19
CHARSET latin1
SCORE_BEGIN
SCORE_END
SERVER_QUIT
CLIENT_NAME 6 DefconExpanded
SERVER_START Dedcon 1.62 2024-10-19
CHARSET latin1
CLIENT_NEW 7 13227696 97.130.163.94 1.62 STEAM
TEAM_ENTER 0 7
TEAM_ALLIANCE 0 0 SWITCH
CLIENT_NAME 7 NewPlayer
TEAM_ALLIANCE 0 4 SWITCH
CLIENT_QUIT 7 0
TEAM_LEAVE 0
SCORE_BEGIN
SCORE_END
SERVER_QUIT
CLIENT_NAME 6 DefconExpanded
SERVER_START Dedcon 1.62 2024-10-19
CHARSET latin1
CLIENT_NEW 7 13228456 173.66.184.46 1.62 STEAM
TEAM_ENTER 0 7
TEAM_ALLIANCE 0 0 SWITCH
CLIENT_NAME 7 NewPlayer
CLIENT_QUIT 7 0
TEAM_LEAVE 0
SCORE_BEGIN
SCORE_END
SERVER_QUIT
CLIENT_NAME 6 DefconExpanded
SERVER_START Dedcon 1.62 2024-10-19
CHARSET latin1
CLIENT_NAME 6 DefconExpanded
SERVER_START Dedcon 1.62 2024-10-19
CHARSET latin1
SCORE_BEGIN
SCORE_END
SERVER_QUIT
CLIENT_NAME 6 DefconExpanded
SERVER_START Dedcon 1.62 2024-10-19
CHARSET latin1
CLIENT_NAME 6 DefconExpanded
SERVER_START Dedcon 1.62 2024-10-19
CHARSET latin1
CLIENT_NAME 6 DefconExpanded
SERVER_START Dedcon 1.62 2024-10-19
CHARSET latin1
SCORE_BEGIN
SCORE_END
SERVER_QUIT
CLIENT_NAME 6 DefconExpanded
SERVER_START Dedcon 1.62 2024-10-19
CHARSET latin1
CLIENT_NEW 7 8102348 178.70.134.42 1.62 STEAM
TEAM_ENTER 0 7
CLIENT_NAME 7 raizer
CLIENT_NEW 8 13228620 66.177.11.5 1.62 STEAM
TEAM_ENTER 1 8
CLIENT_NAME 8 Corporation
CLIENT_QUIT 8 1
TEAM_LEAVE 1
CLIENT_QUIT 7 0
TEAM_LEAVE 0
SCORE_BEGIN
SCORE_END
SERVER_QUIT
CLIENT_NAME 6 DefconExpanded
SERVER_START Dedcon 1.62 2024-10-19
CHARSET latin1
CLIENT_NEW 7 8102348 178.70.134.42 1.62 STEAM
TEAM_ENTER 0 7
CLIENT_NAME 7 raizer
CLIENT_NEW 8 13228190 89.247.174.245 1.64 STEAM
TEAM_ENTER 1 8
CLIENT_NAME 8 K2
TEAM_ALLIANCE 1 1 SWITCH
TEAM_ALLIANCE 0 3 SWITCH
TEAM_READY 1 1
TEAM_READY 1 0
TEAM_ALLIANCE 1 0 SWITCH
TEAM_READY 1 1
TEAM_TERRITORY 0 3
TEAM_TERRITORY 0 3
TEAM_TERRITORY 0 3
TEAM_TERRITORY 0 3
TEAM_READY 1 1
TEAM_READY 1 0
TEAM_TERRITORY 1 2
TEAM_READY 1 1
TEAM_TERRITORY 0 3
TEAM_READY 1 1
TEAM_READY 0 1
RANKED 1
SETTING CaseSensitive 0
SETTING TotalBandwidth 75000
SETTING PlayerBandwidth 10000
SETTING ServerLANIP 116.203.228.110
SETTING ServerPort 5017
SETTING MaxSpectators 15
SETTING SpectatorChatChannel 1
SETTING TeamSwitching 0
SETTING WorldScale 100
SETTING VariableUnitCounts 0
SETTING MaxGameRealTime 0
SETTING VictoryTimer 45
SETTING VictoryTrigger 20
SETTING ScoreMode 0
SETTING SlowestSpeed 1
SETTING GameSpeed 0
SETTING RadarSharing 1
SETTING PermitDefection 0
SETTING RandomTerritories 0
SETTING CityPopulations 0
SETTING PopulationPerTerritory 100
SETTING CitiesPerTerritory 25
SETTING TerritoriesPerTeam 1
SETTING MaxTeams 2
SETTING GameMode 0
SETTING AdvertiseOnLAN 1
SETTING AdvertiseOnInternet 1
SETTING ServerName New Players Welcome | Come and play!
SETTING KickVoteMin 2
SETTING DropCourtesy -1
SETTING AllianceSize 1
SETTING ReadyVoteDelay 90
SETTING GhostProtection 1
SETTING AdvertisePlayers 2
GAME_START
TEAM_SPEED 0 1
TEAM_SPEED 1 1
TEAM_SPEED 1 1
TEAM_SPEED 1 5
TEAM_SPEED 1 5
TEAM_SPEED 1 5
TEAM_SPEED 1 5
TEAM_SPEED 0 5
TEAM_SPEED 0 1
TEAM_SPEED 1 1
TEAM_SPEED 1 5
TEAM_SPEED 1 1
TEAM_SPEED 1 1
TEAM_SPEED 1 5
TEAM_SPEED 1 5
TEAM_SPEED 1 5
TEAM_SPEED 0 5
TEAM_SPEED 0 1
TEAM_SPEED 0 5
TEAM_SPEED 0 1
TEAM_SPEED 0 5
TEAM_SPEED 0 1
TEAM_SPEED 0 5
TEAM_SPEED 1 1
TEAM_SPEED 0 1
TEAM_SPEED 1 5
TEAM_SPEED 1 5
TEAM_SPEED 0 5
TEAM_SPEED 0 1
TEAM_SPEED 0 5
TEAM_SPEED 0 1
TEAM_SPEED 1 5
TEAM_SPEED 1 5
TEAM_SPEED 0 5
TEAM_SPEED 0 20
TEAM_SPEED 1 10
TEAM_SPEED 1 10
TEAM_SPEED 0 20
TEAM_SPEED 1 20
GAME_END
SETTING Record demo_recordings/game_2024-11-07-21-47.dcrec
SETTING AdvertiseOnInternet 0
CLIENT_QUIT 7 0
TEAM_ABANDON 0
CLIENT_QUIT 8 0
TEAM_ABANDON 1
SCORE_BEGIN
SCORE_TEAM 1 157 8 K2
SCORE_TEAM 0 -29 7 raizer
SCORE_SIGNATURE_PLAYER 8 13228190 K2
SCORE_SIGNATURE_PLAYER 7 8102348 raizer
SCORE_END
SERVER_QUIT
CLIENT_NAME 6 DefconExpanded
SERVER_START Dedcon 1.62 2024-10-19
CHARSET latin1
CLIENT_NEW 7 8102348 178.70.134.42 1.62 STEAM
TEAM_ENTER 0 7
CLIENT_NAME 7 raizer
CLIENT_NEW 8 13228190 89.247.174.245 1.64 STEAM
TEAM_ENTER 1 8
CLIENT_NAME 8 K2
TEAM_TERRITORY 1 0
TEAM_TERRITORY 0 3
TEAM_ALLIANCE 1 1 SWITCH
TEAM_ALLIANCE 0 3 SWITCH
TEAM_READY 1 1
TEAM_READY 1 0
TEAM_ALLIANCE 1 0 SWITCH
TEAM_READY 1 1
TEAM_ALLIANCE 0 1 SWITCH
TEAM_READY 1 1
TEAM_READY 0 1
RANKED 1
SETTING CaseSensitive 0
SETTING TotalBandwidth 75000
SETTING PlayerBandwidth 10000
SETTING ServerLANIP 116.203.228.110
SETTING ServerPort 5017
SETTING MaxSpectators 15
SETTING SpectatorChatChannel 1
SETTING TeamSwitching 0
SETTING WorldScale 100
SETTING VariableUnitCounts 0
SETTING MaxGameRealTime 0
SETTING VictoryTimer 45
SETTING VictoryTrigger 20
SETTING ScoreMode 0
SETTING SlowestSpeed 1
SETTING GameSpeed 0
SETTING RadarSharing 1
SETTING PermitDefection 0
SETTING RandomTerritories 0
SETTING CityPopulations 0
SETTING PopulationPerTerritory 100
SETTING CitiesPerTerritory 25
SETTING TerritoriesPerTeam 1
SETTING MaxTeams 2
SETTING GameMode 0
SETTING AdvertiseOnLAN 1
SETTING AdvertiseOnInternet 1
SETTING ServerName New Players Welcome | Come and play!
SETTING KickVoteMin 2
SETTING DropCourtesy -1
SETTING AllianceSize 1
SETTING ReadyVoteDelay 90
SETTING GhostProtection 1
SETTING AdvertisePlayers 2
GAME_START
TEAM_SPEED 0 1
CLIENT_NEW 9 13228672 79.175.76.172 1.62 STEAM
CLIENT_NAME 9 Charlie
CLIENT_QUIT 9 0
TEAM_SPEED 1 1
TEAM_SPEED 0 5
TEAM_SPEED 1 5
TEAM_SPEED 0 1
TEAM_SPEED 1 5
TEAM_SPEED 0 5
TEAM_SPEED 0 1
TEAM_SPEED 0 5
TEAM_SPEED 0 5
TEAM_SPEED 0 1
TEAM_SPEED 0 5
TEAM_SPEED 1 1
TEAM_SPEED 1 5
TEAM_SPEED 0 1
TEAM_SPEED 1 5
TEAM_SPEED 0 5
TEAM_SPEED 0 1
TEAM_SPEED 1 1
TEAM_SPEED 1 1
TEAM_SPEED 1 5
TEAM_SPEED 1 5
TEAM_SPEED 0 5
TEAM_SPEED 0 1
TEAM_SPEED 1 5
TEAM_SPEED 0 5
TEAM_SPEED 0 1
TEAM_SPEED 1 1
TEAM_SPEED 1 1
TEAM_SPEED 1 5
TEAM_SPEED 1 5
TEAM_SPEED 1 5
TEAM_SPEED 1 5
TEAM_SPEED 0 5
TEAM_SPEED 1 1
TEAM_SPEED 1 1
TEAM_SPEED 1 5
TEAM_SPEED 1 5
TEAM_SPEED 1 5
TEAM_SPEED 0 1
TEAM_SPEED 0 5
TEAM_SPEED 0 1
TEAM_SPEED 0 5
TEAM_SPEED 1 1
TEAM_SPEED 1 5
TEAM_SPEED 1 1
TEAM_SPEED 1 1
TEAM_SPEED 1 5
TEAM_SPEED 1 5
TEAM_SPEED 1 5
TEAM_SPEED 0 1
TEAM_SPEED 1 5
TEAM_SPEED 0 5
TEAM_SPEED 0 1
TEAM_SPEED 0 5
TEAM_SPEED 0 1
TEAM_SPEED 0 5
TEAM_SPEED 0 1
TEAM_SPEED 0 5
TEAM_SPEED 0 1
TEAM_SPEED 0 5
TEAM_SPEED 0 1
TEAM_SPEED 0 5
TEAM_SPEED 0 1
TEAM_SPEED 0 5
CLIENT_NAME 8 beni
CLIENT_QUIT 7 0
TEAM_ABANDON 0
TEAM_RECONNECT 0 7
CLIENT_NEW 7 8102348 178.70.134.42 1.62 STEAM
TEAM_SPEED 1 1
TEAM_SPEED 1 5
TEAM_SPEED 1 1
TEAM_SPEED 0 1
TEAM_SPEED 1 5
TEAM_SPEED 1 1
TEAM_SPEED 0 5
TEAM_SPEED 0 10
TEAM_SPEED 1 5
TEAM_SPEED 0 1
TEAM_SPEED 0 5
TEAM_SPEED 0 10
TEAM_SPEED 0 20
TEAM_SPEED 1 10
TEAM_SPEED 1 10
TEAM_SPEED 1 10
TEAM_SPEED 1 20
TEAM_SPEED 1 20
TEAM_SPEED 1 20
TEAM_SPEED 1 5
TEAM_SPEED 1 20
TEAM_SPEED 0 1
CLIENT_NEW 10 13228722 47.204.201.161 1.62 STEAM
TEAM_SPEED 0 20
CLIENT_QUIT 10 0
GAME_END
SETTING Record demo_recordings/game_2024-11-07-22-42.dcrec
SETTING AdvertiseOnInternet 0
SETTING RadarSharing 1
SETTING GameSpeed 0
SETTING VariableUnitCounts 0
SETTING WorldScale 100
SETTING TeamSwitching 0
CLIENT_QUIT 8 0
TEAM_ABANDON 1
CLIENT_QUIT 7 0
TEAM_ABANDON 0
SCORE_BEGIN
SCORE_TEAM 1 135 8 beni
SCORE_TEAM 0 -4 7 raizer
SCORE_SIGNATURE_PLAYER 7 8102348 raizer
SCORE_SIGNATURE_PLAYER 8 13228190 beni
SCORE_END
SERVER_QUIT
CLIENT_NAME 6 DefconExpanded
SERVER_START Dedcon 1.62 2024-10-19
CHARSET latin1
CLIENT_NAME 6 DefconExpanded
SERVER_START Dedcon 1.62 2024-10-19
CHARSET latin1
CLIENT_NEW 7 DEMO 84.68.77.251 1.62 STEAM
TEAM_ENTER 0 7
TEAM_ALLIANCE -1 0 SWITCH
CLIENT_NAME 7 LadenBinKezza_2
CLIENT_NEW 8 13228528 84.68.77.251 1.62 STEAM
TEAM_ENTER 1 8
TEAM_ALLIANCE -1 1 SWITCH
CLIENT_NAME 8 LadenBinKezza
TEAM_READY 1 1
TEAM_READY 0 1
TEAM_TERRITORY 0 3
TEAM_TERRITORY 1 0
RANKED 1
SETTING CaseSensitive 0
SETTING TotalBandwidth 75000
SETTING PlayerBandwidth 10000
SETTING ServerLANIP 116.203.228.110
SETTING ServerPort 5018
SETTING MaxSpectators 15
SETTING SpectatorChatChannel 1
SETTING TeamSwitching 0
SETTING WorldScale 100
SETTING VariableUnitCounts 0
SETTING MaxGameRealTime 0
SETTING VictoryTimer 45
SETTING VictoryTrigger 20
SETTING ScoreMode 0
SETTING SlowestSpeed 1
SETTING GameSpeed 0
SETTING RadarSharing 1
SETTING PermitDefection 0
SETTING RandomTerritories 0
SETTING CityPopulations 0
SETTING PopulationPerTerritory 100
SETTING CitiesPerTerritory 25
SETTING TerritoriesPerTeam 1
SETTING MaxTeams 2
SETTING GameMode 0
SETTING AdvertiseOnLAN 1
SETTING AdvertiseOnInternet 1
SETTING ServerName New Players Welcome | Come and play!
SETTING KickVoteMin 2
SETTING DropCourtesy -1
SETTING AllianceSize 1
SETTING ReadyVoteDelay 90
SETTING GhostProtection 1
SETTING AdvertisePlayers 2
GAME_START
TEAM_SPEED 0 20
TEAM_SPEED 1 20
CLIENT_QUIT 8 0
TEAM_ABANDON 1
TEAM_RECONNECT 1 8
TEAM_ALLIANCE 1 1 REJOIN
CLIENT_NEW 8 13228528 84.68.77.251 1.62 STEAM
CLIENT_QUIT 8 0
TEAM_ABANDON 1
TEAM_RECONNECT 1 8
TEAM_ALLIANCE 1 1 REJOIN
CLIENT_NEW 8 13228528 84.68.77.251 1.62 STEAM
TEAM_SPEED 1 20
TEAM_SPEED 0 20
CLIENT_QUIT 7 0
TEAM_ABANDON 0
TEAM_RECONNECT 0 7
TEAM_ALLIANCE 0 0 REJOIN
CLIENT_NEW 7 DEMO 84.68.77.251 1.62 STEAM
CLIENT_QUIT 7 0
TEAM_ABANDON 0
TEAM_RECONNECT 0 7
TEAM_ALLIANCE 0 0 REJOIN
CLIENT_NEW 7 DEMO 84.68.77.251 1.62 STEAM
TEAM_SPEED 0 20
TEAM_SPEED 1 20
GAME_END
SETTING Record demo_recordings/game_2024-11-08-04-45.dcrec
SETTING AdvertiseOnInternet 0
SETTING RadarSharing 1
SETTING GameSpeed 0
SETTING VariableUnitCounts 0
SETTING WorldScale 100
SETTING TeamSwitching 0
CLIENT_QUIT 7 2
TEAM_ABANDON 0
CLIENT_QUIT 8 2
TEAM_ABANDON 1
SCORE_BEGIN
SCORE_TEAM 0 -52 7 
SCORE_TEAM 1 -52 8 
SCORE_SIGNATURE_PLAYER 7 DEMO 
SCORE_SIGNATURE_PLAYER 8 13228528 
SCORE_END
SERVER_QUIT
CLIENT_NAME 6 DefconExpanded
SERVER_START Dedcon 1.62 2024-10-19
CHARSET latin1
CLIENT_NEW 7 13228813 119.17.157.169 1.62 STEAM
TEAM_ENTER 0 7
TEAM_ALLIANCE -1 0 SWITCH
CLIENT_NAME 7 NewPlayer
TEAM_TERRITORY 0 0
CLIENT_QUIT 7 0
TEAM_LEAVE 0
SCORE_BEGIN
SCORE_END
SERVER_QUIT
CLIENT_NAME 6 DefconExpanded
SERVER_START Dedcon 1.62 2024-10-19
CHARSET latin1
CLIENT_NEW 7 13229101 192.24.239.20 1.62 STEAM
TEAM_ENTER 0 7
TEAM_ALLIANCE -1 0 SWITCH
CLIENT_NAME 7 NewPlayer_2
TEAM_ALLIANCE 0 2 SWITCH
CLIENT_NAME 7 Livvie
TEAM_TERRITORY 0 0
CLIENT_NEW 8 DEMO 71.47.166.217 1.6
TEAM_ENTER 1 8
TEAM_ALLIANCE -1 0 SWITCH
CLIENT_NAME 8 NewPlayer
TEAM_READY 1 1
TEAM_READY 0 1
TEAM_TERRITORY 1 1
RANKED 1
SETTING CaseSensitive 0
SETTING TotalBandwidth 75000
SETTING PlayerBandwidth 10000
SETTING ServerLANIP 116.203.228.110
SETTING ServerPort 5018
SETTING MaxSpectators 15
SETTING SpectatorChatChannel 1
SETTING TeamSwitching 0
SETTING WorldScale 100
SETTING VariableUnitCounts 0
SETTING MaxGameRealTime 0
SETTING VictoryTimer 45
SETTING VictoryTrigger 20
SETTING ScoreMode 0
SETTING SlowestSpeed 1
SETTING GameSpeed 0
SETTING RadarSharing 1
SETTING PermitDefection 0
SETTING RandomTerritories 0
SETTING CityPopulations 0
SETTING PopulationPerTerritory 100
SETTING CitiesPerTerritory 25
SETTING TerritoriesPerTeam 1
SETTING MaxTeams 2
SETTING GameMode 0
SETTING AdvertiseOnLAN 1
SETTING AdvertiseOnInternet 1
SETTING ServerName New Players Welcome | Come and play!
SETTING KickVoteMin 2
SETTING DropCourtesy -1
SETTING AllianceSize 1
SETTING ReadyVoteDelay 90
SETTING GhostProtection 1
SETTING AdvertisePlayers 2
GAME_START
TEAM_SPEED 1 1
TEAM_SPEED 1 5
TEAM_SPEED 1 1
TEAM_SPEED 1 5
CLIENT_NEW 9 13229104 84.68.77.251 1.62 STEAM
CLIENT_NAME 9 LadenBinKezza
TEAM_SPEED 0 10
TEAM_SPEED 0 10
TEAM_SPEED 0 10
TEAM_SPEED 0 10
TEAM_SPEED 0 10
TEAM_SPEED 0 10
TEAM_SPEED 0 10
TEAM_SPEED 0 10
TEAM_SPEED 0 20
TEAM_SPEED 0 20
CLIENT_QUIT 7 0
TEAM_ABANDON 0
TEAM_SPEED 1 20
CLIENT_QUIT 8 0
TEAM_ABANDON 1
GAME_END
SETTING Record demo_recordings/game_2024-11-08-08-52.dcrec
SETTING AdvertiseOnInternet 0
SETTING RadarSharing 1
SETTING GameSpeed 0
SETTING VariableUnitCounts 0
SETTING WorldScale 100
SETTING TeamSwitching 0
CLIENT_QUIT 9 2
SCORE_BEGIN
SCORE_TEAM 1 134 8 NewPlayer
SCORE_TEAM 0 -13 7 Livvie
SCORE_SIGNATURE_SPECTATOR 9 13229104 LadenBinKezza
SCORE_END
SERVER_QUIT
CLIENT_NAME 6 DefconExpanded
SERVER_START Dedcon 1.62 2024-10-19
CHARSET latin1
CLIENT_NAME 6 DefconExpanded
SERVER_START Dedcon 1.62 2024-10-19
CHARSET latin1
CLIENT_NEW 7 DEMO 213.109.66.144 1.51 ru rtl
TEAM_ENTER 0 7
TEAM_ALLIANCE 0 0 SWITCH
CLIENT_NAME 7 NewPlayer
TEAM_TERRITORY 0 4
TEAM_TERRITORY 0 4
TEAM_TERRITORY 0 3
TEAM_TERRITORY 0 3
TEAM_TERRITORY 0 4
TEAM_TERRITORY 0 4
TEAM_TERRITORY 0 3
TEAM_TERRITORY 0 3
TEAM_TERRITORY 0 2
TEAM_TERRITORY 0 2
TEAM_TERRITORY 0 5
TEAM_TERRITORY 0 5
TEAM_TERRITORY 0 1
TEAM_TERRITORY 0 1
TEAM_TERRITORY 0 0
TEAM_TERRITORY 0 0
TEAM_TERRITORY 0 4
TEAM_TERRITORY 0 4
TEAM_TERRITORY 0 1
TEAM_TERRITORY 0 1
TEAM_TERRITORY 0 4
TEAM_TERRITORY 0 4
TEAM_TERRITORY 0 3
TEAM_TERRITORY 0 3
TEAM_TERRITORY 0 1
TEAM_TERRITORY 0 1
TEAM_TERRITORY 0 4
TEAM_TERRITORY 0 4
TEAM_TERRITORY 0 3
TEAM_TERRITORY 0 3
TEAM_TERRITORY 0 1
TEAM_TERRITORY 0 1
TEAM_TERRITORY 0 4
TEAM_TERRITORY 0 4
TEAM_TERRITORY 0 3
TEAM_TERRITORY 0 3
TEAM_TERRITORY 0 4
CLIENT_QUIT 7 0
TEAM_LEAVE 0
SCORE_BEGIN
SCORE_END
SERVER_QUIT
CLIENT_NAME 6 DefconExpanded
SERVER_START Dedcon 1.62 2024-10-19
CHARSET latin1
CLIENT_NAME 6 DefconExpanded
SERVER_START Dedcon 1.62 2024-10-19
CHARSET latin1
CLIENT_NEW 7 13229162 81.205.83.121 1.64 STEAM
TEAM_ENTER 0 7
TEAM_ALLIANCE 0 0 SWITCH
CLIENT_NAME 7 Ben
TEAM_ALLIANCE 0 4 SWITCH
TEAM_TERRITORY 0 2
CLIENT_QUIT 7 0
TEAM_LEAVE 0
SCORE_BEGIN
SCORE_END
SERVER_QUIT
CLIENT_NAME 6 DefconExpanded
SERVER_START Dedcon 1.62 2024-10-19
CHARSET latin1
CLIENT_NEW 7 13229162 81.205.83.121 1.64 STEAM
TEAM_ENTER 0 7
TEAM_ALLIANCE 0 0 SWITCH
CLIENT_NAME 7 Ben
TEAM_ALLIANCE 0 4 SWITCH
TEAM_TERRITORY 0 2
CLIENT_QUIT 7 0
TEAM_LEAVE 0
SCORE_BEGIN
SCORE_END
SERVER_QUIT
CLIENT_NAME 6 DefconExpanded
SERVER_START Dedcon 1.62 2024-10-19
CHARSET latin1
CLIENT_NEW 7 13229176 77.8.63.60 1.62 STEAM
TEAM_ENTER 0 7
TEAM_ALLIANCE 0 0 SWITCH
CLIENT_NAME 7 NewPlayer
TEAM_TERRITORY 0 0
TEAM_TERRITORY 0 0
TEAM_TERRITORY 0 1
CLIENT_NEW 8 13229169 82.78.21.78 1.62 STEAM
TEAM_ENTER 1 8
TEAM_ALLIANCE 1 1 SWITCH
CLIENT_NAME 8 NewPlayer_2
TEAM_READY 0 1
CLIENT_QUIT 8 0
TEAM_LEAVE 1
CLIENT_QUIT 7 0
TEAM_LEAVE 0
SCORE_BEGIN
SCORE_END
SERVER_QUIT
CLIENT_NAME 6 DefconExpanded
SERVER_START Dedcon 1.62 2024-10-19
CHARSET latin1
CLIENT_NEW 7 13229104 84.68.77.251 1.62 STEAM
TEAM_ENTER 0 7
TEAM_ALLIANCE 0 0 SWITCH
CLIENT_NAME 7 LadenBinKezza
CLIENT_QUIT 7 0
TEAM_LEAVE 0
SCORE_BEGIN
SCORE_END
SERVER_QUIT
CLIENT_NAME 6 DefconExpanded
SERVER_START Dedcon 1.62 2024-10-19
CHARSET latin1
CLIENT_NEW 7 13229330 69.174.145.67 1.62 STEAM
TEAM_ENTER 0 7
TEAM_ALLIANCE 0 0 SWITCH
CLIENT_NAME 7 NewPlayer
CLIENT_QUIT 7 0
TEAM_LEAVE 0
SCORE_BEGIN
SCORE_END
SERVER_QUIT
CLIENT_NAME 6 DefconExpanded
SERVER_START Dedcon 1.62 2024-10-19
CHARSET latin1
CLIENT_NEW 7 13229104 84.68.77.251 1.62 STEAM
TEAM_ENTER 0 7
TEAM_ALLIANCE 0 0 SWITCH
CLIENT_NAME 7 LadenBinKezza
CLIENT_QUIT 7 0
TEAM_LEAVE 0
SCORE_BEGIN
SCORE_END
SERVER_QUIT
CLIENT_NAME 6 DefconExpanded
SERVER_START Dedcon 1.62 2024-10-19
CHARSET latin1
CLIENT_NEW 7 13116759 186.224.129.150 1.62 STEAM
TEAM_ENTER 0 7
TEAM_ALLIANCE 0 0 SWITCH
CLIENT_NAME 7 UnaTsarbomber
CLIENT_QUIT 7 0
TEAM_LEAVE 0
SCORE_BEGIN
SCORE_END
SERVER_QUIT
CLIENT_NAME 6 DefconExpanded
SERVER_START Dedcon 1.62 2024-10-19
CHARSET latin1
CLIENT_NEW 7 13229414 206.83.123.178 1.62 STEAM
TEAM_ENTER 0 7
TEAM_ALLIANCE 0 0 SWITCH
CLIENT_NAME 7 NewPlayer
CLIENT_QUIT 7 0
TEAM_LEAVE 0
SCORE_BEGIN
SCORE_END
SERVER_QUIT
CLIENT_NAME 6 DefconExpanded
SERVER_START Dedcon 1.62 2024-10-19
CHARSET latin1
CLIENT_NEW 7 13217291 99.36.23.87 1.62 STEAM
TEAM_ENTER 0 7
TEAM_ALLIANCE 0 0 SWITCH
CLIENT_NAME 7 NewPlayer
CLIENT_QUIT 7 0
TEAM_LEAVE 0
SCORE_BEGIN
SCORE_END
SERVER_QUIT
CLIENT_NAME 6 DefconExpanded
SERVER_START Dedcon 1.62 2024-10-19
CHARSET latin1
CLIENT_NEW 7 13229326 79.139.255.192 1.62 STEAM
TEAM_ENTER 0 7
TEAM_ALLIANCE 0 0 SWITCH
CLIENT_NAME 7 NewPlayer
CLIENT_QUIT 7 0
TEAM_LEAVE 0
SCORE_BEGIN
SCORE_END
SERVER_QUIT
CLIENT_NAME 6 DefconExpanded
SERVER_START Dedcon 1.62 2024-10-19
CHARSET latin1
CLIENT_NEW 7 13229326 79.139.255.192 1.62 STEAM
TEAM_ENTER 0 7
TEAM_ALLIANCE 0 0 SWITCH
CLIENT_NAME 7 NewPlayer
CLIENT_QUIT 7 0
TEAM_LEAVE 0
SCORE_BEGIN
SCORE_END
SERVER_QUIT
CLIENT_NAME 6 DefconExpanded
SERVER_START Dedcon 1.62 2024-10-19
CHARSET latin1
CLIENT_NEW 7 13230009 67.191.97.64 1.62 STEAM
TEAM_ENTER 0 7
TEAM_ALLIANCE 0 0 SWITCH
CLIENT_NAME 7 Corporation
CLIENT_QUIT 7 0
TEAM_LEAVE 0
SCORE_BEGIN
SCORE_END
SERVER_QUIT
CLIENT_NAME 6 DefconExpanded
SERVER_START Dedcon 1.62 2024-10-19
CHARSET latin1
CLIENT_NEW 7 13229711 217.46.118.214 1.62 STEAM
TEAM_ENTER 0 7
TEAM_ALLIANCE 0 0 SWITCH
CLIENT_NAME 7 LadenBinKezza
CLIENT_NEW 8 425333 98.122.186.54 1.6
TEAM_ENTER 1 8
TEAM_ALLIANCE 1 1 SWITCH
CLIENT_NAME 8 Lord Haw Haw 
CLIENT_NEW 9 13230007 71.198.137.202 1.62 STEAM
TEAM_LEAVE 1
TEAM_ENTER 1 9
TEAM_ALLIANCE 1 1 SWITCH
CLIENT_NAME 9 Keaor
TEAM_ALLIANCE 1 3 SWITCH
TEAM_TERRITORY 0 0
TEAM_TERRITORY 1 2
TEAM_TERRITORY 1 2
TEAM_TERRITORY 1 5
TEAM_ALLIANCE 0 5 SWITCH
TEAM_READY 0 1
TEAM_READY 1 1
RANKED 1
SETTING CaseSensitive 0
SETTING TotalBandwidth 75000
SETTING PlayerBandwidth 10000
SETTING ServerLANIP 116.203.228.110
SETTING ServerPort 5018
SETTING MaxSpectators 15
SETTING SpectatorChatChannel 1
SETTING TeamSwitching 0
SETTING WorldScale 100
SETTING VariableUnitCounts 0
SETTING MaxGameRealTime 0
SETTING VictoryTimer 45
SETTING VictoryTrigger 20
SETTING ScoreMode 0
SETTING SlowestSpeed 1
SETTING GameSpeed 0
SETTING RadarSharing 1
SETTING PermitDefection 0
SETTING RandomTerritories 0
SETTING CityPopulations 0
SETTING PopulationPerTerritory 100
SETTING CitiesPerTerritory 25
SETTING TerritoriesPerTeam 1
SETTING MaxTeams 2
SETTING GameMode 0
SETTING AdvertiseOnLAN 1
SETTING AdvertiseOnInternet 1
SETTING ServerName New Players Welcome | Come and play!
SETTING KickVoteMin 2
SETTING DropCourtesy -1
SETTING AllianceSize 1
SETTING ReadyVoteDelay 90
SETTING GhostProtection 1
SETTING AdvertisePlayers 2
GAME_START
TEAM_SPEED 0 1
TEAM_SPEED 1 1
TEAM_SPEED 1 20
TEAM_SPEED 1 1
TEAM_SPEED 1 10
TEAM_SPEED 1 5
TEAM_SPEED 0 5
TEAM_SPEED 1 1
TEAM_SPEED 0 1
TEAM_SPEED 1 5
TEAM_SPEED 1 5
TEAM_SPEED 1 10
CLIENT_QUIT 8 0
TEAM_SPEED 0 10
TEAM_SPEED 0 1
TEAM_SPEED 0 10
TEAM_SPEED 1 5
TEAM_SPEED 0 1
TEAM_SPEED 0 5
TEAM_SPEED 0 1
TEAM_SPEED 0 5
TEAM_SPEED 0 1
TEAM_SPEED 1 5
TEAM_SPEED 1 1
TEAM_SPEED 1 20
TEAM_SPEED 1 5
TEAM_SPEED 0 5
TEAM_SPEED 0 1
TEAM_SPEED 0 5
TEAM_SPEED 0 1
TEAM_SPEED 0 5
TEAM_SPEED 1 1
TEAM_SPEED 1 5
TEAM_SPEED 0 1
TEAM_SPEED 0 5
TEAM_SPEED 0 1
TEAM_SPEED 1 20
TEAM_SPEED 1 5
TEAM_SPEED 0 5
TEAM_SPEED 1 1
TEAM_SPEED 1 5
TEAM_SPEED 0 1
TEAM_SPEED 0 5
TEAM_SPEED 0 1
TEAM_SPEED 0 5
TEAM_SPEED 1 1
TEAM_SPEED 0 5
TEAM_SPEED 1 5
TEAM_SPEED 1 1
TEAM_SPEED 1 5
TEAM_SPEED 1 20
TEAM_SPEED 0 20
TEAM_SPEED 0 1
TEAM_SPEED 0 20
TEAM_SPEED 1 5
TEAM_SPEED 1 20
TEAM_SPEED 0 1
TEAM_SPEED 1 20
TEAM_SPEED 0 20
TEAM_SPEED 1 5
TEAM_SPEED 1 1
TEAM_SPEED 0 1
TEAM_SPEED 1 20
TEAM_SPEED 1 20
TEAM_SPEED 0 20
TEAM_SPEED 1 5
TEAM_SPEED 0 1
TEAM_SPEED 1 20
TEAM_SPEED 0 20
TEAM_SPEED 1 5
TEAM_SPEED 1 20
TEAM_SPEED 1 20
TEAM_SPEED 0 1
TEAM_SPEED 0 20
TEAM_SPEED 0 1
TEAM_SPEED 1 20
TEAM_SPEED 0 20
TEAM_SPEED 0 1
TEAM_SPEED 0 20
TEAM_SPEED 0 1
TEAM_SPEED 0 20
TEAM_SPEED 0 1
TEAM_SPEED 0 20
GAME_END
SETTING Record demo_recordings/game_2024-11-12-06-36.dcrec
SETTING AdvertiseOnInternet 0
SETTING RadarSharing 1
SETTING GameSpeed 0
SETTING VariableUnitCounts 0
SETTING WorldScale 100
SETTING TeamSwitching 0
CLIENT_QUIT 9 2
TEAM_ABANDON 1
CLIENT_QUIT 7 2
TEAM_ABANDON 0
SCORE_BEGIN
SCORE_TEAM 0 97 7 LadenBinKezza
SCORE_TEAM 1 42 9 Keaor
SCORE_SIGNATURE_PLAYER 9 13230007 Keaor
SCORE_SIGNATURE_PLAYER 7 13229711 LadenBinKezza
SCORE_END
SERVER_QUIT
CLIENT_NAME 6 DefconExpanded
SERVER_START Dedcon 1.62 2024-10-19
CHARSET latin1
CLIENT_NEW 7 DEMO 156.218.141.161 1.43
TEAM_ENTER 0 7
TEAM_ALLIANCE 0 0 SWITCH
CLIENT_NAME 7 NewPlayer
TEAM_ALLIANCE 0 5 SWITCH
CLIENT_QUIT 7 0
TEAM_LEAVE 0
SCORE_BEGIN
SCORE_END
SERVER_QUIT
CLIENT_NAME 6 DefconExpanded
SERVER_START Dedcon 1.62 2024-10-19
CHARSET latin1
CLIENT_NEW 7 13230105 109.252.64.80 1.62 STEAM
TEAM_ENTER 0 7
TEAM_ALLIANCE 0 0 SWITCH
CLIENT_NAME 7 Russia
TEAM_TERRITORY 0 3
TEAM_TERRITORY 0 3
TEAM_TERRITORY 0 4
TEAM_TERRITORY 0 4
TEAM_TERRITORY 0 3
TEAM_TERRITORY 0 3
TEAM_TERRITORY 0 2
TEAM_TERRITORY 0 2
TEAM_TERRITORY 0 3
TEAM_TERRITORY 0 3
TEAM_TERRITORY 0 2
TEAM_TERRITORY 0 2
TEAM_TERRITORY 0 3
CLIENT_QUIT 7 0
TEAM_LEAVE 0
SCORE_BEGIN
SCORE_END
SERVER_QUIT
CLIENT_NAME 6 DefconExpanded
SERVER_START Dedcon 1.62 2024-10-19
CHARSET latin1
CLIENT_NEW 7 13230105 109.252.64.80 1.62 STEAM
TEAM_ENTER 0 7
TEAM_ALLIANCE 0 0 SWITCH
CLIENT_NAME 7 Russia
TEAM_TERRITORY 0 3
CLIENT_QUIT 7 0
TEAM_LEAVE 0
SCORE_BEGIN
SCORE_END
SERVER_QUIT
CLIENT_NAME 6 DefconExpanded
SERVER_START Dedcon 1.62 2024-10-19
CHARSET latin1
CLIENT_NEW 7 13230434 177.82.174.119 1.62 STEAM
TEAM_ENTER 0 7
TEAM_ALLIANCE 0 0 SWITCH
CLIENT_NAME 7 Bernard
TEAM_TERRITORY 0 3
CLIENT_QUIT 7 0
TEAM_LEAVE 0
SCORE_BEGIN
SCORE_END
SERVER_QUIT
CLIENT_NAME 6 DefconExpanded
SERVER_START Dedcon 1.62 2024-10-19
CHARSET latin1
CLIENT_NEW 7 13230434 177.82.174.119 1.62 STEAM
TEAM_ENTER 0 7
TEAM_ALLIANCE 0 0 SWITCH
CLIENT_NAME 7 Bernard
TEAM_TERRITORY 0 3
CLIENT_QUIT 7 0
TEAM_LEAVE 0
SCORE_BEGIN
SCORE_END
SERVER_QUIT
CLIENT_NAME 6 DefconExpanded
SERVER_START Dedcon 1.62 2024-10-19
CHARSET latin1
CLIENT_NEW 7 12883736 68.57.137.2 1.62 STEAM
TEAM_ENTER 0 7
TEAM_ALLIANCE 0 0 SWITCH
CLIENT_NAME 7 ahhhhhh
CLIENT_QUIT 7 0
TEAM_LEAVE 0
SCORE_BEGIN
SCORE_END
SERVER_QUIT
CLIENT_NAME 6 DefconExpanded
SERVER_START Dedcon 1.62 2024-10-19
CHARSET latin1
CLIENT_NEW 7 13230436 89.64.110.154 1.62 STEAM
TEAM_ENTER 0 7
TEAM_ALLIANCE 0 0 SWITCH
CLIENT_NAME 7 NewPlayer
TEAM_TERRITORY 0 2
CLIENT_QUIT 7 0
TEAM_LEAVE 0
SCORE_BEGIN
SCORE_END
SERVER_QUIT
CLIENT_NAME 6 DefconExpanded
SERVER_START Dedcon 1.62 2024-10-19
CHARSET latin1
CLIENT_NEW 7 13230613 99.242.210.16 1.62 STEAM
TEAM_ENTER 0 7
TEAM_ALLIANCE 0 0 SWITCH
CLIENT_NAME 7 NewPlayer
CLIENT_QUIT 7 0
TEAM_LEAVE 0
SCORE_BEGIN
SCORE_END
SERVER_QUIT
CLIENT_NAME 6 DefconExpanded
SERVER_START Dedcon 1.62 2024-10-19
CHARSET latin1
CLIENT_NEW 7 13230647 71.164.90.231 1.62 STEAM
TEAM_ENTER 0 7
TEAM_ALLIANCE 0 0 SWITCH
CLIENT_NAME 7 Phantom545
TEAM_TERRITORY 0 0
TEAM_TERRITORY 0 0
TEAM_TERRITORY 0 1
TEAM_TERRITORY 0 1
TEAM_TERRITORY 0 0
CLIENT_QUIT 7 0
TEAM_LEAVE 0
SCORE_BEGIN
SCORE_END
SERVER_QUIT
CLIENT_NAME 6 DefconExpanded
SERVER_START Dedcon 1.62 2024-10-19
CHARSET latin1
CLIENT_NEW 7 13230647 71.164.90.231 1.62 STEAM
TEAM_ENTER 0 7
TEAM_ALLIANCE 0 0 SWITCH
CLIENT_NAME 7 Phantom545
CLIENT_QUIT 7 0
TEAM_LEAVE 0
SCORE_BEGIN
SCORE_END
SERVER_QUIT
CLIENT_NAME 6 DefconExpanded
SERVER_START Dedcon 1.62 2024-10-19
CHARSET latin1
CLIENT_NEW 7 13230706 68.224.91.144 1.62 STEAM
TEAM_ENTER 0 7
TEAM_ALLIANCE 0 0 SWITCH
CLIENT_NAME 7 NewPlayer
CLIENT_QUIT 7 0
TEAM_LEAVE 0
SCORE_BEGIN
SCORE_END
SERVER_QUIT
CLIENT_NAME 6 DefconExpanded
SERVER_START Dedcon 1.62 2024-10-19
CHARSET latin1
CLIENT_NEW 7 13230753 91.127.130.52 1.62 STEAM
TEAM_ENTER 0 7
TEAM_ALLIANCE 0 0 SWITCH
CLIENT_NAME 7 NewPlayer
TEAM_TERRITORY 0 0
TEAM_TERRITORY 0 0
TEAM_TERRITORY 0 2
CLIENT_QUIT 7 0
TEAM_LEAVE 0
SCORE_BEGIN
SCORE_END
SERVER_QUIT
CLIENT_NAME 6 DefconExpanded
SERVER_START Dedcon 1.62 2024-10-19
CHARSET latin1
CLIENT_NEW 7 13231169 94.16.149.86 1.62 STEAM
TEAM_ENTER 0 7
TEAM_ALLIANCE 0 0 SWITCH
CLIENT_NAME 7 NewPlayer
CLIENT_QUIT 7 0
TEAM_LEAVE 0
SCORE_BEGIN
SCORE_END
SERVER_QUIT
CLIENT_NAME 6 DefconExpanded
SERVER_START Dedcon 1.62 2024-10-19
CHARSET latin1
