CLIENT_NAME 6 Kezza's Test Server
SERVER_START Dedcon 1.6.0
CHARSET latin1
CLIENT_NAME 6 Kezza's Test Server
SERVER_START Dedcon 1.6.0
CHARSET latin1
CLIENT_NAME 6 Kezza's Test Server
SERVER_START Dedcon 1.6.0
CHARSET latin1
CLIENT_NAME 6 Kezza's Test Server
SERVER_START Dedcon 1.6.0
CHARSET latin1
CLIENT_NAME 6 Kezza's Test Server
SERVER_START Dedcon 1.6.0
CHARSET latin1
SCORE_BEGIN
SCORE_END
SERVER_QUIT
CLIENT_NAME 6 Kezza's Test Server
SERVER_START Dedcon 1.6.0
CHARSET latin1
SCORE_BEGIN
SCORE_END
SERVER_QUIT
CLIENT_NAME 6 Kezza's Test Server
SERVER_START Dedcon 1.6.0
CHARSET latin1
SCORE_BEGIN
SCORE_END
SERVER_QUIT
CLIENT_NAME 6 Kezza's Test Server
SERVER_START Dedcon 1.6.0
CHARSET latin1
CLIENT_NAME 6 Kezza's Test Server
SERVER_START Dedcon 1.6.0
CHARSET latin1
