CLIENT_NAME 6 Kezza's Test Server
SERVER_START Dedcon 1.6.0
CHARSET latin1
CLIENT_NAME 6 Kezza's Test Server
SERVER_START Dedcon 1.6.0
CHARSET latin1
CLIENT_NAME 6 Kezza's Test Server
SERVER_START Dedcon 1.6.0
CHARSET latin1
CLIENT_NEW 7 13208303 26.102.130.209 1.62 STEAM
TEAM_ENTER 0 7
TEAM_ALLIANCE 0 0
CLIENT_NAME 7 LadenBinKezza
CLIENT_QUIT 7 0
TEAM_LEAVE 0
CLIENT_NAME 6 Kezza's Test Server
SERVER_START Dedcon 1.6.0
CHARSET latin1
CLIENT_NEW 7 DEMO 26.102.130.209 1.62 STEAM
TEAM_ENTER 0 7
TEAM_ALLIANCE 0 0
CLIENT_NAME 7 ProKerro100
CLIENT_NEW 8 13208303 26.102.130.209 1.62 STEAM
TEAM_ENTER 1 8
TEAM_ALLIANCE 1 1
CLIENT_NAME 8 LadenBinKezza
TEAM_READY 1 1
TEAM_READY 0 1
TEAM_TERRITORY 0 1
TEAM_TERRITORY 1 5
RANKED 1
SETTING MaxIdleRunTime 1800
SETTING MinRunTime 900
SETTING TotalBandwidth 75000
SETTING PlayerBandwidth 10000
SETTING ServerLANIP 26.102.130.209
SETTING MaxSpectators 15
SETTING SpectatorChatChannel 1
SETTING TeamSwitching 0
SETTING WorldScale 100
SETTING VariableUnitCounts 0
SETTING MaxGameRealTime 0
SETTING VictoryTimer 45
SETTING VictoryTrigger 20
SETTING ScoreMode 0
SETTING SlowestSpeed 1
SETTING GameSpeed 0
SETTING RadarSharing 1
SETTING PermitDefection 0
SETTING RandomTerritories 1
SETTING CityPopulations 3
SETTING PopulationPerTerritory 150
SETTING CitiesPerTerritory 30
SETTING TerritoriesPerTeam 1
SETTING MaxTeams 2
SETTING GameMode 0
SETTING AdvertiseOnLAN 1
SETTING AdvertiseOnInternet 1
SETTING ServerName Kezza's Test Server | 1v1 | Totally Random
SETTING KickVoteMin 2
SETTING DropCourtesy -1
SETTING SlowBudgetMax 1200
SETTING SlowBudgetStart 1200
SETTING ReadyVoteDelay 90
SETTING IdleTimeGlobal 600
SETTING AdvertisePlayers 2
GAME_START
SETTING SpectatorChatChannel 0
SETTING RadarSharing 1
SETTING GameSpeed 0
SETTING VariableUnitCounts 0
SETTING WorldScale 100
SETTING TeamSwitching 0
TEAM_SPEED 0 20
TEAM_SPEED 0 20
TEAM_SPEED 1 20
GAME_END
SETTING Record demo_recordings/game_2024-08-27-23-29.dcrec
SETTING AdvertiseOnInternet 0
SETTING RadarSharing 1
SETTING GameSpeed 0
SETTING VariableUnitCounts 0
SETTING WorldScale 100
SETTING TeamSwitching 0
CLIENT_QUIT 8 2
TEAM_ABANDON 1
CLIENT_QUIT 7 2
TEAM_ABANDON 0
SCORE_BEGIN
SCORE_TEAM 0 65 7 ProKerro100
SCORE_TEAM 1 -32 8 LadenBinKezza
SCORE_SIGNATURE_PLAYER 8 13208303 LadenBinKezza
SCORE_SIGNATURE_PLAYER 7 DEMO ProKerro100
SCORE_END
SERVER_QUIT
CLIENT_NAME 6 Kezza's Test Server
SERVER_START Dedcon 1.6.0
CHARSET latin1
SCORE_BEGIN
SCORE_END
SERVER_QUIT
CLIENT_NAME 6 Kezza's Test Server
SERVER_START Dedcon 1.6.0
CHARSET latin1
SCORE_BEGIN
SCORE_END
SERVER_QUIT
CLIENT_NAME 6 Kezza's Test Server
SERVER_START Dedcon 1.6.0
CHARSET latin1
CLIENT_NAME 6 Kezza's Test Server
SERVER_START Dedcon 1.6.0
CHARSET latin1
CLIENT_NEW 7 13208303 26.102.130.209 1.62 STEAM
TEAM_ENTER 0 7
TEAM_ALLIANCE 0 0
CLIENT_QUIT 7 5
TEAM_LEAVE 0
CLIENT_NEW 8 13208303 26.102.130.209 1.62 STEAM
TEAM_ENTER 0 8
TEAM_ALLIANCE 0 0
CLIENT_NAME 8 LadenBinKezza
CLIENT_NEW 9 DEMO 26.102.130.209 1.62 STEAM
TEAM_ENTER 1 9
TEAM_ALLIANCE 1 1
CLIENT_NAME 9 ProKerro100
TEAM_READY 1 1
TEAM_READY 0 1
TEAM_TERRITORY 0 2
TEAM_TERRITORY 1 3
RANKED 1
SETTING MaxIdleRunTime 1800
SETTING MinRunTime 900
SETTING TotalBandwidth 75000
SETTING PlayerBandwidth 10000
SETTING ServerLANIP 26.102.130.209
SETTING MaxSpectators 15
SETTING SpectatorChatChannel 1
SETTING TeamSwitching 0
SETTING WorldScale 100
SETTING VariableUnitCounts 0
SETTING MaxGameRealTime 0
SETTING VictoryTimer 45
SETTING VictoryTrigger 20
SETTING ScoreMode 0
SETTING SlowestSpeed 1
SETTING GameSpeed 0
SETTING RadarSharing 1
SETTING PermitDefection 0
SETTING RandomTerritories 1
SETTING CityPopulations 3
SETTING PopulationPerTerritory 150
SETTING CitiesPerTerritory 30
SETTING TerritoriesPerTeam 1
SETTING MaxTeams 2
SETTING GameMode 0
SETTING AdvertiseOnLAN 1
SETTING AdvertiseOnInternet 1
SETTING ServerName Kezza's Test Server | 1v1 | Totally Random
SETTING KickVoteMin 2
SETTING DropCourtesy -1
SETTING SlowBudgetMax 1200
SETTING SlowBudgetStart 1200
SETTING ReadyVoteDelay 90
SETTING IdleTimeGlobal 600
SETTING AdvertisePlayers 2
GAME_START
SETTING SpectatorChatChannel 0
SETTING RadarSharing 1
SETTING GameSpeed 0
SETTING VariableUnitCounts 0
SETTING WorldScale 100
SETTING TeamSwitching 0
TEAM_SPEED 0 20
TEAM_SPEED 1 20
CLIENT_NEW 10 5861869 90.19.238.69 1.62 STEAM
CLIENT_NAME 10 Bulk
CLIENT_QUIT 10 0
GAME_END
SETTING Record demo_recordings/game_2024-08-28-00-16.dcrec
SETTING AdvertiseOnInternet 0
CLIENT_QUIT 8 0
TEAM_ABANDON 0
CLIENT_QUIT 9 0
TEAM_ABANDON 1
SETTING RadarSharing 1
SETTING GameSpeed 0
SETTING VariableUnitCounts 0
SETTING WorldScale 100
SETTING TeamSwitching 0
SCORE_BEGIN
SCORE_TEAM 0 282 8 LadenBinKezza
SCORE_TEAM 1 -141 9 ProKerro100
SCORE_SIGNATURE_PLAYER 9 DEMO ProKerro100
SCORE_SIGNATURE_PLAYER 8 13208303 LadenBinKezza
SCORE_END
SERVER_QUIT
CLIENT_NAME 6 Kezza's Test Server
SERVER_START Dedcon 1.6.0
CHARSET latin1
CLIENT_NAME 6 Kezza's Test Server
SERVER_START Dedcon 1.6.0
CHARSET latin1
CLIENT_NEW 7 13208303 26.102.130.209 1.62 STEAM
TEAM_ENTER 0 7
TEAM_ALLIANCE 0 0
CLIENT_NAME 7 LadenBinKezza
CLIENT_NEW 8 DEMO 26.102.130.209 1.62 STEAM
TEAM_ENTER 1 8
TEAM_ALLIANCE 1 1
CLIENT_NAME 8 ProKerro100
TEAM_READY 1 1
TEAM_READY 0 1
TEAM_TERRITORY 1 4
TEAM_TERRITORY 0 0
RANKED 1
SETTING MaxIdleRunTime 1800
SETTING MinRunTime 900
SETTING TotalBandwidth 75000
SETTING PlayerBandwidth 10000
SETTING ServerLANIP 26.102.130.209
SETTING MaxSpectators 15
SETTING SpectatorChatChannel 1
SETTING TeamSwitching 0
SETTING WorldScale 100
SETTING VariableUnitCounts 0
SETTING MaxGameRealTime 0
SETTING VictoryTimer 45
SETTING VictoryTrigger 20
SETTING ScoreMode 0
SETTING SlowestSpeed 1
SETTING GameSpeed 0
SETTING RadarSharing 1
SETTING PermitDefection 0
SETTING RandomTerritories 1
SETTING CityPopulations 3
SETTING PopulationPerTerritory 150
SETTING CitiesPerTerritory 30
SETTING TerritoriesPerTeam 1
SETTING MaxTeams 2
SETTING GameMode 0
SETTING AdvertiseOnLAN 1
SETTING AdvertiseOnInternet 1
SETTING ServerName Kezza's Test Server | 1v1 | Totally Random
SETTING KickVoteMin 2
SETTING DropCourtesy -1
SETTING SlowBudgetMax 1200
SETTING SlowBudgetStart 1200
SETTING ReadyVoteDelay 90
SETTING IdleTimeGlobal 600
SETTING AdvertisePlayers 2
GAME_START
SETTING SpectatorChatChannel 0
SETTING RadarSharing 1
SETTING GameSpeed 0
SETTING VariableUnitCounts 0
SETTING WorldScale 100
SETTING TeamSwitching 0
TEAM_SPEED 0 20
TEAM_SPEED 1 20
GAME_END
SETTING Record demo_recordings/game_2024-08-28-00-26.dcrec
SETTING AdvertiseOnInternet 0
SETTING RadarSharing 1
SETTING GameSpeed 0
SETTING VariableUnitCounts 0
SETTING WorldScale 100
SETTING TeamSwitching 0
CLIENT_QUIT 8 2
TEAM_ABANDON 1
CLIENT_QUIT 7 2
TEAM_ABANDON 0
SCORE_BEGIN
SCORE_TEAM 0 219 7 LadenBinKezza
SCORE_TEAM 1 -109 8 ProKerro100
SCORE_SIGNATURE_PLAYER 8 DEMO ProKerro100
SCORE_SIGNATURE_PLAYER 7 13208303 LadenBinKezza
SCORE_END
SERVER_QUIT
