CLIENT_NAME 8 DefconExpanded
SERVER_START Dedcon 1.60.1.5 2024-10-19
CHARSET latin1
CLIENT_NAME 8 DefconExpanded
SERVER_START Dedcon 1.60.1.5 2024-10-19
CHARSET latin1
CLIENT_NAME 8 DefconExpanded
SERVER_START Dedcon 1.60.1.5 2024-10-19
CHARSET latin1
CLIENT_NAME 8 DefconExpanded
SERVER_START Dedcon 1.60.1.5 2024-10-19
CHARSET latin1
CLIENT_NAME 8 DefconExpanded
SERVER_START Dedcon 1.60.1.5 2024-10-19
CHARSET latin1
CLIENT_NAME 8 DefconExpanded
SERVER_START Dedcon 1.60.1.5 2024-10-19
CHARSET latin1
CLIENT_NAME 8 DefconExpanded
SERVER_START Dedcon 1.60.1.5 2024-10-19
CHARSET latin1
CLIENT_NEW 9 13213071 84.64.73.56 1.60.1.5 MINICOM
TEAM_ENTER 0 9
TEAM_ALLIANCE 0 0
CLIENT_NAME 9 LadenBinKezza
CLIENT_NEW 10 13199506 108.66.2.73 1.60.1.5 MINICOM
TEAM_ENTER 1 10
TEAM_ALLIANCE 1 1
CLIENT_NAME 10 LawlietAmbiance
TEAM_LEAVE 1
CLIENT_NEW 11 13227621 78.96.143.126 1.60.1.5 MINICOM
TEAM_ENTER 1 11
TEAM_ALLIANCE 1 1
CLIENT_NAME 11 Mojo
TEAM_ALLIANCE 1 5
CLIENT_NEW 12 13197076 108.66.2.73 1.60.1.5 MINICOM
TEAM_ENTER 2 12
TEAM_ALLIANCE 2 1
CLIENT_NAME 12 FasterThanRaito
CLIENT_NEW 13 425333 98.122.186.54 1.60.1.5 MINICOM
TEAM_ENTER 3 13
TEAM_ALLIANCE 3 2
CLIENT_NAME 13 Lord Haw Haw 
TEAM_ALLIANCE 3 3
CLIENT_NEW 14 13224985 73.53.118.155 1.60.1.5 MINICOM
TEAM_ENTER 4 14
TEAM_ALLIANCE 4 2
CLIENT_NAME 14 Gen. Turgidson
CLIENT_QUIT 14 0
TEAM_LEAVE 4
CLIENT_NEW 15 13196164 86.179.21.58 1.60.1.5 MINICOM
TEAM_ENTER 4 15
TEAM_ALLIANCE 4 2
CLIENT_NAME 15 Jackolite
TEAM_ALLIANCE 4 7
CLIENT_NEW 16 13210377 173.79.170.129 1.60.1.5 MINICOM
TEAM_ENTER 5 16
TEAM_ALLIANCE 5 2
CLIENT_NAME 16 Sievert
TEAM_ALLIANCE 5 6
CLIENT_NEW 17 13224985 73.53.118.155 1.60.1.5 MINICOM
TEAM_ENTER 6 17
TEAM_ALLIANCE 6 2
TEAM_READY 1 1
TEAM_READY 1 0
CLIENT_NEW 18 13215723 66.177.225.237 1.60.1.5 MINICOM
TEAM_ENTER 7 18
TEAM_ALLIANCE 7 4
CLIENT_NAME 18 Corporation
TEAM_READY 4 1
TEAM_READY 7 1
TEAM_READY 5 1
TEAM_READY 1 1
TEAM_READY 2 1
TEAM_READY 3 1
TEAM_READY 7 0
TEAM_READY 7 1
TEAM_READY 0 1
TEAM_READY 6 1
TEAM_TERRITORY 6 0
TEAM_TERRITORY 1 4
TEAM_TERRITORY 0 3
TEAM_TERRITORY 4 2
TEAM_TERRITORY 7 1
TEAM_TERRITORY 3 7
TEAM_TERRITORY 2 6
TEAM_TERRITORY 5 5
RANKED 1
SETTING CaseSensitive 0
SETTING TotalBandwidth 75000
SETTING PlayerBandwidth 10000
SETTING ServerLANIP 116.203.228.110
SETTING ServerPort 5018
SETTING MaxSpectators 15
SETTING SpectatorChatChannel 1
SETTING TeamSwitching 0
SETTING EmptyBomberLaunch 1
SETTING FirstStrikeBonus 0
SETTING UnitBuffer 5
SETTING CityBuffer 2
SETTING WorldUnitScale 100
SETTING WorldScale 100
SETTING VariableUnitCounts 0
SETTING MaxGameRealTime 0
SETTING VictoryTimer 45
SETTING VictoryTrigger 20
SETTING VictoryMode 1
SETTING ScoreMode 0
SETTING SlowestSpeed 1
SETTING GameSpeed 0
SETTING RadarSharing 1
SETTING PermitDefection 1
SETTING RandomTerritories 1
SETTING CityPopulations 3
SETTING PopulationPerTerritory 150
SETTING CitiesPerTerritory 30
SETTING TerritoriesPerTeam 1
SETTING MinTeams 6
SETTING MaxTeams 8
SETTING GameMode 7
SETTING AdvertiseOnLAN 1
SETTING AdvertiseOnInternet 1
SETTING ServerName DefconExpanded | 4v4 | Diplomacy | Totally Random
SETTING KickVoteMin 2
SETTING DropCourtesy -1
SETTING SlowBudgetMax 1200
SETTING SlowBudgetStart 1200
SETTING AllianceSize 1
SETTING ReadyVoteDelay 90
SETTING GhostProtection 0
SETTING IdleTimeGlobal 600
SETTING AdvertisePlayers 8
GAME_START
SETTING SpectatorChatChannel 0
TEAM_SPEED 0 1
TEAM_SPEED 4 1
TEAM_SPEED 7 1
TEAM_SPEED 6 1
SETTING SlowestSpeed 0
TEAM_SPEED 6 5
TEAM_SPEED 2 1
TEAM_SPEED 6 5
TEAM_SPEED 6 5
TEAM_SPEED 4 1
TEAM_SPEED 3 0
TEAM_SPEED 3 0
TEAM_SPEED 3 0
TEAM_SPEED 3 0
TEAM_SPEED 3 0
TEAM_SPEED 4 5
TEAM_SPEED 3 0
TEAM_SPEED 3 0
TEAM_SPEED 3 0
TEAM_SPEED 3 0
TEAM_SPEED 3 0
TEAM_SPEED 3 0
TEAM_SPEED 1 20
TEAM_SPEED 3 0
TEAM_SPEED 3 0
TEAM_SPEED 3 0
TEAM_SPEED 3 0
TEAM_SPEED 1 1
TEAM_SPEED 1 20
TEAM_SPEED 3 0
TEAM_SPEED 3 0
TEAM_SPEED 3 0
TEAM_SPEED 3 0
TEAM_SPEED 3 0
TEAM_SPEED 3 0
TEAM_SPEED 3 0
TEAM_SPEED 3 0
TEAM_SPEED 3 0
TEAM_SPEED 3 0
TEAM_SPEED 3 0
TEAM_SPEED 3 0
TEAM_SPEED 3 0
TEAM_SPEED 3 0
TEAM_SPEED 2 5
TEAM_SPEED 3 0
TEAM_SPEED 3 0
TEAM_SPEED 2 5
TEAM_SPEED 3 0
TEAM_SPEED 2 5
TEAM_SPEED 2 10
TEAM_SPEED 2 10
TEAM_SPEED 2 10
TEAM_SPEED 4 1
TEAM_SPEED 2 10
TEAM_SPEED 2 10
SETTING SlowestSpeed 1
SETTING PermitDefection 0
CLIENT_QUIT 18 2
TEAM_ABANDON 7
CLIENT_QUIT 17 2
TEAM_ABANDON 6
CLIENT_QUIT 16 2
TEAM_ABANDON 5
CLIENT_QUIT 15 2
TEAM_ABANDON 4
CLIENT_QUIT 13 2
TEAM_ABANDON 3
CLIENT_QUIT 12 2
TEAM_ABANDON 2
CLIENT_QUIT 11 2
TEAM_ABANDON 1
CLIENT_QUIT 10 2
CLIENT_QUIT 9 2
TEAM_ABANDON 0
GAME_END
SCORE_BEGIN
SCORE_TEAM 0 0 9 LadenBinKezza
SCORE_TEAM 1 0 11 Mojo
SCORE_TEAM 2 0 12 FasterThanRaito
SCORE_TEAM 3 0 13 Lord Haw Haw 
SCORE_TEAM 4 0 15 Jackolite
SCORE_TEAM 5 0 16 Sievert
SCORE_TEAM 6 0 17 Gen. Turgidson
SCORE_TEAM 7 0 18 Corporation
SCORE_END
SERVER_QUIT
CLIENT_NAME 8 DefconExpanded
SERVER_START Dedcon 1.60.1.5 2024-10-19
CHARSET latin1
CLIENT_NEW 9 13199506 108.66.2.73 1.60.1.5 MINICOM
TEAM_ENTER 0 9
TEAM_ALLIANCE 0 0
CLIENT_NAME 9 LawlietAmbiance
CLIENT_NEW 10 13227621 78.96.143.126 1.60.1.5 MINICOM
TEAM_ENTER 1 10
TEAM_ALLIANCE 1 1
CLIENT_NAME 10 Mojo
CLIENT_NEW 11 13197076 108.66.2.73 1.60.1.5 MINICOM
TEAM_ENTER 2 11
TEAM_ALLIANCE 2 2
CLIENT_NAME 11 FasterThanRaito
TEAM_LEAVE 0
TEAM_ALLIANCE 1 5
CLIENT_NEW 12 425333 98.122.186.54 1.60.1.5 MINICOM
TEAM_ENTER 0 12
TEAM_ALLIANCE 0 0
CLIENT_NAME 12 Lord Haw Haw 
TEAM_ALLIANCE 1 3
CLIENT_NEW 13 13213071 84.64.73.56 1.60.1.5 MINICOM
TEAM_ENTER 3 13
TEAM_ALLIANCE 3 1
CLIENT_NAME 13 LadenBinKezza
CLIENT_NEW 14 13215723 66.177.225.237 1.60.1.5 MINICOM
CLIENT_NEW 15 13196164 86.179.21.58 1.60.1.5 MINICOM
TEAM_ENTER 4 14
TEAM_ALLIANCE 4 4
CLIENT_NAME 14 Corporation
TEAM_ENTER 5 15
TEAM_ALLIANCE 5 5
CLIENT_NAME 15 Jackolite
TEAM_ALLIANCE 5 7
CLIENT_NEW 16 13205476 88.90.186.172 1.60.1.5 MINICOM
CLIENT_QUIT 16 1
CLIENT_NEW 17 13210377 173.79.170.129 1.60.1.5 MINICOM
TEAM_ENTER 6 17
TEAM_ALLIANCE 6 2
CLIENT_NAME 17 Sievert
CLIENT_NEW 18 13224985 73.53.118.155 1.60.1.5 MINICOM
TEAM_ENTER 7 18
TEAM_ALLIANCE 7 3
CLIENT_NAME 18 Gen. Turgidson
TEAM_READY 5 1
TEAM_READY 6 1
TEAM_READY 2 1
TEAM_TERRITORY 3 3
TEAM_TERRITORY 1 4
TEAM_TERRITORY 5 2
TEAM_TERRITORY 6 6
TEAM_TERRITORY 6 6
TEAM_TERRITORY 6 5
TEAM_TERRITORY 0 5
TEAM_TERRITORY 2 6
TEAM_ALLIANCE 1 0
TEAM_TERRITORY 1 4
TEAM_TERRITORY 1 0
TEAM_TERRITORY 1 0
TEAM_TERRITORY 1 4
TEAM_ALLIANCE 2 0
TEAM_ALLIANCE 6 0
TEAM_TERRITORY 0 5
TEAM_ALLIANCE 2 1
TEAM_TERRITORY 0 7
TEAM_ALLIANCE 5 0
CLIENT_NEW 19 13205476 88.90.186.172 1.60.1.5 MINICOM
TEAM_ALLIANCE 3 0
TEAM_TERRITORY 7 0
TEAM_ALLIANCE 7 7
CLIENT_QUIT 19 1
TEAM_ALLIANCE 0 5
TEAM_ALLIANCE 2 5
TEAM_ALLIANCE 3 1
TEAM_ALLIANCE 5 2
TEAM_ALLIANCE 2 3
TEAM_READY 4 1
TEAM_ALLIANCE 5 0
TEAM_ALLIANCE 2 5
TEAM_ALLIANCE 2 3
TEAM_ALLIANCE 5 2
TEAM_READY 4 1
TEAM_READY 4 0
TEAM_READY 4 1
TEAM_READY 1 1
TEAM_READY 5 1
TEAM_READY 2 1
TEAM_READY 1 0
TEAM_ALLIANCE 1 0
TEAM_TERRITORY 1 4
TEAM_TERRITORY 1 0
TEAM_READY 1 1
TEAM_TERRITORY 4 1
TEAM_READY 5 1
TEAM_READY 5 0
TEAM_TERRITORY 1 0
TEAM_TERRITORY 1 4
TEAM_READY 2 1
TEAM_ALLIANCE 5 0
TEAM_ALLIANCE 1 2
TEAM_READY 2 1
TEAM_ALLIANCE 1 0
TEAM_TERRITORY 1 4
TEAM_TERRITORY 1 0
TEAM_TERRITORY 1 0
TEAM_TERRITORY 1 4
TEAM_ALLIANCE 5 3
TEAM_READY 2 1
TEAM_READY 7 1
TEAM_ALLIANCE 3 0
TEAM_READY 4 1
TEAM_READY 5 1
TEAM_READY 6 1
TEAM_READY 5 0
TEAM_ALLIANCE 5 0
TEAM_READY 2 1
TEAM_ALLIANCE 0 3
TEAM_READY 6 1
TEAM_READY 1 1
TEAM_READY 5 1
TEAM_ALLIANCE 4 3
TEAM_READY 2 1
TEAM_READY 4 1
TEAM_ALLIANCE 7 3
TEAM_READY 3 1
TEAM_READY 1 1
TEAM_READY 2 1
TEAM_READY 7 1
TEAM_READY 6 1
TEAM_READY 5 1
TEAM_READY 4 1
TEAM_READY 0 1
RANKED 1
SETTING CaseSensitive 0
SETTING TotalBandwidth 75000
SETTING PlayerBandwidth 10000
SETTING ServerLANIP 116.203.228.110
SETTING ServerPort 5012
SETTING MaxSpectators 15
SETTING SpectatorChatChannel 1
SETTING TeamSwitching 0
SETTING EmptyBomberLaunch 1
SETTING FirstStrikeBonus 0
SETTING UnitBuffer 5
SETTING CityBuffer 2
SETTING WorldUnitScale 100
SETTING WorldScale 100
SETTING VariableUnitCounts 0
SETTING MaxGameRealTime 0
SETTING VictoryTimer 45
SETTING VictoryTrigger 20
SETTING VictoryMode 1
SETTING ScoreMode 0
SETTING SlowestSpeed 0
SETTING GameSpeed 0
SETTING RadarSharing 1
SETTING PermitDefection 1
SETTING RandomTerritories 0
SETTING CityPopulations 3
SETTING PopulationPerTerritory 150
SETTING CitiesPerTerritory 30
SETTING TerritoriesPerTeam 1
SETTING MinTeams 6
SETTING MaxTeams 8
SETTING GameMode 0
SETTING AdvertiseOnLAN 1
SETTING AdvertiseOnInternet 1
SETTING ServerName DefconExpanded | 4v4 | Diplomacy | Totally Random
SETTING KickVoteMin 2
SETTING DropCourtesy -1
SETTING SlowBudgetMax 1200
SETTING SlowBudgetStart 1200
SETTING ReadyVoteDelay 90
SETTING GhostProtection 0
SETTING IdleTimeGlobal 600
SETTING AdvertisePlayers 8
GAME_START
SETTING SpectatorChatChannel 0
TEAM_SPEED 5 1
TEAM_SPEED 5 1
SETTING RadarSharing 1
SETTING GameSpeed 0
SETTING VariableUnitCounts 0
SETTING WorldUnitScale 100
SETTING WorldScale 100
SETTING TeamSwitching 0
TEAM_SPEED 3 1
TEAM_SPEED 4 1
TEAM_SPEED 7 1
TEAM_SPEED 0 0
TEAM_SPEED 7 1
TEAM_SPEED 0 1
CLIENT_NEW 20 13204270 176.249.99.151 1.60.1.5 MINICOM
CLIENT_QUIT 20 1
CLIENT_NEW 21 13204270 176.249.99.151 1.60.1.5 MINICOM
CLIENT_QUIT 21 1
TEAM_SPEED 3 5
TEAM_SPEED 7 5
TEAM_SPEED 5 5
CLIENT_NEW 22 13205476 88.90.186.172 1.60.1.5 MINICOM
CLIENT_QUIT 22 0
TEAM_SPEED 7 5
TEAM_SPEED 7 20
TEAM_SPEED 7 5
TEAM_SPEED 7 5
TEAM_SPEED 5 0
TEAM_SPEED 3 0
TEAM_SPEED 0 0
TEAM_SPEED 7 5
TEAM_SPEED 7 1
TEAM_SPEED 5 5
TEAM_SPEED 4 0
TEAM_SPEED 3 1
TEAM_SPEED 7 1
TEAM_SPEED 4 1
TEAM_SPEED 1 1
TEAM_SPEED 1 5
TEAM_SPEED 1 20
TEAM_SPEED 0 1
SETTING PermitDefection 0
SETTING RadarSharing 1
SETTING GameSpeed 0
SETTING VariableUnitCounts 0
SETTING WorldUnitScale 100
SETTING WorldScale 100
SETTING TeamSwitching 0
TEAM_SPEED 3 5
TEAM_SPEED 5 5
TEAM_SPEED 7 5
TEAM_SPEED 5 1
TEAM_SPEED 5 1
TEAM_SPEED 5 1
TEAM_SPEED 2 5
TEAM_SPEED 5 5
TEAM_SPEED 5 5
TEAM_SPEED 2 5
TEAM_SPEED 2 1
TEAM_SPEED 2 1
TEAM_SPEED 0 20
TEAM_SPEED 1 20
TEAM_SPEED 7 5
TEAM_SPEED 2 5
TEAM_SPEED 2 5
TEAM_SPEED 4 5
TEAM_SPEED 7 1
TEAM_SPEED 4 5
TEAM_SPEED 2 10
TEAM_SPEED 2 10
TEAM_SPEED 5 5
TEAM_SPEED 5 5
TEAM_SPEED 7 5
TEAM_SPEED 7 1
TEAM_SPEED 2 10
TEAM_SPEED 2 10
TEAM_SPEED 2 10
TEAM_SPEED 5 5
TEAM_SPEED 5 5
TEAM_SPEED 7 5
TEAM_SPEED 6 5
TEAM_SPEED 7 1
TEAM_SPEED 7 5
TEAM_SPEED 7 1
TEAM_SPEED 7 5
TEAM_SPEED 7 1
TEAM_SPEED 7 10
TEAM_SPEED 6 1
TEAM_SPEED 4 5
TEAM_SPEED 6 20
TEAM_SPEED 7 1
TEAM_SPEED 7 10
TEAM_SPEED 7 1
TEAM_SPEED 7 5
TEAM_SPEED 7 1
TEAM_SPEED 7 5
TEAM_SPEED 7 1
TEAM_SPEED 7 5
TEAM_SPEED 7 1
TEAM_SPEED 5 10
TEAM_SPEED 5 10
TEAM_SPEED 4 5
TEAM_SPEED 7 5
TEAM_SPEED 2 10
TEAM_SPEED 2 10
TEAM_SPEED 2 10
TEAM_SPEED 7 10
TEAM_SPEED 7 5
TEAM_SPEED 7 1
TEAM_SPEED 7 5
TEAM_SPEED 7 1
TEAM_SPEED 5 5
TEAM_SPEED 5 5
TEAM_SPEED 2 20
TEAM_SPEED 2 20
TEAM_SPEED 7 5
TEAM_SPEED 4 1
TEAM_SPEED 7 5
TEAM_SPEED 1 20
TEAM_SPEED 4 5
TEAM_SPEED 7 5
TEAM_SPEED 4 1
TEAM_SPEED 7 5
TEAM_SPEED 4 5
TEAM_SPEED 4 20
TEAM_SPEED 6 1
TEAM_SPEED 5 5
TEAM_SPEED 5 5
TEAM_SPEED 7 10
TEAM_SPEED 2 20
TEAM_SPEED 2 20
TEAM_SPEED 4 20
TEAM_SPEED 6 20
TEAM_SPEED 4 20
TEAM_SPEED 4 20
TEAM_SPEED 4 20
TEAM_SPEED 6 1
TEAM_SPEED 6 20
TEAM_SPEED 7 10
TEAM_SPEED 7 10
TEAM_SPEED 2 20
CLIENT_QUIT 14 0
TEAM_ABANDON 4
TEAM_SPEED 7 10
TEAM_SPEED 7 20
TEAM_SPEED 7 10
TEAM_SPEED 7 20
TEAM_SPEED 5 10
TEAM_SPEED 5 10
TEAM_SPEED 7 20
TEAM_SPEED 5 20
TEAM_SPEED 5 20
TEAM_SPEED 6 1
TEAM_SPEED 7 20
TEAM_SPEED 6 20
TEAM_SPEED 3 20
TEAM_SPEED 6 0
TEAM_SPEED 6 1
TEAM_SPEED 5 20
TEAM_SPEED 5 20
TEAM_SPEED 7 20
TEAM_SPEED 6 20
TEAM_SPEED 6 1
TEAM_SPEED 6 20
TEAM_SPEED 6 1
TEAM_SPEED 6 20
TEAM_SPEED 3 1
TEAM_SPEED 3 5
TEAM_SPEED 3 20
TEAM_SPEED 6 1
TEAM_SPEED 7 10
TEAM_SPEED 6 20
TEAM_SPEED 5 1
TEAM_SPEED 7 10
TEAM_SPEED 5 20
TEAM_SPEED 5 20
TEAM_SPEED 5 20
TEAM_SPEED 7 20
TEAM_SPEED 5 1
TEAM_SPEED 5 1
TEAM_SPEED 5 5
TEAM_SPEED 5 5
TEAM_SPEED 5 5
TEAM_SPEED 5 10
TEAM_SPEED 5 10
TEAM_SPEED 5 10
TEAM_SPEED 5 20
TEAM_SPEED 5 20
TEAM_SPEED 5 20
TEAM_SPEED 6 1
TEAM_SPEED 1 20
TEAM_SPEED 6 20
TEAM_SPEED 6 1
TEAM_SPEED 7 20
TEAM_SPEED 6 20
GAME_END
SETTING Record demo_recordings/game8p_2024-11-03-20-22.d8crec
SETTING AdvertiseOnInternet 0
SETTING RadarSharing 1
SETTING GameSpeed 0
SETTING VariableUnitCounts 0
SETTING WorldUnitScale 100
SETTING WorldScale 100
SETTING TeamSwitching 0
CLIENT_NAME 8 DefconExpanded
SERVER_START Dedcon 1.60.1.5 2024-10-19
CHARSET latin1
CLIENT_NAME 8 DefconExpanded
SERVER_START Dedcon 1.60.1.5 2024-10-19
CHARSET latin1
CLIENT_NAME 8 DefconExpanded
SERVER_START Dedcon 1.60.1.5 2024-10-19
CHARSET latin1
CLIENT_NAME 8 DefconExpanded
SERVER_START Dedcon 1.60.1.5 2024-10-19
CHARSET latin1
CLIENT_NAME 8 DefconExpanded
SERVER_START Dedcon 1.60.1.5 2024-10-19
CHARSET latin1
CLIENT_NEW 9 13197076 108.66.2.73 1.60.1.5 MINICOM
TEAM_ENTER 0 9
TEAM_ALLIANCE 0 0 SWITCH
CLIENT_NAME 9 FasterThanRaito
CLIENT_NEW 10 13199506 108.66.2.73 1.60.1.5 MINICOM
TEAM_ENTER 1 10
TEAM_ALLIANCE 1 1 SWITCH
CLIENT_NAME 10 LawlietAmbiance
TEAM_LEAVE 1
CLIENT_NEW 11 425333 98.122.186.54 1.60.1.5 MINICOM
TEAM_ENTER 1 11
TEAM_ALLIANCE 1 1 SWITCH
CLIENT_NAME 11 Lord Haw Haw 
TEAM_ALLIANCE 1 5 SWITCH
CLIENT_NEW 12 13215723 66.177.11.5 1.60.1.5 MINICOM
TEAM_ENTER 2 12
TEAM_ALLIANCE 2 1 SWITCH
CLIENT_NAME 12 Corporation
CLIENT_NEW 13 13213071 84.68.77.251 1.60.1.5 MINICOM
TEAM_ENTER 3 13
TEAM_ALLIANCE 3 2 SWITCH
CLIENT_NAME 13 LadenBinKezza
CLIENT_NEW 14 13183470 162.155.4.171 1.60.1.5 MINICOM
TEAM_ENTER 4 14
TEAM_ALLIANCE 4 3 SWITCH
CLIENT_NAME 14 Vault Tec
TEAM_ALLIANCE 4 4 SWITCH
CLIENT_NEW 15 13210377 173.79.170.129 1.60.1.5 MINICOM
TEAM_ENTER 5 15
TEAM_ALLIANCE 5 0 SWITCH
CLIENT_NAME 15 Sievert
CLIENT_NEW 16 13196164 86.179.84.2 1.60.1.5 MINICOM
TEAM_ENTER 6 16
TEAM_ALLIANCE 6 3 SWITCH
CLIENT_NAME 16 Jackolite
TEAM_ALLIANCE 6 7 SWITCH
CLIENT_NEW 17 13229427 71.198.137.202 1.60.1.5 MINICOM
TEAM_ENTER 7 17
TEAM_ALLIANCE 7 1 SWITCH
CLIENT_NAME 17 Eurasia
CLIENT_NAME 17 Keaor
TEAM_ALLIANCE 4 0 SWITCH
TEAM_ALLIANCE 2 0 SWITCH
TEAM_ALLIANCE 3 7 SWITCH
TEAM_ALLIANCE 0 1 SWITCH
TEAM_ALLIANCE 1 7 SWITCH
TEAM_READY 4 1
TEAM_READY 4 0
TEAM_ALLIANCE 7 0 SWITCH
TEAM_ALLIANCE 4 7 SWITCH
TEAM_ALLIANCE 1 1 SWITCH
TEAM_READY 6 1
TEAM_READY 4 1
TEAM_ALLIANCE 0 0 SWITCH
TEAM_READY 3 1
TEAM_READY 3 0
TEAM_READY 3 1
TEAM_READY 3 0
TEAM_READY 3 1
TEAM_READY 3 0
TEAM_READY 3 1
TEAM_READY 3 0
TEAM_READY 3 1
TEAM_READY 3 0
TEAM_READY 3 1
TEAM_READY 3 0
TEAM_READY 3 1
TEAM_READY 3 0
TEAM_READY 3 1
TEAM_READY 3 0
TEAM_READY 3 1
TEAM_READY 3 0
TEAM_READY 6 1
TEAM_READY 3 1
TEAM_READY 6 0
TEAM_READY 6 1
TEAM_READY 3 0
TEAM_READY 6 0
TEAM_READY 3 1
TEAM_READY 6 1
TEAM_READY 3 0
TEAM_READY 6 0
TEAM_READY 3 1
TEAM_READY 6 1
TEAM_READY 3 0
TEAM_READY 6 0
TEAM_READY 3 1
TEAM_READY 6 1
TEAM_READY 3 0
TEAM_READY 6 0
TEAM_READY 6 1
TEAM_READY 3 1
TEAM_READY 3 0
TEAM_READY 6 0
TEAM_READY 6 1
TEAM_READY 3 1
TEAM_READY 6 0
TEAM_READY 3 0
TEAM_READY 4 1
TEAM_READY 6 1
TEAM_READY 3 1
TEAM_READY 6 0
TEAM_READY 3 0
TEAM_READY 6 1
TEAM_READY 4 0
TEAM_READY 3 1
TEAM_READY 6 0
TEAM_READY 4 1
TEAM_READY 3 0
TEAM_READY 4 0
TEAM_READY 6 1
TEAM_READY 3 1
TEAM_READY 4 1
TEAM_READY 6 0
TEAM_READY 3 0
TEAM_READY 4 0
TEAM_READY 6 1
TEAM_READY 3 1
TEAM_READY 4 1
TEAM_READY 3 0
TEAM_READY 6 0
TEAM_READY 3 1
TEAM_READY 4 0
TEAM_READY 6 1
TEAM_READY 4 1
TEAM_READY 3 0
TEAM_READY 6 0
TEAM_READY 4 0
TEAM_READY 3 1
TEAM_READY 6 1
TEAM_READY 3 0
TEAM_READY 4 1
TEAM_READY 6 0
TEAM_READY 6 1
TEAM_READY 3 1
TEAM_READY 4 0
TEAM_READY 3 0
TEAM_READY 6 0
TEAM_READY 3 1
TEAM_READY 6 1
TEAM_READY 2 1
TEAM_READY 3 0
TEAM_READY 2 0
TEAM_READY 6 0
TEAM_READY 3 1
TEAM_READY 2 1
TEAM_READY 6 1
TEAM_READY 2 0
TEAM_READY 3 0
TEAM_READY 6 0
TEAM_READY 2 1
TEAM_READY 3 1
TEAM_READY 6 1
TEAM_READY 2 0
TEAM_READY 2 1
TEAM_READY 6 0
TEAM_READY 3 0
TEAM_READY 2 0
TEAM_READY 6 1
TEAM_READY 3 1
TEAM_READY 2 1
TEAM_READY 6 0
TEAM_READY 3 0
TEAM_READY 2 0
TEAM_READY 6 1
TEAM_READY 2 1
TEAM_READY 3 1
TEAM_READY 6 0
TEAM_READY 3 0
TEAM_READY 2 0
TEAM_READY 6 1
TEAM_READY 2 1
TEAM_READY 3 1
TEAM_READY 2 0
TEAM_READY 6 0
TEAM_READY 3 0
TEAM_READY 2 1
TEAM_READY 6 1
TEAM_READY 3 1
TEAM_READY 2 0
TEAM_READY 6 0
TEAM_READY 3 0
TEAM_READY 2 1
TEAM_READY 3 1
TEAM_READY 2 0
TEAM_READY 6 1
TEAM_READY 2 1
TEAM_READY 3 0
TEAM_READY 2 0
TEAM_READY 6 0
TEAM_READY 3 1
TEAM_READY 2 1
TEAM_READY 6 1
TEAM_READY 3 0
TEAM_READY 2 0
TEAM_READY 3 1
TEAM_READY 2 1
TEAM_READY 2 0
TEAM_READY 3 0
TEAM_READY 2 1
TEAM_READY 3 1
TEAM_READY 6 0
TEAM_READY 3 0
TEAM_READY 6 1
TEAM_READY 3 1
TEAM_READY 2 0
TEAM_READY 2 1
TEAM_READY 3 0
TEAM_READY 6 0
TEAM_READY 2 0
TEAM_READY 6 1
TEAM_READY 2 1
TEAM_READY 3 1
TEAM_READY 2 0
TEAM_READY 6 0
TEAM_READY 2 1
TEAM_READY 3 0
TEAM_READY 6 1
TEAM_READY 2 0
TEAM_READY 3 1
TEAM_READY 3 0
TEAM_READY 2 1
TEAM_READY 3 1
TEAM_READY 2 0
TEAM_READY 2 1
TEAM_READY 3 0
TEAM_READY 2 0
TEAM_READY 6 0
TEAM_READY 2 1
TEAM_READY 3 1
TEAM_READY 2 0
TEAM_READY 3 0
TEAM_READY 2 1
TEAM_READY 3 1
TEAM_READY 2 0
TEAM_READY 6 1
TEAM_READY 2 1
TEAM_READY 3 0
TEAM_READY 2 0
TEAM_READY 3 1
TEAM_READY 2 1
TEAM_READY 2 0
TEAM_READY 3 0
TEAM_READY 2 1
TEAM_READY 3 1
TEAM_READY 2 0
TEAM_READY 3 0
TEAM_READY 4 1
TEAM_READY 3 1
TEAM_READY 4 0
TEAM_READY 3 0
TEAM_READY 4 1
TEAM_READY 3 1
TEAM_READY 6 0
TEAM_READY 4 0
TEAM_READY 3 0
TEAM_READY 6 1
TEAM_READY 4 1
TEAM_READY 3 1
TEAM_READY 6 0
TEAM_READY 4 0
TEAM_READY 3 0
TEAM_READY 6 1
TEAM_READY 4 1
TEAM_READY 6 0
TEAM_READY 4 0
TEAM_READY 2 1
TEAM_READY 3 1
TEAM_READY 4 1
TEAM_READY 2 0
TEAM_READY 6 1
TEAM_READY 3 0
TEAM_READY 2 1
TEAM_READY 4 0
TEAM_READY 6 0
TEAM_READY 3 1
TEAM_READY 2 0
TEAM_READY 4 1
TEAM_READY 2 1
TEAM_READY 3 0
TEAM_READY 6 1
TEAM_READY 4 0
TEAM_READY 2 0
TEAM_READY 6 0
TEAM_READY 4 1
TEAM_READY 2 1
TEAM_READY 3 1
TEAM_READY 6 1
TEAM_READY 4 0
TEAM_READY 3 0
TEAM_READY 6 0
TEAM_READY 4 1
TEAM_READY 3 1
TEAM_READY 7 1
TEAM_READY 6 1
TEAM_READY 4 0
TEAM_READY 3 0
TEAM_READY 7 0
TEAM_READY 4 1
TEAM_READY 6 0
TEAM_READY 3 1
TEAM_READY 7 1
TEAM_READY 4 0
TEAM_READY 6 1
TEAM_READY 3 0
TEAM_READY 7 0
TEAM_READY 4 1
TEAM_READY 6 0
TEAM_READY 2 0
TEAM_READY 3 1
TEAM_READY 7 1
TEAM_READY 4 0
TEAM_READY 6 1
TEAM_READY 2 1
TEAM_READY 7 0
TEAM_READY 4 1
TEAM_READY 3 0
TEAM_READY 6 0
TEAM_READY 4 0
TEAM_READY 7 1
TEAM_READY 6 1
TEAM_READY 2 0
TEAM_READY 4 1
TEAM_READY 3 1
TEAM_READY 7 0
TEAM_READY 6 0
TEAM_READY 2 1
TEAM_READY 3 0
TEAM_READY 4 0
TEAM_READY 2 0
TEAM_READY 6 1
TEAM_READY 7 1
TEAM_READY 2 1
TEAM_READY 4 1
TEAM_READY 6 0
TEAM_READY 2 0
TEAM_READY 7 0
TEAM_READY 3 1
TEAM_READY 4 0
TEAM_READY 6 1
TEAM_READY 7 1
TEAM_READY 3 0
TEAM_READY 4 1
TEAM_READY 6 0
TEAM_READY 2 1
TEAM_READY 3 1
TEAM_READY 7 0
TEAM_READY 4 0
TEAM_READY 2 0
TEAM_READY 6 1
TEAM_READY 3 0
TEAM_READY 4 1
TEAM_READY 7 1
TEAM_READY 2 1
TEAM_READY 6 0
TEAM_READY 4 0
TEAM_READY 2 0
TEAM_READY 3 1
TEAM_READY 7 0
TEAM_READY 6 1
TEAM_READY 4 1
TEAM_READY 2 1
TEAM_READY 3 0
TEAM_READY 4 0
TEAM_READY 7 1
TEAM_READY 6 0
TEAM_READY 2 0
TEAM_READY 3 1
TEAM_READY 6 1
TEAM_READY 4 1
TEAM_READY 2 1
TEAM_READY 7 0
TEAM_READY 3 0
TEAM_READY 6 0
TEAM_READY 4 0
TEAM_READY 2 0
TEAM_READY 3 1
TEAM_READY 7 1
TEAM_READY 2 1
TEAM_READY 6 1
TEAM_READY 4 1
TEAM_READY 7 0
TEAM_READY 2 0
TEAM_READY 6 0
TEAM_READY 4 0
TEAM_READY 2 1
TEAM_READY 7 1
TEAM_READY 6 1
TEAM_READY 4 1
TEAM_READY 2 0
TEAM_READY 4 0
TEAM_READY 7 0
TEAM_READY 6 0
TEAM_READY 2 1
TEAM_READY 4 1
TEAM_READY 7 1
TEAM_READY 2 0
TEAM_READY 6 1
TEAM_READY 2 1
TEAM_READY 4 0
TEAM_READY 6 0
TEAM_READY 2 0
TEAM_READY 7 0
TEAM_READY 4 1
TEAM_READY 2 1
TEAM_READY 6 1
TEAM_READY 4 0
TEAM_READY 2 0
TEAM_READY 7 1
TEAM_READY 6 0
TEAM_READY 4 1
TEAM_READY 2 1
TEAM_READY 7 0
TEAM_READY 2 0
TEAM_READY 6 1
TEAM_READY 4 0
TEAM_READY 7 1
TEAM_READY 2 1
TEAM_READY 6 0
TEAM_READY 4 1
TEAM_READY 7 0
TEAM_READY 2 0
TEAM_READY 4 0
TEAM_READY 6 1
TEAM_READY 2 1
TEAM_READY 7 1
TEAM_READY 4 1
TEAM_READY 2 0
TEAM_READY 6 0
TEAM_READY 7 0
TEAM_READY 2 1
TEAM_READY 4 0
TEAM_READY 6 1
TEAM_READY 7 1
TEAM_READY 2 0
TEAM_READY 2 1
TEAM_READY 4 1
TEAM_READY 6 0
TEAM_READY 2 0
TEAM_READY 7 0
TEAM_READY 4 0
TEAM_READY 6 1
TEAM_READY 7 1
TEAM_READY 6 0
TEAM_READY 4 1
TEAM_READY 2 1
TEAM_READY 2 0
TEAM_READY 4 0
TEAM_READY 2 1
TEAM_READY 7 0
TEAM_READY 6 1
TEAM_READY 4 1
TEAM_READY 7 1
TEAM_READY 2 0
TEAM_READY 6 0
TEAM_READY 4 0
TEAM_READY 2 1
TEAM_READY 6 1
TEAM_READY 7 0
TEAM_READY 4 1
TEAM_READY 2 0
TEAM_READY 6 0
TEAM_READY 2 1
TEAM_READY 7 1
TEAM_READY 4 0
TEAM_READY 6 1
TEAM_READY 2 0
TEAM_READY 7 0
TEAM_READY 4 1
TEAM_READY 6 0
TEAM_READY 2 1
TEAM_READY 4 0
TEAM_READY 2 0
TEAM_READY 7 1
TEAM_READY 6 1
TEAM_READY 7 0
TEAM_READY 4 1
TEAM_READY 6 0
TEAM_READY 2 1
TEAM_READY 4 0
TEAM_READY 6 1
TEAM_READY 7 1
TEAM_READY 2 0
TEAM_READY 4 1
TEAM_READY 6 0
TEAM_READY 2 1
TEAM_READY 7 0
TEAM_READY 4 0
TEAM_READY 2 0
TEAM_READY 6 1
TEAM_READY 7 1
TEAM_READY 4 1
TEAM_READY 2 1
TEAM_READY 6 0
TEAM_READY 2 0
TEAM_READY 7 0
TEAM_READY 4 0
TEAM_READY 2 1
TEAM_READY 6 1
TEAM_READY 4 1
TEAM_READY 7 1
TEAM_READY 2 0
TEAM_READY 4 0
TEAM_READY 6 0
TEAM_READY 2 1
TEAM_READY 7 0
TEAM_READY 4 1
TEAM_READY 6 1
TEAM_READY 2 0
TEAM_READY 7 1
TEAM_READY 4 0
TEAM_READY 2 1
TEAM_READY 6 0
TEAM_READY 7 0
TEAM_READY 2 0
TEAM_READY 6 1
TEAM_READY 2 1
TEAM_READY 7 1
TEAM_READY 6 0
TEAM_READY 6 1
TEAM_READY 7 0
TEAM_READY 4 1
TEAM_READY 6 0
TEAM_READY 7 1
TEAM_READY 6 1
TEAM_READY 7 0
TEAM_READY 6 0
TEAM_READY 7 1
TEAM_READY 6 1
TEAM_READY 7 0
TEAM_READY 6 0
TEAM_READY 7 1
TEAM_READY 6 1
TEAM_READY 7 0
TEAM_READY 6 0
TEAM_READY 7 1
TEAM_READY 6 1
TEAM_READY 6 0
TEAM_READY 6 1
TEAM_READY 6 0
TEAM_READY 7 0
TEAM_READY 6 1
TEAM_READY 6 0
TEAM_READY 6 1
TEAM_READY 6 0
TEAM_READY 6 1
TEAM_READY 6 0
TEAM_READY 6 1
TEAM_READY 6 0
TEAM_READY 6 1
TEAM_READY 6 0
TEAM_READY 6 1
TEAM_READY 6 0
TEAM_ALLIANCE 1 0 SWITCH
TEAM_ALLIANCE 6 1 SWITCH
TEAM_ALLIANCE 6 0 SWITCH
TEAM_READY 5 1
TEAM_READY 2 1
TEAM_READY 0 1
TEAM_READY 0 0
TEAM_READY 0 1
TEAM_READY 0 0
TEAM_ALLIANCE 3 0 SWITCH
TEAM_READY 0 1
TEAM_READY 4 1
TEAM_READY 7 1
TEAM_READY 6 1
TEAM_READY 5 1
TEAM_READY 2 1
TEAM_READY 3 1
TEAM_READY 1 1
TEAM_READY 4 0
TEAM_ALLIANCE 4 0 SWITCH
TEAM_READY 4 1
TEAM_READY 5 1
TEAM_READY 6 1
TEAM_READY 0 1
TEAM_READY 1 1
TEAM_READY 3 1
TEAM_READY 2 1
TEAM_READY 7 1
TEAM_READY 7 0
TEAM_READY 7 1
TEAM_TERRITORY 2 3
TEAM_TERRITORY 3 5
TEAM_TERRITORY 0 7
TEAM_TERRITORY 7 0
TEAM_TERRITORY 6 1
TEAM_TERRITORY 5 2
TEAM_TERRITORY 4 6
TEAM_TERRITORY 1 4
RANKED 1
SETTING CaseSensitive 0
SETTING TotalBandwidth 75000
SETTING PlayerBandwidth 10000
SETTING ServerLANIP 116.203.228.110
SETTING ServerPort 5017
SETTING MaxSpectators 15
SETTING SpectatorChatChannel 0
SETTING TeamSwitching 0
SETTING EmptyBomberLaunch 1
SETTING FirstStrikeBonus 15
SETTING UnitBuffer 5
SETTING CityBuffer 2
SETTING WorldUnitScale 100
SETTING WorldScale 100
SETTING VariableUnitCounts 0
SETTING MaxGameRealTime 0
SETTING VictoryTimer 45
SETTING VictoryTrigger 20
SETTING VictoryMode 0
SETTING ScoreMode 1
SETTING SlowestSpeed 0
SETTING GameSpeed 0
SETTING RadarSharing 1
SETTING PermitDefection 1
SETTING RandomTerritories 1
SETTING CityPopulations 0
SETTING PopulationPerTerritory 100
SETTING CitiesPerTerritory 25
SETTING TerritoriesPerTeam 1
SETTING MinTeams 6
SETTING MaxTeams 8
SETTING GameMode 7
SETTING AdvertiseOnLAN 1
SETTING AdvertiseOnInternet 1
SETTING ServerName DefconExpanded | 4v4 | Diplomacy | Totally Random
SETTING KickVoteMin 2
SETTING DropCourtesy -1
SETTING SlowBudgetMax 1200
SETTING SlowBudgetStart 1200
SETTING ReadyVoteDelay 90
SETTING GhostProtection 1
SETTING IdleTimeGlobal 600
SETTING AdvertisePlayers 8
GAME_START
TEAM_SPEED 3 1
TEAM_SPEED 2 5
TEAM_SPEED 2 1
TEAM_SPEED 7 1
TEAM_SPEED 3 0
TEAM_SPEED 6 0
CLIENT_QUIT 9 0
TEAM_ABANDON 0
TEAM_SPEED 7 0
CLIENT_QUIT 14 0
TEAM_ABANDON 4
TEAM_RECONNECT 4 14
TEAM_ALLIANCE 4 0 REJOIN
CLIENT_NEW 14 13183470 162.155.4.171 1.60.1.5 MINICOM
TEAM_SPEED 4 20
TEAM_RECONNECT 0 9
TEAM_ALLIANCE 0 0 REJOIN
CLIENT_NEW 9 13197076 108.66.2.73 1.60.1.5 MINICOM
TEAM_SPEED 2 1
TEAM_SPEED 4 20
TEAM_SPEED 5 0
TEAM_SPEED 5 1
TEAM_SPEED 0 1
TEAM_SPEED 0 1
TEAM_SPEED 0 1
TEAM_SPEED 0 1
TEAM_SPEED 0 1
TEAM_SPEED 0 1
TEAM_SPEED 0 1
TEAM_SPEED 0 1
TEAM_SPEED 0 1
TEAM_SPEED 0 1
TEAM_SPEED 0 1
TEAM_SPEED 0 1
TEAM_SPEED 0 1
TEAM_SPEED 0 1
TEAM_SPEED 0 1
TEAM_SPEED 3 1
TEAM_SPEED 0 1
TEAM_SPEED 0 1
TEAM_SPEED 0 1
TEAM_SPEED 0 5
TEAM_SPEED 6 1
TEAM_SPEED 6 1
TEAM_SPEED 6 1
TEAM_SPEED 1 1
TEAM_SPEED 1 20
TEAM_SPEED 3 1
TEAM_SPEED 7 1
CLIENT_OUT_OF_SYNC 14
CLIENT_BACK_IN_SYNC 14
TEAM_SPEED 6 5
TEAM_SPEED 0 1
TEAM_SPEED 3 1
TEAM_SPEED 4 0
CLIENT_OUT_OF_SYNC 14
CLIENT_BACK_IN_SYNC 14
TEAM_SPEED 7 0
TEAM_SPEED 1 1
TEAM_SPEED 0 1
CLIENT_OUT_OF_SYNC 14
CLIENT_QUIT 14 0
CLIENT_BACK_IN_SYNC 14
TEAM_ABANDON 4
TEAM_RECONNECT 4 14
TEAM_ALLIANCE 4 0 REJOIN
CLIENT_NEW 14 13183470 162.155.4.171 1.60.1.5 MINICOM
CLIENT_OUT_OF_SYNC 14
TEAM_SPEED 3 1
SETTING SlowestSpeed 1
CLIENT_QUIT 15 0
TEAM_ABANDON 5
CLIENT_QUIT 16 0
TEAM_ABANDON 6
CLIENT_BACK_IN_SYNC 14
CLIENT_QUIT 11 0
TEAM_ABANDON 1
CLIENT_QUIT 14 2
TEAM_ABANDON 4
CLIENT_QUIT 9 2
TEAM_ABANDON 0
CLIENT_QUIT 17 2
TEAM_ABANDON 7
CLIENT_QUIT 13 2
TEAM_ABANDON 3
CLIENT_QUIT 12 2
TEAM_ABANDON 2
GAME_END
CLIENT_QUIT 10 2
SCORE_BEGIN
SCORE_TEAM 0 0 9 FasterThanRaito
SCORE_TEAM 1 0 11 Lord Haw Haw 
SCORE_TEAM 2 0 12 Corporation
SCORE_TEAM 3 0 13 LadenBinKezza
SCORE_TEAM 4 0 14 
SCORE_TEAM 5 0 15 Sievert
SCORE_TEAM 6 0 16 Jackolite
SCORE_TEAM 7 0 17 Keaor
SCORE_END
SERVER_QUIT
CLIENT_NAME 8 DefconExpanded
SERVER_START Dedcon 1.60.1.5 2024-10-19
CHARSET latin1
CLIENT_NEW 9 13213071 84.68.77.251 1.60.1.5 MINICOM
TEAM_ENTER 0 9
TEAM_ALLIANCE 0 0 SWITCH
CLIENT_NAME 9 LadenBinKezza
CLIENT_NEW 10 13196164 86.179.84.2 1.60.1.5 MINICOM
TEAM_ENTER 1 10
TEAM_ALLIANCE 1 1 SWITCH
CLIENT_NAME 10 Jackolite
CLIENT_NEW 11 425333 98.122.186.54 1.60.1.5 MINICOM
TEAM_ENTER 2 11
TEAM_ALLIANCE 2 2 SWITCH
CLIENT_NAME 11 Lord Haw Haw 
TEAM_ALLIANCE 2 5 SWITCH
CLIENT_NEW 12 13215723 66.177.11.5 1.60.1.5 MINICOM
TEAM_ENTER 3 12
TEAM_ALLIANCE 3 2 SWITCH
CLIENT_NAME 12 Corporation
CLIENT_NEW 13 13210377 173.79.170.129 1.60.1.5 MINICOM
TEAM_ENTER 4 13
TEAM_ALLIANCE 4 3 SWITCH
CLIENT_NAME 13 Sievert
TEAM_ALLIANCE 4 0 SWITCH
CLIENT_NEW 14 13199506 108.66.2.73 1.60.1.5 MINICOM
TEAM_ENTER 5 14
TEAM_ALLIANCE 5 3 SWITCH
CLIENT_NAME 14 LawlietAmbiance
TEAM_LEAVE 5
CLIENT_NEW 15 13197076 108.66.2.73 1.60.1.5 MINICOM
TEAM_ENTER 5 15
TEAM_ALLIANCE 5 3 SWITCH
CLIENT_NAME 15 FasterThanRaito
TEAM_ALLIANCE 5 0 SWITCH
TEAM_ALLIANCE 1 0 SWITCH
CLIENT_NEW 16 13183470 162.155.4.171 1.60.1.5 MINICOM
TEAM_ENTER 6 16
TEAM_ALLIANCE 6 1 SWITCH
CLIENT_NAME 16 Vault Tec
TEAM_ALLIANCE 6 4 SWITCH
TEAM_ALLIANCE 2 0 SWITCH
TEAM_READY 6 1
TEAM_ALLIANCE 3 0 SWITCH
CLIENT_NEW 17 13229427 71.198.137.202 1.60.1.5 MINICOM
TEAM_ENTER 7 17
TEAM_ALLIANCE 7 1 SWITCH
CLIENT_NAME 17 Keaor
TEAM_READY 1 1
TEAM_ALLIANCE 6 0 SWITCH
TEAM_ALLIANCE 7 0 SWITCH
TEAM_READY 6 1
TEAM_READY 4 1
TEAM_READY 7 1
TEAM_READY 2 1
TEAM_READY 3 1
TEAM_READY 0 1
TEAM_READY 0 0
TEAM_READY 6 1
TEAM_READY 4 1
TEAM_READY 5 1
TEAM_READY 0 1
TEAM_READY 1 1
TEAM_READY 3 1
TEAM_READY 2 1
TEAM_READY 7 1
TEAM_READY 6 1
TEAM_READY 6 0
TEAM_READY 6 1
TEAM_TERRITORY 1 6
TEAM_TERRITORY 2 4
TEAM_TERRITORY 0 0
TEAM_TERRITORY 6 1
TEAM_TERRITORY 4 5
TEAM_TERRITORY 7 7
TEAM_TERRITORY 5 3
TEAM_TERRITORY 3 2
RANKED 1
SETTING CaseSensitive 0
SETTING TotalBandwidth 75000
SETTING PlayerBandwidth 10000
SETTING ServerLANIP 116.203.228.110
SETTING ServerPort 5017
SETTING MaxSpectators 15
SETTING SpectatorChatChannel 1
SETTING TeamSwitching 0
SETTING EmptyBomberLaunch 1
SETTING FirstStrikeBonus 15
SETTING UnitBuffer 5
SETTING CityBuffer 2
SETTING WorldUnitScale 100
SETTING WorldScale 100
SETTING VariableUnitCounts 0
SETTING MaxGameRealTime 0
SETTING VictoryTimer 45
SETTING VictoryTrigger 20
SETTING VictoryMode 0
SETTING ScoreMode 1
SETTING SlowestSpeed 0
SETTING GameSpeed 0
SETTING RadarSharing 1
SETTING PermitDefection 1
SETTING RandomTerritories 1
SETTING CityPopulations 3
SETTING PopulationPerTerritory 150
SETTING CitiesPerTerritory 30
SETTING TerritoriesPerTeam 1
SETTING MinTeams 6
SETTING MaxTeams 8
SETTING GameMode 7
SETTING AdvertiseOnLAN 1
SETTING AdvertiseOnInternet 1
SETTING ServerName DefconExpanded | 4v4 | Diplomacy | Totally Random
SETTING KickVoteMin 2
SETTING DropCourtesy -1
SETTING SlowBudgetMax 1200
SETTING SlowBudgetStart 1200
SETTING ReadyVoteDelay 90
SETTING GhostProtection 0
SETTING IdleTimeGlobal 600
SETTING AdvertisePlayers 8
GAME_START
SETTING SpectatorChatChannel 0
CLIENT_OUT_OF_SYNC 16
CLIENT_QUIT 16 0
CLIENT_BACK_IN_SYNC 16
TEAM_ABANDON 6
TEAM_SPEED 5 1
TEAM_SPEED 5 1
TEAM_SPEED 5 0
TEAM_SPEED 7 1
CLIENT_QUIT 15 0
TEAM_ABANDON 5
CLIENT_QUIT 10 0
TEAM_ABANDON 1
CLIENT_QUIT 12 0
TEAM_ABANDON 3
CLIENT_QUIT 17 0
TEAM_ABANDON 7
CLIENT_QUIT 14 2
CLIENT_QUIT 13 2
TEAM_ABANDON 4
CLIENT_QUIT 11 2
TEAM_ABANDON 2
CLIENT_QUIT 9 2
TEAM_ABANDON 0
GAME_END
SCORE_BEGIN
SCORE_TEAM 0 0 9 LadenBinKezza
SCORE_TEAM 1 0 10 Jackolite
SCORE_TEAM 2 0 11 Lord Haw Haw 
SCORE_TEAM 3 0 12 Corporation
SCORE_TEAM 4 0 13 Sievert
SCORE_TEAM 5 0 15 FasterThanRaito
SCORE_TEAM 6 0 16 Vault Tec
SCORE_TEAM 7 0 17 Keaor
SCORE_END
SERVER_QUIT
CLIENT_NAME 8 DefconExpanded
SERVER_START Dedcon 1.60.1.5 2024-10-19
CHARSET latin1
CLIENT_NEW 9 13210377 173.79.170.129 1.60.1.5 MINICOM
TEAM_ENTER 0 9
TEAM_ALLIANCE 0 0 SWITCH
CLIENT_NAME 9 Sievert
CLIENT_NEW 10 425333 98.122.186.54 1.60.1.5 MINICOM
TEAM_ENTER 1 10
TEAM_ALLIANCE 1 1 SWITCH
CLIENT_NAME 10 Lord Haw Haw 
CLIENT_NEW 11 13213071 84.68.77.251 1.60.1.5 MINICOM
TEAM_ENTER 2 11
TEAM_ALLIANCE 2 2 SWITCH
CLIENT_NAME 11 LadenBinKezza
TEAM_ALLIANCE 1 0 SWITCH
CLIENT_NEW 12 13229427 71.198.137.202 1.60.1.5 MINICOM
TEAM_ENTER 3 12
TEAM_ALLIANCE 3 1 SWITCH
CLIENT_NAME 12 Keaor
TEAM_ALLIANCE 3 0 SWITCH
CLIENT_NEW 13 13199506 108.66.2.73 1.60.1.5 MINICOM
TEAM_ENTER 4 13
TEAM_ALLIANCE 4 1 SWITCH
CLIENT_NAME 13 LawlietAmbiance
TEAM_LEAVE 4
CLIENT_NEW 14 13196164 86.179.84.2 1.60.1.5 MINICOM
TEAM_ENTER 4 14
TEAM_ALLIANCE 4 1 SWITCH
CLIENT_NAME 14 Jackolite
CLIENT_NEW 15 13197076 108.66.2.73 1.60.1.5 MINICOM
TEAM_ENTER 5 15
TEAM_ALLIANCE 5 3 SWITCH
CLIENT_NAME 15 FasterThanRaito
CLIENT_NEW 16 13215723 66.177.11.5 1.60.1.5 MINICOM
TEAM_ENTER 6 16
TEAM_ALLIANCE 6 4 SWITCH
CLIENT_NAME 16 Corporation
TEAM_ALLIANCE 6 0 SWITCH
TEAM_ALLIANCE 5 0 SWITCH
TEAM_ALLIANCE 0 3 SWITCH
TEAM_ALLIANCE 2 1 SWITCH
TEAM_ALLIANCE 1 1 SWITCH
TEAM_READY 3 1
TEAM_ALLIANCE 0 0 SWITCH
TEAM_ALLIANCE 1 0 SWITCH
TEAM_ALLIANCE 4 0 SWITCH
TEAM_ALLIANCE 2 0 SWITCH
TEAM_ALLIANCE 0 2 SWITCH
TEAM_ALLIANCE 1 2 SWITCH
TEAM_READY 4 1
TEAM_ALLIANCE 0 0 SWITCH
TEAM_READY 2 1
TEAM_READY 2 0
TEAM_READY 2 1
TEAM_READY 2 0
TEAM_READY 2 1
TEAM_READY 2 0
TEAM_ALLIANCE 1 0 SWITCH
TEAM_READY 4 1
TEAM_READY 0 1
TEAM_READY 5 1
TEAM_READY 2 1
TEAM_READY 1 1
TEAM_READY 6 1
TEAM_READY 3 1
TEAM_READY 3 0
TEAM_READY 3 1
TEAM_TERRITORY 4 7
TEAM_TERRITORY 3 4
TEAM_TERRITORY 0 3
TEAM_TERRITORY 1 1
TEAM_TERRITORY 5 0
TEAM_TERRITORY 2 5
TEAM_TERRITORY 6 2
RANKED 1
SETTING CaseSensitive 0
SETTING TotalBandwidth 75000
SETTING PlayerBandwidth 10000
SETTING ServerLANIP 116.203.228.110
SETTING ServerPort 5017
SETTING MaxSpectators 15
SETTING SpectatorChatChannel 1
SETTING TeamSwitching 0
SETTING EmptyBomberLaunch 1
SETTING FirstStrikeBonus 15
SETTING UnitBuffer 5
SETTING CityBuffer 2
SETTING WorldUnitScale 100
SETTING WorldScale 100
SETTING VariableUnitCounts 0
SETTING MaxGameRealTime 0
SETTING VictoryTimer 45
SETTING VictoryTrigger 20
SETTING VictoryMode 0
SETTING ScoreMode 1
SETTING SlowestSpeed 0
SETTING GameSpeed 0
SETTING RadarSharing 1
SETTING PermitDefection 1
SETTING RandomTerritories 1
SETTING CityPopulations 3
SETTING PopulationPerTerritory 150
SETTING CitiesPerTerritory 30
SETTING TerritoriesPerTeam 1
SETTING MinTeams 6
SETTING MaxTeams 8
SETTING GameMode 7
SETTING AdvertiseOnLAN 1
SETTING AdvertiseOnInternet 1
SETTING ServerName DefconExpanded | 4v4 | Diplomacy | Totally Random
SETTING KickVoteMin 2
SETTING DropCourtesy -1
SETTING SlowBudgetMax 1200
SETTING SlowBudgetStart 1200
SETTING ReadyVoteDelay 90
SETTING GhostProtection 1
SETTING IdleTimeGlobal 600
SETTING AdvertisePlayers 8
GAME_START
SETTING SpectatorChatChannel 0
TEAM_SPEED 5 1
TEAM_SPEED 6 1
TEAM_ALLIANCE 0 1 LEAVE
TEAM_ALLIANCE 0 0 JOIN
TEAM_SPEED 6 5
TEAM_SPEED 2 5
TEAM_SPEED 2 5
TEAM_SPEED 4 20
TEAM_SPEED 4 20
TEAM_SPEED 5 5
TEAM_SPEED 0 1
SETTING PermitDefection 0
SETTING RadarSharing 2
SETTING RadarSharing 1
SETTING RadarSharing 0
SETTING RadarSharing 3
SETTING RadarSharing 1
SETTING RadarSharing 2
SETTING PermitDefection 1
TEAM_SPEED 6 5
TEAM_SPEED 3 5
TEAM_SPEED 3 5
TEAM_SPEED 2 5
TEAM_SPEED 3 5
TEAM_SPEED 3 5
TEAM_SPEED 3 10
TEAM_SPEED 3 5
TEAM_SPEED 5 5
TEAM_SPEED 5 10
TEAM_SPEED 3 5
TEAM_SPEED 0 5
TEAM_SPEED 1 1
TEAM_SPEED 0 5
CLIENT_NEW 17 13227621 78.96.143.126 1.60.1.5 MINICOM
TEAM_SPEED 1 5
CLIENT_NAME 17 Mojo
TEAM_SPEED 1 1
TEAM_SPEED 2 5
TEAM_SPEED 1 20
TEAM_SPEED 6 1
TEAM_ALLIANCE 2 1 KICK
CLIENT_OUT_OF_SYNC 12
CLIENT_BACK_IN_SYNC 12
TEAM_SPEED 5 1
TEAM_SPEED 0 1
TEAM_SPEED 4 10
TEAM_SPEED 0 20
CLIENT_OUT_OF_SYNC 12
TEAM_SPEED 3 1
TEAM_SPEED 0 1
TEAM_SPEED 0 20
TEAM_SPEED 2 1
TEAM_SPEED 6 1
TEAM_SPEED 3 1
TEAM_SPEED 1 1
TEAM_SPEED 2 5
TEAM_SPEED 0 20
TEAM_SPEED 5 5
TEAM_SPEED 6 5
TEAM_SPEED 3 5
TEAM_SPEED 0 20
TEAM_SPEED 1 5
TEAM_SPEED 6 1
TEAM_SPEED 6 5
TEAM_SPEED 6 1
TEAM_SPEED 6 5
TEAM_SPEED 4 1
TEAM_SPEED 4 1
TEAM_SPEED 6 5
TEAM_SPEED 6 5
TEAM_SPEED 2 5
TEAM_SPEED 5 5
TEAM_SPEED 5 5
TEAM_SPEED 5 10
TEAM_SPEED 5 10
TEAM_SPEED 4 5
TEAM_SPEED 4 5
TEAM_SPEED 5 5
TEAM_SPEED 5 10
TEAM_SPEED 4 1
TEAM_SPEED 4 1
TEAM_SPEED 4 5
TEAM_SPEED 4 5
TEAM_SPEED 4 5
TEAM_SPEED 4 20
TEAM_SPEED 4 20
TEAM_SPEED 4 20
TEAM_SPEED 2 20
TEAM_SPEED 6 10
TEAM_SPEED 0 1
TEAM_SPEED 0 20
TEAM_SPEED 0 1
TEAM_SPEED 1 1
TEAM_SPEED 0 20
TEAM_SPEED 0 20
TEAM_SPEED 1 5
TEAM_SPEED 4 1
TEAM_SPEED 4 1
TEAM_SPEED 6 5
TEAM_SPEED 4 5
TEAM_SPEED 4 5
TEAM_SPEED 1 1
TEAM_SPEED 2 5
TEAM_SPEED 2 20
TEAM_SPEED 0 20
TEAM_SPEED 1 5
TEAM_SPEED 0 5
TEAM_SPEED 0 1
TEAM_SPEED 4 5
TEAM_SPEED 4 5
TEAM_SPEED 1 5
TEAM_SPEED 0 20
CLIENT_NEW 18 13195997 66.131.223.214 1.60.1.5 MINICOM
TEAM_SPEED 0 1
CLIENT_QUIT 18 1
TEAM_SPEED 0 20
TEAM_SPEED 1 1
TEAM_SPEED 1 5
TEAM_SPEED 1 1
TEAM_SPEED 4 20
TEAM_SPEED 4 20
TEAM_SPEED 1 5
TEAM_SPEED 4 1
TEAM_SPEED 1 1
TEAM_SPEED 4 5
TEAM_SPEED 4 5
TEAM_SPEED 4 5
TEAM_SPEED 1 5
TEAM_SPEED 5 1
CLIENT_NEW 19 13195997 66.131.223.214 1.60.1.5 MINICOM
TEAM_SPEED 5 5
TEAM_SPEED 5 5
TEAM_SPEED 5 1
TEAM_SPEED 5 1
TEAM_SPEED 5 5
TEAM_SPEED 5 1
TEAM_SPEED 5 1
TEAM_SPEED 5 5
TEAM_SPEED 5 5
TEAM_SPEED 5 1
TEAM_SPEED 5 1
TEAM_SPEED 5 1
TEAM_SPEED 5 1
TEAM_SPEED 6 20
TEAM_SPEED 5 5
TEAM_SPEED 5 5
CLIENT_NAME 19 Gyarados
TEAM_SPEED 3 1
CLIENT_QUIT 19 0
TEAM_SPEED 4 20
CLIENT_QUIT 17 0
TEAM_SPEED 1 20
TEAM_SPEED 6 5
TEAM_SPEED 6 20
TEAM_SPEED 0 20
TEAM_SPEED 2 20
TEAM_SPEED 3 5
TEAM_SPEED 3 10
TEAM_SPEED 5 1
TEAM_SPEED 5 1
TEAM_SPEED 5 5
TEAM_SPEED 5 5
TEAM_SPEED 0 1
TEAM_SPEED 5 5
TEAM_SPEED 5 1
TEAM_SPEED 5 5
TEAM_SPEED 4 20
TEAM_SPEED 1 20
TEAM_SPEED 0 20
TEAM_SPEED 5 10
TEAM_SPEED 5 10
TEAM_SPEED 5 1
TEAM_SPEED 0 1
TEAM_SPEED 0 20
TEAM_SPEED 5 10
TEAM_SPEED 5 1
TEAM_SPEED 5 10
TEAM_SPEED 0 1
TEAM_SPEED 5 10
TEAM_SPEED 0 20
TEAM_SPEED 0 1
TEAM_SPEED 0 20
TEAM_SPEED 5 1
TEAM_SPEED 5 1
TEAM_SPEED 5 5
TEAM_SPEED 5 5
TEAM_SPEED 5 20
TEAM_SPEED 5 10
TEAM_SPEED 5 10
TEAM_SPEED 5 10
TEAM_SPEED 0 1
TEAM_SPEED 0 20
TEAM_SPEED 0 1
TEAM_SPEED 0 20
TEAM_SPEED 0 1
TEAM_SPEED 0 20
TEAM_SPEED 4 20
TEAM_SPEED 4 20
TEAM_SPEED 5 1
TEAM_SPEED 5 1
TEAM_SPEED 3 10
TEAM_SPEED 3 5
TEAM_SPEED 3 10
TEAM_SPEED 3 20
TEAM_SPEED 5 5
TEAM_SPEED 5 5
TEAM_SPEED 5 1
TEAM_SPEED 5 1
TEAM_SPEED 4 20
TEAM_SPEED 5 5
TEAM_SPEED 5 1
TEAM_SPEED 2 20
CLIENT_QUIT 16 1
TEAM_ABANDON 6
TEAM_SPEED 2 1
TEAM_SPEED 4 20
TEAM_SPEED 4 20
TEAM_SPEED 1 1
TEAM_SPEED 0 20
TEAM_SPEED 4 20
TEAM_SPEED 4 20
TEAM_SPEED 5 1
TEAM_SPEED 3 10
TEAM_SPEED 1 20
SETTING SlowestSpeed 1
TEAM_SPEED 3 20
TEAM_SPEED 2 20
TEAM_SPEED 5 5
TEAM_SPEED 5 1
TEAM_SPEED 4 20
TEAM_SPEED 4 20
TEAM_SPEED 4 20
TEAM_SPEED 5 10
TEAM_SPEED 5 10
TEAM_SPEED 5 1
TEAM_SPEED 5 1
TEAM_SPEED 5 10
TEAM_SPEED 5 1
TEAM_SPEED 5 1
TEAM_SPEED 5 20
TEAM_SPEED 5 1
TEAM_SPEED 5 1
TEAM_SPEED 5 5
TEAM_SPEED 3 20
TEAM_SPEED 3 20
TEAM_SPEED 1 20
TEAM_SPEED 5 20
TEAM_SPEED 5 20
TEAM_RECONNECT 6 16
TEAM_ALLIANCE 6 0 REJOIN
CLIENT_NEW 16 13215723 66.177.11.5 1.60.1.5 MINICOM
TEAM_SPEED 4 20
TEAM_SPEED 4 20
TEAM_SPEED 4 20
TEAM_SPEED 2 20
TEAM_SPEED 1 20
TEAM_SPEED 0 20
TEAM_SPEED 6 5
TEAM_SPEED 5 20
TEAM_SPEED 5 20
TEAM_SPEED 5 20
TEAM_SPEED 5 20
TEAM_SPEED 5 20
TEAM_SPEED 2 20
TEAM_SPEED 2 20
TEAM_SPEED 5 20
TEAM_SPEED 5 20
TEAM_SPEED 2 20
TEAM_SPEED 3 20
TEAM_SPEED 4 20
TEAM_SPEED 4 20
TEAM_SPEED 2 20
TEAM_SPEED 4 20
TEAM_SPEED 4 20
SETTING SlowestSpeed 4
GAME_END
SETTING Record demo_recordings/game8p_2024-11-10-20-06.d8crec
SETTING AdvertiseOnInternet 0
CLIENT_QUIT 14 0
TEAM_ABANDON 4
CLIENT_QUIT 16 2
TEAM_ABANDON 6
CLIENT_QUIT 15 2
TEAM_ABANDON 5
CLIENT_QUIT 13 2
CLIENT_QUIT 12 2
CLIENT_BACK_IN_SYNC 12
TEAM_ABANDON 3
CLIENT_QUIT 11 2
TEAM_ABANDON 2
CLIENT_QUIT 10 2
TEAM_ABANDON 1
CLIENT_QUIT 9 2
TEAM_ABANDON 0
SCORE_BEGIN
SCORE_TEAM 1 112 10 Lord Haw Haw 
SCORE_TEAM 5 107 15 FasterThanRaito
SCORE_TEAM 6 78 16 Corporation
SCORE_TEAM 3 36 12 Keaor
SCORE_TEAM 4 29 14 Jackolite
SCORE_TEAM 0 25 9 Sievert
SCORE_TEAM 2 7 11 LadenBinKezza
SCORE_SIGNATURE_PLAYER 15 13197076 FasterThanRaito
SCORE_SIGNATURE_PLAYER 14 13196164 Jackolite
SCORE_SIGNATURE_SPECTATOR 13 13199506 LawlietAmbiance
SCORE_SIGNATURE_PLAYER 11 13213071 LadenBinKezza
SCORE_SIGNATURE_PLAYER 10 425333 Lord Haw Haw 
SCORE_SIGNATURE_PLAYER 9 13210377 Sievert
SCORE_END
SERVER_QUIT
CLIENT_NAME 8 DefconExpanded
SERVER_START Dedcon 1.60.1.5 2024-10-19
CHARSET latin1
CLIENT_NEW 9 13213071 84.68.77.251 1.60.1.5 MINICOM
TEAM_ENTER 0 9
TEAM_ALLIANCE 0 0 SWITCH
CLIENT_QUIT 9 0
TEAM_LEAVE 0
SCORE_BEGIN
SCORE_END
SERVER_QUIT
CLIENT_NAME 8 DefconExpanded
SERVER_START Dedcon 1.60.1.5 2024-10-19
CHARSET latin1
CLIENT_NAME 8 DefconExpanded
SERVER_START Dedcon 1.60.1.5 2024-10-19
CHARSET latin1
CLIENT_NEW 9 13227621 78.96.143.126 1.60.1.5 MINICOM
TEAM_ENTER 0 9
TEAM_ALLIANCE 0 0 SWITCH
CLIENT_NAME 9 Locutus
CLIENT_NEW 10 425333 98.122.186.54 1.60.1.5 MINICOM
TEAM_ENTER 1 10
TEAM_ALLIANCE 1 1 SWITCH
CLIENT_NAME 10 NewPlayer
CLIENT_NAME 10 Luke Streetwalker
TEAM_ALLIANCE 1 5 SWITCH
CLIENT_NEW 11 13210377 173.79.170.129 1.60.1.5 MINICOM
TEAM_ENTER 2 11
TEAM_ALLIANCE 2 1 SWITCH
CLIENT_NAME 11 Sievert
CLIENT_NEW 12 13196164 86.179.84.2 1.60.1.5 MINICOM
TEAM_ENTER 3 12
TEAM_ALLIANCE 3 2 SWITCH
TEAM_ALLIANCE 2 4 SWITCH
CLIENT_NAME 12 Jackolite
TEAM_ALLIANCE 3 1 SWITCH
CLIENT_NEW 13 13215723 67.191.97.64 1.60.1.5 MINICOM
TEAM_ENTER 4 13
TEAM_ALLIANCE 4 2 SWITCH
CLIENT_NAME 13 Corporation
TEAM_ALLIANCE 2 6 SWITCH
CLIENT_NEW 14 13213071 90.250.167.19 1.60.1.5 MINICOM
TEAM_ENTER 5 14
TEAM_ALLIANCE 5 0 SWITCH
CLIENT_NAME 14 LadenBinKezza
CLIENT_NEW 15 DEMO 88.90.186.172 1.60.1.5 MINICOM
TEAM_ENTER 6 15
TEAM_ALLIANCE 6 3 SWITCH
CLIENT_NAME 15 LadenBinKezza_2
CLIENT_NAME 15 Haakon
CLIENT_GRIEF 9 adminKick
CLIENT_QUIT 9 8
TEAM_LEAVE 0
CLIENT_NEW 16 13227621 78.96.143.126 1.60.1.5 MINICOM
TEAM_ENTER 0 16
TEAM_ALLIANCE 0 4 SWITCH
CLIENT_NAME 16 Mojo
CLIENT_NEW 17 13197076 108.66.2.73 1.60.1.5 MINICOM
CLIENT_NEW 18 13199506 108.66.2.73 1.60.1.5 MINICOM
TEAM_ENTER 7 17
TEAM_ALLIANCE 7 7 SWITCH
CLIENT_NAME 17 FasterThanRaito
CLIENT_NAME 18 LawlietAmbiance
TEAM_ALLIANCE 5 7 SWITCH
TEAM_ALLIANCE 3 4 SWITCH
TEAM_ALLIANCE 4 7 SWITCH
TEAM_ALLIANCE 1 4 SWITCH
TEAM_ALLIANCE 2 3 SWITCH
TEAM_READY 3 1
TEAM_READY 3 1
TEAM_READY 3 0
TEAM_ALLIANCE 6 6 SWITCH
TEAM_READY 2 1
TEAM_READY 2 0
TEAM_ALLIANCE 5 4 SWITCH
TEAM_ALLIANCE 5 1 SWITCH
TEAM_ALLIANCE 3 9 SWITCH
TEAM_READY 3 1
TEAM_READY 2 1
TEAM_READY 0 1
TEAM_READY 5 1
TEAM_READY 6 1
TEAM_READY 7 1
TEAM_READY 1 1
TEAM_READY 5 0
TEAM_READY 2 0
TEAM_READY 5 1
TEAM_READY 4 1
TEAM_READY 2 1
TEAM_TERRITORY 2 6
TEAM_TERRITORY 6 4
TEAM_TERRITORY 4 7
TEAM_TERRITORY 7 5
TEAM_TERRITORY 0 2
TEAM_TERRITORY 1 1
TEAM_TERRITORY 5 3
RANKED 1
SETTING CaseSensitive 0
SETTING TotalBandwidth 75000
SETTING PlayerBandwidth 10000
SETTING ServerLANIP 116.203.228.110
SETTING ServerPort 5018
SETTING MaxSpectators 15
SETTING SpectatorChatChannel 1
SETTING TeamSwitching 0
SETTING EmptyBomberLaunch 1
SETTING FirstStrikeBonus 15
SETTING UnitBuffer 5
SETTING CityBuffer 2
SETTING WorldUnitScale 100
SETTING WorldScale 100
SETTING VariableUnitCounts 0
SETTING MaxGameRealTime 0
SETTING VictoryTimer 45
SETTING VictoryTrigger 20
SETTING VictoryMode 1
SETTING ScoreMode 0
SETTING SlowestSpeed 0
SETTING GameSpeed 0
SETTING RadarSharing 1
SETTING PermitDefection 1
SETTING RandomTerritories 1
SETTING CityPopulations 3
SETTING PopulationPerTerritory 150
SETTING CitiesPerTerritory 30
SETTING TerritoriesPerTeam 1
SETTING MinTeams 6
SETTING MaxTeams 8
SETTING GameMode 0
SETTING AdvertiseOnLAN 1
SETTING AdvertiseOnInternet 1
SETTING ServerName DefconExpanded | 4v4 | Diplomacy | Totally Random
SETTING KickVoteMin 2
SETTING DropCourtesy -1
SETTING SlowBudgetMax 1200
SETTING SlowBudgetStart 1200
SETTING ReadyVoteDelay 90
SETTING GhostProtection 0
SETTING IdleTimeGlobal 600
SETTING AdvertisePlayers 8
GAME_START
SETTING SpectatorChatChannel 0
TEAM_SPEED 5 1
SETTING RadarSharing 1
SETTING GameSpeed 0
SETTING VariableUnitCounts 0
SETTING WorldScale 100
SETTING TeamSwitching 0
TEAM_SPEED 3 1
TEAM_SPEED 3 1
TEAM_ALLIANCE 4 3 JOIN
TEAM_SPEED 5 0
TEAM_ALLIANCE 5 6 JOIN
TEAM_ALLIANCE 2 6 JOIN
TEAM_ALLIANCE 4 6 JOIN
TEAM_SPEED 3 5
TEAM_SPEED 3 5
TEAM_SPEED 5 1
TEAM_SPEED 5 5
TEAM_SPEED 5 1
TEAM_SPEED 5 5
TEAM_SPEED 2 1
TEAM_SPEED 7 1
TEAM_SPEED 5 1
TEAM_SPEED 6 1
TEAM_SPEED 7 1
CLIENT_OUT_OF_SYNC 16
CLIENT_BACK_IN_SYNC 16
TEAM_SPEED 3 5
TEAM_SPEED 3 5
TEAM_SPEED 1 1
TEAM_SPEED 7 5
TEAM_SPEED 7 5
TEAM_SPEED 2 1
TEAM_SPEED 6 1
TEAM_SPEED 6 1
TEAM_SPEED 5 1
TEAM_SPEED 0 1
TEAM_SPEED 2 1
TEAM_SPEED 2 5
TEAM_SPEED 5 1
TEAM_SPEED 6 1
TEAM_SPEED 6 1
TEAM_SPEED 4 1
TEAM_SPEED 6 1
SETTING PermitDefection 0
SETTING RadarSharing 1
SETTING GameSpeed 0
SETTING VariableUnitCounts 0
SETTING WorldScale 100
SETTING TeamSwitching 0
TEAM_SPEED 7 5
TEAM_SPEED 7 5
TEAM_SPEED 7 5
TEAM_SPEED 0 20
TEAM_SPEED 3 5
TEAM_SPEED 3 5
TEAM_SPEED 3 1
TEAM_SPEED 3 1
TEAM_SPEED 6 5
TEAM_SPEED 6 5
TEAM_SPEED 6 5
TEAM_SPEED 0 20
TEAM_SPEED 3 1
TEAM_SPEED 3 1
TEAM_SPEED 6 1
TEAM_SPEED 6 1
TEAM_SPEED 3 5
TEAM_SPEED 3 5
TEAM_SPEED 3 5
TEAM_SPEED 6 5
TEAM_SPEED 3 1
TEAM_SPEED 3 1
TEAM_SPEED 3 1
TEAM_SPEED 3 5
TEAM_SPEED 3 5
TEAM_SPEED 1 5
TEAM_SPEED 4 5
TEAM_SPEED 1 1
TEAM_SPEED 6 5
TEAM_SPEED 5 5
TEAM_SPEED 3 5
TEAM_SPEED 3 5
TEAM_SPEED 1 5
TEAM_SPEED 6 1
TEAM_SPEED 6 5
TEAM_SPEED 6 1
TEAM_SPEED 6 5
TEAM_SPEED 6 1
TEAM_SPEED 2 20
TEAM_SPEED 6 5
TEAM_SPEED 7 1
TEAM_SPEED 7 1
TEAM_SPEED 7 1
TEAM_SPEED 7 1
TEAM_SPEED 3 20
TEAM_SPEED 3 20
TEAM_SPEED 6 5
TEAM_SPEED 6 5
TEAM_SPEED 7 20
TEAM_SPEED 7 10
TEAM_SPEED 7 5
TEAM_SPEED 6 1
TEAM_SPEED 6 5
TEAM_SPEED 6 1
TEAM_SPEED 6 5
TEAM_SPEED 6 5
TEAM_SPEED 6 1
TEAM_SPEED 6 5
TEAM_SPEED 6 5
TEAM_SPEED 6 1
TEAM_SPEED 6 1
TEAM_SPEED 6 5
TEAM_SPEED 6 5
TEAM_SPEED 6 1
TEAM_SPEED 7 5
TEAM_SPEED 6 5
TEAM_SPEED 6 1
TEAM_SPEED 6 1
TEAM_SPEED 7 10
TEAM_SPEED 7 5
TEAM_SPEED 7 5
TEAM_SPEED 7 10
TEAM_SPEED 7 10
TEAM_SPEED 5 5
TEAM_SPEED 3 20
TEAM_SPEED 3 20
TEAM_SPEED 3 20
TEAM_SPEED 3 20
TEAM_SPEED 6 5
TEAM_SPEED 4 1
TEAM_SPEED 6 5
TEAM_SPEED 5 5
TEAM_SPEED 6 5
TEAM_SPEED 6 5
TEAM_SPEED 4 5
TEAM_SPEED 4 5
TEAM_SPEED 6 5
TEAM_SPEED 6 10
TEAM_SPEED 2 1
TEAM_SPEED 2 20
TEAM_SPEED 4 1
TEAM_SPEED 6 5
TEAM_SPEED 4 5
TEAM_SPEED 2 1
TEAM_SPEED 2 20
TEAM_SPEED 6 1
TEAM_SPEED 6 5
TEAM_SPEED 6 5
TEAM_SPEED 6 1
TEAM_SPEED 6 5
TEAM_SPEED 3 1
TEAM_SPEED 3 1
TEAM_SPEED 3 20
TEAM_SPEED 3 20
TEAM_SPEED 3 20
TEAM_SPEED 3 20
TEAM_SPEED 6 1
TEAM_SPEED 6 1
TEAM_SPEED 6 5
CLIENT_NEW 19 13220021 47.153.232.136 1.60.1.5 MINICOM
CLIENT_QUIT 19 1
TEAM_SPEED 3 20
TEAM_SPEED 1 20
TEAM_SPEED 7 10
TEAM_SPEED 2 1
TEAM_SPEED 2 5
TEAM_SPEED 4 1
TEAM_SPEED 5 5
TEAM_SPEED 6 5
TEAM_SPEED 6 5
TEAM_SPEED 0 20
TEAM_SPEED 4 0
TEAM_SPEED 3 20
TEAM_SPEED 3 20
TEAM_SPEED 0 0
CLIENT_QUIT 16 0
TEAM_ABANDON 0
TEAM_SPEED 5 1
TEAM_SPEED 1 20
TEAM_SPEED 5 5
TEAM_SPEED 5 1
TEAM_SPEED 6 1
TEAM_SPEED 6 1
TEAM_SPEED 6 5
TEAM_SPEED 6 5
TEAM_SPEED 7 20
TEAM_SPEED 2 1
TEAM_SPEED 6 5
TEAM_SPEED 5 5
TEAM_SPEED 4 5
TEAM_SPEED 6 5
TEAM_SPEED 6 5
TEAM_SPEED 6 5
TEAM_SPEED 5 5
TEAM_SPEED 6 5
TEAM_SPEED 6 5
TEAM_SPEED 6 5
TEAM_SPEED 6 5
TEAM_SPEED 6 10
TEAM_SPEED 2 20
TEAM_SPEED 4 1
TEAM_SPEED 6 10
TEAM_SPEED 6 10
TEAM_SPEED 6 20
TEAM_SPEED 6 20
TEAM_SPEED 4 5
TEAM_SPEED 6 1
TEAM_SPEED 6 1
TEAM_SPEED 6 5
TEAM_SPEED 6 1
TEAM_SPEED 6 1
TEAM_SPEED 6 5
TEAM_SPEED 5 1
TEAM_SPEED 6 5
TEAM_SPEED 6 20
TEAM_SPEED 1 20
TEAM_SPEED 6 20
TEAM_SPEED 6 20
TEAM_SPEED 6 20
TEAM_SPEED 4 5
TEAM_SPEED 5 5
TEAM_SPEED 6 1
TEAM_SPEED 6 1
TEAM_SPEED 6 5
TEAM_SPEED 6 1
TEAM_SPEED 2 20
TEAM_SPEED 6 20
TEAM_SPEED 6 20
TEAM_SPEED 6 20
TEAM_SPEED 4 20
TEAM_SPEED 4 1
TEAM_SPEED 5 5
TEAM_SPEED 5 5
TEAM_SPEED 5 5
TEAM_SPEED 5 20
TEAM_SPEED 5 20
TEAM_SPEED 5 20
TEAM_SPEED 5 20
TEAM_SPEED 5 20
TEAM_SPEED 5 20
TEAM_SPEED 5 20
TEAM_SPEED 4 20
GAME_END
SETTING Record demo_recordings/game8p_2024-11-17-19-05.d8crec
SETTING AdvertiseOnInternet 0
CLIENT_QUIT 15 0
TEAM_ABANDON 6
SETTING RadarSharing 1
SETTING GameSpeed 0
SETTING VariableUnitCounts 0
SETTING WorldScale 100
SETTING TeamSwitching 0
CLIENT_QUIT 17 0
TEAM_ABANDON 7
CLIENT_QUIT 12 0
TEAM_ABANDON 3
CLIENT_QUIT 11 0
TEAM_ABANDON 2
CLIENT_QUIT 18 0
CLIENT_QUIT 14 2
TEAM_ABANDON 5
CLIENT_QUIT 13 2
TEAM_ABANDON 4
CLIENT_QUIT 10 2
TEAM_ABANDON 1
SCORE_BEGIN
SCORE_TEAM 2 542 11 Sievert
SCORE_TEAM 4 542 13 Corporation
SCORE_TEAM 5 542 14 LadenBinKezza
SCORE_TEAM 6 542 15 Haakon
SCORE_TEAM 0 371 16 Mojo
SCORE_TEAM 1 356 10 Luke Streetwalker
SCORE_TEAM 3 356 12 Jackolite
SCORE_TEAM 7 356 17 FasterThanRaito
SCORE_SIGNATURE_SPECTATOR 18 13199506 LawlietAmbiance
SCORE_SIGNATURE_PLAYER 17 13197076 FasterThanRaito
SCORE_SIGNATURE_PLAYER 15 DEMO Haakon
SCORE_SIGNATURE_PLAYER 14 13213071 LadenBinKezza
SCORE_SIGNATURE_PLAYER 13 13215723 Corporation
SCORE_SIGNATURE_PLAYER 12 13196164 Jackolite
SCORE_SIGNATURE_PLAYER 11 13210377 Sievert
SCORE_SIGNATURE_PLAYER 10 425333 Luke Streetwalker
SCORE_END
SERVER_QUIT
CLIENT_NAME 16 DefconExpanded
SERVER_START Dedcon 1.60.1.5 2024-10-19
CHARSET latin1
CLIENT_NAME 16 DefconExpanded
SERVER_START Dedcon 1.60.1.5 2024-10-19
CHARSET latin1
CLIENT_NAME 16 DefconExpanded
SERVER_START Dedcon 1.60.1.5 2024-10-19
CHARSET latin1
CLIENT_NEW 17 13194428 26.102.130.209 1.60.1.5 MINICOM
TEAM_ENTER 0 17
TEAM_ALLIANCE 0 0 SWITCH
CLIENT_NAME 17 LadenBinKezza
CPU_NEW 18
TEAM_ENTER 1 18
TEAM_ALLIANCE 1 1 SWITCH
TEAM_READY 1 1
CPU_NAME 18 Stalin
CPU_NAME 18 Stalin
TEAM_LEAVE 1
CPU_QUIT 18
CPU_NEW 18
TEAM_ENTER 1 18
TEAM_ALLIANCE 1 1 SWITCH
TEAM_READY 1 1
CPU_NAME 18 Player 1
CPU_NEW 19
TEAM_ENTER 2 19
TEAM_ALLIANCE 2 2 SWITCH
TEAM_READY 2 1
CPU_NAME 19 Player 2
CPU_NEW 20
TEAM_ENTER 3 20
TEAM_ALLIANCE 3 3 SWITCH
TEAM_READY 3 1
CPU_NAME 20 Player 3
CPU_NEW 21
TEAM_ENTER 4 21
TEAM_ALLIANCE 4 4 SWITCH
TEAM_READY 4 1
CPU_NAME 21 Player 4
CPU_NEW 22
TEAM_ENTER 5 22
TEAM_ALLIANCE 5 5 SWITCH
TEAM_READY 5 1
CPU_NAME 22 Player 5
CPU_NEW 23
TEAM_ENTER 6 23
TEAM_ALLIANCE 6 6 SWITCH
TEAM_READY 6 1
CPU_NAME 23 Player 6
CPU_NEW 24
TEAM_ENTER 7 24
TEAM_ALLIANCE 7 7 SWITCH
TEAM_READY 7 1
CPU_NAME 24 Player 7
CPU_NEW 25
TEAM_ENTER 8 25
TEAM_ALLIANCE 8 8 SWITCH
TEAM_READY 8 1
CPU_NAME 25 Player 8
CPU_NEW 26
TEAM_ENTER 9 26
TEAM_ALLIANCE 9 9 SWITCH
TEAM_READY 9 1
CPU_NAME 26 Player 9
CPU_NEW 27
TEAM_ENTER 10 27
TEAM_ALLIANCE 10 10 SWITCH
TEAM_READY 10 1
CPU_NAME 27 Player 10
CPU_NEW 28
TEAM_ENTER 11 28
TEAM_ALLIANCE 11 11 SWITCH
TEAM_READY 11 1
CPU_NAME 28 Player 11
CPU_NEW 29
TEAM_ENTER 12 29
TEAM_ALLIANCE 12 12 SWITCH
TEAM_READY 12 1
CPU_NAME 29 Player 12
CPU_NEW 30
TEAM_ENTER 13 30
TEAM_ALLIANCE 13 13 SWITCH
TEAM_READY 13 1
CPU_NAME 30 Player 13
CPU_NEW 31
TEAM_ENTER 14 31
TEAM_ALLIANCE 14 14 SWITCH
TEAM_READY 14 1
CPU_NAME 31 Player 14
CPU_NEW 32
TEAM_ENTER 15 32
TEAM_ALLIANCE 15 15 SWITCH
TEAM_READY 15 1
CPU_NAME 32 Player 15
TEAM_LEAVE 0
CPU_NEW 33
TEAM_ENTER 0 33
TEAM_ALLIANCE 0 0 SWITCH
CPU_NAME 33 Him
CPU_NAME 33 Him
TEAM_LEAVE 0
CPU_QUIT 33
TEAM_LEAVE 15
CPU_QUIT 32
TEAM_LEAVE 14
CPU_QUIT 31
TEAM_LEAVE 13
CPU_QUIT 30
TEAM_LEAVE 12
CPU_QUIT 29
TEAM_LEAVE 11
CPU_QUIT 28
TEAM_LEAVE 10
CPU_QUIT 27
TEAM_LEAVE 9
CPU_QUIT 26
TEAM_LEAVE 8
CPU_QUIT 25
TEAM_LEAVE 7
CPU_QUIT 24
TEAM_LEAVE 6
CPU_QUIT 23
TEAM_LEAVE 5
CPU_QUIT 22
TEAM_LEAVE 4
CPU_QUIT 21
TEAM_LEAVE 3
CPU_QUIT 20
TEAM_LEAVE 2
CPU_QUIT 19
TEAM_LEAVE 1
CPU_QUIT 18
CPU_NEW 18
TEAM_ENTER 0 18
TEAM_ALLIANCE 0 0 SWITCH
CPU_NAME 18 Player 0
CPU_NEW 19
TEAM_ENTER 1 19
TEAM_ALLIANCE 1 1 SWITCH
CPU_NAME 19 Player 1
CPU_NEW 20
TEAM_ENTER 2 20
TEAM_ALLIANCE 2 2 SWITCH
CPU_NAME 20 Player 2
CPU_NEW 21
TEAM_ENTER 3 21
TEAM_ALLIANCE 3 3 SWITCH
CPU_NAME 21 Player 3
CPU_NEW 22
TEAM_ENTER 4 22
TEAM_ALLIANCE 4 4 SWITCH
CPU_NAME 22 Player 4
CPU_NEW 23
TEAM_ENTER 5 23
TEAM_ALLIANCE 5 5 SWITCH
CPU_NAME 23 Player 5
CPU_NEW 24
TEAM_ENTER 6 24
TEAM_ALLIANCE 6 6 SWITCH
CPU_NAME 24 Player 6
CPU_NEW 25
TEAM_ENTER 7 25
TEAM_ALLIANCE 7 7 SWITCH
CPU_NAME 25 Player 7
CPU_NEW 26
TEAM_ENTER 8 26
TEAM_ALLIANCE 8 8 SWITCH
CPU_NAME 26 Player 8
CPU_NEW 27
TEAM_ENTER 9 27
TEAM_ALLIANCE 9 9 SWITCH
CPU_NAME 27 Player 9
CPU_NEW 28
TEAM_ENTER 10 28
TEAM_ALLIANCE 10 10 SWITCH
CPU_NAME 28 Player 10
CPU_NEW 29
TEAM_ENTER 11 29
TEAM_ALLIANCE 11 11 SWITCH
CPU_NAME 29 Player 11
CPU_NEW 30
TEAM_ENTER 12 30
TEAM_ALLIANCE 12 12 SWITCH
CPU_NAME 30 Player 12
CPU_NEW 31
TEAM_ENTER 13 31
TEAM_ALLIANCE 13 13 SWITCH
CPU_NAME 31 Player 13
CPU_NEW 32
TEAM_ENTER 14 32
TEAM_ALLIANCE 14 14 SWITCH
CPU_NAME 32 Player 14
CPU_NEW 33
TEAM_ENTER 15 33
TEAM_ALLIANCE 15 15 SWITCH
CPU_NAME 33 Player 15
TEAM_LEAVE 15
CPU_QUIT 33
TEAM_LEAVE 14
CPU_QUIT 32
TEAM_LEAVE 13
CPU_QUIT 31
TEAM_LEAVE 12
CPU_QUIT 30
TEAM_LEAVE 11
CPU_QUIT 29
TEAM_LEAVE 10
CPU_QUIT 28
TEAM_LEAVE 9
CPU_QUIT 27
TEAM_LEAVE 8
CPU_QUIT 26
TEAM_LEAVE 7
CPU_QUIT 25
TEAM_LEAVE 6
CPU_QUIT 24
TEAM_LEAVE 5
CPU_QUIT 23
TEAM_LEAVE 4
CPU_QUIT 22
TEAM_LEAVE 3
CPU_QUIT 21
TEAM_LEAVE 2
CPU_QUIT 20
TEAM_LEAVE 1
CPU_QUIT 19
TEAM_LEAVE 0
CPU_QUIT 18
TEAM_ENTER 0 17
TEAM_ALLIANCE 0 0 SWITCH
CPU_NEW 18
TEAM_ENTER 1 18
TEAM_ALLIANCE 1 1 SWITCH
TEAM_READY 1 1
CPU_NAME 18 Player 1
CPU_NEW 19
TEAM_ENTER 2 19
TEAM_ALLIANCE 2 2 SWITCH
TEAM_READY 2 1
CPU_NAME 19 Player 2
CPU_NEW 20
TEAM_ENTER 3 20
TEAM_ALLIANCE 3 3 SWITCH
TEAM_READY 3 1
CPU_NAME 20 Player 3
CPU_NEW 21
TEAM_ENTER 4 21
TEAM_ALLIANCE 4 4 SWITCH
TEAM_READY 4 1
CPU_NAME 21 Player 4
CPU_NEW 22
TEAM_ENTER 5 22
TEAM_ALLIANCE 5 5 SWITCH
TEAM_READY 5 1
CPU_NAME 22 Player 5
CPU_NEW 23
TEAM_ENTER 6 23
TEAM_ALLIANCE 6 6 SWITCH
TEAM_READY 6 1
CPU_NAME 23 Player 6
CPU_NEW 24
TEAM_ENTER 7 24
TEAM_ALLIANCE 7 7 SWITCH
TEAM_READY 7 1
CPU_NAME 24 Player 7
CPU_NEW 25
TEAM_ENTER 8 25
TEAM_ALLIANCE 8 8 SWITCH
TEAM_READY 8 1
CPU_NAME 25 Player 8
CPU_NEW 26
TEAM_ENTER 9 26
TEAM_ALLIANCE 9 9 SWITCH
TEAM_READY 9 1
CPU_NAME 26 Player 9
CPU_NEW 27
TEAM_ENTER 10 27
TEAM_ALLIANCE 10 10 SWITCH
TEAM_READY 10 1
CPU_NAME 27 Player 10
CPU_NEW 28
TEAM_ENTER 11 28
TEAM_ALLIANCE 11 11 SWITCH
TEAM_READY 11 1
CPU_NAME 28 Player 11
CPU_NEW 29
TEAM_ENTER 12 29
TEAM_ALLIANCE 12 12 SWITCH
TEAM_READY 12 1
CPU_NAME 29 Player 12
CPU_NEW 30
TEAM_ENTER 13 30
TEAM_ALLIANCE 13 13 SWITCH
TEAM_READY 13 1
CPU_NAME 30 Player 13
CPU_NEW 31
TEAM_ENTER 14 31
TEAM_ALLIANCE 14 14 SWITCH
TEAM_READY 14 1
CPU_NAME 31 Player 14
CPU_NEW 32
TEAM_ENTER 15 32
TEAM_ALLIANCE 15 15 SWITCH
TEAM_READY 15 1
CPU_NAME 32 Player 15
TEAM_READY 0 1
TEAM_TERRITORY 14 13
TEAM_TERRITORY 11 1
TEAM_TERRITORY 4 11
TEAM_TERRITORY 10 4
TEAM_TERRITORY 15 10
TEAM_TERRITORY 12 0
TEAM_TERRITORY 8 5
TEAM_TERRITORY 0 14
TEAM_TERRITORY 13 15
TEAM_TERRITORY 7 9
TEAM_TERRITORY 1 6
TEAM_TERRITORY 9 3
TEAM_TERRITORY 2 8
TEAM_TERRITORY 5 7
TEAM_TERRITORY 3 12
TEAM_TERRITORY 6 2
RANKED 1
SETTING CaseSensitive 0
SETTING TotalBandwidth 75000
SETTING PlayerBandwidth 10000
SETTING ServerLANIP 26.102.130.209
SETTING MaxSpectators 30
SETTING SpectatorChatChannel 1
SETTING TeamSwitching 0
SETTING EmptyBomberLaunch 1
SETTING FirstStrikeBonus 15
SETTING UnitBuffer 5
SETTING CityBuffer 2
SETTING WorldUnitScale 100
SETTING WorldScale 100
SETTING VariableUnitCounts 0
SETTING MaxGameRealTime 0
SETTING VictoryTimer 45
SETTING VictoryTrigger 20
SETTING VictoryMode 0
SETTING ScoreMode 0
SETTING SlowestSpeed 1
SETTING GameSpeed 0
SETTING RadarSharing 1
SETTING PermitDefection 1
SETTING RandomTerritories 1
SETTING CityPopulations 3
SETTING PopulationPerTerritory 150
SETTING CitiesPerTerritory 30
SETTING TerritoriesPerTeam 1
SETTING MinTeams 1
SETTING MaxTeams 16
SETTING GameMode 0
SETTING AdvertiseOnLAN 1
SETTING AdvertiseOnInternet 1
SETTING ServerName DefconExpanded | 16 Player | Test Server
SETTING KickVoteMin 2
SETTING DropCourtesy -1
SETTING SlowBudgetMax 1200
SETTING SlowBudgetStart 1200
SETTING ReadyVoteDelay 90
SETTING GhostProtection 1
SETTING IdleTimeGlobal 600
SETTING AdvertisePlayers 16
GAME_START
SETTING SpectatorChatChannel 0
SETTING RadarSharing 1
SETTING GameSpeed 0
SETTING VariableUnitCounts 0
SETTING WorldScale 100
SETTING TeamSwitching 0
TEAM_SPEED 0 20
SETTING PermitDefection 0
SETTING RadarSharing 1
SETTING GameSpeed 0
SETTING VariableUnitCounts 0
SETTING WorldScale 100
SETTING TeamSwitching 0
TEAM_SPEED 0 1
TEAM_SPEED 0 20
TEAM_SPEED 0 1
TEAM_SPEED 0 20
GAME_END
SETTING Record demo_recordings/game8p_2024-11-18-10-46.d8crec
SETTING AdvertiseOnInternet 0
SETTING RadarSharing 1
SETTING GameSpeed 0
SETTING VariableUnitCounts 0
SETTING WorldScale 100
SETTING TeamSwitching 0
CLIENT_QUIT 17 0
TEAM_ABANDON 0
SCORE_BEGIN
SCORE_TEAM 0 262 17 LadenBinKezza
SCORE_TEAM 5 151 22 Player 5
SCORE_TEAM 8 124 25 Player 8
SCORE_TEAM 4 110 21 Player 4
SCORE_TEAM 3 93 20 Player 3
SCORE_TEAM 7 87 24 Player 7
SCORE_TEAM 9 85 26 Player 9
SCORE_TEAM 15 80 32 Player 15
SCORE_TEAM 12 56 29 Player 12
SCORE_TEAM 11 43 28 Player 11
SCORE_TEAM 14 -3 31 Player 14
SCORE_TEAM 13 -10 30 Player 13
SCORE_TEAM 10 -22 27 Player 10
SCORE_TEAM 1 -24 18 Player 1
SCORE_TEAM 6 -33 23 Player 6
SCORE_TEAM 2 -48 19 Player 2
SCORE_SIGNATURE_PLAYER 17 13194428 LadenBinKezza
SCORE_END
SERVER_QUIT
TEAM_ABANDON 15
TEAM_ABANDON 14
TEAM_ABANDON 13
TEAM_ABANDON 12
TEAM_ABANDON 11
TEAM_ABANDON 10
TEAM_ABANDON 9
TEAM_ABANDON 8
TEAM_ABANDON 7
TEAM_ABANDON 6
TEAM_ABANDON 5
TEAM_ABANDON 4
TEAM_ABANDON 3
TEAM_ABANDON 2
TEAM_ABANDON 1
CLIENT_NAME 16 DefconExpanded
SERVER_START Dedcon 1.60.1.5 2024-10-19
CHARSET latin1
