SERVER_START Dedcon 1.60.1.5 2024-10-19
CHARSET latin1
CLIENT_NEW 9 13213071 26.102.130.209 1.60.1.5 MINICOM
TEAM_ENTER 0 9
TEAM_ALLIANCE 0 0 SWITCH
CLIENT_NAME 9 LadenBinKezza
CLIENT_QUIT 9 0
TEAM_LEAVE 0
SCORE_BEGIN
SCORE_END
SERVER_QUIT
SERVER_START Dedcon 1.60.1.5 2024-10-19
CHARSET latin1
SERVER_START Dedcon 1.60.1.5 2024-10-19
CHARSET latin1
CLIENT_NEW 9 13213071 26.102.130.209 1.60.1.5 MINICOM
TEAM_ENTER 0 9
TEAM_ALLIANCE 0 0
CLIENT_NAME 9 LadenBinKezza
TEAM_READY 0 1
TEAM_TERRITORY 0 0
RANKED 1
SETTING CaseSensitive 0
SETTING TotalBandwidth 75000
SETTING PlayerBandwidth 10000
SETTING ServerLANIP 26.102.130.209
SETTING MaxSpectators 15
SETTING SpectatorChatChannel 1
SETTING TeamSwitching 0
SETTING EmptyBomberLaunch 1
SETTING FirstStrikeBonus 15
SETTING UnitBuffer 5
SETTING CityBuffer 2
SETTING WorldUnitScale 100
SETTING WorldScale 100
SETTING VariableUnitCounts 0
SETTING MaxGameRealTime 0
SETTING VictoryTimer 45
SETTING VictoryTrigger 20
SETTING VictoryMode 0
SETTING ScoreMode 0
SETTING SlowestSpeed 0
SETTING GameSpeed 0
SETTING RadarSharing 1
SETTING PermitDefection 1
SETTING RandomTerritories 1
SETTING CityPopulations 3
SETTING PopulationPerTerritory 150
SETTING CitiesPerTerritory 30
SETTING TerritoriesPerTeam 1
SETTING MinTeams 1
SETTING MaxTeams 2
SETTING GameMode 0
SETTING AdvertiseOnLAN 1
SETTING AdvertiseOnInternet 1
SETTING ServerName 509 CG | 1v1 | Totally Random | 2.8.14.1
SETTING KickVoteMin 2
SETTING DropCourtesy -1
SETTING SlowBudgetUseRealtime 100
SETTING SlowBudgetUsePause 300
SETTING SlowBudgetRefill 0
SETTING SlowBudgetMax 1800
SETTING SlowBudgetStart 1800
SETTING ReadyVoteDelay 90
SETTING IdleTimeGlobal 600
SETTING AdvertisePlayers 2
GAME_START
SETTING SpectatorChatChannel 0
CLIENT_QUIT 9 0
TEAM_ABANDON 0
SCORE_BEGIN
SCORE_TEAM 0 0 9 LadenBinKezza
SCORE_END
SERVER_QUIT
GAME_END
SERVER_START Dedcon 1.60.1.5 2024-10-19
CHARSET latin1
CLIENT_NEW 9 13213071 26.102.130.209 1.60.1.5 MINICOM
TEAM_ENTER 0 9
TEAM_ALLIANCE 0 0
CLIENT_NAME 9 LadenBinKezza
CLIENT_QUIT 9 1
TEAM_LEAVE 0
SCORE_BEGIN
SCORE_END
SERVER_QUIT
SERVER_START Dedcon 1.60.1.5 2024-10-19
CHARSET latin1
CLIENT_NEW 9 13213071 26.102.130.209 1.60.1.5 MINICOM
TEAM_ENTER 0 9
TEAM_ALLIANCE 0 0
CLIENT_NAME 9 LadenBinKezza
TEAM_READY 0 1
TEAM_TERRITORY 0 0
RANKED 1
SETTING CaseSensitive 0
SETTING TotalBandwidth 75000
SETTING PlayerBandwidth 10000
SETTING ServerLANIP 26.102.130.209
SETTING MaxSpectators 15
SETTING SpectatorChatChannel 1
SETTING TeamSwitching 0
SETTING EmptyBomberLaunch 1
SETTING FirstStrikeBonus 15
SETTING UnitBuffer 5
SETTING CityBuffer 2
SETTING WorldUnitScale 100
SETTING WorldScale 100
SETTING VariableUnitCounts 0
SETTING MaxGameRealTime 0
SETTING VictoryTimer 45
SETTING VictoryTrigger 20
SETTING VictoryMode 0
SETTING ScoreMode 0
SETTING SlowestSpeed 0
SETTING GameSpeed 0
SETTING RadarSharing 1
SETTING PermitDefection 1
SETTING RandomTerritories 1
SETTING CityPopulations 3
SETTING PopulationPerTerritory 150
SETTING CitiesPerTerritory 30
SETTING TerritoriesPerTeam 1
SETTING MinTeams 1
SETTING MaxTeams 2
SETTING GameMode 0
SETTING AdvertiseOnLAN 1
SETTING AdvertiseOnInternet 1
SETTING ServerName 509 CG | 1v1 | Totally Random | 2.8.14.1
SETTING KickVoteMin 2
SETTING DropCourtesy -1
SETTING SlowBudgetUseRealtime 100
SETTING SlowBudgetUsePause 300
SETTING SlowBudgetRefill 0
SETTING SlowBudgetMax 1800
SETTING SlowBudgetStart 1800
SETTING ReadyVoteDelay 90
SETTING IdleTimeGlobal 600
SETTING AdvertisePlayers 2
GAME_START
SETTING SpectatorChatChannel 0
SETTING RadarSharing 1
SETTING GameSpeed 0
SETTING VariableUnitCounts 0
SETTING WorldUnitScale 100
SETTING WorldScale 100
SETTING TeamSwitching 0
CLIENT_QUIT 9 0
TEAM_ABANDON 0
SCORE_BEGIN
SCORE_TEAM 0 0 9 LadenBinKezza
SCORE_END
SERVER_QUIT
GAME_END
SERVER_START Dedcon 1.60.1.5 2024-10-19
CHARSET latin1
SERVER_START Dedcon 1.60.1.5 2024-10-19
CHARSET latin1
SERVER_START Dedcon 1.60.1.5 2024-10-19
CHARSET latin1
CLIENT_NEW 9 13213071 26.102.130.209 1.60.1.5 MINICOM
TEAM_ENTER 0 9
TEAM_ALLIANCE 0 0 SWITCH
CLIENT_NAME 9 LadenBinKezza
TEAM_READY 0 1
TEAM_TERRITORY 0 1
RANKED 1
SETTING CaseSensitive 0
SETTING LogLevel 3
SETTING TotalBandwidth 75000
SETTING PlayerBandwidth 10000
SETTING ServerLANIP 26.102.130.209
SETTING MaxSpectators 15
SETTING SpectatorChatChannel 1
SETTING TeamSwitching 0
SETTING EmptyBomberLaunch 1
SETTING FirstStrikeBonus 15
SETTING UnitBuffer 1
SETTING CityBuffer 2
SETTING WorldUnitScale 100
SETTING WorldScale 100
SETTING VariableUnitCounts 0
SETTING MaxGameRealTime 0
SETTING VictoryTimer 45
SETTING VictoryTrigger 20
SETTING VictoryMode 0
SETTING ScoreMode 0
SETTING SlowestSpeed 0
SETTING GameSpeed 0
SETTING RadarSharing 1
SETTING PermitDefection 1
SETTING RandomTerritories 1
SETTING CityPopulations 3
SETTING PopulationPerTerritory 150
SETTING CitiesPerTerritory 30
SETTING TerritoriesPerTeam 1
SETTING MinTeams 1
SETTING MaxTeams 2
SETTING GameMode 0
SETTING AdvertiseOnLAN 1
SETTING AdvertiseOnInternet 1
SETTING ServerName 509 CG | 1v1 | Totally Random | 2.8.14.1
SETTING KickVoteMin 2
SETTING DropCourtesy -1
SETTING SlowBudgetUseRealtime 100
SETTING SlowBudgetUsePause 300
SETTING SlowBudgetRefill 0
SETTING SlowBudgetMax 1800
SETTING SlowBudgetStart 1800
SETTING ReadyVoteDelay 90
SETTING IdleTimeGlobal 600
SETTING AdvertisePlayers 2
GAME_START
SETTING SpectatorChatChannel 0
SETTING RadarSharing 1
SETTING GameSpeed 0
SETTING VariableUnitCounts 0
SETTING WorldScale 100
SETTING TeamSwitching 0
TEAM_SPEED 0 1
SETTING GhostProtection 0
SETTING RadarSharing 1
SETTING GameSpeed 0
SETTING VariableUnitCounts 0
SETTING WorldScale 100
SETTING TeamSwitching 0
CLIENT_NEW 10 13213071 26.102.130.209 1.60.1.5 MINICOM
CLIENT_OUT_OF_SYNC 9
CLIENT_OUT_OF_SYNC 10
CLIENT_NAME 10 LadenBinKezza_2
CLIENT_QUIT 10 0
CLIENT_BACK_IN_SYNC 10
CLIENT_QUIT 9 0
CLIENT_BACK_IN_SYNC 9
TEAM_ABANDON 0
GAME_END
SCORE_BEGIN
SCORE_TEAM 0 0 9 LadenBinKezza
SCORE_END
SERVER_QUIT
SERVER_START Dedcon 1.60.1.5 2024-10-19
CHARSET latin1
CLIENT_NEW 9 13213071 26.102.130.209 1.60.1.5 MINICOM
TEAM_ENTER 0 9
TEAM_ALLIANCE 0 0 SWITCH
CLIENT_NAME 9 LadenBinKezza
TEAM_READY 0 1
TEAM_TERRITORY 0 5
RANKED 1
SETTING CaseSensitive 0
SETTING LogLevel 3
SETTING TotalBandwidth 75000
SETTING PlayerBandwidth 10000
SETTING ServerLANIP 26.102.130.209
SETTING ServerPort 5012
SETTING MaxSpectators 15
SETTING SpectatorChatChannel 1
SETTING TeamSwitching 0
SETTING EmptyBomberLaunch 1
SETTING FirstStrikeBonus 15
SETTING UnitBuffer 5
SETTING CityBuffer 2
SETTING WorldUnitScale 100
SETTING WorldScale 100
SETTING VariableUnitCounts 0
SETTING MaxGameRealTime 0
SETTING VictoryTimer 45
SETTING VictoryTrigger 20
SETTING VictoryMode 0
SETTING ScoreMode 0
SETTING SlowestSpeed 0
SETTING GameSpeed 0
SETTING RadarSharing 1
SETTING PermitDefection 1
SETTING RandomTerritories 1
SETTING CityPopulations 3
SETTING PopulationPerTerritory 150
SETTING CitiesPerTerritory 30
SETTING TerritoriesPerTeam 1
SETTING MinTeams 1
SETTING MaxTeams 2
SETTING GameMode 0
SETTING AdvertiseOnLAN 1
SETTING AdvertiseOnInternet 1
SETTING ServerName 509 CG | 1v1 | Totally Random | 2.8.14.1
SETTING KickVoteMin 2
SETTING DropCourtesy -1
SETTING SlowBudgetUseRealtime 100
SETTING SlowBudgetUsePause 300
SETTING SlowBudgetRefill 0
SETTING SlowBudgetMax 1800
SETTING SlowBudgetStart 1800
SETTING ReadyVoteDelay 90
SETTING IdleTimeGlobal 600
SETTING AdvertisePlayers 2
GAME_START
SETTING SpectatorChatChannel 0
SETTING RadarSharing 1
SETTING GameSpeed 0
SETTING VariableUnitCounts 0
SETTING WorldScale 100
SETTING TeamSwitching 0
SERVER_START Dedcon 1.60.1.5 2024-10-19
CHARSET latin1
CLIENT_NEW 9 13213071 26.102.130.209 1.60.1.5 MINICOM
TEAM_ENTER 0 9
TEAM_ALLIANCE 0 0 SWITCH
CLIENT_NAME 9 LadenBinKezza
TEAM_READY 0 1
TEAM_TERRITORY 0 0
RANKED 1
SETTING CaseSensitive 0
SETTING LogLevel 3
SETTING TotalBandwidth 75000
SETTING PlayerBandwidth 10000
SETTING ServerLANIP 26.102.130.209
SETTING MaxSpectators 15
SETTING SpectatorChatChannel 1
SETTING TeamSwitching 0
SETTING EmptyBomberLaunch 1
SETTING FirstStrikeBonus 15
SETTING UnitBuffer 5
SETTING CityBuffer 2
SETTING WorldUnitScale 100
SETTING WorldScale 100
SETTING VariableUnitCounts 0
SETTING MaxGameRealTime 0
SETTING VictoryTimer 45
SETTING VictoryTrigger 20
SETTING VictoryMode 0
SETTING ScoreMode 0
SETTING SlowestSpeed 0
SETTING GameSpeed 0
SETTING RadarSharing 1
SETTING PermitDefection 1
SETTING RandomTerritories 1
SETTING CityPopulations 3
SETTING PopulationPerTerritory 150
SETTING CitiesPerTerritory 30
SETTING TerritoriesPerTeam 1
SETTING MinTeams 1
SETTING MaxTeams 2
SETTING GameMode 0
SETTING AdvertiseOnLAN 1
SETTING AdvertiseOnInternet 1
SETTING ServerName 509 CG | 1v1 | Totally Random | 2.8.14.1
SETTING KickVoteMin 2
SETTING DropCourtesy -1
SETTING SlowBudgetUseRealtime 100
SETTING SlowBudgetUsePause 300
SETTING SlowBudgetRefill 0
SETTING SlowBudgetMax 1800
SETTING SlowBudgetStart 1800
SETTING ReadyVoteDelay 90
SETTING IdleTimeGlobal 600
SETTING AdvertisePlayers 2
GAME_START
SETTING SpectatorChatChannel 0
SETTING RadarSharing 1
SETTING GameSpeed 0
SETTING VariableUnitCounts 0
SETTING WorldScale 100
SETTING TeamSwitching 0
CLIENT_QUIT 9 0
TEAM_ABANDON 0
SCORE_BEGIN
SCORE_TEAM 0 0 9 LadenBinKezza
SCORE_END
SERVER_QUIT
GAME_END
SERVER_START Dedcon 1.60.1.5 2024-10-19
CHARSET latin1
CLIENT_NEW 9 DEMO 26.102.130.209 1.60.1.5 MINICOM
TEAM_ENTER 0 9
TEAM_ALLIANCE 0 0 SWITCH
CLIENT_NAME 9 LadenBinKezza_2
CLIENT_NEW 10 DEMO 26.102.130.209 1.60.1.5 MINICOM
TEAM_ENTER 1 10
TEAM_ALLIANCE 1 1 SWITCH
CLIENT_NAME 10 LadenBinKezza_3
TEAM_READY 1 1
TEAM_READY 1 0
TEAM_READY 1 1
TEAM_READY 0 1
TEAM_TERRITORY 0 5
TEAM_TERRITORY 1 3
RANKED 1
SETTING CaseSensitive 0
SETTING LogLevel 3
SETTING TotalBandwidth 75000
SETTING PlayerBandwidth 10000
SETTING ServerLANIP 26.102.130.209
SETTING MaxSpectators 15
SETTING SpectatorChatChannel 1
SETTING TeamSwitching 0
SETTING EmptyBomberLaunch 1
SETTING FirstStrikeBonus 15
SETTING UnitBuffer 5
SETTING CityBuffer 2
SETTING WorldUnitScale 100
SETTING WorldScale 100
SETTING VariableUnitCounts 0
SETTING MaxGameRealTime 0
SETTING VictoryTimer 45
SETTING VictoryTrigger 20
SETTING VictoryMode 0
SETTING ScoreMode 0
SETTING SlowestSpeed 0
SETTING GameSpeed 0
SETTING RadarSharing 1
SETTING PermitDefection 1
SETTING RandomTerritories 1
SETTING CityPopulations 3
SETTING PopulationPerTerritory 150
SETTING CitiesPerTerritory 30
SETTING TerritoriesPerTeam 1
SETTING MaxTeams 2
SETTING GameMode 0
SETTING AdvertiseOnLAN 1
SETTING AdvertiseOnInternet 1
SETTING ServerName 509 CG | 1v1 | Totally Random | 2.8.14.1
SETTING KickVoteMin 2
SETTING DropCourtesy -1
SETTING SlowBudgetUseRealtime 100
SETTING SlowBudgetUsePause 300
SETTING SlowBudgetRefill 0
SETTING SlowBudgetMax 1800
SETTING SlowBudgetStart 1800
SETTING ReadyVoteDelay 90
SETTING IdleTimeGlobal 600
SETTING AdvertisePlayers 2
GAME_START
SETTING SpectatorChatChannel 0
SETTING RadarSharing 1
SETTING GameSpeed 0
SETTING VariableUnitCounts 0
SETTING WorldScale 100
SETTING TeamSwitching 0
CLIENT_QUIT 9 0
TEAM_ABANDON 0
CLIENT_QUIT 10 0
TEAM_ABANDON 1
GAME_END
SCORE_BEGIN
SCORE_TEAM 0 0 9 LadenBinKezza_2
SCORE_TEAM 1 0 10 LadenBinKezza_3
SCORE_END
SERVER_QUIT
SERVER_START Dedcon 1.60.1.5 2024-10-19
CHARSET latin1
CLIENT_NEW 9 DEMO 26.102.130.209 1.60.1.5 MINICOM
TEAM_ENTER 0 9
TEAM_ALLIANCE 0 0 SWITCH
CLIENT_NAME 9 LadenBinKezza_3
CLIENT_NAME 9 LadenBinKezza
TEAM_READY 0 1
TEAM_TERRITORY 0 3
RANKED 1
SETTING CaseSensitive 0
SETTING LogLevel 3
SETTING TotalBandwidth 75000
SETTING PlayerBandwidth 10000
SETTING ServerLANIP 26.102.130.209
SETTING MaxSpectators 15
SETTING SpectatorChatChannel 1
SETTING TeamSwitching 0
SETTING EmptyBomberLaunch 1
SETTING FirstStrikeBonus 15
SETTING UnitBuffer 5
SETTING CityBuffer 2
SETTING WorldUnitScale 100
SETTING WorldScale 100
SETTING VariableUnitCounts 0
SETTING MaxGameRealTime 0
SETTING VictoryTimer 45
SETTING VictoryTrigger 20
SETTING VictoryMode 0
SETTING ScoreMode 0
SETTING SlowestSpeed 0
SETTING GameSpeed 0
SETTING RadarSharing 1
SETTING PermitDefection 1
SETTING RandomTerritories 1
SETTING CityPopulations 3
SETTING PopulationPerTerritory 150
SETTING CitiesPerTerritory 30
SETTING TerritoriesPerTeam 1
SETTING MinTeams 1
SETTING MaxTeams 2
SETTING GameMode 0
SETTING AdvertiseOnLAN 1
SETTING AdvertiseOnInternet 1
SETTING ServerName 509 CG | 1v1 | Totally Random | 2.8.14.1
SETTING KickVoteMin 2
SETTING DropCourtesy -1
SETTING SlowBudgetUseRealtime 100
SETTING SlowBudgetUsePause 300
SETTING SlowBudgetRefill 0
SETTING SlowBudgetMax 1800
SETTING SlowBudgetStart 1800
SETTING ReadyVoteDelay 90
SETTING IdleTimeGlobal 600
SETTING AdvertisePlayers 2
GAME_START
SETTING SpectatorChatChannel 0
SETTING RadarSharing 1
SETTING GameSpeed 0
SETTING VariableUnitCounts 0
SETTING WorldScale 100
SETTING TeamSwitching 0
CLIENT_QUIT 9 0
TEAM_ABANDON 0
SCORE_BEGIN
SCORE_TEAM 0 0 9 LadenBinKezza
SCORE_END
SERVER_QUIT
GAME_END
SERVER_START Dedcon 1.60.1.5 2024-10-19
CHARSET latin1
CLIENT_NEW 9 DEMO 26.102.130.209 1.60.1.5 MINICOM
TEAM_ENTER 0 9
TEAM_ALLIANCE 0 0 SWITCH
CLIENT_NAME 9 LadenBinKezza
CLIENT_QUIT 9 1
TEAM_LEAVE 0
SCORE_BEGIN
SCORE_END
SERVER_QUIT
SERVER_START Dedcon 1.60.1.5 2024-10-19
CHARSET latin1
SERVER_START Dedcon 1.60.1.5 2024-10-19
CHARSET latin1
CLIENT_NEW 9 DEMO 26.102.130.209 1.60.1.5 MINICOM
TEAM_ENTER 0 9
TEAM_ALLIANCE 0 0 SWITCH
CLIENT_NAME 9 LadenBinKezza
TEAM_READY 0 1
TEAM_TERRITORY 0 0
RANKED 1
SETTING CaseSensitive 0
SETTING LogLevel 3
SETTING TotalBandwidth 75000
SETTING PlayerBandwidth 10000
SETTING ServerLANIP 26.102.130.209
SETTING MaxSpectators 15
SETTING SpectatorChatChannel 1
SETTING TeamSwitching 0
SETTING EmptyBomberLaunch 1
SETTING FirstStrikeBonus 15
SETTING UnitBuffer 5
SETTING CityBuffer 2
SETTING WorldUnitScale 100
SETTING VictoryMode 0
SETTING WorldScale 100
SETTING VariableUnitCounts 0
SETTING MaxGameRealTime 0
SETTING VictoryTimer 45
SETTING VictoryTrigger 20
SETTING ScoreMode 0
SETTING SlowestSpeed 0
SETTING GameSpeed 0
SETTING RadarSharing 1
SETTING PermitDefection 1
SETTING RandomTerritories 1
SETTING CityPopulations 3
SETTING PopulationPerTerritory 150
SETTING CitiesPerTerritory 30
SETTING TerritoriesPerTeam 1
SETTING MinTeams 1
SETTING MaxTeams 2
SETTING GameMode 0
SETTING AdvertiseOnLAN 1
SETTING AdvertiseOnInternet 1
SETTING ServerName 509 CG | 1v1 | Totally Random | 2.8.14.1
SETTING KickVoteMin 2
SETTING DropCourtesy -1
SETTING SlowBudgetUseRealtime 100
SETTING SlowBudgetUsePause 300
SETTING SlowBudgetRefill 0
SETTING SlowBudgetMax 1800
SETTING SlowBudgetStart 1800
SETTING ReadyVoteDelay 90
SETTING IdleTimeGlobal 600
SETTING AdvertisePlayers 2
GAME_START
SETTING SpectatorChatChannel 0
SETTING RadarSharing 1
SETTING GameSpeed 0
SETTING VariableUnitCounts 0
SETTING WorldScale 100
SETTING TeamSwitching 0
CLIENT_QUIT 9 0
TEAM_ABANDON 0
SCORE_BEGIN
SCORE_TEAM 0 0 9 LadenBinKezza
SCORE_END
SERVER_QUIT
GAME_END
SERVER_START Dedcon 1.60.1.5 2024-10-19
CHARSET latin1
SERVER_START Dedcon 1.60.1.5 2024-10-19
CHARSET latin1
CLIENT_NEW 9 DEMO 26.102.130.209 1.60.1.5 MINICOM
TEAM_ENTER 0 9
TEAM_ALLIANCE 0 0 SWITCH
CLIENT_QUIT 9 1
TEAM_LEAVE 0
SCORE_BEGIN
SCORE_END
SERVER_QUIT
SERVER_START Dedcon 1.60.1.5 2024-10-19
CHARSET latin1
CLIENT_NEW 9 13213071 26.102.130.209 1.60.1.5 MINICOM
TEAM_ENTER 0 9
TEAM_ALLIANCE 0 0 SWITCH
CLIENT_QUIT 9 1
TEAM_LEAVE 0
SCORE_BEGIN
SCORE_END
SERVER_QUIT
SERVER_START Dedcon 1.60.1.5 2024-10-19
CHARSET latin1
CLIENT_NEW 9 DEMO 26.102.130.209 1.60.1.5 MINICOM
TEAM_ENTER 0 9
TEAM_ALLIANCE 0 0 SWITCH
CLIENT_QUIT 9 1
TEAM_LEAVE 0
SCORE_BEGIN
SCORE_END
SERVER_QUIT
SERVER_START Dedcon 1.60.1.5 2024-10-19
CHARSET latin1
SERVER_START Dedcon 1.60.1.5 2024-10-19
CHARSET latin1
CLIENT_NEW 9 DEMO 26.102.130.209 1.60.1.5 MINICOM
TEAM_ENTER 0 9
TEAM_ALLIANCE 0 0 SWITCH
CLIENT_QUIT 9 1
TEAM_LEAVE 0
SCORE_BEGIN
SCORE_END
SERVER_QUIT
SERVER_START Dedcon 1.60.1.5 2024-10-19
CHARSET latin1
SERVER_START Dedcon 1.60.1.5 2024-10-19
CHARSET latin1
CLIENT_NEW 9 DEMO 26.102.130.209 1.60.1.5 MINICOM
TEAM_ENTER 0 9
TEAM_ALLIANCE 0 0 SWITCH
CLIENT_QUIT 9 1
TEAM_LEAVE 0
SCORE_BEGIN
SCORE_END
SERVER_QUIT
SERVER_START Dedcon 1.60.1.5 2024-10-19
CHARSET latin1
SERVER_START Dedcon 1.60.1.5 2024-10-19
CHARSET latin1
CLIENT_NEW 9 DEMO 26.102.130.209 1.60.1.5 MINICOM
CLIENT_QUIT 9 1
SCORE_BEGIN
SCORE_END
SERVER_QUIT
SERVER_START Dedcon 1.60.1.5 2024-10-19
CHARSET latin1
CLIENT_NEW 9 DEMO 26.102.130.209 1.60.1.5 MINICOM
CLIENT_QUIT 9 1
SCORE_BEGIN
SCORE_END
SERVER_QUIT
SERVER_START Dedcon 1.60.1.5 2024-10-19
CHARSET latin1
CLIENT_NEW 9 DEMO 26.102.130.209 1.60.1.5 MINICOM
CLIENT_QUIT 9 1
SCORE_BEGIN
SCORE_END
SERVER_QUIT
SERVER_START Dedcon 1.60.1.5 2024-10-19
CHARSET latin1
CLIENT_NEW 9 DEMO 26.102.130.209 1.60.1.5 MINICOM
CLIENT_QUIT 9 1
SCORE_BEGIN
SCORE_END
SERVER_QUIT
SERVER_START Dedcon 1.60.1.5 2024-10-19
CHARSET latin1
CLIENT_NEW 9 DEMO 26.102.130.209 1.60.1.5 MINICOM
CLIENT_QUIT 9 0
SCORE_BEGIN
SCORE_END
SERVER_QUIT
SERVER_START Dedcon 1.60.1.5 2024-10-19
CHARSET latin1
SERVER_START Dedcon 1.60.1.5 2024-10-19
CHARSET latin1
CLIENT_NEW 9 DEMO 26.102.130.209 1.60.1.5 MINICOM
TEAM_ENTER 0 9
TEAM_ALLIANCE 0 0 SWITCH
CLIENT_NAME 9 LadenBinKezza
TEAM_READY 0 1
TEAM_TERRITORY 0 0
RANKED 1
SETTING CaseSensitive 0
SETTING LogLevel 3
SETTING TotalBandwidth 75000
SETTING PlayerBandwidth 10000
SETTING ServerLANIP 26.102.130.209
SETTING MaxSpectators 15
SETTING SpectatorChatChannel 1
SETTING TeamSwitching 0
SETTING EmptyBomberLaunch 1
SETTING FirstStrikeBonus 15
SETTING UnitBuffer 5
SETTING CityBuffer 2
SETTING WorldUnitScale 100
SETTING WorldScale 100
SETTING VariableUnitCounts 0
SETTING MaxGameRealTime 0
SETTING VictoryTimer 45
SETTING VictoryTrigger 20
SETTING VictoryMode 0
SETTING ScoreMode 0
SETTING SlowestSpeed 0
SETTING GameSpeed 0
SETTING RadarSharing 1
SETTING PermitDefection 1
SETTING RandomTerritories 1
SETTING CityPopulations 3
SETTING PopulationPerTerritory 150
SETTING CitiesPerTerritory 30
SETTING TerritoriesPerTeam 1
SETTING MinTeams 1
SETTING MaxTeams 2
SETTING GameMode 0
SETTING AdvertiseOnLAN 1
SETTING AdvertiseOnInternet 1
SETTING ServerName 509 CG | 1v1 | Totally Random | 2.8.14.1
SETTING KickVoteMin 2
SETTING DropCourtesy -1
SETTING SlowBudgetUseRealtime 100
SETTING SlowBudgetUsePause 300
SETTING SlowBudgetRefill 0
SETTING SlowBudgetMax 1800
SETTING SlowBudgetStart 1800
SETTING ReadyVoteDelay 90
SETTING IdleTimeGlobal 600
SETTING AdvertisePlayers 2
GAME_START
SETTING SpectatorChatChannel 0
SETTING RadarSharing 1
SETTING GameSpeed 0
SETTING VariableUnitCounts 0
SETTING WorldScale 100
SETTING TeamSwitching 0
CLIENT_QUIT 9 0
TEAM_ABANDON 0
SCORE_BEGIN
SCORE_TEAM 0 0 9 LadenBinKezza
SCORE_END
SERVER_QUIT
GAME_END
SERVER_START Dedcon 1.60.1.5 2024-10-19
CHARSET latin1
SERVER_START Dedcon 1.60.1.5 2024-10-19
CHARSET latin1
CLIENT_NEW 9 DEMO 26.102.130.209 1.60.1.5 MINICOM
TEAM_ENTER 0 9
TEAM_ALLIANCE 0 0 SWITCH
CLIENT_NAME 9 LadenBinKezza
TEAM_READY 0 1
TEAM_TERRITORY 0 3
RANKED 1
SETTING CaseSensitive 0
SETTING LogLevel 3
SETTING TotalBandwidth 75000
SETTING PlayerBandwidth 10000
SETTING ServerLANIP 26.102.130.209
SETTING MaxSpectators 15
SETTING SpectatorChatChannel 1
SETTING TeamSwitching 0
SETTING NukeTrajectoryCalc 0
SETTING BomberBehavior 0
SETTING FighterBehavior 0
SETTING EmptyBomberLaunch 1
SETTING FirstStrikeBonus 15
SETTING UnitBuffer 5
SETTING CityBuffer 2
SETTING WorldUnitScale 100
SETTING WorldScale 100
SETTING VariableUnitCounts 0
SETTING MaxGameRealTime 0
SETTING VictoryTimer 45
SETTING VictoryTrigger 20
SETTING VictoryMode 0
SETTING ScoreMode 0
SETTING SlowestSpeed 0
SETTING GameSpeed 0
SETTING RadarSharing 1
SETTING PermitDefection 1
SETTING RandomTerritories 1
SETTING CityPopulations 3
SETTING PopulationPerTerritory 150
SETTING CitiesPerTerritory 30
SETTING TerritoriesPerTeam 1
SETTING MinTeams 1
SETTING MaxTeams 2
SETTING GameMode 0
SETTING AdvertiseOnLAN 1
SETTING AdvertiseOnInternet 1
SETTING ServerName 509 CG | 1v1 | Totally Random | 2.8.14.1
SETTING KickVoteMin 2
SETTING DropCourtesy -1
SETTING SlowBudgetUseRealtime 100
SETTING SlowBudgetUsePause 300
SETTING SlowBudgetRefill 0
SETTING SlowBudgetMax 1800
SETTING SlowBudgetStart 1800
SETTING ReadyVoteDelay 90
SETTING IdleTimeGlobal 600
SETTING AdvertisePlayers 2
GAME_START
SETTING SpectatorChatChannel 0
CLIENT_QUIT 9 0
TEAM_ABANDON 0
SCORE_BEGIN
SCORE_TEAM 0 0 9 LadenBinKezza
SCORE_END
SERVER_QUIT
GAME_END
SERVER_START Dedcon 1.60.1.5 2024-10-19
CHARSET latin1
SERVER_START Dedcon 1.60.1.5 2024-10-19
CHARSET latin1
CLIENT_NEW 9 DEMO 26.102.130.209 1.60.1.5 MINICOM
TEAM_ENTER 0 9
TEAM_ALLIANCE 0 0 SWITCH
CLIENT_NAME 9 LadenBinKezza
CLIENT_QUIT 9 1
TEAM_LEAVE 0
SCORE_BEGIN
SCORE_END
SERVER_QUIT
SERVER_START Dedcon 1.60.1.5 2024-10-19
CHARSET latin1
SERVER_START Dedcon 1.60.1.5 2024-10-19
CHARSET latin1
CLIENT_NEW 9 DEMO 26.102.130.209 1.60.1.5 MINICOM
TEAM_ENTER 0 9
TEAM_ALLIANCE 0 0 SWITCH
CLIENT_NAME 9 LadenBinKezza
TEAM_READY 0 1
TEAM_TERRITORY 0 0
RANKED 1
SETTING CaseSensitive 0
SETTING LogLevel 3
SETTING TotalBandwidth 75000
SETTING PlayerBandwidth 10000
SETTING ServerLANIP 26.102.130.209
SETTING MaxSpectators 15
SETTING EmptyBomberLaunch 1
SETTING NukeTrajectoryCalc 0
SETTING BomberBehavior 0
SETTING FighterBehavior 0
SETTING WorldUnitScale 100
SETTING FirstStrikeBonus 15
SETTING UnitBuffer 5
SETTING CityBuffer 2
SETTING SpectatorChatChannel 1
SETTING TeamSwitching 0
SETTING WorldScale 100
SETTING VariableUnitCounts 0
SETTING MaxGameRealTime 0
SETTING VictoryTimer 45
SETTING VictoryTrigger 20
SETTING VictoryMode 0
SETTING ScoreMode 0
SETTING SlowestSpeed 0
SETTING GameSpeed 0
SETTING RadarSharing 1
SETTING PermitDefection 1
SETTING RandomTerritories 1
SETTING CityPopulations 3
SETTING PopulationPerTerritory 150
SETTING CitiesPerTerritory 30
SETTING TerritoriesPerTeam 1
SETTING MinTeams 1
SETTING MaxTeams 2
SETTING GameMode 0
SETTING AdvertiseOnLAN 1
SETTING AdvertiseOnInternet 1
SETTING ServerName 509 CG | 1v1 | Totally Random | 2.8.14.1
SETTING KickVoteMin 2
SETTING DropCourtesy -1
SETTING SlowBudgetUseRealtime 100
SETTING SlowBudgetUsePause 300
SETTING SlowBudgetRefill 0
SETTING SlowBudgetMax 1800
SETTING SlowBudgetStart 1800
SETTING ReadyVoteDelay 90
SETTING IdleTimeGlobal 600
SETTING AdvertisePlayers 2
GAME_START
SETTING SpectatorChatChannel 0
CLIENT_QUIT 9 0
TEAM_ABANDON 0
SCORE_BEGIN
SCORE_TEAM 0 0 9 LadenBinKezza
SCORE_END
SERVER_QUIT
GAME_END
SERVER_START Dedcon 1.60.1.5 2024-10-19
CHARSET latin1
CLIENT_NEW 9 DEMO 26.102.130.209 1.60.1.5 MINICOM
TEAM_ENTER 0 9
TEAM_ALLIANCE 0 0 SWITCH
CLIENT_NAME 9 LadenBinKezza
SERVER_START Dedcon 1.60.1.5 2024-10-19
CHARSET latin1
