Team 1 : client 9 (pao bao), keyID = 13083098
Team 0 : client 7 (NewPlayer), keyID = 13226832
Team 1 : client 8 (K2), keyID = 13228190
Team 0 : client 7 (raizer), keyID = 8102348
Team 1 : client 8 (K2), keyID = 13228190
Team 0 : client 7 (raizer), keyID = 8102348
Team 1 : client 8 (LadenBinKezza), keyID = 13228528
Team 0 : client 7 ([DEMO]LadenBinKezza_2), keyID = DEMO
Team 1 : client 8 ([DEMO]NewPlayer), keyID = DEMO
Team 0 : client 7 (Livvie), keyID = 13229101
Team 1 : client 9 (Keaor), keyID = 13230007
Team 0 : client 7 (LadenBinKezza), keyID = 13229711
Team 1 : client 8 (zorilles), keyID = 13232191
Team 0 : client 7 (Bot exe), keyID = 13111826
Team 2 : client 12 (zorilles), keyID = 13232191
Team 1 : client 11 (Lawliet Ambiance), keyID = 13232280
Team 0 : client 9 (MohammedBinNexus), keyID = 13232294
Team 1 : client 8 (Brosef Stalin), keyID = 13232329
Team 0 : client 7 (LadenBinKezza), keyID = 13231954
Team 1 : client 8 (raizer), keyID = 8102348
Team 0 : client 7 (NewPlayer), keyID = 13231033
Team 1 : client 10 (Happy Tec), keyID = 13197768
Team 0 : client 9 (RegimeFidel), keyID = 13233541
Team 1 : client 8 (NewPlayer), keyID = 13234385
Team 0 : client 7 (LadenBinKezza), keyID = 13234477
Team 1 : client 8 ([DEMO]NewPlayer_2), keyID = DEMO
Team 0 : client 7 (NewPlayer), keyID = 2935630
Team 1 : client 8 ([DEMO]NewPlayer_2), keyID = DEMO
Team 0 : client 7 (NewPlayer), keyID = 2935630
Team 1 : client 8 (NewPlayer_2), keyID = 13234985
Team 0 : client 7 (NewPlayer), keyID = 13234997
Team 1 : client 9 (Grock), keyID = 13239067
Team 0 : client 7 (LadenBinKezza), keyID = 13238990
Team 1 : client 8 (LadenBinKezza), keyID = 13238990
Team 0 : client 7 (Grock), keyID = 13239067
Team 1 : client 9 (Brosef Stalin), keyID = 13239202
Team 0 : client 8 (Ionblaster2), keyID = 13239030
Team 1 : client 8 (Ionblaster2), keyID = 13239030
Team 0 : client 7 (Brosef Stalin), keyID = 13239202
Team 1 : client 8 (NewPlayer), keyID = 13239433
Team 0 : client 7 (NewPlayer_2), keyID = 13239434
Team 1 : client 8 (WOPR), keyID = 13239794
Team 0 : client 7 (LadenBinKezza), keyID = 13239693
Team 1 : client 8 (NewPlayer), keyID = 13240023
Team 0 : client 7 (RegimeFidel), keyID = 13240037
Team 1 : client 9 (R_Zoli_06), keyID = 13240371
Team 0 : client 8 (RegimeFidel), keyID = 13240422
Team 1 : client 8 (Haakon), keyID = 13239068
Team 0 : client 7 (NewPlayer), keyID = 12796390
Team 1 : client 9 (LadenBinKezza), keyID = 13241950
Team 0 : client 8 (NewPlayer), keyID = 12796390
Team 1 : client 8 (Fishy), keyID = 13244274
Team 0 : client 7 (LadenBinKezza), keyID = 13241950
Team 1 : client 8 (Comrade Joe), keyID = 13246769
Team 0 : client 7 (Haakon), keyID = 13239068
Team 1 : client 8 (ARTUR), keyID = 13247020
Team 0 : client 7 (Haakon), keyID = 13239068
Team 1 : client 8 (NewPlayer_3), keyID = 13245144
Team 0 : client 7 (Haakon), keyID = 13239068
Team 0 : client 10 (Haakon), keyID = 13239068
Team 1 : client 9 (Comrade Joe), keyID = 13247221
Team 1 : client 9 (Cheese), keyID = 13247395
Team 0 : client 7 (Grock), keyID = 13247389
Team 1 : client 8 (Brezhnev\'s goons), keyID = 13247805
Team 0 : client 7 (Krekkru), keyID = 13247941
Team 1 : client 9 (MamaAfrica), keyID = 13248435
Team 0 : client 7 (Haakon), keyID = 13239068
Team 1 : client 8 (NewPlayer), keyID = 13248741
Team 0 : client 7 (Haakon), keyID = 13239068
Team 1 : client 10 (NewPlayer), keyID = 13248741
Team 0 : client 7 (Haakon), keyID = 13239068
Team 1 : client 8 (Ophis), keyID = 13249114
Team 0 : client 7 (KlaraAtomiara), keyID = 13249098
Team 1 : client 8 (Ophis), keyID = 13249345
Team 0 : client 7 (Wolf), keyID = 13249342
Team 1 : client 10 (Ophis), keyID = 13249345
Team 0 : client 8 (Haakon), keyID = 13239068
Team 1 : client 8 (pi), keyID = 8054020
Team 0 : client 7 (Haakon), keyID = 13239068
Team 1 : client 8 ([DEMO]NewPlayer), keyID = DEMO
Team 0 : client 7 (Haakon), keyID = 13239068
Team 1 : client 8 (NewPlayer), keyID = 12960222
Team 0 : client 7 (Haakon), keyID = 13239068
Team 1 : client 8 ([DEMO]Skibidi), keyID = DEMO
Team 0 : client 7 (NewPlayer), keyID = 2935630
Team 1 : client 9 (Jugador), keyID = 13252211
Team 0 : client 8 (Ophis), keyID = 13254661
Team 1 : client 10 (Ghidorah), keyID = 13255662
Team 0 : client 9 (Ophis), keyID = 13255736
Team 1 : client 13 (Bigsy), keyID = 13256074
Team 0 : client 12 (Ophis), keyID = 13256285
Team 1 : client 8 (NewPlayer), keyID = 13256487
Team 0 : client 7 (oh no), keyID = 13256439
Team 1 : client 8 (Ophis), keyID = 13256285
Team 0 : client 7 (oh no), keyID = 13256439
Team 1 : client 9 (NewPlayer), keyID = 13256554
Team 0 : client 7 (Corporation), keyID = 13256488
Team 1 : client 8 (Lord Haw Haw ), keyID = 425333
Team 0 : client 7 (Ophis), keyID = 13260625
Team 1 : client 8 (xgodsnip3x), keyID = 13185142
Team 0 : client 7 (STARK), keyID = 13184889
Team 0 : client 9 (NewPlayer), keyID = 13261924
Team 1 : client 8 (NewPlayer_2), keyID = 13261926
Team 1 : client 8 (Dermii3D), keyID = 13262652
Team 0 : client 7 (NewPlayer), keyID = 2935630
Team 0 : client 9 (Ophis), keyID = 13262908
Team 1 : client 8 ([DEMO]me), keyID = DEMO
Team 1 : client 8 ([DEMO]NewPlayer), keyID = DEMO
Team 0 : client 7 ([DEMO]me), keyID = DEMO
Team 1 : client 8 ([DEMO]me), keyID = DEMO
Team 0 : client 7 ([DEMO]NewPlayer), keyID = DEMO
Team 1 : client 8 ([DEMO]NewPlayer), keyID = DEMO
Team 0 : client 7 ([DEMO]me), keyID = DEMO
Team 1 : client 8 ([DEMO]NewPlayer), keyID = DEMO
Team 0 : client 7 ([DEMO]me), keyID = DEMO
Team 1 : client 8 ([DEMO]me), keyID = DEMO
Team 0 : client 7 ([DEMO]NewPlayer), keyID = DEMO
Team 1 : client 8 (Jawad), keyID = 13121568
Team 0 : client 7 ([DEMO]me), keyID = DEMO
Team 1 : client 8 (NewPlayer), keyID = 13263851
Team 0 : client 7 (Jawad), keyID = 13159467
Team 1 : client 9 (FIdes), keyID = 13264048
Team 0 : client 8 (Xasener), keyID = 13264047
