Team 5 : client 12 (hoov), keyID = 13219904
Team 4 : client 11 (Fight in WarRoom), keyID = 2968018
Team 3 : client 10 (Corporation), keyID = 13227333
Team 2 : client 9 (Haakon), keyID = 13220395
Team 1 : client 8 (zad), keyID = 13227348
Team 0 : client 7 (LadenBinKezza), keyID = 13227222
Team 5 : client 14 (Corporation), keyID = 13227333
Team 4 : client 11 (Fight in WarRoom), keyID = 2968018
Team 1 : client 10 (Haakon), keyID = 13220395
Team 2 : client 9 (hoov), keyID = 13219904
Team 3 : client 8 (zad), keyID = 13227348
Team 0 : client 7 (LadenBinKezza), keyID = 13227222
Team 5 : client 13 (Lord Haw Haw ), keyID = 425333
Team 4 : client 12 (zad), keyID = 13227348
Team 3 : client 11 (LadenBinKezza), keyID = 13227222
Team 2 : client 10 (Haakon), keyID = 13220395
Team 1 : client 9 (hoov), keyID = 13219904
Team 0 : client 8 (Fight in WarRoom), keyID = 2968018
Team 5 : client 20 (Mojo), keyID = 13227389
Team 4 : client 19 (Corporation), keyID = 13227333
Team 3 : client 18 (beni), keyID = 13224740
Team 2 : client 17 (Vault Tec), keyID = 13197768
Team 1 : client 16 (zad), keyID = 13227348
Team 0 : client 15 (LadenBinKezza), keyID = 13227222
Team 4 : client 14 (Sievert), keyID = 13227525
Team 5 : client 12 (Corporation), keyID = 13227717
Team 3 : client 10 (Jackolite), keyID = 13227700
Team 2 : client 9 (Vulture), keyID = 13227752
Team 1 : client 8 (Lord Haw Haw), keyID = 425333
Team 0 : client 7 (LadenBinKezza), keyID = 13227718
Team 5 : client 13 (Sievert), keyID = 13227525
Team 4 : client 12 (Vulture), keyID = 13227752
Team 3 : client 10 (Jackolite), keyID = 13227700
Team 2 : client 9 (Lord Haw Haw), keyID = 425333
Team 1 : client 8 (Corporation), keyID = 13227717
Team 0 : client 7 (LadenBinKezza), keyID = 13227718
Team 5 : client 13 (Lawliet Ambiance), keyID = 13227947
Team 4 : client 12 (Ring of Powder), keyID = 13227926
Team 2 : client 11 (Corporation), keyID = 13227929
Team 3 : client 10 (hoov), keyID = 13219904
Team 1 : client 8 (LadenBinKezza), keyID = 13227718
Team 0 : client 7 (Brown Rabbit), keyID = 13227867
Team 5 : client 14 (Vader), keyID = 13229212
Team 4 : client 13 (ALABAMA HAMMER), keyID = 13197221
Team 3 : client 12 (Jackolite), keyID = 13229210
Team 2 : client 11 (Corporation), keyID = 13229279
Team 1 : client 10 (LadenBinKezza), keyID = 13229104
Team 0 : client 9 (Vault Tec), keyID = 13197768
Team 5 : client 12 (Sievert), keyID = 13227525
Team 4 : client 11 (ALABAMA HAMMER), keyID = 13229197
Team 3 : client 10 (Vault Tec), keyID = 13197768
Team 2 : client 9 (Vader), keyID = 13229212
Team 1 : client 8 (Corporation), keyID = 13229279
Team 0 : client 7 (LadenBinKezza), keyID = 13229104
Team 0 : client 13 (Vault Tec), keyID = 13197768
Team 5 : client 12 (somanynames), keyID = 13229585
Team 4 : client 11 (DaFoe), keyID = 13229611
Team 3 : client 10 (zad), keyID = 13229675
Team 2 : client 9 (ALABAMA HAMMER), keyID = 13229526
Team 1 : client 8 (hoov), keyID = 13219904
Team 5 : client 14 (Lawliet Ambiance), keyID = 13230947
Team 4 : client 11 (Corporation), keyID = 13230939
Team 3 : client 10 (Haakon), keyID = 13227888
Team 2 : client 9 (Jackolite), keyID = 13230835
Team 1 : client 8 (zad), keyID = 13230559
Team 0 : client 7 (LadenBinKezza), keyID = 13230730
