Team 1 : client 8 (Giocatore), keyID = 13232239
Team 0 : client 7 (zad), keyID = 13232180
Team 1 : client 9 (Rau), keyID = 13232245
Team 0 : client 7 (Fight in WarRoom), keyID = 2968018
Team 1 : client 9 (Rau), keyID = 13232245
Team 0 : client 8 (Fight in WarRoom), keyID = 2968018
Team 1 : client 8 (Laika), keyID = 13231978
Team 0 : client 7 (zad), keyID = 13232180
Team 1 : client 8 (zad), keyID = 13232180
Team 0 : client 7 (Laika), keyID = 13231978
Team 1 : client 8 (zad), keyID = 13232180
Team 0 : client 7 (DaFoe), keyID = 13232379
Team 1 : client 8 (zorilles), keyID = 13232535
Team 0 : client 7 (Fight in WarRoom), keyID = 2968018
Team 1 : client 8 (zad), keyID = 13232180
Team 0 : client 7 (Laika), keyID = 13232346
Team 1 : client 8 (Laika), keyID = 13232346
Team 0 : client 7 (zad), keyID = 13232180
Team 1 : client 8 (zad), keyID = 13232180
Team 0 : client 7 (Laika), keyID = 13232346
Team 1 : client 8 (Vulture), keyID = 13232909
Team 0 : client 7 (Vader), keyID = 13232887
Team 1 : client 8 (Brosef Stalin), keyID = 13232803
Team 0 : client 7 (zad), keyID = 13232922
Team 1 : client 8 (raizer), keyID = 8102348
Team 0 : client 7 (Mostly Peaceful), keyID = 13233074
Team 1 : client 8 (raizer), keyID = 8102348
Team 0 : client 7 (Vader), keyID = 13232887
Team 1 : client 8 (zad), keyID = 13232922
Team 0 : client 7 (Laika), keyID = 13232923
Team 1 : client 8 (zad), keyID = 13232922
Team 0 : client 7 (Laika), keyID = 13232923
Team 1 : client 8 (zad), keyID = 13233512
Team 0 : client 7 (Laika), keyID = 13233507
Team 1 : client 9 (Vader), keyID = 13233603
Team 0 : client 8 (beni), keyID = 13233546
Team 1 : client 8 (Laika), keyID = 13233507
Team 0 : client 7 (zad), keyID = 13233512
Team 1 : client 8 (NewPlayer), keyID = 13233765
Team 0 : client 7 (NewPlayer_2), keyID = 13186807
Team 1 : client 8 (Vault Tec), keyID = 13197768
Team 0 : client 7 (Sievert), keyID = 13233896
Team 1 : client 8 (Gyarados), keyID = 13234094
Team 0 : client 7 (zad), keyID = 13233512
Team 1 : client 8 (Corporation), keyID = 13234347
Team 0 : client 7 (Mostly Peaceful), keyID = 13233074
Team 1 : client 8 (John F. Kennedy), keyID = 13234688
Team 0 : client 7 (Fight in WarRoom), keyID = 2968018
Team 1 : client 9 (SA), keyID = 13234824
Team 0 : client 7 (zad), keyID = 13234537
Team 1 : client 8 (zad), keyID = 13234537
Team 0 : client 7 (Fight in WarRoom), keyID = 2968018
Team 1 : client 8 (zad), keyID = 13234537
Team 0 : client 7 (Vulture), keyID = 13234916
Team 1 : client 8 (Brosef Stalin), keyID = 13234942
Team 0 : client 7 (LadenBinKezza), keyID = 13234860
Team 1 : client 8 (Brosef Stalin), keyID = 13234942
Team 0 : client 7 (LadenBinKezza), keyID = 13234860
Team 1 : client 8 (zad), keyID = 13235246
Team 0 : client 7 (LadenBinKezza), keyID = 13234860
Team 1 : client 8 (zad), keyID = 13235246
Team 0 : client 7 (LadenBinKezza), keyID = 13234860
Team 1 : client 8 (zad), keyID = 13235246
Team 0 : client 7 (LadenBinKezza), keyID = 13234860
Team 1 : client 8 (Laika), keyID = 13235270
Team 0 : client 7 (LadenBinKezza), keyID = 13234860
Team 1 : client 8 (Mostly Peaceful), keyID = 13233074
Team 0 : client 7 (Fight in WarRoom), keyID = 2968018
Team 1 : client 8 (Mostly Peaceful), keyID = 13233074
Team 0 : client 7 (Brown Rabbit), keyID = 13232156
Team 1 : client 8 (Sqwiz), keyID = 13235309
Team 0 : client 7 (Mostly Peaceful), keyID = 13235717
Team 1 : client 8 (NewPlayer), keyID = 2935630
Team 0 : client 7 (Mostly Peaceful), keyID = 13235717
Team 1 : client 8 (Vader), keyID = 13235792
Team 0 : client 7 (Mostly Peaceful), keyID = 13235717
Team 1 : client 8 (Vader), keyID = 13236217
Team 0 : client 7 (Mostly Peaceful), keyID = 13235717
Team 1 : client 8 (Haakon), keyID = 13236279
Team 0 : client 7 (Mostly Peaceful), keyID = 13235717
Team 1 : client 10 (Vader), keyID = 13236217
Team 0 : client 9 (Mostly Peaceful), keyID = 13235717
Team 1 : client 8 (Fight in WarRoom), keyID = 2968018
Team 0 : client 7 (Mostly Peaceful), keyID = 13235717
Team 1 : client 8 (Corporation), keyID = 13236488
Team 0 : client 7 (zad), keyID = 13235246
Team 1 : client 8 (Falco), keyID = 13236701
Team 0 : client 7 (Fight in WarRoom), keyID = 2968018
Team 1 : client 10 (Ghidorah), keyID = 13236797
Team 0 : client 7 (MIRValous), keyID = 13235717
Team 1 : client 8 (Vader), keyID = 13236847
Team 0 : client 7 (zad), keyID = 13235246
Team 1 : client 8 (raizer), keyID = 8102348
Team 0 : client 7 (Fight in WarRoom), keyID = 2968018
Team 1 : client 8 (NewPlayer_2), keyID = 13237079
Team 0 : client 7 (MIRValous), keyID = 13235717
Team 1 : client 8 (NewPlayer), keyID = 13237314
Team 0 : client 7 (MIRValous), keyID = 13237301
Team 1 : client 8 (MIRValous), keyID = 13237301
Team 0 : client 7 (Ghidorah), keyID = 13237258
Team 1 : client 8 (Ghidorah), keyID = 13237258
Team 0 : client 7 (zad), keyID = 13235246
Team 1 : client 8 (NewPlayer), keyID = 13237492
Team 0 : client 7 (MIRValous), keyID = 13237301
Team 1 : client 8 (zad), keyID = 13235246
Team 0 : client 7 (Vader), keyID = 13237811
Team 1 : client 8 (raizer), keyID = 8102348
Team 0 : client 7 (Fight in WarRoom), keyID = 2968018
Team 1 : client 8 (Corporation), keyID = 13238289
Team 0 : client 7 (beni), keyID = 13234665
Team 1 : client 8 (Victor), keyID = 13238399
Team 0 : client 7 (DaFoe), keyID = 13238397
Team 1 : client 8 (Gyarados), keyID = 13238421
Team 0 : client 7 (MIRValous), keyID = 13237983
Team 1 : client 8 (Corporation), keyID = 13238650
Team 0 : client 7 (zad), keyID = 13235246
Team 1 : client 8 (zad), keyID = 13235246
Team 0 : client 7 (Corporation), keyID = 13238650
Team 1 : client 8 (Vulture), keyID = 13238983
Team 0 : client 7 (zad), keyID = 13238933
Team 1 : client 8 ([DEMO]Haakon_2), keyID = DEMO
Team 0 : client 7 (Haakon), keyID = 13236922
Team 1 : client 8 (zad), keyID = 13238933
Team 0 : client 7 (Fight in WarRoom), keyID = 2968018
Team 1 : client 8 (LadenBinKezza), keyID = 13238990
Team 0 : client 7 (DaFoe), keyID = 13239145
Team 1 : client 8 (Vulture), keyID = 13239666
Team 0 : client 7 (MIRValous), keyID = 13239466
Team 1 : client 8 (Brosef Stalin), keyID = 13239828
Team 0 : client 7 (DaFoe), keyID = 13239894
Team 1 : client 8 (Vader), keyID = 13239841
Team 0 : client 7 (Dyatlov), keyID = 13239922
Team 1 : client 9 (Vader), keyID = 13239841
Team 0 : client 7 (zad), keyID = 13238933
Team 1 : client 8 (josipbroztito), keyID = 13239938
Team 0 : client 7 (o.O), keyID = 13239828
Team 1 : client 9 (R_Zoli_06), keyID = 13239762
Team 0 : client 8 (MIRValous), keyID = 13240034
Team 1 : client 8 (MIRValous), keyID = 13240034
Team 0 : client 7 (beni), keyID = 13240113
Team 1 : client 8 (MIRValous), keyID = 13240034
Team 0 : client 7 (Fight in WarRoom), keyID = 2968018
Team 1 : client 8 (R_Zoli_06), keyID = 13240371
Team 0 : client 7 (Fight in WarRoom), keyID = 2968018
Team 1 : client 8 (R_Zoli_06), keyID = 13240371
Team 0 : client 7 (Mojo), keyID = 13240383
Team 1 : client 14 (Haakon), keyID = 13239068
Team 0 : client 10 (Vulture), keyID = 13240408
Team 1 : client 8 (Vulture), keyID = 13240408
Team 0 : client 7 (Haakon), keyID = 13239068
Team 1 : client 8 (Vader), keyID = 13240446
Team 0 : client 7 (Mojo), keyID = 13240383
Team 1 : client 9 (R_Zoli_06), keyID = 13240743
Team 0 : client 7 (Fight in WarRoom), keyID = 2968018
Team 1 : client 8 (Fight in WarRoom), keyID = 2968018
Team 0 : client 7 (zad), keyID = 13240706
Team 1 : client 8 (Corporation), keyID = 13240831
Team 0 : client 7 (zad), keyID = 13240706
Team 1 : client 8 (zad), keyID = 13240706
Team 0 : client 7 (Brosef Stalin), keyID = 13241148
Team 1 : client 8 (zad), keyID = 13240706
Team 0 : client 7 (Brosef Stalin), keyID = 13241148
Team 1 : client 8 (Haakon), keyID = 13239068
Team 0 : client 7 (Fight in WarRoom), keyID = 2968018
Team 1 : client 8 (LadenBinKezza), keyID = 13241028
Team 0 : client 7 (Dyatlov), keyID = 13241563
Team 1 : client 8 (Vader), keyID = 13241641
Team 0 : client 7 (DaFoe), keyID = 13241619
Team 1 : client 8 (Vader), keyID = 13241641
Team 0 : client 7 (DaFoe), keyID = 13241619
Team 1 : client 8 (erciouy), keyID = 13242009
Team 0 : client 7 (Fight in WarRoom), keyID = 2968018
Team 1 : client 8 (Haakon), keyID = 13239068
Team 0 : client 7 (Fight in WarRoom), keyID = 2968018
Team 1 : client 8 (sacoYa  \(SAC\)), keyID = 13242193
Team 0 : client 7 (zad), keyID = 13240706
Team 1 : client 8 (Gyarados), keyID = 13242741
Team 0 : client 7 (zad), keyID = 13240706
Team 1 : client 8 (Haakon), keyID = 13239068
Team 0 : client 7 (zad), keyID = 13240706
Team 1 : client 8 (NewPlayer), keyID = 13243065
Team 0 : client 7 (Brosef Stalin), keyID = 13243071
Team 1 : client 8 (Vulture), keyID = 13242984
Team 0 : client 7 (Haakon), keyID = 13239068
Team 1 : client 8 (somanynames), keyID = 13243159
Team 0 : client 7 (Fight in WarRoom), keyID = 2968018
Team 1 : client 8 (zad), keyID = 13240706
Team 0 : client 7 (Vader), keyID = 13243329
Team 1 : client 9 (Vader), keyID = 13243329
Team 0 : client 7 (beni), keyID = 13241037
Team 1 : client 8 (beni), keyID = 13241037
Team 0 : client 7 (Gyarados), keyID = 13243570
Team 1 : client 8 (Fight in WarRoom), keyID = 2968018
Team 0 : client 7 (Vader), keyID = 13237811
Team 1 : client 8 (zad), keyID = 13243764
Team 0 : client 7 (Gyarados), keyID = 13243899
Team 1 : client 8 (Vulture), keyID = 13244231
Team 0 : client 7 (zad), keyID = 13243764
Team 1 : client 8 (Vader), keyID = 13244222
Team 0 : client 7 (Gyarados), keyID = 13244263
Team 1 : client 8 (Ckwsz), keyID = 13244348
Team 0 : client 7 (Fight in WarRoom), keyID = 2968018
Team 1 : client 8 (Haakon), keyID = 13239068
Team 0 : client 7 (zad), keyID = 13243764
Team 1 : client 8 (Vulture), keyID = 13244553
Team 0 : client 7 (zad), keyID = 13243764
Team 1 : client 8 (Vulture), keyID = 13244903
Team 0 : client 7 (zad), keyID = 13243764
Team 1 : client 8 (zad), keyID = 13243764
Team 0 : client 7 (Vulture), keyID = 13244903
Team 1 : client 8 (zad), keyID = 13243764
Team 0 : client 7 (Vulture), keyID = 13244903
Team 1 : client 8 (zad), keyID = 13243764
Team 0 : client 7 (Vulture), keyID = 13244903
Team 1 : client 8 (Vader), keyID = 13245147
Team 0 : client 7 (Gyarados), keyID = 13245069
Team 1 : client 8 (Vulture), keyID = 13245497
Team 0 : client 7 (zad), keyID = 13243764
Team 1 : client 8 (RegimeFidel), keyID = 13245824
Team 0 : client 7 (Haakon), keyID = 13239068
Team 1 : client 8 (Brosef Stalin), keyID = 13246157
Team 0 : client 7 (Gyarados), keyID = 13246206
Team 1 : client 8 (Gyarados), keyID = 13246206
Team 0 : client 7 (Fight in WarRoom), keyID = 2968018
Team 0 : client 12 (Gyarados), keyID = 13246206
Team 1 : client 11 (Haakon), keyID = 13239068
Team 1 : client 8 (Pepe), keyID = 13116759
Team 0 : client 7 (Fight in WarRoom), keyID = 2968018
Team 0 : client 11 (fy), keyID = 13246005
Team 1 : client 10 (Comrade Joe), keyID = 13246456
Team 1 : client 8 (Vulture), keyID = 13246829
Team 0 : client 7 (zad), keyID = 13243764
Team 1 : client 8 (Pepe), keyID = 13116759
Team 0 : client 7 (Fight in WarRoom), keyID = 2968018
Team 1 : client 9 (Gyarados), keyID = 13246936
Team 0 : client 7 (Fight in WarRoom), keyID = 2968018
Team 1 : client 8 (Fight in WarRoom), keyID = 2968018
Team 0 : client 7 (Gyarados), keyID = 13246936
Team 1 : client 8 (Gyarados), keyID = 13246936
Team 0 : client 7 (Vulture), keyID = 13246829
Team 1 : client 8 (zad), keyID = 13243764
Team 0 : client 7 (Vader), keyID = 13246755
Team 0 : client 13 (Fight in WarRoom), keyID = 2968018
Team 1 : client 12 (Pepe), keyID = 13116759
Team 1 : client 8 (Ghidorah), keyID = 13249004
Team 0 : client 7 (Vulture), keyID = 13249003
Team 1 : client 8 (Nathan), keyID = 13249608
Team 0 : client 7 (Fight in WarRoom), keyID = 2968018
Team 1 : client 8 (Nathan), keyID = 13249608
Team 0 : client 7 (Fight in WarRoom), keyID = 2968018
Team 1 : client 8 (MamaAfrica), keyID = 13249966
Team 0 : client 7 (Fight in WarRoom), keyID = 2968018
Team 1 : client 8 (raizer), keyID = 8102348
Team 0 : client 7 (Fight in WarRoom), keyID = 2968018
Team 1 : client 8 (biiiids), keyID = 13252146
Team 0 : client 7 (NewPlayer), keyID = 2935630
Team 1 : client 8 (ALABAMA HAMMER), keyID = 13252283
Team 0 : client 7 (Gyarados), keyID = 13252319
Team 1 : client 8 (Mostly Peaceful), keyID = 13251975
Team 0 : client 7 (Fight in WarRoom), keyID = 2968018
Team 1 : client 9 (ALABAMA HAMMER), keyID = 13252819
Team 0 : client 8 (Gyarados), keyID = 13252772
Team 1 : client 9 (Vader), keyID = 13252898
Team 0 : client 7 (Fight in WarRoom), keyID = 2968018
Team 1 : client 8 (taylor swift), keyID = 13253252
Team 0 : client 7 (Ghidorah), keyID = 13253071
Team 1 : client 9 (NewPlayer), keyID = 13253266
Team 0 : client 7 (Dyatlov), keyID = 13253265
Team 1 : client 8 (NewPlayer), keyID = 13254132
Team 0 : client 7 (Brown Rabbit), keyID = 13253967
Team 1 : client 9 (ALABAMA HAMMER), keyID = 13254084
Team 0 : client 7 (Fight in WarRoom), keyID = 2968018
Team 1 : client 9 (NewPlayer), keyID = 13254930
Team 0 : client 7 (Dyatlov), keyID = 13255044
Team 1 : client 8 (Ophis), keyID = 13255253
Team 0 : client 7 (Brown Rabbit), keyID = 13255219
Team 1 : client 8 (MamaAfrica), keyID = 13255792
Team 0 : client 7 (Fight in WarRoom), keyID = 2968018
Team 1 : client 8 (somanynames), keyID = 13255817
Team 0 : client 7 (Dyatlov), keyID = 13255933
Team 1 : client 8 (RUSSIA), keyID = 13252799
Team 0 : client 7 (NewPlayer), keyID = 13256286
Team 1 : client 8 (NewPlayer), keyID = 13256609
Team 0 : client 7 (Ghidorah), keyID = 13256610
Team 1 : client 8 (Naens), keyID = 13256943
Team 0 : client 7 (Fight in WarRoom), keyID = 2968018
Team 1 : client 8 (Ophis), keyID = 13257245
Team 0 : client 7 (Fight in WarRoom), keyID = 2968018
Team 1 : client 9 (MATRIX75), keyID = 13185262
Team 0 : client 8 (Fight in WarRoom), keyID = 2968018
Team 1 : client 8 (Corporation), keyID = 13257729
Team 0 : client 7 (Sievert), keyID = 13257748
Team 1 : client 8 (MAmaAfrica), keyID = 13257920
Team 0 : client 7 (Fight in WarRoom), keyID = 2968018
Team 1 : client 8 (Vader), keyID = 13258603
Team 0 : client 7 (Fight in WarRoom), keyID = 2968018
Team 1 : client 8 (Corporation), keyID = 13258859
Team 0 : client 7 (Fight in WarRoom), keyID = 2968018
Team 1 : client 8 (Corporation), keyID = 13258859
Team 0 : client 7 (Dyatlov), keyID = 13258931
Team 1 : client 8 (NewPlayer_2), keyID = 13259110
Team 0 : client 7 (NewPlayer), keyID = 13259137
Team 1 : client 8 (NewPlayer), keyID = 13260078
Team 0 : client 7 (Dyatlov), keyID = 13260073
Team 1 : client 8 (Gyarados), keyID = 13261764
Team 0 : client 7 (ALABAMA HAMMER), keyID = 13261759
Team 1 : client 8 (ALABAMA HAMMER), keyID = 13262004
Team 0 : client 7 (Dyatlov), keyID = 13261989
Team 1 : client 8 (ALABAMA HAMMER), keyID = 13262004
Team 0 : client 7 (Ghidorah), keyID = 13261917
Team 1 : client 8 (NewPlayer), keyID = 13262166
Team 0 : client 7 (Menem), keyID = 2935630
Team 1 : client 8 (ALABAMA HAMMER), keyID = 13262004
Team 0 : client 7 (Dyatlov), keyID = 13262176
Team 1 : client 8 ([DEMO]me), keyID = DEMO
Team 0 : client 7 (Fight in WarRoom), keyID = 2968018
Team 1 : client 8 (Vulture), keyID = 13263292
Team 0 : client 7 (Ghidorah), keyID = 13263323
Team 1 : client 8 ([DEMO]me), keyID = DEMO
Team 0 : client 7 (Alter Ego), keyID = 61086
Team 1 : client 10 (ALABAMA HAMMER), keyID = 13197221
Team 0 : client 9 ([DEMO]me), keyID = DEMO
Team 1 : client 8 (Vulture), keyID = 13264560
Team 0 : client 7 (Haakon), keyID = 13239068
Team 1 : client 9 (Corporation), keyID = 13264537
Team 0 : client 7 (Ghidorah), keyID = 13264552
Team 1 : client 8 (Haakon), keyID = 13239068
Team 0 : client 7 (Corporation), keyID = 13264537
Team 1 : client 8 (Haakon), keyID = 13239068
Team 0 : client 7 (Corporation), keyID = 13264537
Team 1 : client 8 ([DEMO]me), keyID = DEMO
Team 0 : client 7 (Fight in WarRoom), keyID = 2968018
Team 1 : client 8 (Corporation), keyID = 13265035
Team 0 : client 7 (Vulture), keyID = 13265123
Team 1 : client 8 (TOM BUSCH-US), keyID = 12594033
Team 0 : client 7 (Brown Rabbit), keyID = 13265206
Team 1 : client 8 ([DEMO]me), keyID = DEMO
Team 0 : client 7 (Corporation), keyID = 13265248
Team 1 : client 8 (TrickyDickNixon), keyID = 13265413
Team 0 : client 7 (Skullifloof), keyID = 13265412
Team 1 : client 8 (Comrade Joe), keyID = 13265890
Team 0 : client 7 (Ghidorah), keyID = 13265889
Team 1 : client 8 (Vulture), keyID = 13265872
Team 0 : client 7 (Ghidorah), keyID = 13265889
Team 0 : client 10 (MIRV Griffin), keyID = 13265936
Team 1 : client 8 (Corporation), keyID = 13265927
Team 1 : client 8 (MIRV Griffin), keyID = 13265936
Team 0 : client 7 (Brown Rabbit), keyID = 13266049
Team 1 : client 8 (Dermii3D), keyID = 13266122
Team 0 : client 7 (Ghidorah), keyID = 13266157
Team 1 : client 8 (Corporation), keyID = 13266847
Team 0 : client 7 (Dyatlov), keyID = 13266998
Team 1 : client 8 (NewPlayer_2), keyID = 13267092
Team 0 : client 7 (NewPlayer), keyID = 2935630
Team 1 : client 8 (NewPlayer_2), keyID = 13267092
Team 0 : client 7 (NewPlayer), keyID = 2935630
Team 1 : client 10 (DEATH), keyID = 13267175
Team 0 : client 7 (Dyatlov), keyID = 13266998
Team 1 : client 8 (me), keyID = 12532237
Team 0 : client 7 (Dyatlov), keyID = 13266998
Team 1 : client 8 (NewPlayer), keyID = 2935630
Team 0 : client 7 (NewPlayer_2), keyID = 13267320
Team 1 : client 8 (Haakon), keyID = 13239068
Team 0 : client 7 (Dyatlov), keyID = 13267470
Team 1 : client 8 (Corporation), keyID = 13267356
Team 0 : client 7 (Dyatlov), keyID = 13267470
Team 1 : client 8 (KIRA), keyID = 13268375
Team 0 : client 7 (Dyatlov), keyID = 13268543
Team 1 : client 8 (sacoYa  \(SAC\)), keyID = 13268765
Team 0 : client 7 (me), keyID = 12532237
Team 1 : client 8 (Dyatlov), keyID = 13268791
Team 0 : client 7 (Jman3000), keyID = 13268377
Team 1 : client 8 (Corporation), keyID = 13268944
Team 0 : client 7 (me), keyID = 12532237
Team 1 : client 8 (Baldapets), keyID = 13269127
Team 0 : client 7 (Vader), keyID = 13269278
Team 1 : client 9 (Fight in WarRoom), keyID = 2968018
Team 0 : client 8 (MIRV Griffin), keyID = 13269314
Team 1 : client 8 (MIRV Griffin), keyID = 13269314
Team 0 : client 7 (Fight in WarRoom), keyID = 2968018
Team 1 : client 8 (me), keyID = 12532237
Team 0 : client 7 (ALABAMA HAMMER), keyID = 13269101
Team 1 : client 10 (Gyarados), keyID = 13269739
Team 0 : client 9 (me), keyID = 12532237
Team 1 : client 8 (So It Goes), keyID = 13269937
Team 0 : client 7 (KIRA), keyID = 13269679
Team 1 : client 8 (Vader), keyID = 13269979
Team 0 : client 7 (KIRA), keyID = 13269977
Team 1 : client 8 (Fallout), keyID = 13270132
Team 0 : client 7 (Corporation), keyID = 13270130
Team 1 : client 8 (Baldapets), keyID = 13270806
Team 0 : client 7 (Dyatlov), keyID = 13270801
Team 1 : client 8 (ALABAMA HAMMER), keyID = 13271055
Team 0 : client 7 (Gyarados), keyID = 13271202
Team 1 : client 8 (september), keyID = 13271234
Team 0 : client 7 (Dyatlov), keyID = 13271264
Team 1 : client 8 (Jman3000), keyID = 13269835
Team 0 : client 7 (Dyatlov), keyID = 13271264
Team 1 : client 8 (Haakon), keyID = 13267706
Team 0 : client 7 (Brown Rabbit), keyID = 13267819
Team 1 : client 8 (ALABAMA HAMMER), keyID = 13271865
Team 0 : client 7 (Gyarados), keyID = 13271840
Team 1 : client 8 (Corporation), keyID = 13272584
Team 0 : client 7 (Dyatlov), keyID = 13272583
