Team 3 : client 10 (ALABAMA HAMMER), keyID = 13239322
Team 2 : client 9 (hoov), keyID = 13237393
Team 1 : client 8 (Nop), keyID = 5861869
Team 0 : client 7 (LadenBinKezza), keyID = 13239348
Team 3 : client 12 (ALABAMA HAMMER), keyID = 13239322
Team 1 : client 11 (Edward), keyID = 12956302
Team 0 : client 10 (zad), keyID = 13238933
Team 2 : client 9 (hoov), keyID = 13237393
Team 5 : client 13 (MissInAction), keyID = 13241142
Team 4 : client 11 (Vault Tec), keyID = 13197768
Team 3 : client 10 (Corporation), keyID = 13241032
Team 2 : client 9 (zad), keyID = 13240706
Team 1 : client 8 (LadenBinKezza), keyID = 13241028
Team 0 : client 7 (hoov), keyID = 13237393
Team 3 : client 15 (Corporation), keyID = 13241032
Team 2 : client 9 (MissInAction), keyID = 13241142
Team 1 : client 8 (hoov), keyID = 13237393
Team 0 : client 7 (Vault Tec), keyID = 13197768
Team 2 : client 11 (ALABAMA HAMMER), keyID = 13241393
Team 1 : client 10 (hoov), keyID = 13237393
Team 3 : client 8 (Vader), keyID = 13241387
Team 0 : client 7 (icq), keyID = 5861869
Team 0 : client 11 (LadenBinKezza), keyID = 13241028
Team 3 : client 10 (ALABAMA HAMMER), keyID = 13241393
Team 2 : client 9 (zad), keyID = 13240706
Team 1 : client 8 (hoov), keyID = 13237393
Team 3 : client 10 (ALABAMA HAMMER), keyID = 13241847
Team 2 : client 9 (hoov), keyID = 13237393
Team 1 : client 8 (Corporation), keyID = 13241881
Team 0 : client 7 (zad), keyID = 13240706
Team 1 : client 21 (NewPlayer), keyID = 13241989
Team 0 : client 19 (ALABAMA HAMMER), keyID = 13241847
Team 3 : client 12 (LadenBinKezza), keyID = 13241950
Team 2 : client 11 (hoov), keyID = 13237393
Team 3 : client 11 (Basthoov), keyID = 5861869
Team 2 : client 9 (FreeKurdistan), keyID = 13116759
Team 1 : client 8 (hoov), keyID = 13237393
Team 0 : client 7 (somanynames), keyID = 13243159
Team 3 : client 14 (Sony), keyID = 5861869
Team 0 : client 13 (somanynames), keyID = 13243519
Team 2 : client 11 (DaFoe), keyID = 13243613
Team 1 : client 10 (hoov), keyID = 13237393
Team 3 : client 11 (ALABAMA HAMMER), keyID = 13244255
Team 2 : client 10 (hoov), keyID = 13237393
Team 1 : client 9 (Fight in WarRoom), keyID = 2968018
Team 0 : client 8 ([DEMO]judor), keyID = DEMO
Team 3 : client 10 (M), keyID = 13246361
Team 2 : client 9 (W.O.P.P.R), keyID = 13246360
Team 1 : client 8 (K.Y.S.), keyID = 13246359
Team 0 : client 7 (N.U.K.E C.H.I.N.), keyID = 13246358
Team 2 : client 15 (Pepe), keyID = 13116759
Team 1 : client 14 ([DEMO]NewPlayerToo), keyID = DEMO
Team 3 : client 12 (Comrade Joe), keyID = 13246456
Team 0 : client 7 (somanynames), keyID = 13246550
Team 3 : client 13 (nil), keyID = 13248494
Team 2 : client 10 (MamaAfrica), keyID = 13248435
Team 0 : client 9 (hoov), keyID = 13237393
Team 1 : client 8 (somanynames), keyID = 13248471
Team 3 : client 11 (B07), keyID = 13248794
Team 2 : client 10 (hol), keyID = 13248682
Team 1 : client 9 (beni), keyID = 13241037
Team 0 : client 8 (hoov), keyID = 13237393
Team 3 : client 10 (Hector70), keyID = 13248802
Team 2 : client 9 (Snuffmaster), keyID = 13248761
Team 1 : client 8 (hol), keyID = 13248682
Team 0 : client 7 (hoov), keyID = 13237393
Team 2 : client 17 (BonJovie), keyID = 13249217
Team 3 : client 13 (somanynames), keyID = 13249149
Team 1 : client 9 (hoov), keyID = 13237393
Team 0 : client 8 (Uu), keyID = 13246770
Team 3 : client 10 (Messiah), keyID = 13249722
Team 2 : client 9 (Fight in WarRoom), keyID = 2968018
Team 1 : client 8 (hoov), keyID = 13237393
Team 0 : client 7 (Uu), keyID = 13246770
Team 3 : client 10 (TOVARISH), keyID = 13249973
Team 2 : client 9 (sacoYa \(SAC\)), keyID = 13249926
Team 1 : client 8 (hoov), keyID = 13237393
Team 0 : client 7 (Uu), keyID = 13246770
Team 3 : client 10 (Mojo), keyID = 13249961
Team 2 : client 9 (Uu), keyID = 13246770
Team 1 : client 8 (sacoYa \(SAC\)), keyID = 13249926
Team 0 : client 7 (hoov), keyID = 13237393
Team 3 : client 11 (halo), keyID = 13230689
Team 2 : client 10 (somanynames), keyID = 13249982
Team 1 : client 8 (hoov), keyID = 13237393
Team 0 : client 7 (Uu), keyID = 13246770
Team 3 : client 10 (CraZzY GiRaFf# !), keyID = 13249926
Team 2 : client 9 (somanynames), keyID = 13249982
Team 1 : client 8 (Uu), keyID = 13246770
Team 0 : client 7 (hoov), keyID = 13237393
Team 3 : client 12 (Tom), keyID = 13250234
Team 2 : client 11 (hoov), keyID = 13237393
Team 1 : client 10 (somanynames), keyID = 13250171
Team 0 : client 7 (Uu), keyID = 13246770
Team 3 : client 10 (Conrand Von Mcar), keyID = 13250249
Team 2 : client 9 (Uu), keyID = 13246770
Team 1 : client 8 (hoov), keyID = 13237393
Team 0 : client 7 (Octavian), keyID = 13250234
Team 3 : client 10 (MamaAfrica), keyID = 13250710
Team 2 : client 9 (somanynames), keyID = 13250704
Team 1 : client 8 (hoov), keyID = 13237393
Team 0 : client 7 (Uu), keyID = 13246770
Team 2 : client 13 (LadenBinKezza), keyID = 13241950
Team 1 : client 8 (Uu), keyID = 13246770
Team 0 : client 7 (hoov), keyID = 13237393
Team 3 : client 10 (Hector70), keyID = 13250755
Team 2 : client 9 ([DEMO]Ghas Khan), keyID = DEMO
Team 1 : client 8 (hoov), keyID = 13237393
Team 0 : client 7 (Uu), keyID = 13246770
Team 3 : client 10 (Uu), keyID = 13246770
Team 2 : client 9 (Ophis), keyID = 13250913
Team 1 : client 8 (hoov), keyID = 13237393
Team 0 : client 7 (somanynames), keyID = 13251001
Team 3 : client 10 (Vulture), keyID = 13251403
Team 2 : client 9 (ALABAMA HAMMER), keyID = 13251402
Team 1 : client 8 (hoov), keyID = 13237393
Team 0 : client 7 (Uu), keyID = 13251118
Team 3 : client 12 (somanynames), keyID = 13251342
Team 2 : client 10 (Brown Rabbit), keyID = 13251424
Team 1 : client 9 (hoov), keyID = 13237393
Team 0 : client 8 (Uu), keyID = 13251118
Team 3 : client 11 (hoov), keyID = 13237393
Team 2 : client 10 (ALABAMA HAMMER), keyID = 13251629
Team 1 : client 9 (somanynames), keyID = 13251582
Team 0 : client 7 (Uu), keyID = 13251118
Team 0 : client 11 (Vulture), keyID = 13251619
Team 3 : client 10 (ALABAMA HAMMER), keyID = 13251629
Team 2 : client 9 (hoov), keyID = 13237393
Team 1 : client 8 (somanynames), keyID = 13251582
Team 3 : client 10 (PenisMike), keyID = 13251894
Team 2 : client 9 (M), keyID = 13251886
Team 1 : client 8 (W.O.P.P.R), keyID = 13251888
Team 0 : client 7 (stew), keyID = 13251887
Team 2 : client 15 (ant), keyID = 2935632
Team 3 : client 11 (Uu), keyID = 13251118
Team 1 : client 8 (raizer), keyID = 8102348
Team 0 : client 7 (hoov), keyID = 13237393
Team 3 : client 14 (MIRValous), keyID = 13251975
Team 2 : client 9 (Uu), keyID = 13251118
Team 1 : client 8 (raizer), keyID = 8102348
Team 0 : client 7 (hoov), keyID = 13237393
Team 3 : client 10 (Lost my mojo), keyID = 13252125
Team 2 : client 9 (ALABAMA HAMMER), keyID = 13252065
Team 1 : client 8 (Uu), keyID = 13251118
Team 0 : client 7 (hoov), keyID = 13237393
Team 3 : client 10 (somanynames), keyID = 13252508
Team 2 : client 9 (MIRValous), keyID = 13251975
Team 1 : client 8 (Ophis), keyID = 13252472
Team 0 : client 7 (Uu), keyID = 13251118
Team 3 : client 14 (Brown Rabbit), keyID = 13252588
Team 2 : client 11 (hoov), keyID = 13237393
Team 1 : client 10 (somanynames), keyID = 13252508
Team 0 : client 7 (Uu), keyID = 13251118
Team 3 : client 14 (ALABAMA HAMMER), keyID = 13252819
Team 2 : client 13 (Kramerica), keyID = 13252892
Team 1 : client 9 (hoov), keyID = 13237393
Team 0 : client 7 (Uu), keyID = 13251118
Team 2 : client 13 (Mostly Peaceful), keyID = 13251975
Team 3 : client 10 (hoov), keyID = 13237393
Team 1 : client 8 (ALABAMA HAMMER), keyID = 13252819
Team 0 : client 7 (Uu), keyID = 13251118
Team 3 : client 10 ([DEMO]NewPlayer), keyID = DEMO
Team 2 : client 9 (hoov), keyID = 13237393
Team 1 : client 8 (Ophis), keyID = 13253098
Team 0 : client 7 (Uu), keyID = 13251118
Team 3 : client 10 ([DEMO]NewPlayer), keyID = DEMO
Team 2 : client 9 (Uu), keyID = 13251118
Team 1 : client 8 (ALABAMA HAMMER), keyID = 13253118
Team 0 : client 7 (hoov), keyID = 13237393
Team 3 : client 11 (hoov), keyID = 13237393
Team 2 : client 9 (ALABAMA HAMMER), keyID = 13253118
Team 1 : client 8 (Corporation), keyID = 13252961
Team 0 : client 7 (Uu), keyID = 13251118
Team 3 : client 15 ([DEMO]WarClown), keyID = DEMO
Team 2 : client 14 (Corporation), keyID = 13252961
Team 1 : client 13 (hoov), keyID = 13237393
Team 0 : client 7 (ANT), keyID = 2935632
Team 3 : client 12 (ALABAMA HAMMER), keyID = 13253318
Team 2 : client 11 (Uu), keyID = 13251118
Team 1 : client 10 (raizer), keyID = 8102348
Team 0 : client 7 (hoov), keyID = 13237393
Team 0 : client 9 (ALABAMA HAMMER), keyID = 13253318
Team 3 : client 16 (DreamSpace), keyID = 13254321
Team 2 : client 14 (Uu), keyID = 13251118
Team 1 : client 8 (ALABAMA HAMMER), keyID = 13254084
Team 0 : client 7 (hoov), keyID = 13237393
Team 3 : client 10 (somanynames), keyID = 13254137
Team 2 : client 9 (ALABAMA HAMMER), keyID = 13254084
Team 1 : client 8 (Uu), keyID = 13251118
Team 0 : client 7 (hoov), keyID = 13237393
Team 3 : client 11 (nuketator), keyID = 13252211
Team 2 : client 10 (NewPlayer), keyID = 13254817
Team 1 : client 8 (Brown Rabbit), keyID = 13254811
Team 0 : client 7 (raizer), keyID = 8102348
Team 3 : client 11 (ALABAMA HAMMER), keyID = 13254791
Team 2 : client 9 (raizer), keyID = 8102348
Team 1 : client 8 (somanynames), keyID = 13254919
Team 0 : client 7 (hoov), keyID = 13237393
Team 3 : client 11 (TOM BUSCH-US), keyID = 12594033
Team 2 : client 10 (Vulture), keyID = 13255343
Team 1 : client 9 (raizer), keyID = 8102348
Team 0 : client 7 (hoov), keyID = 13237393
Team 1 : client 11 (Master Blaster), keyID = 13255444
Team 3 : client 10 (somanynames), keyID = 13255298
Team 2 : client 9 (hoov), keyID = 13237393
Team 0 : client 7 (raizer), keyID = 8102348
Team 3 : client 15 (666), keyID = 13255492
Team 2 : client 12 (somanynames), keyID = 13255298
Team 1 : client 11 (hoov), keyID = 13237393
Team 0 : client 10 (Uu), keyID = 13251118
Team 3 : client 10 (Arstotzka), keyID = 13256108
Team 2 : client 9 (Yordanistan), keyID = 13256101
Team 1 : client 8 (Mobutu), keyID = 13256102
Team 0 : client 7 (The Proud Nation), keyID = 13256107
Team 3 : client 12 (Dyatlov), keyID = 13255933
Team 2 : client 9 (ALABAMA HAMMER), keyID = 13256403
Team 1 : client 8 (MamaAfrica), keyID = 13256395
Team 0 : client 7 (raizer), keyID = 8102348
Team 3 : client 11 (MAmaAfrica), keyID = 13257589
Team 2 : client 10 (somanynames), keyID = 13257655
Team 1 : client 9 (hoov), keyID = 13237393
Team 0 : client 7 (raizer), keyID = 8102348
Team 3 : client 10 (FeetFinderNation), keyID = 13258639
Team 2 : client 9 (XxStarCzXx), keyID = 13258618
Team 1 : client 8 (United Fruit), keyID = 13257457
Team 0 : client 7 (Standard Fruit), keyID = 13257478
Team 3 : client 10 (Graf Lapsha.415), keyID = 13258832
Team 2 : client 9 (somanynames), keyID = 13258840
Team 1 : client 8 (XxStarCzXx), keyID = 13258618
Team 0 : client 7 (hoov), keyID = 13237393
Team 3 : client 10 (Dyatlov), keyID = 13258931
Team 2 : client 9 (NewPlayer), keyID = 13124805
Team 1 : client 8 (Corporation), keyID = 13258859
Team 0 : client 7 (Uu), keyID = 13251118
Team 3 : client 10 (Vader), keyID = 13258889
Team 2 : client 9 (ALABAMA HAMMER), keyID = 13258746
Team 1 : client 8 (Dyatlov), keyID = 13258931
Team 0 : client 7 (Corporation), keyID = 13258859
Team 3 : client 11 (Corporation), keyID = 13259277
Team 2 : client 9 (hoov), keyID = 13237393
Team 1 : client 8 (Brown Rabbit), keyID = 13259269
Team 0 : client 7 (Uu), keyID = 13251118
Team 3 : client 11 (Jenkem Man!), keyID = 13258540
Team 2 : client 9 (somanynames), keyID = 13259721
Team 1 : client 8 (MamaAfrica), keyID = 13259773
Team 0 : client 7 (Uu), keyID = 13251118
Team 3 : client 10 (MamaAfrica), keyID = 13260000
Team 2 : client 9 (somanynames), keyID = 13259970
Team 1 : client 8 (hoov), keyID = 13237393
Team 0 : client 7 (Uu), keyID = 13251118
Team 3 : client 11 (ALABAMA HAMMER), keyID = 13260467
Team 2 : client 10 (Uu), keyID = 13251118
Team 1 : client 8 (somanynames), keyID = 13260381
Team 0 : client 7 (hoov), keyID = 13237393
Team 3 : client 10 (somanynames), keyID = 13260718
Team 2 : client 9 (ALABAMA HAMMER), keyID = 13260726
Team 1 : client 8 (hoov), keyID = 13237393
Team 0 : client 7 (Uu), keyID = 13251118
Team 3 : client 10 (ALABAMA HAMMER), keyID = 13261015
Team 2 : client 9 (MamaAfrica), keyID = 13261115
Team 1 : client 8 (somanynames), keyID = 13261010
Team 0 : client 7 (hoov), keyID = 13237393
Team 3 : client 11 (Crooks), keyID = 13261505
Team 2 : client 9 (Zod), keyID = 13261364
Team 1 : client 8 (hoov), keyID = 13237393
Team 0 : client 7 (Uu), keyID = 13251118
Team 3 : client 10 (ComdrBubbles), keyID = 13261705
Team 2 : client 9 (somanynames), keyID = 13261702
Team 1 : client 8 (hoov), keyID = 13237393
Team 0 : client 7 (Uu), keyID = 13251118
Team 3 : client 10 (NewPlayer), keyID = 13253266
Team 2 : client 9 (Uu), keyID = 13251118
Team 1 : client 8 (somanynames), keyID = 13261702
Team 0 : client 7 (hoov), keyID = 13237393
Team 3 : client 11 (NerdyGeneral), keyID = 13261918
Team 1 : client 10 (somanynames), keyID = 13261914
Team 2 : client 9 (Rau-Corp), keyID = 13261921
Team 0 : client 7 (hoov), keyID = 13237393
Team 3 : client 10 (RootWyrm), keyID = 13261940
Team 2 : client 9 (Polterguys), keyID = 13261944
Team 1 : client 8 (somanynames), keyID = 13261914
Team 0 : client 7 (hoov), keyID = 13237393
Team 3 : client 11 (zad), keyID = 13261960
Team 2 : client 10 (somanynames), keyID = 13261914
Team 1 : client 8 (hoov), keyID = 13237393
Team 0 : client 7 (Uu), keyID = 13251118
Team 3 : client 10 ([DEMO]me), keyID = DEMO
Team 2 : client 9 (hoov), keyID = 13237393
Team 1 : client 8 (somanynames), keyID = 13262388
Team 0 : client 7 (Uu), keyID = 13251118
Team 2 : client 11 ([DEMO]NewPlayer), keyID = DEMO
Team 3 : client 10 (ALABAMA HAMMER), keyID = 13262647
Team 1 : client 8 ([DEMO]me), keyID = DEMO
Team 0 : client 7 (hoov), keyID = 13237393
Team 3 : client 11 (ALABAMA HAMMER), keyID = 13262942
Team 2 : client 10 (Graf Lapsha.415), keyID = 13262898
Team 1 : client 9 ([DEMO]me), keyID = DEMO
Team 0 : client 8 (hoov), keyID = 13237393
Team 3 : client 11 (dontAskDontTell), keyID = 13262997
Team 2 : client 9 ([DEMO]NewPlayer), keyID = DEMO
Team 1 : client 8 ([DEMO]me), keyID = DEMO
Team 0 : client 7 (hoov), keyID = 13237393
Team 5 : client 12 (somanynames), keyID = 13262974
Team 4 : client 11 (Uu), keyID = 13251118
Team 3 : client 10 (dontAskDontTell), keyID = 13262997
Team 2 : client 9 ([DEMO]NewPlayer), keyID = DEMO
Team 1 : client 8 (hoov), keyID = 13237393
Team 0 : client 7 ([DEMO]me), keyID = DEMO
Team 5 : client 12 (Uu), keyID = 13251118
Team 4 : client 11 ([DEMO]NewPlayer), keyID = DEMO
Team 3 : client 10 ([DEMO]me), keyID = DEMO
Team 2 : client 9 (somanynames), keyID = 13262974
Team 1 : client 8 (dontAskDontTell), keyID = 13262997
Team 0 : client 7 (hoov), keyID = 13237393
Team 2 : client 12 (ALABAMA HAMMER), keyID = 13262942
Team 3 : client 10 ([DEMO]me), keyID = DEMO
Team 1 : client 8 ([DEMO]NewPlayer), keyID = DEMO
Team 0 : client 7 (hoov), keyID = 13237393
Team 3 : client 12 ([DEMO]NewPlayer), keyID = DEMO
Team 0 : client 11 (somanynames), keyID = 13263193
Team 2 : client 10 (hoov), keyID = 13237393
Team 1 : client 9 ([DEMO]me), keyID = DEMO
Team 2 : client 11 (Frnt), keyID = 13263418
Team 3 : client 10 ([DEMO]NewPlayer), keyID = DEMO
Team 0 : client 9 (Vault Tec), keyID = 13263431
Team 1 : client 8 ([DEMO]me), keyID = DEMO
Team 3 : client 12 (cooldude), keyID = 13263660
Team 2 : client 11 (somanynames), keyID = 13263582
Team 1 : client 8 (hoov), keyID = 13237393
Team 0 : client 7 ([DEMO]me), keyID = DEMO
Team 3 : client 10 (cooldude), keyID = 13263868
Team 2 : client 9 (ALABAMA HAMMER), keyID = 13263698
Team 1 : client 8 (hoov), keyID = 13237393
Team 0 : client 7 ([DEMO]me), keyID = DEMO
Team 3 : client 10 (somanynames), keyID = 13264364
Team 2 : client 9 (ALABAMA HAMMER), keyID = 13197221
Team 1 : client 8 (hoov), keyID = 13237393
Team 0 : client 7 ([DEMO]me), keyID = DEMO
Team 3 : client 11 (NewPlayer), keyID = 13264628
Team 2 : client 9 (Corporation), keyID = 13264537
Team 1 : client 8 (Uu), keyID = 13251118
Team 0 : client 7 (hoov), keyID = 13237393
Team 2 : client 12 (hoov), keyID = 13237393
Team 3 : client 10 (Corporation), keyID = 13264537
Team 1 : client 8 (Uu), keyID = 13251118
Team 0 : client 7 ([DEMO]me), keyID = DEMO
Team 3 : client 11 (somanynames), keyID = 13264650
Team 2 : client 10 (Sony), keyID = 13251118
Team 0 : client 9 ([DEMO]me), keyID = DEMO
Team 1 : client 8 (hoov), keyID = 13237393
Team 3 : client 11 (somanynames), keyID = 13264827
Team 2 : client 10 (Corporation), keyID = 13264858
Team 1 : client 8 (hoov), keyID = 13237393
Team 0 : client 7 ([DEMO]me), keyID = DEMO
