Team 0 : client 7 (LadenBinKezza), keyID = 13224650
Team 1 : client 8 (MohammedBinNexus), keyID = 13224849
Team 0 : client 7 (LadenBinKezza), keyID = 13224848
Team 1 : client 8 (Rad), keyID = 12726403
Team 0 : client 7 (Fight in WarRoom), keyID = 2968018
Team 1 : client 9 (LadenBinKezza), keyID = 13224848
Team 0 : client 7 (Fight in WarRoom), keyID = 2968018
Team 1 : client 8 (Vader), keyID = 13225029
Team 0 : client 7 (DaFoe), keyID = 13225028
Team 1 : client 8 (Rad), keyID = 12726403
Team 0 : client 7 (Fight in WarRoom), keyID = 2968018
Team 1 : client 8 (Mojo), keyID = 13225123
Team 0 : client 7 (Fight in WarRoom), keyID = 2968018
Team 1 : client 8 (TotalRecall), keyID = 13225427
Team 0 : client 7 (Fight in WarRoom), keyID = 2968018
Team 1 : client 8 (Mojo), keyID = 13225460
Team 0 : client 7 (Fight in WarRoom), keyID = 2968018
Team 1 : client 9 (Zig), keyID = 13225815
Team 0 : client 7 (DaFoe), keyID = 13225781
Team 1 : client 8 (NewPlayer), keyID = 13226023
Team 0 : client 7 (Rad), keyID = 12726403
Team 1 : client 9 (Sievert), keyID = 13226040
Team 0 : client 8 (Fight in WarRoom), keyID = 2968018
Team 1 : client 8 (Vulture), keyID = 13225959
Team 0 : client 7 (Fight in WarRoom), keyID = 2968018
Team 1 : client 8 (somanynames), keyID = 13226094
Team 0 : client 7 (DaFoe), keyID = 13226137
Team 1 : client 8 (LadenBinKezza), keyID = 13225887
Team 0 : client 7 (Lord Haw Haw ), keyID = 425333
Team 1 : client 8 (Lord Haw Haw ), keyID = 425333
Team 0 : client 7 (LadenBinKezza), keyID = 13225887
Team 1 : client 8 (NC 06 LIVUK), keyID = 4656626
Team 0 : client 7 (Fight in WarRoom), keyID = 2968018
Team 1 : client 8 (NewPlayer), keyID = 13226295
Team 0 : client 7 (NUKE SHARK), keyID = 13226279
Team 1 : client 8 (Mojo), keyID = 13226280
Team 0 : client 7 (Fight in WarRoom), keyID = 2968018
Team 1 : client 8 (LadenBinKezza), keyID = 13227222
Team 0 : client 7 (Messiah), keyID = 13227265
Team 1 : client 9 (Gyarados), keyID = 13227458
Team 0 : client 7 (DaFoe), keyID = 13227321
Team 1 : client 8 (Mostly Peaceful), keyID = 13227120
Team 0 : client 7 (Vader), keyID = 13227516
Team 1 : client 8 (DaFoe), keyID = 13227610
Team 0 : client 7 (Vader), keyID = 13227764
Team 1 : client 10 (Old Player), keyID = 12956302
Team 0 : client 9 (DaFoe), keyID = 13227959
Team 1 : client 9 (Haakon), keyID = 13227888
Team 0 : client 7 (Vulture), keyID = 13228097
Team 1 : client 8 (Ghidorah), keyID = 13229145
Team 0 : client 7 (Mostly Peaceful), keyID = 13227120
Team 1 : client 8 (Gaddafi), keyID = 13229241
Team 0 : client 7 (Vader), keyID = 13229212
Team 1 : client 8 (ALABAMA HAMMER), keyID = 13197221
Team 0 : client 7 (Vader), keyID = 13229212
Team 1 : client 9 (raizer), keyID = 8102348
Team 0 : client 7 (Mostly Peaceful), keyID = 13227120
Team 1 : client 8 (LadenBinKezza), keyID = 13229104
Team 0 : client 7 (Vader), keyID = 13229212
Team 1 : client 8 (Vader), keyID = 13229212
Team 0 : client 7 (LadenBinKezza), keyID = 13229104
Team 1 : client 10 (Vulture), keyID = 13230111
Team 0 : client 7 (Corporation), keyID = 13230009
Team 0 : client 8 (Vulture), keyID = 13230111
Team 1 : client 7 (Corporation), keyID = 13230009
Team 1 : client 8 (Corporation), keyID = 13230939
Team 0 : client 7 (LadenBinKezza), keyID = 13230730
Team 0 : client 7 (LadenBinKezza), keyID = 13231954
Team 0 : client 7 (LadenBinKezza), keyID = 13231954
Team 0 : client 7 (LadenBinKezza), keyID = 13231954
Team 0 : client 7 (LadenBinKezza), keyID = 13231954
Team 0 : client 7 (LadenBinKezza), keyID = 13231954
Team 0 : client 7 (LadenBinKezza), keyID = 13231954
Team 0 : client 7 (LadenBinKezza), keyID = 13231954
Team 0 : client 7 (LadenBinKezza), keyID = 13231954
Team 0 : client 7 (LadenBinKezza), keyID = 13231954
Team 0 : client 7 (LadenBinKezza), keyID = 13231954
Team 0 : client 7 (LadenBinKezza), keyID = 13231954
Team 0 : client 7 ([DEMO]LadenBinKezza), keyID = DEMO
Team 0 : client 7 ([DEMO]LadenBinKezza), keyID = DEMO
Team 1 : client 8 ([DEMO]LadenBinKezza_3), keyID = DEMO
Team 0 : client 7 (LadenBinKezza), keyID = 13231954
Team 4 : client 11 (LadenBinKezza_2), keyID = 13231954
Team 3 : client 10 ([DEMO]LadenBinKezza_4), keyID = DEMO
Team 2 : client 9 ([DEMO]LadenBinKezza_5), keyID = DEMO
Team 1 : client 8 ([DEMO]LadenBinKezza_3), keyID = DEMO
Team 0 : client 7 ([DEMO]LadenBinKezza), keyID = DEMO
Team 5 : client 12 ([DEMO]LadenBinKezza_6), keyID = DEMO
Team 4 : client 11 (LadenBinKezza_2), keyID = 13231954
Team 3 : client 10 ([DEMO]LadenBinKezza_4), keyID = DEMO
Team 2 : client 9 ([DEMO]LadenBinKezza_5), keyID = DEMO
Team 1 : client 8 ([DEMO]LadenBinKezza_3), keyID = DEMO
Team 0 : client 7 ([DEMO]LadenBinKezza), keyID = DEMO
Team 5 : client 12 ([DEMO]LadenBinKezza_6), keyID = DEMO
Team 4 : client 11 ([DEMO]LadenBinKezza_4), keyID = DEMO
Team 3 : client 10 ([DEMO]LadenBinKezza_5), keyID = DEMO
Team 2 : client 9 ([DEMO]LadenBinKezza_3), keyID = DEMO
Team 1 : client 8 ([DEMO]LadenBinKezza_2), keyID = DEMO
Team 0 : client 7 (LadenBinKezza), keyID = 13231954
Team 3 : client 10 ([DEMO]LadenBinKezza_5), keyID = DEMO
Team 2 : client 9 ([DEMO]LadenBinKezza_3), keyID = DEMO
Team 1 : client 8 ([DEMO]LadenBinKezza_2), keyID = DEMO
Team 0 : client 7 (LadenBinKezza), keyID = 13231954
Team 1 : client 8 ([DEMO]LadenBinKezza_2), keyID = DEMO
Team 0 : client 7 (LadenBinKezza), keyID = 13231954
Team 1 : client 8 ([DEMO]LadenBinKezza_2), keyID = DEMO
Team 0 : client 7 ([DEMO]LadenBinKezza_3), keyID = DEMO
Team 1 : client 8 ([DEMO]LadenBinKezza_2), keyID = DEMO
Team 0 : client 7 (LadenBinKezza), keyID = 13232868
Team 1 : client 8 ([DEMO]LadenBinKezza_2), keyID = DEMO
Team 0 : client 7 (LadenBinKezza), keyID = 13232868
Team 1 : client 8 ([DEMO]LadenBinKezza_2), keyID = DEMO
Team 0 : client 7 (LadenBinKezza), keyID = 13232868
Team 1 : client 8 ([DEMO]LadenBinKezza_2), keyID = DEMO
Team 0 : client 7 (LadenBinKezza), keyID = 13232868
Team 1 : client 8 ([DEMO]LadenBinKezza_2), keyID = DEMO
Team 0 : client 7 (LadenBinKezza), keyID = 13232868
Team 1 : client 8 ([DEMO]LadenBinKezza_2), keyID = DEMO
Team 0 : client 7 (LadenBinKezza), keyID = 13234477
Team 1 : client 8 ([DEMO]LadenBinKezza_2), keyID = DEMO
Team 0 : client 7 (LadenBinKezza), keyID = 13234477
Team 1 : client 8 ([DEMO]LadenBinKezza_2), keyID = DEMO
Team 0 : client 7 (LadenBinKezza), keyID = 13234477
Team 1 : client 8 (LadenBinKezza), keyID = 13234477
Team 0 : client 7 ([DEMO]LadenBinKezza_2), keyID = DEMO
Team 3 : client 10 ([DEMO]LadenBinKezza_4), keyID = DEMO
Team 2 : client 9 ([DEMO]LadenBinKezza_3), keyID = DEMO
Team 1 : client 8 ([DEMO]LadenBinKezza_2), keyID = DEMO
Team 0 : client 7 (LadenBinKezza), keyID = 13234477
Team 3 : client 10 ([DEMO]LadenBinKezza_4), keyID = DEMO
Team 2 : client 9 ([DEMO]LadenBinKezza_3), keyID = DEMO
Team 1 : client 8 ([DEMO]LadenBinKezza_2), keyID = DEMO
Team 0 : client 7 (LadenBinKezza), keyID = 13234477
Team 3 : client 10 ([DEMO]LadenBinKezza_4), keyID = DEMO
Team 2 : client 9 ([DEMO]LadenBinKezza_3), keyID = DEMO
Team 1 : client 8 ([DEMO]LadenBinKezza_2), keyID = DEMO
Team 0 : client 7 (LadenBinKezza), keyID = 13234477
Team 3 : client 10 ([DEMO]LadenBinKezza_4), keyID = DEMO
Team 2 : client 9 ([DEMO]LadenBinKezza_3), keyID = DEMO
Team 1 : client 8 ([DEMO]LadenBinKezza_2), keyID = DEMO
Team 0 : client 7 (LadenBinKezza), keyID = 13234477
Team 3 : client 10 ([DEMO]LadenBinKezza_4), keyID = DEMO
Team 2 : client 9 ([DEMO]LadenBinKezza_3), keyID = DEMO
Team 1 : client 8 ([DEMO]LadenBinKezza_2), keyID = DEMO
Team 0 : client 7 (LadenBinKezza), keyID = 13234477
Team 3 : client 10 ([DEMO]LadenBinKezza_4), keyID = DEMO
Team 2 : client 9 ([DEMO]LadenBinKezza_3), keyID = DEMO
Team 1 : client 8 ([DEMO]LadenBinKezza_2), keyID = DEMO
Team 0 : client 7 (LadenBinKezza), keyID = 13234477
Team 3 : client 10 ([DEMO]LadenBinKezza_3), keyID = DEMO
Team 2 : client 9 ([DEMO]LadenBinKezza_4), keyID = DEMO
Team 1 : client 8 ([DEMO]LadenBinKezza_2), keyID = DEMO
Team 0 : client 7 (LadenBinKezza), keyID = 13234477
Team 3 : client 10 ([DEMO]LadenBinKezza_2), keyID = DEMO
Team 2 : client 9 ([DEMO]LadenBinKezza_4), keyID = DEMO
Team 1 : client 8 ([DEMO]LadenBinKezza_3), keyID = DEMO
Team 0 : client 7 (LadenBinKezza), keyID = 13234477
Team 3 : client 10 ([DEMO]LadenBinKezza_3), keyID = DEMO
Team 2 : client 9 (LadenBinKezza), keyID = 13234477
Team 1 : client 8 ([DEMO]LadenBinKezza_2), keyID = DEMO
Team 0 : client 7 ([DEMO]LadenBinKezza_4), keyID = DEMO
Team 0 : client 7 (LadenBinKezza), keyID = 13234860
Team 0 : client 7 (LadenBinKezza), keyID = 13238648
Team 1 : client 8 ([DEMO]LadenBinKezza_2), keyID = DEMO
Team 0 : client 7 (LadenBinKezza), keyID = 13241950
Team 1 : client 8 ([DEMO]LadenBinKezza_2), keyID = DEMO
Team 0 : client 7 (LadenBinKezza), keyID = 13241950
