Team 1 : client 7 (LadenBinKezza), keyID = 13205466
Team 0 : client 6 (Colimin), keyID = 2935630
Team 1 : client 7 (LadenBinKezza), keyID = 13205466
Team 0 : client 6 (Colimin), keyID = 2935630
Team 1 : client 7 (LadenBinKezza), keyID = 13205466
Team 0 : client 6 (Colimin), keyID = 2935630
Team 1 : client 7 (Colimin), keyID = 2935630
Team 0 : client 6 (LadenBinKezza), keyID = 13205466
Team 1 : client 7 (LadenBinKezza), keyID = 13205466
Team 0 : client 6 (Colimin), keyID = 2935630
Team 0 : client 6 (LadenBinKezza), keyID = 13205466
Team 1 : client 8 (Colimin), keyID = 2935630
Team 0 : client 6 (fake LadenBinKezza), keyID = 13207506
Team 1 : client 9 (fake LadenBinKezza), keyID = 13207847
Team 0 : client 8 (Colimin), keyID = 2935630
Team 1 : client 8 (fake LadenBinKezza), keyID = 13207847
Team 0 : client 6 (Colimin), keyID = 2935630
Team 1 : client 8 ([DEMO]uk), keyID = DEMO
Team 0 : client 6 (XxAdolphxX), keyID = 13085720
Team 1 : client 8 (fake LadenBinKezza), keyID = 13207847
Team 0 : client 6 (Colimin), keyID = 2935630
Team 1 : client 8 (fake LadenBinKezza), keyID = 13207847
Team 0 : client 6 (Colimin), keyID = 2935630
Team 1 : client 8 (Colimin), keyID = 2935630
Team 0 : client 6 (fake LadenBinKezza), keyID = 13207847
Team 1 : client 8 (Colimin), keyID = 2935630
Team 0 : client 6 (fake LadenBinKezza), keyID = 13207847
Team 1 : client 8 (Colimin), keyID = 2935630
Team 0 : client 6 (fake LadenBinKezza), keyID = 13207847
Team 1 : client 8 (fake LadenBinKezza), keyID = 13207847
Team 0 : client 6 (Colimin), keyID = 2935630
Team 0 : client 6 (Colimin), keyID = 2935630
Team 1 : client 8 (fake LadenBinKezza), keyID = 13207847
Team 0 : client 6 (Colimin), keyID = 2935630
Team 1 : client 8 (fake LadenBinKezza), keyID = 13207847
Team 0 : client 6 (Colimin), keyID = 2935630
Team 1 : client 8 (fake LadenBinKezza), keyID = 13207847
Team 0 : client 6 (Colimin), keyID = 2935630
Team 1 : client 8 (fake LadenBinKezza), keyID = 13207847
Team 0 : client 6 (Colimin), keyID = 2935630
Team 1 : client 8 (fake LadenBinKezza), keyID = 13207847
Team 0 : client 6 (Colimin), keyID = 2935630
Team 1 : client 8 (fake LadenBinKezza), keyID = 13207847
Team 0 : client 6 (Colimin), keyID = 2935630
Team 1 : client 8 (fake LadenBinKezza), keyID = 13207847
Team 0 : client 6 (Colimin), keyID = 2935630
Team 1 : client 8 (Colimin), keyID = 2935630
Team 0 : client 6 (fake LadenBinKezza), keyID = 13207847
Team 1 : client 8 (Colimin), keyID = 2935630
Team 0 : client 6 (fake LadenBinKezza), keyID = 13207847
Team 1 : client 8 (Colimin), keyID = 2935630
Team 0 : client 6 (fake LadenBinKezza), keyID = 13207847
Team 0 : client 6 (Colimin), keyID = 2935630
Team 1 : client 9 (fake LadenBinKezza), keyID = 13207847
Team 0 : client 8 (Colimin), keyID = 2935630
Team 1 : client 8 (Colimin), keyID = 2935630
Team 0 : client 6 (fake LadenBinKezza), keyID = 13207847
Team 0 : client 6 (Colimin), keyID = 2935630
Team 0 : client 6 (Colimin), keyID = 2935630
Team 1 : client 8 (fake LadenBinKezza), keyID = 13207847
Team 0 : client 6 (Colimin), keyID = 2935630
Team 1 : client 8 (Colimin), keyID = 2935630
Team 0 : client 6 (fake LadenBinKezza), keyID = 13207847
Team 1 : client 9 (LadenBinKezza), keyID = 13207847
Team 0 : client 6 (Colimin), keyID = 2935630
Team 2 : client 11 ([DEMO]Analyzers), keyID = DEMO
Team 0 : client 10 (EqualKid), keyID = 2935630
Team 1 : client 9 (MohammedBinNexus), keyID = 13208019
Team 1 : client 9 (LadenBinKezza), keyID = 13207847
Team 0 : client 8 (EqualKid), keyID = 2935630
Team 1 : client 8 (LadenBinKezza), keyID = 13207847
Team 0 : client 7 (EqualKid), keyID = 2935630
Team 1 : client 8 (EqualKid), keyID = 2935630
Team 0 : client 7 (LadenBinKezza), keyID = 13207847
Team 1 : client 8 (EqualKid), keyID = 2935630
Team 0 : client 7 (LadenBinKezza), keyID = 13207847
Team 1 : client 8 (EqualKid), keyID = 2935630
Team 0 : client 7 (LadenBinKezza), keyID = 13207847
Team 1 : client 8 (EqualKid), keyID = 2935630
Team 0 : client 7 (LadenBinKezza), keyID = 13207847
Team 2 : client 9 (EqualKid), keyID = 2935630
Team 1 : client 8 (LadenBinKezza), keyID = 13207847
Team 0 : client 7 ([DEMO]WelcomeBack), keyID = DEMO
Team 2 : client 9 ([DEMO]WelcomeBack), keyID = DEMO
Team 1 : client 8 (LadenBinKezza), keyID = 13207847
Team 0 : client 7 (EqualKid), keyID = 2935630
Team 3 : client 10 ([DEMO]WelcomeBack_2), keyID = DEMO
Team 2 : client 9 (LadenBinKezza), keyID = 13207847
Team 1 : client 8 (BillMurray), keyID = 13208203
Team 0 : client 7 ([DEMO]WelcomeBack), keyID = DEMO
Team 5 : client 12 ([DEMO]WelcomeBack), keyID = DEMO
Team 4 : client 11 ([DEMO]KezzaMcFezza), keyID = DEMO
Team 3 : client 10 (LadenBinKezza), keyID = 13207847
Team 2 : client 9 ([DEMO]EKBiceps), keyID = DEMO
Team 1 : client 8 ([DEMO]ProKerro100), keyID = DEMO
Team 0 : client 7 (EqualKid), keyID = 2935630
Team 3 : client 10 ([DEMO]ProKerro100), keyID = DEMO
Team 2 : client 9 ([DEMO]EKBiceps), keyID = DEMO
Team 1 : client 8 (LadenBinKezza), keyID = 13207847
Team 0 : client 7 (EqualKid), keyID = 2935630
Team 3 : client 10 ([DEMO]ProKerro100), keyID = DEMO
Team 2 : client 9 (LadenBinKezza), keyID = 13207847
Team 1 : client 8 ([DEMO]EKBiceps), keyID = DEMO
Team 0 : client 7 (EqualKid), keyID = 2935630
Team 3 : client 10 ([DEMO]ProKerro100), keyID = DEMO
Team 2 : client 9 ([DEMO]EKBiceps), keyID = DEMO
Team 1 : client 8 (LadenBinKezza), keyID = 13207847
Team 0 : client 7 (EqualKid), keyID = 2935630
Team 3 : client 10 (LadenBinKezza), keyID = 13207847
Team 2 : client 9 ([DEMO]ProKerro100), keyID = DEMO
Team 1 : client 8 ([DEMO]EKBiceps), keyID = DEMO
Team 0 : client 7 (EqualKid), keyID = 2935630
