Team 1 : client 10 (LadenBinKezza), keyID = 13224848
Team 0 : client 9 (MohammedBinNexus), keyID = 13224849
Team 1 : client 8 (Haakon), keyID = 13220395
Team 0 : client 7 (LadenBinKezza), keyID = 13224848
Team 1 : client 8 (Rad), keyID = 12726403
Team 0 : client 7 (Fight in WarRoom), keyID = 2968018
Team 1 : client 8 (LadenBinKezza), keyID = 13224848
Team 0 : client 7 (Haakon), keyID = 13220395
Team 1 : client 8 (Haakon), keyID = 13220395
Team 0 : client 7 (LadenBinKezza), keyID = 13224848
Team 1 : client 8 (dartvader77), keyID = 13220638
Team 0 : client 7 (HAN SOLO), keyID = 13225456
Team 1 : client 8 (Vader), keyID = 13226009
Team 0 : client 7 (Fight in WarRoom), keyID = 2968018
Team 1 : client 8 (Sievert), keyID = 13226040
Team 0 : client 7 (Fight in WarRoom), keyID = 2968018
Team 1 : client 8 (zad), keyID = 13225919
Team 0 : client 7 (Vault Tec), keyID = 13197768
Team 1 : client 8 (Raito Sucks), keyID = 13197768
Team 0 : client 7 (LadenBinKezza), keyID = 13225887
Team 0 : client 7 (LadenBinKezza), keyID = 13226207
Team 0 : client 7 (LadenBinKezza), keyID = 13226207
Team 1 : client 8 (A.M.), keyID = 13227058
Team 0 : client 7 (Corporation), keyID = 13226875
Team 1 : client 8 (A.M.), keyID = 13227403
Team 0 : client 7 (Corporation), keyID = 13227333
Team 1 : client 8 (zad), keyID = 13227928
Team 0 : client 7 (Corporation), keyID = 13227929
Team 1 : client 8 (Vault Tec), keyID = 13197768
Team 0 : client 7 (I Will Six Wheel), keyID = 13229793
Team 1 : client 8 (Lord Haw Haw ), keyID = 425333
Team 0 : client 7 (Keaor), keyID = 13230007
Team 1 : client 8 (Vulture), keyID = 13230346
Team 0 : client 7 (LadenBinKezza), keyID = 13230227
Team 1 : client 8 (zad), keyID = 13230962
Team 0 : client 7 (Corporation), keyID = 13231526
Team 1 : client 8 (Laika), keyID = 13231978
Team 0 : client 7 (raizer), keyID = 8102348
Team 1 : client 8 (NewPlayer), keyID = 13232752
Team 0 : client 7 (Corporation), keyID = 13232550
Team 1 : client 8 (Lord Haw Haw ), keyID = 425333
Team 0 : client 7 (Corporation), keyID = 13232550
Team 1 : client 8 (Brosef Stalin), keyID = 13232803
Team 0 : client 7 (Corporation), keyID = 13232550
Team 1 : client 8 (zad), keyID = 13232922
Team 0 : client 7 (Corporation), keyID = 13232944
Team 1 : client 8 (Haakon), keyID = 13227888
Team 0 : client 7 (Corporation), keyID = 13232944
Team 1 : client 8 (NewPlayer_2), keyID = 13186807
Team 0 : client 7 (NewPlayer), keyID = 13233765
Team 1 : client 8 (LadenBinKezza), keyID = 13234477
Team 0 : client 7 (Jackolite), keyID = 13234586
Team 1 : client 10 (Corporation), keyID = 13234674
Team 0 : client 7 (LadenBinKezza), keyID = 13234477
Team 1 : client 8 (Haakon), keyID = 13236279
Team 0 : client 7 (raizer), keyID = 8102348
Team 1 : client 8 (NewPlayer), keyID = 13215727
Team 0 : client 7 (TOM BUSCH-US), keyID = 12594033
Team 1 : client 8 (NewPlayer), keyID = 13074613
Team 0 : client 7 (Corporation), keyID = 13238289
Team 1 : client 9 (zad), keyID = 13235246
Team 0 : client 7 (Corporation), keyID = 13238650
Team 1 : client 8 (raizer), keyID = 8102348
Team 0 : client 7 (NewPlayer), keyID = 13238695
Team 1 : client 8 (R_Zoli_06), keyID = 13240103
Team 0 : client 7 (NewPlayer), keyID = 13240042
Team 1 : client 8 (NewPlayer_2), keyID = 13179194
Team 0 : client 7 (NewPlayer), keyID = 13240806
Team 1 : client 8 (DaFoe), keyID = 13242535
Team 0 : client 7 (Gyarados), keyID = 13242510
Team 1 : client 8 (NewPlayer), keyID = 13246135
Team 0 : client 7 (Sith Lord JarJar), keyID = 13246157
Team 1 : client 8 (Vlad p.), keyID = 13249092
Team 0 : client 7 (Hopperr), keyID = 13249445
Team 1 : client 9 ([DEMO]ant), keyID = DEMO
Team 0 : client 8 (Bs0Dd), keyID = 2935632
Team 1 : client 9 (Brown Rabbit), keyID = 13254811
Team 0 : client 8 (raizer), keyID = 8102348
Team 1 : client 8 (Sievert), keyID = 13257063
Team 0 : client 7 (Corporation), keyID = 13257051
Team 1 : client 8 (Corporation), keyID = 13257978
Team 0 : client 7 (MamaAfrica), keyID = 13257920
Team 1 : client 8 (ALABAMA HAMMER), keyID = 13258008
Team 0 : client 7 (Corporation), keyID = 13257978
Team 1 : client 8 (Vulture), keyID = 13258328
Team 0 : client 7 (Corporation), keyID = 13258279
Team 1 : client 8 (Jermz), keyID = 13262945
Team 0 : client 7 (FLG), keyID = 12598151
Team 1 : client 8 (FIdes), keyID = 13264048
Team 0 : client 7 (Xasener), keyID = 13264047
Team 1 : client 8 (FIdes), keyID = 13264048
Team 0 : client 7 (Xasener), keyID = 13264047
Team 1 : client 8 (FIdes), keyID = 13264048
Team 0 : client 7 (Xasener), keyID = 13264047
Team 1 : client 8 (FIdes), keyID = 13264048
Team 0 : client 7 (Xasener), keyID = 13264047
Team 1 : client 8 (FIdes), keyID = 13264048
Team 0 : client 7 (Xasener), keyID = 13264047
Team 1 : client 8 (FIdes), keyID = 13264048
Team 0 : client 7 (Xasener), keyID = 13264047
Team 1 : client 8 (NewPlayer), keyID = 13264418
Team 0 : client 7 (Alter Ego), keyID = 61086
