Team 3 : client 10 (Giocatore), keyID = 13083098
Team 2 : client 9 (Dante), keyID = 13224961
Team 1 : client 8 (beni), keyID = 13224740
Team 0 : client 7 (LadenBinKezza), keyID = 13224848
Team 3 : client 10 (Sievert), keyID = 13226040
Team 2 : client 9 (Lord Haw Haw ), keyID = 425333
Team 1 : client 8 (Vulture), keyID = 13225959
Team 0 : client 7 (LadenBinKezza), keyID = 13225887
Team 3 : client 10 (Mojo), keyID = 13227059
Team 2 : client 9 (ALABAMA HAMMER), keyID = 13227079
Team 1 : client 8 (Corporation), keyID = 13227084
Team 0 : client 7 (LadenBinKezza), keyID = 13226772
Team 3 : client 10 (Corporation), keyID = 13230009
Team 2 : client 9 (Keaor), keyID = 13230007
Team 1 : client 8 (Lord Haw Haw ), keyID = 425333
Team 0 : client 7 (LadenBinKezza), keyID = 13229711
Team 2 : client 13 (hoov), keyID = 13219904
Team 3 : client 12 (Vault Tec), keyID = 13197768
Team 1 : client 11 (zad), keyID = 13230559
Team 0 : client 7 (LadenBinKezza), keyID = 13230730
