Team 3 : client 11 (sacoYa \(SAC\)), keyID = 13226058
Team 2 : client 10 (Jackolite), keyID = 13226049
Team 1 : client 8 (LadenBinKezza), keyID = 13225887
Team 0 : client 7 (Mojo), keyID = 13226014
Team 3 : client 11 (old greybeard), keyID = 13226792
Team 2 : client 9 (Corporation), keyID = 13226875
Team 1 : client 8 (Sievert), keyID = 13226885
Team 0 : client 7 (LadenBinKezza), keyID = 13226772
Team 3 : client 11 (Corporation), keyID = 13227084
Team 1 : client 10 (LadenBinKezza), keyID = 13226772
Team 2 : client 9 (ALABAMA HAMMER), keyID = 13227079
Team 0 : client 7 (Mojo), keyID = 13227059
Team 3 : client 10 (Vault Tec), keyID = 13197768
Team 2 : client 9 (Ring of Powder), keyID = 13227926
Team 1 : client 8 (Brown Rabbit), keyID = 13227867
Team 0 : client 7 (Corporation), keyID = 13227929
Team 3 : client 11 (ALABAMA HAMMER), keyID = 13228219
Team 1 : client 10 (LadenBinKezza), keyID = 13228077
Team 2 : client 9 (zad), keyID = 13228104
Team 0 : client 7 (Vault Tec), keyID = 13197768
Team 3 : client 10 (LadenBinKezza), keyID = 13228077
Team 2 : client 9 (DaFoe), keyID = 13228357
Team 1 : client 8 (hoov), keyID = 13219904
Team 0 : client 7 (zad), keyID = 13228430
Team 3 : client 11 (Gyarados), keyID = 13229260
Team 2 : client 9 (DaFoe), keyID = 13229314
Team 1 : client 8 (beni), keyID = 13228190
Team 0 : client 7 (zad), keyID = 13229274
Team 3 : client 14 (Rau), keyID = 13230239
Team 2 : client 13 (zad), keyID = 13230175
Team 0 : client 12 (LadenBinKezza), keyID = 13230227
Team 1 : client 9 (Lord Haw Haw ), keyID = 425333
Team 3 : client 10 (Bialko), keyID = 13230598
Team 2 : client 9 ([DEMO].), keyID = DEMO
Team 1 : client 8 (Mojo), keyID = 13230595
Team 0 : client 7 (zad), keyID = 13230559
Team 3 : client 11 (halo), keyID = 13230689
Team 2 : client 10 (Lord Haw Haw ), keyID = 425333
Team 1 : client 8 (ALABAMA HAMMER), keyID = 13230531
Team 0 : client 7 (LadenBinKezza), keyID = 13230556
Team 3 : client 11 (Vault Tec), keyID = 13197768
Team 2 : client 9 (DaFoe), keyID = 13230748
Team 1 : client 8 (zad), keyID = 13230559
Team 0 : client 7 (Haakon), keyID = 13227888
Team 3 : client 10 (LadenBinKezza), keyID = 13230730
Team 2 : client 9 (hoov), keyID = 13219904
Team 1 : client 8 (Vault Tec), keyID = 13197768
Team 0 : client 7 (zad), keyID = 13230559
Team 3 : client 10 ([DEMO]LadenBinKezza_6), keyID = DEMO
Team 2 : client 9 ([DEMO]LadenBinKezza_4), keyID = DEMO
Team 1 : client 8 ([DEMO]LadenBinKezza_3), keyID = DEMO
Team 0 : client 7 ([DEMO]LadenBinKezza_2), keyID = DEMO
