Team 1 : client 8 ([DEMO]LadenBinKezza_2), keyID = DEMO
Team 0 : client 7 (LadenBinKezza), keyID = 13226207
Team 1 : client 8 (Vulture), keyID = 13226235
Team 0 : client 7 (LadenBinKezza), keyID = 13226207
Team 0 : client 9 (Laika), keyID = 13226292
Team 1 : client 8 (Vulture), keyID = 13226235
Team 1 : client 10 (LadenBinKezza), keyID = 13226207
Team 0 : client 7 (Fight in WarRoom), keyID = 2968018
Team 1 : client 8 (LadenBinKezza), keyID = 13226207
Team 0 : client 7 (Fight in WarRoom), keyID = 2968018
Team 1 : client 8 (Mojo), keyID = 13226280
Team 0 : client 7 (Fight in WarRoom), keyID = 2968018
Team 1 : client 8 (Laika), keyID = 13226292
Team 0 : client 7 (Fight in WarRoom), keyID = 2968018
Team 1 : client 8 (Fight in WarRoom), keyID = 2968018
Team 0 : client 7 (zad), keyID = 13226570
Team 1 : client 9 (OMIGOMI), keyID = 13226591
Team 0 : client 8 (Fight in WarRoom), keyID = 2968018
Team 1 : client 11 (Corporation), keyID = 13226875
Team 0 : client 9 (zad), keyID = 13226789
Team 1 : client 8 (Corporation), keyID = 13226875
Team 0 : client 7 (LadenBinKezza), keyID = 13226772
Team 1 : client 8 (DaFoe), keyID = 13227321
Team 0 : client 7 (LadenBinKezza), keyID = 13227222
Team 1 : client 8 ([DEMO]NewPlayer), keyID = DEMO
Team 0 : client 7 (Haakon), keyID = 13220395
Team 1 : client 9 (Corporation), keyID = 13227333
Team 0 : client 7 (Haakon), keyID = 13220395
Team 1 : client 10 (zad), keyID = 13227656
Team 0 : client 7 (beni), keyID = 13224740
Team 1 : client 12 (Sievert), keyID = 13227525
Team 0 : client 9 (LadenBinKezza), keyID = 13227718
Team 1 : client 8 (Vulture), keyID = 13227752
Team 0 : client 7 (Fight in WarRoom), keyID = 2968018
Team 1 : client 8 (zad), keyID = 13227928
Team 0 : client 7 (Vulture), keyID = 13227901
Team 1 : client 8 (Corporation), keyID = 13227929
Team 0 : client 7 (zad), keyID = 13227928
Team 1 : client 9 (zad), keyID = 13228104
Team 0 : client 7 (Vulture), keyID = 13228097
Team 0 : client 9 (zad), keyID = 13228104
Team 1 : client 8 (Vulture), keyID = 13228097
Team 1 : client 8 (Rad), keyID = 12726403
Team 0 : client 7 (Fight in WarRoom), keyID = 2968018
Team 1 : client 10 (LadenBinKezza), keyID = 13228077
Team 0 : client 8 (Haakon), keyID = 13227888
Team 1 : client 8 (LadenBinKezza), keyID = 13228077
Team 0 : client 7 (Haakon), keyID = 13227888
Team 1 : client 8 (Laika), keyID = 13228529
Team 0 : client 7 (zad), keyID = 13228430
Team 1 : client 9 (Corporation), keyID = 13228620
Team 0 : client 7 (Nightmare), keyID = 13227888
Team 1 : client 8 (Cucked Loser), keyID = 13197768
Team 0 : client 7 (Nightmare), keyID = 13227888
Team 1 : client 9 (Corporation), keyID = 13228620
Team 0 : client 8 (Nightmare), keyID = 13227888
Team 1 : client 9 (Corporation), keyID = 13228620
Team 0 : client 8 (Fight in WarRoom), keyID = 2968018
Team 1 : client 9 (Laika), keyID = 13228799
Team 0 : client 7 (Lawliet Ambiance), keyID = 13228798
Team 1 : client 8 (blast), keyID = 4656415
Team 0 : client 7 (Fight in WarRoom), keyID = 2968018
Team 1 : client 11 (Laika), keyID = 13229111
Team 0 : client 9 (Haakon), keyID = 13227888
Team 1 : client 8 (Rad), keyID = 12726403
Team 0 : client 7 (beni), keyID = 13228190
Team 1 : client 8 (Vader), keyID = 13229212
Team 0 : client 7 (Fight in WarRoom), keyID = 2968018
Team 1 : client 8 (Lawliet Ambiance), keyID = 13229374
Team 0 : client 7 (Corporation), keyID = 13229279
Team 1 : client 8 (Ckwsz), keyID = 13229532
Team 0 : client 7 (Vader), keyID = 13229520
Team 1 : client 8 (Rad), keyID = 12726403
Team 0 : client 7 (beni), keyID = 13228190
Team 1 : client 8 (Lord Haw Haw ), keyID = 425333
Team 0 : client 7 (LadenBinKezza), keyID = 13229429
Team 0 : client 10 (beni), keyID = 13228190
Team 1 : client 8 (Vulture), keyID = 13229639
Team 1 : client 8 (Rad), keyID = 12726403
Team 0 : client 7 (Fight in WarRoom), keyID = 2968018
Team 1 : client 8 (Vader), keyID = 13229807
Team 0 : client 7 (beni), keyID = 13229830
Team 1 : client 8 (Ghidorah), keyID = 13229799
Team 0 : client 7 (Fight in WarRoom), keyID = 2968018
Team 1 : client 11 (DaFoe), keyID = 13229888
Team 0 : client 10 (Gyarados), keyID = 13229806
Team 1 : client 9 (Sievert), keyID = 13227525
Team 0 : client 7 (LadenBinKezza), keyID = 13229711
Team 1 : client 8 (DaFoe), keyID = 13230189
Team 0 : client 7 (Fight in WarRoom), keyID = 2968018
Team 1 : client 8 (Vulture), keyID = 13230346
Team 0 : client 7 (Fight in WarRoom), keyID = 2968018
Team 1 : client 8 (Ghidorah), keyID = 13230294
Team 0 : client 7 (Nokahmi), keyID = 13227888
Team 1 : client 8 (Rad), keyID = 12726403
Team 0 : client 7 (zad), keyID = 13230559
Team 1 : client 8 (zad), keyID = 13230559
Team 0 : client 7 (Laika), keyID = 13230840
Team 1 : client 9 (LadenBinKezza), keyID = 13230730
Team 0 : client 7 (Corporation), keyID = 13230939
Team 1 : client 9 (Corporation), keyID = 13230939
Team 0 : client 7 (LadenBinKezza), keyID = 13230730
Team 1 : client 8 (LadenBinKezza), keyID = 13230730
Team 0 : client 7 (Corporation), keyID = 13230939
Team 1 : client 8 (Rad), keyID = 12726403
Team 0 : client 7 (DaFoe), keyID = 13231039
Team 1 : client 12 (ALABAMA HAMMER), keyID = 13231100
Team 0 : client 10 (DaFoe), keyID = 13231039
Team 1 : client 8 (Haakon), keyID = 13227888
Team 0 : client 7 (zad), keyID = 13230962
Team 0 : client 7 ([DEMO]LadenBinKezza), keyID = DEMO
