OutFile = server_output_8playerdiplo.log
PlayerLog = player_scores_8playerdiplo.log
AdvertisePlayers = 8
MaxSpectators = 15
GhostProtection = 1
IdleTimeGlobal = 600
SlowBudgetStart = 1200
SlowBudgetMax = 1200
DropCourtesy = -1
KickVoteMin = 2
MinTeams = 5
MaxTeams = 8
ReadyVoteDelay = 90
RandomTerritories = 1
PermitDefection = 0
ScoreMode = 1
Reverting: PermitDefection = 1
Listening on port 5018.
ServerPort = 5018
Metaserver IP: 34.197.189.80
ServerLANIP = 116.203.228.110
Public server info: 116.203.228.110:5018
Demo limits received. MaxGameSize = 8, MaxDemoPlayers = 8, AllowServers = yes.
Server key authentication succeeded, key id = 375264.
OutFile = server_output_8playerdiplo.log
PlayerLog = player_scores_8playerdiplo.log
AdvertisePlayers = 8
MaxSpectators = 15
GhostProtection = 1
IdleTimeGlobal = 600
SlowBudgetStart = 1200
SlowBudgetMax = 1200
DropCourtesy = -1
KickVoteMin = 2
MinTeams = 5
MaxTeams = 8
ReadyVoteDelay = 90
RandomTerritories = 1
PermitDefection = 0
ScoreMode = 1
Reverting: PermitDefection = 1
Listening on port 5018.
ServerPort = 5018
Metaserver IP: 34.197.189.80
ServerLANIP = 116.203.228.110
Demo limits received. MaxGameSize = 8, MaxDemoPlayers = 8, AllowServers = yes.
Public server info: 116.203.228.110:5018
Server key authentication succeeded, key id = 375264.
OutFile = server_output_8playerdiplo.log
PlayerLog = player_scores_8playerdiplo.log
AdvertisePlayers = 8
MaxSpectators = 15
GhostProtection = 1
IdleTimeGlobal = 600
SlowBudgetStart = 1200
SlowBudgetMax = 1200
DropCourtesy = -1
KickVoteMin = 2
MinTeams = 5
MaxTeams = 8
ReadyVoteDelay = 90
RandomTerritories = 1
PermitDefection = 0
ScoreMode = 1
Reverting: PermitDefection = 1
Listening on port 5018.
ServerPort = 5018
Metaserver IP: 34.197.189.80
ServerLANIP = 116.203.228.110
Public server info: 116.203.228.110:5018
Demo limits received. MaxGameSize = 8, MaxDemoPlayers = 8, AllowServers = yes.
Server key authentication succeeded, key id = 375264.
OutFile = server_output_8playerdiplo.log
PlayerLog = player_scores_8playerdiplo.log
AdvertisePlayers = 8
MaxSpectators = 15
GhostProtection = 1
IdleTimeGlobal = 600
SlowBudgetStart = 1200
SlowBudgetMax = 1200
DropCourtesy = -1
KickVoteMin = 2
MinTeams = 5
MaxTeams = 8
ReadyVoteDelay = 90
RandomTerritories = 1
PermitDefection = 0
ScoreMode = 1
Reverting: PermitDefection = 1
ServerKey = <secret>
Listening on port 5018.
ServerPort = 5018
Metaserver IP: 34.197.189.80
ServerKey = <secret>
ServerLANIP = 116.203.228.110
Public server info: 116.203.228.110:5018
Demo limits received. MaxGameSize = 8, MaxDemoPlayers = 8, AllowServers = yes.
MaxSpectators = 3
Reverting: GameMode = 0
Reverting: RandomTerritories = 0
Reverting: ScoreMode = 0
OutFile = server_output_8playerdiplo.log
PlayerLog = player_scores_8playerdiplo.log
GhostProtection = 1
KickVoteMin = 2
MinTeams = 5
MaxTeams = 8
ReadyVoteDelay = 90
RandomTerritories = 1
CityPopulations = 3
CitiesPerTerritory = 30
PopulationPerTerritory = 150
RadarSharing = 2
SlowestSpeed = 0
PermitDefection = 0
AdvertisePlayers = 8
MaxSpectators = 15
DropCourtesy = -1
Listening on port 5018.
ServerPort = 5018
Metaserver IP: 34.197.189.80
ScoreMode = 1
Reverting: RadarSharing = 1
Reverting: PermitDefection = 1
ServerLANIP = 116.203.228.110
Public server info: 116.203.228.110:5018
Demo limits received. MaxGameSize = 8, MaxDemoPlayers = 8, AllowServers = yes.
Server key authentication succeeded, key id = 2968288.
OutFile = server_output_8playerdiplo.log
PlayerLog = player_scores_8playerdiplo.log
GhostProtection = 1
KickVoteMin = 2
MinTeams = 5
MaxTeams = 8
ReadyVoteDelay = 90
RandomTerritories = 1
CityPopulations = 3
CitiesPerTerritory = 30
PopulationPerTerritory = 150
RadarSharing = 2
SlowestSpeed = 0
PermitDefection = 0
AdvertisePlayers = 8
MaxSpectators = 15
DropCourtesy = -1
Listening on port 5020.
ServerPort = 5020
Metaserver IP: 34.197.189.80
ScoreMode = 1
Reverting: RadarSharing = 1
Reverting: PermitDefection = 1
ServerLANIP = 116.203.228.110
Public server info: 116.203.228.110:5020
Demo limits received. MaxGameSize = 8, MaxDemoPlayers = 8, AllowServers = yes.
Server key authentication succeeded, key id = 2968288.
OutFile = server_output_8playerdiplo.log
PlayerLog = player_scores_8playerdiplo.log
GhostProtection = 1
KickVoteMin = 2
MinTeams = 5
MaxTeams = 8
ReadyVoteDelay = 90
RandomTerritories = 1
CityPopulations = 3
CitiesPerTerritory = 30
PopulationPerTerritory = 150
RadarSharing = 2
SlowestSpeed = 0
PermitDefection = 0
AdvertisePlayers = 8
MaxSpectators = 15
DropCourtesy = -1
Listening on port 5020.
ServerPort = 5020
Metaserver IP: 34.197.189.80
ScoreMode = 1
Reverting: RadarSharing = 1
Reverting: PermitDefection = 1
ServerLANIP = 116.203.228.110
Public server info: 116.203.228.110:5020
Demo limits received. MaxGameSize = 8, MaxDemoPlayers = 8, AllowServers = yes.
Server key authentication succeeded, key id = 2968288.
Login request from 24.196.214.71:5011, version="1.60.1.5 MINICOM", keyID=67289 : naval blacklists apply, accepted, ID = 9.
Team creation request from client 9 received.
New name for client 9 : NewPlayer
DefconExpanded : This is the Official test server for Defcon Expanded 8 Player, which now has recordings's and game stats you can view and download online!
DefconExpanded : The games will be available on...
DefconExpanded : www.defconexpanded.com
client 9 (NewPlayer) disconnected.
OutFile = server_output_8playerdiplo.log
PlayerLog = player_scores_8playerdiplo.log
GhostProtection = 1
KickVoteMin = 2
MinTeams = 5
MaxTeams = 8
ReadyVoteDelay = 90
RandomTerritories = 1
CityPopulations = 3
CitiesPerTerritory = 30
PopulationPerTerritory = 150
RadarSharing = 2
SlowestSpeed = 0
PermitDefection = 0
AdvertisePlayers = 8
MaxSpectators = 15
DropCourtesy = -1
Listening on port 5020.
ServerPort = 5020
Metaserver IP: 34.197.189.80
ScoreMode = 1
Reverting: RadarSharing = 1
Reverting: PermitDefection = 1
ServerLANIP = 116.203.228.110
Public server info: 116.203.228.110:5020
Demo limits received. MaxGameSize = 8, MaxDemoPlayers = 8, AllowServers = yes.
Server key authentication succeeded, key id = 2968288.
OutFile = server_output_8playerdiplo.log
PlayerLog = player_scores_8playerdiplo.log
GhostProtection = 1
KickVoteMin = 2
MinTeams = 5
MaxTeams = 8
ReadyVoteDelay = 90
RandomTerritories = 1
CityPopulations = 3
CitiesPerTerritory = 30
PopulationPerTerritory = 150
RadarSharing = 2
SlowestSpeed = 0
PermitDefection = 0
AdvertisePlayers = 8
MaxSpectators = 15
DropCourtesy = -1
Listening on port 5021.
ServerPort = 5021
Metaserver IP: 34.197.189.80
ScoreMode = 1
Reverting: RadarSharing = 1
Reverting: PermitDefection = 1
ServerLANIP = 116.203.228.110
Public server info: 116.203.228.110:5021
Demo limits received. MaxGameSize = 8, MaxDemoPlayers = 8, AllowServers = yes.
Server key authentication succeeded, key id = 2968288.
OutFile = server_output_8playerdiplo.log
PlayerLog = player_scores_8playerdiplo.log
GhostProtection = 1
KickVoteMin = 2
MinTeams = 5
MaxTeams = 8
ReadyVoteDelay = 90
RandomTerritories = 1
CityPopulations = 3
CitiesPerTerritory = 30
PopulationPerTerritory = 150
RadarSharing = 2
SlowestSpeed = 0
PermitDefection = 0
AdvertisePlayers = 8
MaxSpectators = 15
DropCourtesy = -1
Listening on port 5021.
ServerPort = 5021
Metaserver IP: 34.197.189.80
ScoreMode = 1
Reverting: RadarSharing = 1
Reverting: PermitDefection = 1
ServerLANIP = 116.203.228.110
Public server info: 116.203.228.110:5021
Server key authentication succeeded, key id = 2968288.
Demo limits received. MaxGameSize = 8, MaxDemoPlayers = 8, AllowServers = yes.
OutFile = server_output_8playerdiplo.log
PlayerLog = player_scores_8playerdiplo.log
GhostProtection = 1
KickVoteMin = 2
MinTeams = 5
MaxTeams = 8
ReadyVoteDelay = 90
RandomTerritories = 1
CityPopulations = 3
CitiesPerTerritory = 30
PopulationPerTerritory = 150
RadarSharing = 2
SlowestSpeed = 0
PermitDefection = 0
AdvertisePlayers = 8
MaxSpectators = 15
DropCourtesy = -1
Listening on port 5021.
ServerPort = 5021
Metaserver IP: 34.197.189.80
ScoreMode = 1
Reverting: RadarSharing = 1
Reverting: PermitDefection = 1
ServerLANIP = 116.203.228.110
Public server info: 116.203.228.110:5021
Demo limits received. MaxGameSize = 8, MaxDemoPlayers = 8, AllowServers = yes.
Server key authentication succeeded, key id = 2968288.
