OutFile = server_output_10player5v5.log
PlayerLog = player_scores_10player5v5.log
AdvertisePlayers = 10
MaxSpectators = 15
UnitBuffer = 5
CityBuffer = 2
FirstStrikeBonus = 15
IdleTimeGlobal = 600
SlowBudgetStart = 1200
SlowBudgetMax = 1200
DropCourtesy = -1
KickVoteMin = 2
MinTeams = 6
MaxTeams = 10
ReadyVoteDelay = 90
RandomTerritories = 1
CityPopulations = 3
CitiesPerTerritory = 30
PopulationPerTerritory = 150
ServerKey = <secret>
Listening on port 5019.
ServerPort = 5019
Metaserver IP: 34.197.189.80
ServerKey = <secret>
ServerLANIP = 116.203.228.110
Public server info: 116.203.228.110:5019
Demo limits received. MaxGameSize = 10, MaxDemoPlayers = 10, AllowServers = yes.
MaxSpectators = 3
Reverting: CitiesPerTerritory = 25
Reverting: PopulationPerTerritory = 100
Reverting: CityPopulations = 0
Reverting: RandomTerritories = 0
Reverting: CityBuffer = 0
Reverting: UnitBuffer = 1
Reverting: FirstStrikeBonus = 0
