OutFile = server_output_2v2.log
PlayerLog = player_scores_2v2.log
AdvertisePlayers = 4
MaxSpectators = 15
MaxIdleRunTime = 1800
MinRunTime = 900
DropCourtesy = -1
IdleTimeGlobal = 600
SlowBudgetStart = 1200
SlowBudgetMax = 1200
KickVoteMin = 2
MinTeams = 4
ReadyVoteDelay = 90
CitiesPerTerritory = 30
PopulationPerTerritory = 150
Listening on port 5012.
ServerPort = 5012
Metaserver IP: 34.197.189.80
ServerLANIP = 26.102.130.209
Public server info: 81.79.248.91:5012
Server key authentication succeeded, key id = 2935630.
Demo limits received. MaxGameSize = 6, MaxDemoPlayers = 6, AllowServers = yes.
OutFile = server_output_2v2.log
PlayerLog = player_scores_2v2.log
AdvertisePlayers = 4
MaxSpectators = 15
MaxIdleRunTime = 1800
MinRunTime = 900
DropCourtesy = -1
IdleTimeGlobal = 600
SlowBudgetStart = 1200
SlowBudgetMax = 1200
KickVoteMin = 2
MinTeams = 4
ReadyVoteDelay = 90
CitiesPerTerritory = 30
PopulationPerTerritory = 150
Listening on port 5012.
ServerPort = 5012
Metaserver IP: 34.197.189.80
ServerLANIP = 26.102.130.209
Public server info: 81.79.248.91:5012
Server key authentication succeeded, key id = 2935630.
Demo limits received. MaxGameSize = 6, MaxDemoPlayers = 6, AllowServers = yes.
OutFile = server_output_2v2.log
PlayerLog = player_scores_2v2.log
AdvertisePlayers = 4
MaxSpectators = 15
MaxIdleRunTime = 1800
MinRunTime = 900
DropCourtesy = -1
IdleTimeGlobal = 600
SlowBudgetStart = 1200
SlowBudgetMax = 1200
KickVoteMin = 2
MinTeams = 4
ReadyVoteDelay = 90
CitiesPerTerritory = 30
PopulationPerTerritory = 150
Listening on port 5012.
ServerPort = 5012
Metaserver IP: 34.197.189.80
ServerLANIP = 26.102.130.209
Public server info: 81.79.248.91:5012
Demo limits received. MaxGameSize = 6, MaxDemoPlayers = 6, AllowServers = yes.
Server key authentication succeeded, key id = 13207847.
OutFile = server_output_2v2.log
PlayerLog = player_scores_2v2.log
AdvertisePlayers = 4
MaxSpectators = 15
MaxIdleRunTime = 1800
MinRunTime = 900
DropCourtesy = -1
IdleTimeGlobal = 600
SlowBudgetStart = 1200
SlowBudgetMax = 1200
KickVoteMin = 2
MinTeams = 4
MaxTeams = 4
ReadyVoteDelay = 90
CitiesPerTerritory = 30
PopulationPerTerritory = 150
Listening on port 5012.
ServerPort = 5012
Metaserver IP: 34.197.189.80
ServerLANIP = 26.102.130.209
Public server info: 81.79.248.91:5012
Demo limits received. MaxGameSize = 6, MaxDemoPlayers = 6, AllowServers = yes.
Server key authentication succeeded, key id = 13207847.
Login request from 26.102.130.209:5011, version="1.62 STEAM", keyID=13208303 : naval blacklists apply, accepted, ID = 7.
Team creation request from client 7 received.
New name for client 7 : LadenBinKezza
Kezza's Test Server : This is my test server as I am trying to get player scores to be signed correctly for the upcoming 8 player mod servers.
Kezza's Test Server : When I have collected enough data I should be able to deploy this for the 8 player mod :)
Kezza's Test Server : So feel free to play as many games as you want the game results and the demo will be available at....
Kezza's Test Server : www.defconexpandedlocal.ddns.net
Kezza's Test Server : [private] Not enough players online yet. 4 are required.
client 7 (LadenBinKezza) disconnected.
OutFile = server_output_2v2.log
PlayerLog = player_scores_2v2.log
AdvertisePlayers = 4
MaxSpectators = 15
MaxIdleRunTime = 1800
MinRunTime = 900
DropCourtesy = -1
IdleTimeGlobal = 600
SlowBudgetStart = 1200
SlowBudgetMax = 1200
KickVoteMin = 2
MinTeams = 4
MaxTeams = 4
ReadyVoteDelay = 90
RandomTerritories = 1
CityPopulations = 3
CitiesPerTerritory = 30
PopulationPerTerritory = 150
PermitDefection = 0
Kezza's Test Server : Warning: defection has been turned off, you cannot make or break alliances after the game started.
Listening on port 5012.
ServerPort = 5012
Metaserver IP: 34.197.189.80
ServerLANIP = 26.102.130.209
Public server info: 81.79.248.91:5012
Demo limits received. MaxGameSize = 6, MaxDemoPlayers = 6, AllowServers = yes.
Server key authentication succeeded, key id = 13207847.
OutFile = server_output_2v2.log
PlayerLog = player_scores_2v2.log
AdvertisePlayers = 4
MaxSpectators = 15
MaxIdleRunTime = 1800
MinRunTime = 900
DropCourtesy = -1
IdleTimeGlobal = 600
SlowBudgetStart = 1200
SlowBudgetMax = 1200
KickVoteMin = 2
MinTeams = 4
MaxTeams = 4
ReadyVoteDelay = 90
RandomTerritories = 1
CityPopulations = 3
CitiesPerTerritory = 30
PopulationPerTerritory = 150
PermitDefection = 0
Kezza's Test Server : Warning: defection has been turned off, you cannot make or break alliances after the game started.
Listening on port 5012.
ServerPort = 5012
Metaserver IP: 34.197.189.80
ServerLANIP = 26.102.130.209
Public server info: 81.79.248.91:5012
Demo limits received. MaxGameSize = 6, MaxDemoPlayers = 6, AllowServers = yes.
Server key authentication succeeded, key id = 13207847.
OutFile = server_output_2v2.log
PlayerLog = player_scores_2v2.log
AdvertisePlayers = 4
MaxSpectators = 15
MaxIdleRunTime = 1800
MinRunTime = 900
DropCourtesy = -1
IdleTimeGlobal = 600
SlowBudgetStart = 1200
SlowBudgetMax = 1200
KickVoteMin = 2
MinTeams = 4
MaxTeams = 4
ReadyVoteDelay = 90
RandomTerritories = 1
CityPopulations = 3
CitiesPerTerritory = 30
PopulationPerTerritory = 150
PermitDefection = 0
Kezza's Test Server : Warning: defection has been turned off, you cannot make or break alliances after the game started.
Listening on port 5012.
ServerPort = 5012
Metaserver IP: 34.197.189.80
ServerLANIP = 26.102.130.209
Public server info: 81.79.248.91:5012
Demo limits received. MaxGameSize = 6, MaxDemoPlayers = 6, AllowServers = yes.
Server key authentication succeeded, key id = 13207847.
OutFile = server_output_2v2.log
PlayerLog = player_scores_2v2.log
AdvertisePlayers = 4
MaxSpectators = 15
MaxIdleRunTime = 1800
MinRunTime = 900
DropCourtesy = -1
IdleTimeGlobal = 600
SlowBudgetStart = 1200
SlowBudgetMax = 1200
KickVoteMin = 2
MinTeams = 4
MaxTeams = 4
ReadyVoteDelay = 90
RandomTerritories = 1
CityPopulations = 3
CitiesPerTerritory = 30
PopulationPerTerritory = 150
PermitDefection = 0
Kezza's Test Server : Warning: defection has been turned off, you cannot make or break alliances after the game started.
Listening on port 5012.
ServerPort = 5012
Metaserver IP: 34.197.189.80
ServerLANIP = 26.102.130.209
Public server info: 81.79.248.91:5012
Demo limits received. MaxGameSize = 6, MaxDemoPlayers = 6, AllowServers = yes.
Server key authentication succeeded, key id = 13207847.
OutFile = server_output_2v2.log
PlayerLog = player_scores_2v2.log
AdvertisePlayers = 4
MaxSpectators = 15
MaxIdleRunTime = 1800
MinRunTime = 900
DropCourtesy = -1
IdleTimeGlobal = 600
SlowBudgetStart = 1200
SlowBudgetMax = 1200
KickVoteMin = 2
MinTeams = 4
MaxTeams = 4
ReadyVoteDelay = 90
RandomTerritories = 1
CityPopulations = 3
CitiesPerTerritory = 30
PopulationPerTerritory = 150
PermitDefection = 0
Kezza's Test Server : Warning: defection has been turned off, you cannot make or break alliances after the game started.
Listening on port 5012.
ServerPort = 5012
Metaserver IP: 34.197.189.80
ServerLANIP = 26.102.130.209
Public server info: 81.79.248.91:5012
Demo limits received. MaxGameSize = 6, MaxDemoPlayers = 6, AllowServers = yes.
Server key authentication succeeded, key id = 13207847.
