OutFile = server_output_1v1muricon.log
PlayerLog = player_scores_1v1muricon.log
KickVoteMin = 2
IdleTimeGlobal = 600
SlowBudgetStart = 1800
SlowBudgetMax = 1800
SlowBudgetRefill = 0
SlowBudgetUsePause = 300
SlowBudgetUseRealtime = 100
AdvertisePlayers = 2
MaxSpectators = 15
UnitBuffer = 5
CityBuffer = 2
FirstStrikeBonus = 15
MaxTeams = 2
EmptyBomberLaunch = 0
ReadyVoteDelay = 90
CityPopulations = 1
DropCourtesy = -1
SlowestSpeed = 0
RadarSharing = 2
Listening on port 5010.
Metaserver IP: 34.197.189.80
Reverting: RadarSharing = 1
ServerLANIP = 26.102.130.209
Public server info: 90.240.156.240:5010
Demo limits received. MaxGameSize = 8, MaxDemoPlayers = 8, AllowServers = yes.
Server key authentication succeeded, key id = 4656632.
Login request from 26.102.130.209:52583, version="1.60.1.5 MINICOM", keyID=DEMO : naval blacklists apply, accepted, ID = 9.
Team creation request from client 9 ([DEMO]) received.
New name for client 9 ([DEMO]) : LadenBinKezza
ServerBot : The 8 Player is still in development. Please report bugs and glitches to KezzaMcFezza or Sievert.
ServerBot : All our Defcon traditions continue here. Have a gg. -LHH
ServerBot : The games will be available on...
ServerBot : www.defconexpanded.com
client 9 ([DEMO]LadenBinKezza) : /login dancefloor
ServerBot : client 9 ([DEMO]LadenBinKezza) has been logged in as owner.
client 9 ([DEMO]LadenBinKezza) : /set citypopulations 1
client 9 ([DEMO]LadenBinKezza) : /set citypopulations 2
CityPopulations = 2
client 9 ([DEMO]LadenBinKezza) : /set citypopulations 0
CityPopulations = 0
client 9 ([DEMO]LadenBinKezza) disconnected.
