OutFile = server_output_509cg2v2.log
PlayerLog = player_scores_509cg2v2.log
KickVoteMin = 2
IdleTimeGlobal = 600
SlowBudgetStart = 1800
SlowBudgetMax = 1800
SlowBudgetRefill = 0
SlowBudgetUsePause = 300
SlowBudgetUseRealtime = 100
AdvertisePlayers = 4
MaxSpectators = 15
UnitBuffer = 5
CityBuffer = 2
FirstStrikeBonus = 15
MinTeams = 4
ReadyVoteDelay = 90
RandomTerritories = 1
CityPopulations = 3
CitiesPerTerritory = 30
PopulationPerTerritory = 150
DropCourtesy = -1
SlowestSpeed = 0
RadarSharing = 2
Listening on port 5012.
ServerPort = 5012
Metaserver IP: 34.197.189.80
Reverting: RadarSharing = 1
ServerLANIP = 26.102.130.209
Public server info: 84.69.179.9:5012
Demo limits received. MaxGameSize = 8, MaxDemoPlayers = 8, AllowServers = yes.
Server key authentication succeeded, key id = 4656628.
OutFile = server_output_509cg2v2.log
PlayerLog = player_scores_509cg2v2.log
KickVoteMin = 2
IdleTimeGlobal = 600
SlowBudgetStart = 1800
SlowBudgetMax = 1800
SlowBudgetRefill = 0
SlowBudgetUsePause = 300
SlowBudgetUseRealtime = 100
AdvertisePlayers = 4
MaxSpectators = 15
UnitBuffer = 5
CityBuffer = 2
FirstStrikeBonus = 15
MinTeams = 4
ReadyVoteDelay = 90
RandomTerritories = 1
CityPopulations = 3
CitiesPerTerritory = 30
PopulationPerTerritory = 150
DropCourtesy = -1
SlowestSpeed = 0
RadarSharing = 2
Listening on port 5021.
ServerPort = 5021
Metaserver IP: 34.197.189.80
Reverting: RadarSharing = 1
ServerLANIP = 116.203.228.110
Public server info: 116.203.228.110:5021
Demo limits received. MaxGameSize = 8, MaxDemoPlayers = 8, AllowServers = yes.
Server key authentication succeeded, key id = 4656628.
Login request from 84.69.179.9:62872, version="1.60.1.5 MINICOM", keyID=13213071 : naval blacklists apply, accepted, ID = 9.
Team creation request from client 9 received.
New name for client 9 : LadenBinKezza
ServerBot : The 8 Player is still in development. Please report bugs and glitches to KezzaMcFezza or Sievert.
ServerBot : All our Defcon traditions continue here. Have a gg. -LHH
ServerBot : The games will be available on...
ServerBot : www.defconexpanded.com
client 9 (LadenBinKezza) disconnected.
OutFile = server_output_509cg2v2.log
PlayerLog = player_scores_509cg2v2.log
KickVoteMin = 2
IdleTimeGlobal = 600
SlowBudgetStart = 1800
SlowBudgetMax = 1800
SlowBudgetRefill = 0
SlowBudgetUsePause = 300
SlowBudgetUseRealtime = 100
AdvertisePlayers = 4
MaxSpectators = 15
UnitBuffer = 5
CityBuffer = 2
FirstStrikeBonus = 15
MinTeams = 4
ReadyVoteDelay = 90
RandomTerritories = 1
CityPopulations = 3
CitiesPerTerritory = 30
PopulationPerTerritory = 150
DropCourtesy = -1
SlowestSpeed = 0
RadarSharing = 2
Listening on port 5021.
ServerPort = 5021
Metaserver IP: 34.197.189.80
Reverting: RadarSharing = 1
ServerLANIP = 116.203.228.110
Public server info: 116.203.228.110:5021
Demo limits received. MaxGameSize = 8, MaxDemoPlayers = 8, AllowServers = yes.
Server key authentication succeeded, key id = 4656628.
OutFile = server_output_509cg2v2.log
PlayerLog = player_scores_509cg2v2.log
KickVoteMin = 2
IdleTimeGlobal = 600
SlowBudgetStart = 1800
SlowBudgetMax = 1800
SlowBudgetRefill = 0
SlowBudgetUsePause = 300
SlowBudgetUseRealtime = 100
AdvertisePlayers = 4
MaxSpectators = 15
UnitBuffer = 5
CityBuffer = 2
FirstStrikeBonus = 15
MinTeams = 4
ReadyVoteDelay = 90
RandomTerritories = 1
CityPopulations = 3
CitiesPerTerritory = 30
PopulationPerTerritory = 150
DropCourtesy = -1
SlowestSpeed = 0
RadarSharing = 2
Listening on port 5021.
ServerPort = 5021
Metaserver IP: 34.197.189.80
Reverting: RadarSharing = 1
ServerLANIP = 116.203.228.110
Public server info: 116.203.228.110:5021
Demo limits received. MaxGameSize = 8, MaxDemoPlayers = 8, AllowServers = yes.
Server key authentication succeeded, key id = 4656628.
Login request from 98.122.186.54:5011, version="1.60.1.5 MINICOM", keyID=425333 : naval blacklists apply, accepted, ID = 9.
Team creation request from client 9 received.
New name for client 9 : Lord Haw Haw 
ServerBot : The 8 Player is still in development. Please report bugs and glitches to KezzaMcFezza or Sievert.
ServerBot : All our Defcon traditions continue here. Have a gg. -LHH
ServerBot : The games will be available on...
ServerBot : www.defconexpanded.com
client 9 (Lord Haw Haw ) disconnected.
OutFile = server_output_509cg2v2.log
PlayerLog = player_scores_509cg2v2.log
KickVoteMin = 2
IdleTimeGlobal = 600
SlowBudgetStart = 1800
SlowBudgetMax = 1800
SlowBudgetRefill = 0
SlowBudgetUsePause = 300
SlowBudgetUseRealtime = 100
AdvertisePlayers = 4
MaxSpectators = 15
UnitBuffer = 5
CityBuffer = 2
FirstStrikeBonus = 15
MinTeams = 4
ReadyVoteDelay = 90
RandomTerritories = 1
CityPopulations = 3
CitiesPerTerritory = 30
PopulationPerTerritory = 150
DropCourtesy = -1
SlowestSpeed = 0
RadarSharing = 2
Listening on port 5021.
ServerPort = 5021
Metaserver IP: 34.197.189.80
Reverting: RadarSharing = 1
ServerLANIP = 116.203.228.110
Public server info: 116.203.228.110:5021
Demo limits received. MaxGameSize = 8, MaxDemoPlayers = 8, AllowServers = yes.
Server key authentication succeeded, key id = 4656628.
Login request from 98.122.186.54:5011, version="1.60.1.5 MINICOM", keyID=425333 : naval blacklists apply, accepted, ID = 9.
Team creation request from client 9 received.
New name for client 9 : Lord Haw Haw 
ServerBot : The 8 Player is still in development. Please report bugs and glitches to KezzaMcFezza or Sievert.
ServerBot : All our Defcon traditions continue here. Have a gg. -LHH
ServerBot : The games will be available on...
ServerBot : www.defconexpanded.com
client 9 (Lord Haw Haw ) left to spectator mode.
client 9 (Lord Haw Haw ) disconnected.
OutFile = server_output_509cg2v2.log
PlayerLog = player_scores_509cg2v2.log
KickVoteMin = 2
IdleTimeGlobal = 600
SlowBudgetStart = 1800
SlowBudgetMax = 1800
SlowBudgetRefill = 0
SlowBudgetUsePause = 300
SlowBudgetUseRealtime = 100
AdvertisePlayers = 4
MaxSpectators = 15
UnitBuffer = 5
CityBuffer = 2
FirstStrikeBonus = 15
MinTeams = 4
ReadyVoteDelay = 90
RandomTerritories = 1
CityPopulations = 3
CitiesPerTerritory = 30
PopulationPerTerritory = 150
DropCourtesy = -1
SlowestSpeed = 0
RadarSharing = 2
Listening on port 5021.
ServerPort = 5021
Metaserver IP: 34.197.189.80
Reverting: RadarSharing = 1
ServerLANIP = 116.203.228.110
Public server info: 116.203.228.110:5021
Demo limits received. MaxGameSize = 8, MaxDemoPlayers = 8, AllowServers = yes.
Server key authentication succeeded, key id = 4656628.
OutFile = server_output_509cg2v2.log
PlayerLog = player_scores_509cg2v2.log
KickVoteMin = 2
IdleTimeGlobal = 600
SlowBudgetStart = 1800
SlowBudgetMax = 1800
SlowBudgetRefill = 0
SlowBudgetUsePause = 300
SlowBudgetUseRealtime = 100
AdvertisePlayers = 4
MaxSpectators = 15
UnitBuffer = 5
CityBuffer = 2
FirstStrikeBonus = 15
MinTeams = 4
ReadyVoteDelay = 90
RandomTerritories = 1
CityPopulations = 3
CitiesPerTerritory = 30
PopulationPerTerritory = 150
DropCourtesy = -1
SlowestSpeed = 0
RadarSharing = 2
Listening on port 5021.
ServerPort = 5021
Metaserver IP: 34.197.189.80
Reverting: RadarSharing = 1
ServerLANIP = 116.203.228.110
Public server info: 116.203.228.110:5021
Demo limits received. MaxGameSize = 8, MaxDemoPlayers = 8, AllowServers = yes.
Server key authentication succeeded, key id = 4656628.
OutFile = server_output_509cg2v2.log
PlayerLog = player_scores_509cg2v2.log
KickVoteMin = 2
IdleTimeGlobal = 600
SlowBudgetStart = 1800
SlowBudgetMax = 1800
SlowBudgetRefill = 0
SlowBudgetUsePause = 300
SlowBudgetUseRealtime = 100
AdvertisePlayers = 4
MaxSpectators = 15
UnitBuffer = 5
CityBuffer = 2
FirstStrikeBonus = 15
MinTeams = 4
ReadyVoteDelay = 90
RandomTerritories = 1
CityPopulations = 3
CitiesPerTerritory = 30
PopulationPerTerritory = 150
DropCourtesy = -1
SlowestSpeed = 0
RadarSharing = 2
Listening on port 5016.
ServerPort = 5016
Metaserver IP: 34.197.189.80
Reverting: RadarSharing = 1
ServerLANIP = 116.203.228.110
Public server info: 116.203.228.110:5016
Demo limits received. MaxGameSize = 8, MaxDemoPlayers = 8, AllowServers = yes.
Server key authentication succeeded, key id = 4656628.
Login request from 24.196.214.71:5011, version="1.60.1.5 MINICOM", keyID=67289 : naval blacklists apply, accepted, ID = 9.
Team creation request from client 9 received.
New name for client 9 : strangelove
ServerBot : The 8 Player is still in development. Please report bugs and glitches to KezzaMcFezza or Sievert.
ServerBot : All our Defcon traditions continue here. Have a gg. -LHH
ServerBot : The games will be available on...
ServerBot : www.defconexpanded.com
client 9 (strangelove) disconnected.
OutFile = server_output_509cg2v2.log
PlayerLog = player_scores_509cg2v2.log
KickVoteMin = 2
IdleTimeGlobal = 600
SlowBudgetStart = 1800
SlowBudgetMax = 1800
SlowBudgetRefill = 0
SlowBudgetUsePause = 300
SlowBudgetUseRealtime = 100
AdvertisePlayers = 4
MaxSpectators = 15
UnitBuffer = 5
CityBuffer = 2
FirstStrikeBonus = 15
MinTeams = 4
ReadyVoteDelay = 90
RandomTerritories = 1
CityPopulations = 3
CitiesPerTerritory = 30
PopulationPerTerritory = 150
DropCourtesy = -1
SlowestSpeed = 0
RadarSharing = 2
Listening on port 5016.
ServerPort = 5016
Metaserver IP: 34.197.189.80
Reverting: RadarSharing = 1
ServerLANIP = 116.203.228.110
Public server info: 116.203.228.110:5016
Demo limits received. MaxGameSize = 8, MaxDemoPlayers = 8, AllowServers = yes.
Server key authentication succeeded, key id = 4656628.
Login request from 98.122.186.54:5011, version="1.60.1.5 MINICOM", keyID=425333 : naval blacklists apply, accepted, ID = 9.
Team creation request from client 9 received.
New name for client 9 : Lord Haw Haw 
ServerBot : The 8 Player is still in development. Please report bugs and glitches to KezzaMcFezza or Sievert.
ServerBot : All our Defcon traditions continue here. Have a gg. -LHH
ServerBot : The games will be available on...
ServerBot : www.defconexpanded.com
client 9 (Lord Haw Haw ) disconnected.
OutFile = server_output_509cg2v2.log
PlayerLog = player_scores_509cg2v2.log
KickVoteMin = 2
IdleTimeGlobal = 600
SlowBudgetStart = 1800
SlowBudgetMax = 1800
SlowBudgetRefill = 0
SlowBudgetUsePause = 300
SlowBudgetUseRealtime = 100
AdvertisePlayers = 4
MaxSpectators = 15
UnitBuffer = 5
CityBuffer = 2
FirstStrikeBonus = 15
MinTeams = 4
ReadyVoteDelay = 90
RandomTerritories = 1
CityPopulations = 3
CitiesPerTerritory = 30
PopulationPerTerritory = 150
DropCourtesy = -1
SlowestSpeed = 0
RadarSharing = 2
Listening on port 5016.
ServerPort = 5016
Metaserver IP: 34.197.189.80
Reverting: RadarSharing = 1
ServerLANIP = 116.203.228.110
Public server info: 116.203.228.110:5016
Demo limits received. MaxGameSize = 8, MaxDemoPlayers = 8, AllowServers = yes.
Server key authentication succeeded, key id = 4656628.
OutFile = server_output_509cg2v2.log
PlayerLog = player_scores_509cg2v2.log
KickVoteMin = 2
IdleTimeGlobal = 600
SlowBudgetStart = 1800
SlowBudgetMax = 1800
SlowBudgetRefill = 0
SlowBudgetUsePause = 300
SlowBudgetUseRealtime = 100
AdvertisePlayers = 4
MaxSpectators = 15
UnitBuffer = 5
CityBuffer = 2
FirstStrikeBonus = 15
MinTeams = 4
EmptyBomberLaunch = 0
ReadyVoteDelay = 90
RandomTerritories = 1
CityPopulations = 3
CitiesPerTerritory = 30
PopulationPerTerritory = 150
DropCourtesy = -1
SlowestSpeed = 0
RadarSharing = 2
Listening on port 5011.
ServerPort = 5011
Metaserver IP: 34.197.189.80
Reverting: RadarSharing = 1
ServerLANIP = 116.203.228.110
Public server info: 116.203.228.110:5011
Server key authentication succeeded, key id = 4656628.
Demo limits received. MaxGameSize = 8, MaxDemoPlayers = 8, AllowServers = yes.
OutFile = server_output_509cg2v2.log
PlayerLog = player_scores_509cg2v2.log
KickVoteMin = 2
IdleTimeGlobal = 600
SlowBudgetStart = 1800
SlowBudgetMax = 1800
SlowBudgetRefill = 0
SlowBudgetUsePause = 300
SlowBudgetUseRealtime = 100
AdvertisePlayers = 4
MaxSpectators = 15
UnitBuffer = 5
CityBuffer = 2
FirstStrikeBonus = 15
MinTeams = 4
EmptyBomberLaunch = 0
ReadyVoteDelay = 90
RandomTerritories = 1
CityPopulations = 3
CitiesPerTerritory = 30
PopulationPerTerritory = 150
DropCourtesy = -1
SlowestSpeed = 0
RadarSharing = 2
Listening on port 5017.
ServerPort = 5017
Metaserver IP: 34.197.189.80
Reverting: RadarSharing = 1
ServerLANIP = 116.203.228.110
Public server info: 116.203.228.110:5017
Demo limits received. MaxGameSize = 8, MaxDemoPlayers = 8, AllowServers = yes.
Server key authentication succeeded, key id = 4656628.
Login request from 90.240.156.240:52583, version="1.60.1.5 MINICOM", keyID=DEMO : naval blacklists apply, accepted, ID = 9.
Team creation request from client 9 ([DEMO]) received.
New name for client 9 ([DEMO]) : LadenBinKezza
client 9 ([DEMO]LadenBinKezza) disconnected.
OutFile = server_output_509cg2v2.log
PlayerLog = player_scores_509cg2v2.log
KickVoteMin = 2
IdleTimeGlobal = 600
SlowBudgetStart = 1800
SlowBudgetMax = 1800
SlowBudgetRefill = 0
SlowBudgetUsePause = 300
SlowBudgetUseRealtime = 100
AdvertisePlayers = 4
MaxSpectators = 15
UnitBuffer = 5
CityBuffer = 2
FirstStrikeBonus = 15
MinTeams = 4
EmptyBomberLaunch = 0
ReadyVoteDelay = 90
RandomTerritories = 1
CityPopulations = 3
CitiesPerTerritory = 30
PopulationPerTerritory = 150
DropCourtesy = -1
SlowestSpeed = 0
RadarSharing = 2
Listening on port 5014.
ServerPort = 5014
Metaserver IP: 34.197.189.80
Reverting: RadarSharing = 1
ServerLANIP = 116.203.228.110
Public server info: 116.203.228.110:5014
Server key authentication succeeded, key id = 4656628.
Demo limits received. MaxGameSize = 8, MaxDemoPlayers = 8, AllowServers = yes.
OutFile = server_output_509cg2v2.log
PlayerLog = player_scores_509cg2v2.log
KickVoteMin = 2
IdleTimeGlobal = 600
SlowBudgetStart = 1800
SlowBudgetMax = 1800
SlowBudgetRefill = 0
SlowBudgetUsePause = 300
SlowBudgetUseRealtime = 100
AdvertisePlayers = 4
MaxSpectators = 15
UnitBuffer = 5
CityBuffer = 2
FirstStrikeBonus = 15
MinTeams = 4
EmptyBomberLaunch = 0
ReadyVoteDelay = 90
RandomTerritories = 1
CityPopulations = 3
CitiesPerTerritory = 30
PopulationPerTerritory = 150
DropCourtesy = -1
SlowestSpeed = 0
RadarSharing = 2
Listening on port 5017.
ServerPort = 5017
Metaserver IP: 34.197.189.80
Reverting: RadarSharing = 1
ServerLANIP = 116.203.228.110
Public server info: 116.203.228.110:5017
Demo limits received. MaxGameSize = 8, MaxDemoPlayers = 8, AllowServers = yes.
Server key authentication succeeded, key id = 4656628.
