OutFile = server_output_advertise.log
PlayerLog = player_scores_advertise.log
AdvertisePlayers = 2
MaxSpectators = 15
MaxIdleRunTime = 1800
MinRunTime = 900
DropCourtesy = -1
IdleTimeGlobal = 600
SlowBudgetStart = 1200
SlowBudgetMax = 1200
KickVoteMin = 2
MaxTeams = 2
ReadyVoteDelay = 90
RandomTerritories = 1
CityPopulations = 3
CitiesPerTerritory = 30
PopulationPerTerritory = 150
PermitDefection = 0
DefconExpanded : Warning: defection has been turned off, you cannot make or break alliances after the game started.
Listening on port 5010.
Metaserver IP: 34.197.189.80
ServerLANIP = 26.102.130.209
Public server info: 81.79.248.91:1024
Demo limits received. MaxGameSize = 6, MaxDemoPlayers = 6, AllowServers = yes.
Server key authentication succeeded, key id = 5134000.
Login request from 26.102.130.209:5011, version="1.62 STEAM", keyID=13209895 : naval blacklists apply, accepted, ID = 7.
Team creation request from client 7 received.
New name for client 7 : fake LadenBinKezza
DefconExpanded : Defcon Expanded is an upcoming 8-16 player mod for DEFCON, this server is just an advertisement server but can still be played on!
DefconExpanded : The games will be available on www.defconexpanded.com, and this server has a leaderboard that you can also view on the website.
DefconExpanded : www.defconexpanded.com
DefconExpanded : [private] Not enough players online yet. 2 are required.
DefconExpanded : [private] Not enough players online yet. 2 are required.
DefconExpanded : [private] Not enough players online yet. 2 are required.
DefconExpanded : [private] Not enough players online yet. 2 are required.
DefconExpanded : [private] Not enough players online yet. 2 are required.
DefconExpanded : [private] Not enough players online yet. 2 are required.
DefconExpanded : [private] Not enough players online yet. 2 are required.
DefconExpanded : [private] Not enough players online yet. 2 are required.
DefconExpanded : [private] Not enough players online yet. 2 are required.
DefconExpanded : [private] Not enough players online yet. 2 are required.
DefconExpanded : [private] Not enough players online yet. 2 are required.
client 7 (fake LadenBinKezza) disconnected.
OutFile = server_output_advertise.log
PlayerLog = player_scores_advertise.log
AdvertisePlayers = 2
MaxSpectators = 15
MaxIdleRunTime = 1800
MinRunTime = 900
DropCourtesy = -1
IdleTimeGlobal = 600
SlowBudgetStart = 1200
SlowBudgetMax = 1200
KickVoteMin = 2
MaxTeams = 2
ReadyVoteDelay = 90
RandomTerritories = 1
CityPopulations = 3
CitiesPerTerritory = 30
PopulationPerTerritory = 150
PermitDefection = 0
DefconExpanded : Warning: defection has been turned off, you cannot make or break alliances after the game started.
Listening on port 5010.
Metaserver IP: 34.197.189.80
ServerLANIP = 26.102.130.209
Public server info: 81.79.248.91:5010
Demo limits received. MaxGameSize = 6, MaxDemoPlayers = 6, AllowServers = yes.
Server key authentication succeeded, key id = 5134000.
Login request from 26.102.130.209:5011, version="1.62 STEAM", keyID=13209895 : naval blacklists apply, accepted, ID = 7.
Team creation request from client 7 received.
New name for client 7 : fake LadenBinKezza
DefconExpanded : Defcon Expanded is an upcoming 8-16 player mod for DEFCON, this server is just an advertisement server but can still be played on!
DefconExpanded : The games will be available on www.defconexpanded.com, and this server has a leaderboard that you can also view on the website.
DefconExpanded : www.defconexpanded.com
client 7 (fake LadenBinKezza) disconnected.
Login request from 26.102.130.209:62981, version="1.62 STEAM", keyID=DEMO : naval blacklists apply, accepted, ID = 8.
Team creation request from client 8 ([DEMO]) received.
New name for client 8 ([DEMO]) : KezzaMcFezza
Login request from 26.102.130.209:5011, version="1.62 STEAM", keyID=13209895 : naval blacklists apply, accepted, ID = 9.
Team creation request from client 9 (fake LadenBinKezza) received.
client 9 (fake LadenBinKezza) is ready to play.
client 8 ([DEMO]KezzaMcFezza) is ready to play.
Countdown started.
Game started. Players:
Team 1 : client 9 (fake LadenBinKezza), keyID = 13209895
Team 0 : client 8 ([DEMO]KezzaMcFezza), keyID = DEMO
Random seed: 339 (0x153)
DefconExpanded : Warning: slowdown budget 20 min.
DefconExpanded : Slow refill on 5x, medium on 10x, fast on 20x
SpectatorChatChannel = 0
client 8 ([DEMO]KezzaMcFezza) requests a speed factor of 20.
client 9 (fake LadenBinKezza) requests a speed factor of 20.
DefconExpanded : client 9 (fake LadenBinKezza) signs the current scores.
DefconExpanded : client 8 ([DEMO]KezzaMcFezza) signs the current scores.
Record = demo_recordings/game_2024-09-04-08-18.dcrec
AdvertiseOnInternet = 0
DefconExpanded : Game Over !
DefconExpanded : Game is available on defconexpanded.com
DefconExpanded : Restart in 30 Seconds!
client 8 ([DEMO]KezzaMcFezza) disconnected.
client 9 (fake LadenBinKezza) disconnected.
OutFile = server_output_advertise.log
PlayerLog = player_scores_advertise.log
AdvertisePlayers = 2
MaxSpectators = 15
MaxIdleRunTime = 1800
MinRunTime = 900
DropCourtesy = -1
IdleTimeGlobal = 600
SlowBudgetStart = 1200
SlowBudgetMax = 1200
KickVoteMin = 2
MaxTeams = 2
ReadyVoteDelay = 90
RandomTerritories = 1
CityPopulations = 3
CitiesPerTerritory = 30
PopulationPerTerritory = 150
PermitDefection = 0
DefconExpanded : Warning: defection has been turned off, you cannot make or break alliances after the game started.
Listening on port 5010.
Metaserver IP: 34.197.189.80
ServerLANIP = 26.102.130.209
Public server info: 81.79.248.91:5010
Demo limits received. MaxGameSize = 6, MaxDemoPlayers = 6, AllowServers = yes.
Server key authentication succeeded, key id = 5134000.
OutFile = server_output_advertise.log
PlayerLog = player_scores_advertise.log
AdvertisePlayers = 8
MaxSpectators = 15
MaxIdleRunTime = 1800
MinRunTime = 900
DropCourtesy = -1
IdleTimeGlobal = 600
SlowBudgetStart = 1200
SlowBudgetMax = 1200
KickVoteMin = 2
MaxTeams = 2
ReadyVoteDelay = 90
RandomTerritories = 1
CityPopulations = 3
CitiesPerTerritory = 30
PopulationPerTerritory = 150
PermitDefection = 0
DefconExpanded : Warning: defection has been turned off, you cannot make or break alliances after the game started.
Listening on port 5010.
Metaserver IP: 34.197.189.80
ServerLANIP = 26.102.130.209
Public server info: 81.79.248.91:5010
Server key authentication succeeded, key id = 5134000.
Demo limits received. MaxGameSize = 6, MaxDemoPlayers = 6, AllowServers = yes.
Login request from 26.102.130.209:5011, version="1.62 STEAM", keyID=13209895 : naval blacklists apply, accepted, ID = 9.
Team creation request from client 9 received.
New name for client 9 : fake LadenBinKezza
DefconExpanded : Defcon Expanded is an upcoming 8-16 player mod for DEFCON, this server is just an advertisement server but can still be played on!
DefconExpanded : The games will be available on www.defconexpanded.com, and this server has a leaderboard that you can also view on the website.
DefconExpanded : www.defconexpanded.com
client 9 (fake LadenBinKezza) disconnected.
OutFile = server_output_advertise.log
PlayerLog = player_scores_advertise.log
AdvertisePlayers = 8
MaxSpectators = 15
MaxIdleRunTime = 1800
MinRunTime = 900
DropCourtesy = -1
IdleTimeGlobal = 600
SlowBudgetStart = 1200
SlowBudgetMax = 1200
KickVoteMin = 2
MinTeams = 6
MaxTeams = 8
ReadyVoteDelay = 90
RandomTerritories = 1
CityPopulations = 3
CitiesPerTerritory = 30
PopulationPerTerritory = 150
PermitDefection = 0
DefconExpanded : Warning: defection has been turned off, you cannot make or break alliances after the game started.
Listening on port 5010.
Metaserver IP: 34.197.189.80
ServerLANIP = 26.102.130.209
Public server info: 81.79.248.91:5010
Demo limits received. MaxGameSize = 6, MaxDemoPlayers = 6, AllowServers = yes.
Server key authentication succeeded, key id = 5134000.
Login request from 26.102.130.209:5011, version="1.62 STEAM", keyID=13209895 : naval blacklists apply, accepted, ID = 9.
Team creation request from client 9 received.
New name for client 9 : fake LadenBinKezza
DefconExpanded : Defcon Expanded is an upcoming 8-16 player mod for DEFCON, this server is just an advertisement server but can still be played on!
DefconExpanded : The games will be available on www.defconexpanded.com, and this server has a leaderboard that you can also view on the website.
DefconExpanded : www.defconexpanded.com
client 9 (fake LadenBinKezza) disconnected.
OutFile = server_output_advertise.log
PlayerLog = player_scores_advertise.log
AdvertisePlayers = 8
MaxSpectators = 15
MaxIdleRunTime = 1800
MinRunTime = 900
DropCourtesy = -1
IdleTimeGlobal = 600
SlowBudgetStart = 1200
SlowBudgetMax = 1200
KickVoteMin = 2
MinTeams = 6
MaxTeams = 8
ReadyVoteDelay = 90
RandomTerritories = 1
CityPopulations = 3
CitiesPerTerritory = 30
PopulationPerTerritory = 150
PermitDefection = 0
DefconExpanded : Warning: defection has been turned off, you cannot make or break alliances after the game started.
Listening on port 5010.
Metaserver IP: 34.197.189.80
ServerLANIP = 26.102.130.209
Public server info: 81.79.248.91:5010
Demo limits received. MaxGameSize = 6, MaxDemoPlayers = 6, AllowServers = yes.
Server key authentication succeeded, key id = 5134000.
OutFile = server_output_advertise.log
PlayerLog = player_scores_advertise.log
AdvertisePlayers = 8
MaxSpectators = 15
MaxIdleRunTime = 1800
MinRunTime = 900
DropCourtesy = -1
IdleTimeGlobal = 600
SlowBudgetStart = 1200
SlowBudgetMax = 1200
KickVoteMin = 2
MinTeams = 6
MaxTeams = 8
ReadyVoteDelay = 90
RandomTerritories = 1
CityPopulations = 3
CitiesPerTerritory = 30
PopulationPerTerritory = 150
PermitDefection = 0
DefconExpanded : Warning: defection has been turned off, you cannot make or break alliances after the game started.
Listening on port 5010.
Metaserver IP: 34.197.189.80
ServerLANIP = 26.102.130.209
Public server info: 81.79.248.91:5010
Demo limits received. MaxGameSize = 6, MaxDemoPlayers = 6, AllowServers = yes.
Server key authentication succeeded, key id = 5134000.
OutFile = server_output_advertise.log
PlayerLog = player_scores_advertise.log
AdvertisePlayers = 8
MaxSpectators = 15
MaxIdleRunTime = 1800
MinRunTime = 900
DropCourtesy = -1
IdleTimeGlobal = 600
SlowBudgetStart = 1200
SlowBudgetMax = 1200
KickVoteMin = 2
MinTeams = 8
MaxTeams = 8
ReadyVoteDelay = 90
RandomTerritories = 1
CityPopulations = 3
CitiesPerTerritory = 30
PopulationPerTerritory = 150
PermitDefection = 0
DefconExpanded : Warning: defection has been turned off, you cannot make or break alliances after the game started.
Listening on port 5010.
Metaserver IP: 34.197.189.80
ServerLANIP = 26.102.130.209
Public server info: 81.79.248.91:5010
Demo limits received. MaxGameSize = 6, MaxDemoPlayers = 6, AllowServers = yes.
Server key authentication succeeded, key id = 5134000.
Login request from 26.102.130.209:5011, version="1.62 STEAM", keyID=13209895 : naval blacklists apply, accepted, ID = 9.
Team creation request from client 9 received.
New name for client 9 : fake LadenBinKezza
DefconExpanded : Defcon Expanded is an upcoming 8-16 player mod for DEFCON, this server is just an advertisement server but can still be played on!
DefconExpanded : The games will be available on www.defconexpanded.com, and this server has a leaderboard that you can also view on the website.
DefconExpanded : www.defconexpanded.com
OutFile = server_output_advertise.log
PlayerLog = player_scores_advertise.log
AdvertisePlayers = 8
MaxSpectators = 15
MaxIdleRunTime = 1800
MinRunTime = 900
DropCourtesy = -1
IdleTimeGlobal = 600
SlowBudgetStart = 1200
SlowBudgetMax = 1200
OnStartCountdown = FillWithCPUs
KickVoteMin = 2
MinTeams = 8
MaxTeams = 8
ReadyVoteDelay = 90
AllianceSize = 3
RandomTerritories = 1
CityPopulations = 3
CitiesPerTerritory = 30
PopulationPerTerritory = 150
PermitDefection = 0
DefconExpanded : Warning: defection has been turned off, you cannot make or break alliances after the game started.
Listening on port 5010.
Metaserver IP: 34.197.189.80
ServerLANIP = 26.102.130.209
Public server info: 81.79.248.91:5010
Demo limits received. MaxGameSize = 6, MaxDemoPlayers = 6, AllowServers = yes.
Server key authentication succeeded, key id = 5134000.
Login request from 26.102.130.209:5011, version="1.62 STEAM", keyID=13209895 : naval blacklists apply, accepted, ID = 13.
Team creation request from client 13 received.
New name for client 13 : fake LadenBinKezza
DefconExpanded : Defcon Expanded is an upcoming 8-16 player mod for DEFCON, this server is just an advertisement server but can still be played on!
DefconExpanded : The games will be available on www.defconexpanded.com, and this server has a leaderboard that you can also view on the website.
DefconExpanded : www.defconexpanded.com
client 13 (fake LadenBinKezza) disconnected.
OutFile = server_output_advertise.log
PlayerLog = player_scores_advertise.log
AdvertisePlayers = 8
MaxSpectators = 15
MaxIdleRunTime = 1800
MinRunTime = 900
DropCourtesy = -1
IdleTimeGlobal = 600
SlowBudgetStart = 1200
SlowBudgetMax = 1200
OnStartCountdown = FillWithCPUs
KickVoteMin = 2
MinTeams = 8
MaxTeams = 8
ReadyVoteDelay = 90
AllianceSize = 3
RandomTerritories = 1
CityPopulations = 3
CitiesPerTerritory = 30
PopulationPerTerritory = 150
PermitDefection = 0
DefconExpanded : Warning: defection has been turned off, you cannot make or break alliances after the game started.
Listening on port 5010.
Metaserver IP: 34.197.189.80
ServerLANIP = 26.102.130.209
Public server info: 81.79.248.91:5010
Demo limits received. MaxGameSize = 6, MaxDemoPlayers = 6, AllowServers = yes.
Server key authentication succeeded, key id = 5134000.
OutFile = server_output_advertise.log
PlayerLog = player_scores_advertise.log
AdvertisePlayers = 8
MaxSpectators = 15
MaxIdleRunTime = 1800
MinRunTime = 900
DropCourtesy = -1
IdleTimeGlobal = 600
SlowBudgetStart = 1200
SlowBudgetMax = 1200
OnStartCountdown = FillWithCPUs
KickVoteMin = 2
MinTeams = 8
MaxTeams = 8
ReadyVoteDelay = 90
AllianceSize = 8
RandomTerritories = 1
CityPopulations = 3
CitiesPerTerritory = 30
PopulationPerTerritory = 150
PermitDefection = 0
DefconExpanded : Warning: defection has been turned off, you cannot make or break alliances after the game started.
Listening on port 5010.
Metaserver IP: 34.197.189.80
ServerLANIP = 26.102.130.209
Public server info: 81.79.248.91:5010
Demo limits received. MaxGameSize = 6, MaxDemoPlayers = 6, AllowServers = yes.
Server key authentication succeeded, key id = 5134000.
OutFile = server_output_advertise.log
PlayerLog = player_scores_advertise.log
AdvertisePlayers = 8
MaxSpectators = 15
MaxIdleRunTime = 1800
MinRunTime = 900
DropCourtesy = -1
IdleTimeGlobal = 600
SlowBudgetStart = 1200
SlowBudgetMax = 1200
OnStartCountdown = FillWithCPUs
KickVoteMin = 2
MinTeams = 8
MaxTeams = 8
ReadyVoteDelay = 90
AllianceSize = 8
RandomTerritories = 1
CityPopulations = 3
CitiesPerTerritory = 30
PopulationPerTerritory = 150
PermitDefection = 0
DefconExpanded : Warning: defection has been turned off, you cannot make or break alliances after the game started.
Listening on port 5010.
Metaserver IP: 34.197.189.80
ServerLANIP = 26.102.130.209
Public server info: 81.79.248.91:5010
Server key authentication succeeded, key id = 5134000.
Demo limits received. MaxGameSize = 6, MaxDemoPlayers = 6, AllowServers = yes.
Login request from 26.102.130.209:64390, version="1.60.1.5 MINICOM", keyID=13189777 : naval blacklists apply, accepted, ID = 13.
Team creation request from client 13 received.
New name for client 13 : LadenBinKezza
DefconExpanded : Defcon Expanded is an upcoming 8-16 player mod for DEFCON, this server is just an advertisement server but can still be played on!
DefconExpanded : The games will be available on www.defconexpanded.com, and this server has a leaderboard that you can also view on the website.
DefconExpanded : www.defconexpanded.com
Login request from 89.104.245.222:5011, version="1.60.1.5 MINICOM", keyID=12508121 : naval blacklists apply, accepted, ID = 14.
Team creation request from client 14 received.
New name for client 14 : MohammedBinNexus
client 14 (MohammedBinNexus) : /login dancefloor
DefconExpanded : client 14 (MohammedBinNexus) has been logged in as owner.
client 14 (MohammedBinNexus) : /help
DefconExpanded : [private] Available commands: /help, /ignore, /kick, /login, /me, /name, /ping, /ranked, /score, /setscore, /setscoreid, /signscore, /speed, /unignore, /unranked, /version
DefconExpanded : [private] Admin commands: /demote, /deop, /fullinfo, /include, /info, /logout, /op, /promote, /remove, /say, /set
DefconExpanded : [private] Get more help with, for example, "/help /ping".
client 14 (MohammedBinNexus) : /addCPU
DefconExpanded : [private] Unknown chat command /addCPU.
client 14 (MohammedBinNexus) : /add CPU
DefconExpanded : [private] Unknown chat command /add.
client 14 (MohammedBinNexus) : /CPU
DefconExpanded : [private] Unknown chat command /CPU.
client 14 (MohammedBinNexus) : /Include CPU
DefconExpanded : [private] Unknown chat command /Include.
Login request from 26.102.130.209:50949, version="1.60.1.5 MINICOM", keyID=4390981 : naval blacklists apply, accepted, ID = 15.
Team creation request from client 15 received.
New name for client 15 : LadenBinKezza_2
client 14 (MohammedBinNexus) : /addCPU
DefconExpanded : [private] Unknown chat command /addCPU.
client 14 (MohammedBinNexus) : /add CPU
DefconExpanded : [private] Unknown chat command /add.
client 13 (LadenBinKezza) : /LOGIN
DefconExpanded : [private] Unknown chat command /LOGIN.
client 13 (LadenBinKezza) : /login
DefconExpanded : [private] Access denied, wrong password.
client 14 (MohammedBinNexus) : willy
client 13 (LadenBinKezza) : /login dancefloor
DefconExpanded : client 13 (LadenBinKezza) has been logged in as owner.
client 14 (MohammedBinNexus) : oi oi
client 13 (LadenBinKezza) : addcpu
client 13 (LadenBinKezza) : /add cpu
DefconExpanded : [private] Unknown chat command /add.
client 14 (MohammedBinNexus) : /addcpu 1
DefconExpanded : [private] Unknown chat command /addcpu.
client 14 (MohammedBinNexus) : /help
DefconExpanded : [private] Available commands: /help, /ignore, /kick, /login, /me, /name, /ping, /ranked, /score, /setscore, /setscoreid, /signscore, /speed, /unignore, /unranked, /version
DefconExpanded : [private] Admin commands: /demote, /deop, /fullinfo, /include, /info, /logout, /op, /promote, /remove, /say, /set
DefconExpanded : [private] Get more help with, for example, "/help /ping".
client 14 (MohammedBinNexus) : /AddCPU test1
DefconExpanded : [private] Unknown chat command /AddCPU.
client 14 (MohammedBinNexus) : /set AddCPU Test
DefconExpanded : [private] Not enough players online yet. 8 are required.
DefconExpanded : [private] Not enough players online yet. 8 are required.
DefconExpanded : [private] Not enough players online yet. 8 are required.
DefconExpanded : [private] Not enough players online yet. 8 are required.
client 15 (LadenBinKezza_2) : /set minplayers 3
DefconExpanded : [private] Admin rights are required for this command.
client 13 (LadenBinKezza) : /set minplayers 3
DefconExpanded : [private] config option minplayers invalid.
client 14 (MohammedBinNexus) disconnected.
client 15 (LadenBinKezza_2) disconnected.
client 13 (LadenBinKezza) disconnected.
OutFile = server_output_advertise.log
PlayerLog = player_scores_advertise.log
AdvertisePlayers = 8
MaxSpectators = 15
MaxIdleRunTime = 1800
MinRunTime = 900
DropCourtesy = -1
IdleTimeGlobal = 600
SlowBudgetStart = 1200
SlowBudgetMax = 1200
OnStartCountdown = FillWithCPUs
KickVoteMin = 2
MaxTeams = 8
ReadyVoteDelay = 90
AllianceSize = 8
RandomTerritories = 1
CityPopulations = 3
CitiesPerTerritory = 30
PopulationPerTerritory = 150
PermitDefection = 0
DefconExpanded : Warning: defection has been turned off, you cannot make or break alliances after the game started.
Listening on port 5010.
Metaserver IP: 34.197.189.80
ServerLANIP = 26.102.130.209
Public server info: 81.79.248.91:5010
Demo limits received. MaxGameSize = 6, MaxDemoPlayers = 6, AllowServers = yes.
Server key authentication succeeded, key id = 5134000.
Login request from 89.104.245.222:5011, version="1.60.1.5 MINICOM", keyID=12508121 : naval blacklists apply, accepted, ID = 13.
Team creation request from client 13 received.
New name for client 13 : MohammedBinNexus
DefconExpanded : Defcon Expanded is an upcoming 8-16 player mod for DEFCON, this server is just an advertisement server but can still be played on!
DefconExpanded : The games will be available on www.defconexpanded.com, and this server has a leaderboard that you can also view on the website.
DefconExpanded : www.defconexpanded.com
Login request from 26.102.130.209:50949, version="1.60.1.5 MINICOM", keyID=4390981 : naval blacklists apply, accepted, ID = 14.
Team creation request from client 14 received.
New name for client 14 : LadenBinKezza_2
client 13 (MohammedBinNexus) : /set AddCPU Hitler
DefconExpanded : [private] Admin rights are required for this command.
client 13 (MohammedBinNexus) : /login dancefloor
DefconExpanded : client 13 (MohammedBinNexus) has been logged in as owner.
Login request from 26.102.130.209:64390, version="1.60.1.5 MINICOM", keyID=13189777 : naval blacklists apply, accepted, ID = 15.
All players unreadied.
Team creation request from client 15 received.
New name for client 15 : LadenBinKezza
client 13 (MohammedBinNexus) : /set AddCPU Hitler
client 15 (LadenBinKezza) is ready to play.
All players unreadied.
All players unreadied.
client 15 (LadenBinKezza) is ready to play.
client 13 (MohammedBinNexus) is ready to play.
client 14 (LadenBinKezza_2) is ready to play.
Countdown started.
Game started. Players:
Team 6 : client 15 (LadenBinKezza), keyID = 13189777
Team 5 : client 14 (LadenBinKezza_2), keyID = 4390981
Team 4 : client 13 (MohammedBinNexus), keyID = 12508121
Random seed: 339 (0x153)
DefconExpanded : Warning: slowdown budget 20 min.
DefconExpanded : Slow refill on 5x, medium on 10x, fast on 20x
SpectatorChatChannel = 0
client 13 (MohammedBinNexus) went out of sync.
DefconExpanded : [private] You have fallen out of sync with the other players.
client 15 (LadenBinKezza) set to a speed factor of 1.
client 14 (LadenBinKezza_2) set to a speed factor of 1.
client 13 (MohammedBinNexus) set to a speed factor of 1.
DefconExpanded : A player has technical problems, slowing everyone down.
client 13 (MohammedBinNexus) is back in sync.
client 13 (MohammedBinNexus) went out of sync.
DefconExpanded : [private] You have fallen out of sync with the other players.
client 15 (LadenBinKezza) set to a speed factor of 1.
client 14 (LadenBinKezza_2) set to a speed factor of 1.
client 13 (MohammedBinNexus) set to a speed factor of 1.
DefconExpanded : A player has technical problems, slowing everyone down.
client 13 (MohammedBinNexus) is back in sync.
client 13 (MohammedBinNexus) went out of sync.
DefconExpanded : [private] You have fallen out of sync with the other players.
client 15 (LadenBinKezza) set to a speed factor of 1.
client 14 (LadenBinKezza_2) set to a speed factor of 1.
client 13 (MohammedBinNexus) set to a speed factor of 1.
DefconExpanded : A player has technical problems, slowing everyone down.
DefconExpanded : [private] You seem to be badly out of sync; usually, there is no hope for recovery. Sorry, the next time you have to click that button, the connection will have to be terminated.OutFile = server_output_advertise.log
PlayerLog = player_scores_advertise.log
AdvertisePlayers = 8
MaxSpectators = 15
MaxIdleRunTime = 1800
MinRunTime = 900
DropCourtesy = -1
IdleTimeGlobal = 600
SlowBudgetStart = 1200
SlowBudgetMax = 1200
OnStartCountdown = FillWithCPUs
KickVoteMin = 2
MaxTeams = 8
ReadyVoteDelay = 90
AllianceSize = 3
RandomTerritories = 1
CityPopulations = 3
CitiesPerTerritory = 30
PopulationPerTerritory = 150
PermitDefection = 0
DefconExpanded : Warning: defection has been turned off, you cannot make or break alliances after the game started.
Listening on port 5010.
Metaserver IP: 34.197.189.80
ServerLANIP = 26.102.130.209
Public server info: 90.242.223.214:5010
Demo limits received. MaxGameSize = 6, MaxDemoPlayers = 6, AllowServers = yes.
Server key authentication succeeded, key id = 5134000.
Login request from 89.104.245.222:5011, version="1.60.1.5 MINICOM", keyID=13208019 : naval blacklists apply, accepted, ID = 13.
Team creation request from client 13 received.
New name for client 13 : MohammedBinNexus_2
DefconExpanded : Defcon Expanded is an upcoming 8-16 player mod for DEFCON, this server is just an advertisement server but can still be played on!
DefconExpanded : The games will be available on www.defconexpanded.com, and this server has a leaderboard that you can also view on the website.
DefconExpanded : www.defconexpanded.com
client 13 (MohammedBinNexus_2) : /set AddCPU Sievert
DefconExpanded : [private] Admin rights are required for this command.
client 13 (MohammedBinNexus_2) : /login dancefloor
DefconExpanded : [private] Access denied, not registered.
Login request from 26.102.130.209:5011, version="1.60.1.5 MINICOM", keyID=13189777 : naval blacklists apply, accepted, ID = 14.
Team creation request from client 14 received.
New name for client 14 : LadenBinKezza
client 13 (MohammedBinNexus_2) : /login dancefloor
DefconExpanded : [private] Access denied, not registered.
client 14 (LadenBinKezza) : /login dancefloor
DefconExpanded : client 14 (LadenBinKezza) has been logged in as owner.
New name for client 13 (MohammedBinNexus_2) : MohammedBinNexus
client 13 (MohammedBinNexus) : /login dancefloor
DefconExpanded : client 13 (MohammedBinNexus) has been logged in as owner.
client 14 (LadenBinKezza) : /AddCPU yes
DefconExpanded : [private] Unknown chat command /AddCPU.
client 13 (MohammedBinNexus) : /set AddCPU Sievert
client 13 (MohammedBinNexus) : /set AddCPU WillyMuncher
client 14 (LadenBinKezza) is ready to play.
All players unreadied.
client 14 (LadenBinKezza) is ready to play.
client 13 (MohammedBinNexus) is ready to play.
Countdown started.
Game started. Players:
Team 5 : client 14 (LadenBinKezza), keyID = 13189777
Team 4 : client 13 (MohammedBinNexus), keyID = 13208019
Random seed: 627 (0x273)
DefconExpanded : Warning: slowdown budget 20 min.
DefconExpanded : Slow refill on 5x, medium on 10x, fast on 20x
SpectatorChatChannel = 0
client 13 (MohammedBinNexus) requests a speed factor of 10.
client 14 (LadenBinKezza) requests a speed factor of 20.
client 13 (MohammedBinNexus) requests a speed factor of 20.
DefconExpanded : client 14 (LadenBinKezza) signs the current scores.
DefconExpanded : All signatures on the current scores were revoked. This is probably a good time to remind everyone that entering and signing wrong scores is among the worst things you can do and usually results in an immediate and permanent ban. If you were correcting an earlier mistake, then everything is fine.
DefconExpanded : client 14 (LadenBinKezza) signs the current scores.
DefconExpanded : All signatures on the current scores were revoked.
DefconExpanded : client 14 (LadenBinKezza) signs the current scores.
DefconExpanded : client 13 (MohammedBinNexus) signs the current scores.
Record = demo_recordings/game_2024-09-04-10-17.dcrec
AdvertiseOnInternet = 0
DefconExpanded : Game Over !
DefconExpanded : Game is available on defconexpanded.com
DefconExpanded : Restart in 30 Seconds!
OutFile = server_output_advertise.log
PlayerLog = player_scores_advertise.log
AdvertisePlayers = 8
MaxSpectators = 15
MaxIdleRunTime = 1800
MinRunTime = 900
DropCourtesy = -1
IdleTimeGlobal = 600
SlowBudgetStart = 1200
SlowBudgetMax = 1200
OnStartCountdown = FillWithCPUs
KickVoteMin = 2
MaxTeams = 8
ReadyVoteDelay = 90
AllianceSize = 3
RandomTerritories = 1
CityPopulations = 3
CitiesPerTerritory = 30
PopulationPerTerritory = 150
PermitDefection = 0
DefconExpanded : Warning: defection has been turned off, you cannot make or break alliances after the game started.
Listening on port 5010.
Metaserver IP: 34.197.189.80
ServerLANIP = 26.102.130.209
Public server info: 90.242.223.214:5010
Demo limits received. MaxGameSize = 6, MaxDemoPlayers = 6, AllowServers = yes.
Server key authentication succeeded, key id = 5134000.
OutFile = server_output_advertise.log
PlayerLog = player_scores_advertise.log
AdvertisePlayers = 8
MaxSpectators = 15
MaxIdleRunTime = 1800
MinRunTime = 900
DropCourtesy = -1
IdleTimeGlobal = 600
SlowBudgetStart = 1200
SlowBudgetMax = 1200
KickVoteMin = 2
MaxTeams = 8
ReadyVoteDelay = 90
RandomTerritories = 1
CityPopulations = 3
CitiesPerTerritory = 30
PopulationPerTerritory = 150
PermitDefection = 0
DefconExpanded : Warning: defection has been turned off, you cannot make or break alliances after the game started.
Listening on port 5010.
Metaserver IP: 34.197.189.80
ServerLANIP = 26.102.130.209
Demo limits received. MaxGameSize = 6, MaxDemoPlayers = 6, AllowServers = yes.
Public server info: 90.242.223.214:5010
Server key authentication succeeded, key id = 5134000.
Login request from 89.104.245.222:5011, version="1.60.1.5 MINICOM", keyID=13208019 : naval blacklists apply, accepted, ID = 9.
Team creation request from client 9 received.
New name for client 9 : MohammedBinNexus
DefconExpanded : Defcon Expanded is an upcoming 8-16 player mod for DEFCON, this server is just an advertisement server but can still be played on!
DefconExpanded : The games will be available on www.defconexpanded.com, and this server has a leaderboard that you can also view on the website.
DefconExpanded : www.defconexpanded.com
Login request from 26.102.130.209:5011, version="1.60.1.5 MINICOM", keyID=13189777 : naval blacklists apply, accepted, ID = 10.
Team creation request from client 10 received.
New name for client 10 : LadenBinKezza
client 10 (LadenBinKezza) is ready to play.
client 9 (MohammedBinNexus) is ready to play.
Countdown started.
Game started. Players:
Team 1 : client 10 (LadenBinKezza), keyID = 13189777
Team 0 : client 9 (MohammedBinNexus), keyID = 13208019
Random seed: 468 (0x1d4)
DefconExpanded : Warning: slowdown budget 20 min.
DefconExpanded : Slow refill on 5x, medium on 10x, fast on 20x
SpectatorChatChannel = 0
client 10 (LadenBinKezza) disconnected.
client 9 (MohammedBinNexus) disconnected.
