OutFile = server_output_10playerdiplo.log
PlayerLog = player_scores_10playerdiplo.log
AdvertisePlayers = 10
MaxSpectators = 15
IdleTimeGlobal = 600
SlowBudgetStart = 1200
SlowBudgetMax = 1200
DropCourtesy = -1
KickVoteMin = 2
MinTeams = 5
MaxTeams = 10
ReadyVoteDelay = 90
RandomTerritories = 1
PermitDefection = 0
ScoreMode = 1
Reverting: PermitDefection = 1
ServerKey = <secret>
Listening on port 5020.
ServerPort = 5020
Metaserver IP: 34.197.189.80
ServerKey = <secret>
ServerLANIP = 116.203.228.110
Public server info: 116.203.228.110:5020
Demo limits received. MaxGameSize = 10, MaxDemoPlayers = 10, AllowServers = yes.
MaxSpectators = 3
Reverting: GameMode = 0
Reverting: RandomTerritories = 0
Reverting: ScoreMode = 0
