OutFile = server_output_8player.log
PlayerLog = player_scores_8player.log
AdvertisePlayers = 8
MaxSpectators = 15
MaxIdleRunTime = 1800
MinRunTime = 900
DropCourtesy = -1
IdleTimeGlobal = 600
SlowBudgetStart = 1200
SlowBudgetMax = 1200
KickVoteMin = 2
MinTeams = 1
MaxTeams = 8
ReadyVoteDelay = 90
RandomTerritories = 1
CityPopulations = 3
CitiesPerTerritory = 30
PopulationPerTerritory = 150
PermitDefection = 0
DefconExpanded : Warning: defection has been turned off, you cannot make or break alliances after the game started.
Listening on port 5014.
ServerPort = 5014
Metaserver IP: 34.197.189.80
ServerLANIP = 26.102.130.209
Public server info: 90.242.223.214:5014
Demo limits received. MaxGameSize = 8, MaxDemoPlayers = 8, AllowServers = yes.
Note: Demo limits have been overridden to allow 8 players.
Server key authentication succeeded, key id = 5134000.
OutFile = server_output_8player.log
PlayerLog = player_scores_8player.log
AdvertisePlayers = 8
MaxSpectators = 15
GhostProtection = 1
IdleTimeGlobal = 600
SlowBudgetStart = 1200
SlowBudgetMax = 1200
DropCourtesy = -1
KickVoteMin = 2
MaxTeams = 8
ReadyVoteDelay = 90
RandomTerritories = 1
CityPopulations = 3
CitiesPerTerritory = 30
PopulationPerTerritory = 150
Listening on port 5012.
ServerPort = 5012
Metaserver IP: 34.197.189.80
ServerLANIP = 26.102.130.209
Public server info: 90.242.223.214:5012
Demo limits received. MaxGameSize = 8, MaxDemoPlayers = 8, AllowServers = yes.
Note: Demo limits have been overridden to allow 8 players.
Server key authentication succeeded, key id = 2935630.
OutFile = server_output_8player.log
PlayerLog = player_scores_8player.log
AdvertisePlayers = 8
MaxSpectators = 15
GhostProtection = 1
IdleTimeGlobal = 600
SlowBudgetStart = 1200
SlowBudgetMax = 1200
DropCourtesy = -1
KickVoteMin = 2
MaxTeams = 8
ReadyVoteDelay = 90
RandomTerritories = 1
CityPopulations = 3
CitiesPerTerritory = 30
PopulationPerTerritory = 150
Listening on port 5012.
ServerPort = 5012
Metaserver IP: 34.197.189.80
ServerLANIP = 26.102.130.209
Public server info: 90.242.223.214:5012
Demo limits received. MaxGameSize = 8, MaxDemoPlayers = 8, AllowServers = yes.
Note: Demo limits have been overridden to allow 8 players.
Server key authentication succeeded, key id = 369211.
Login request from 173.79.123.62:5011, version="1.60.1.5 MINICOM", keyID=13206788 : naval blacklists apply, accepted, ID = 9.
Team creation request from client 9 received.
New name for client 9 : Sievert
DefconExpanded : This is the Official test server for Defcon Expanded, which will soon be integrated into the 8-16 player mod!.
DefconExpanded : The games will be available on www.defconexpanded.com, and this server has a leaderboard that you can also view on the website.
DefconExpanded : www.defconexpanded.com
client 9 (Sievert) disconnected.
OutFile = server_output_8player.log
PlayerLog = player_scores_8player.log
AdvertisePlayers = 8
MaxSpectators = 15
GhostProtection = 1
IdleTimeGlobal = 600
SlowBudgetStart = 1200
SlowBudgetMax = 1200
DropCourtesy = -1
KickVoteMin = 2
MaxTeams = 8
ReadyVoteDelay = 90
RandomTerritories = 1
CityPopulations = 3
CitiesPerTerritory = 30
PopulationPerTerritory = 150
Listening on port 5010.
Metaserver IP: 34.197.189.80
ServerLANIP = 26.102.130.209
Public server info: 90.242.223.214:5010
Demo limits received. MaxGameSize = 8, MaxDemoPlayers = 8, AllowServers = yes.
Note: Demo limits have been overridden to allow 8 players.
Server key authentication succeeded, key id = 369211.
