  checkbox.cpp
  core.cpp
  drop_down_menu.cpp
  filedialog.cpp
  inputfield.cpp
  message_dialog.cpp
  scrollbar.cpp
  screenoptions_window.cpp
  soundoptions_window.cpp
  soundeditor_window.cpp
  soundparameter_window.cpp
  soundstats_window.cpp
  styleeditor_window.cpp
  styletable.cpp
  bitmapfont.cpp
  resource.cpp
  renderer.cpp
  renderer_buffers.cpp
  renderer_3d.cpp
  renderer_3d_buffers.cpp
  renderer_nuke.cpp
  renderer_vbo.cpp
  renderer_debug_menu.cpp
  app.cpp
  defcon_soundinterface.cpp
  game.cpp
  modsystem.cpp
  tutorial_defcon.cpp
  defcon.cpp
  alliances_window.cpp
  authkey_window.cpp
  badkey_window.cpp
  casualties_window.cpp
  chat_window.cpp
  connecting_window.cpp
C:\xampp\htdocs\source\app\game.cpp(69,34): warning C4267: 'initializing': conversion from 'size_t' to 'int', possible loss of data
  (compiling source file '/source/app/game.cpp')
  
  debug_window.cpp
  demo_window.cpp
  fading_window.cpp
  fleet_placement_icon.cpp
  info_window.cpp
  interface.cpp
  lobby_window.cpp
  mainmenu.cpp
  mod_window.cpp
  network_window.cpp
  placement_icon.cpp
  playback_control_window.cpp
  profile_window.cpp
  recording_selection.cpp
  resynchronise_window.cpp
  serverbrowser_window.cpp
  serverdetails_window.cpp
C:\xampp\htdocs\source\interface\playback_control_window.cpp(256,17): warning C4267: 'initializing': conversion from 'size_t' to 'int', possible loss of data
  (compiling source file '/source/interface/playback_control_window.cpp')
  
  side_panel.cpp
  toolbar.cpp
  tutorial_window.cpp
  whiteboard_panel.cpp
  worldobject_window.cpp
  worldstatus_window.cpp
  multiline_text.cpp
  ClientToServer.cpp
  Server.cpp
  animated_icon.cpp
  globe_renderer.cpp
  lobby_renderer.cpp
  map_renderer.cpp
  airbase.cpp
C:\xampp\htdocs\source\interface\tutorial_window.cpp(180,37): warning C4267: '+=': conversion from 'size_t' to 'int', possible loss of data
  (compiling source file '/source/interface/tutorial_window.cpp')
  
  battleship.cpp
  blip.cpp
C:\xampp\htdocs\source\lib\multiline_text.cpp(48,22): warning C4267: '=': conversion from 'size_t' to 'unsigned int', possible loss of data
  (compiling source file '/source/lib/multiline_text.cpp')
  
  bomber.cpp
  carrier.cpp
  city.cpp
  depthcharge.cpp
C:\xampp\htdocs\source\renderer\lobby_renderer.cpp(315,38): warning C4267: '=': conversion from 'size_t' to 'int', possible loss of data
  (compiling source file '/source/renderer/lobby_renderer.cpp')
  
  earthdata.cpp
  explosion.cpp
  fighter.cpp
  fleet.cpp
  gunfire.cpp
  movingobject.cpp
  node.cpp
  nuke.cpp
  radargrid.cpp
  saucer.cpp
  silo.cpp
  sub.cpp
  team.cpp
  tornado.cpp
  votingsystem.cpp
  whiteboard.cpp
  world.cpp
  worldobject.cpp
C:\Program Files\Microsoft Visual Studio\2022\Community\MSBuild\Microsoft\VC\v170\Microsoft.CppBuild.targets(1395,5): warning MSB8012: TargetPath(C:\xampp\htdocs\targets\msvc\x64\Release\Defcon.exe) does not match the Linker's OutputFile property value (C:\xampp\htdocs\targets\msvc\Defcon Result\Release\Defcon.exe). This may cause your project to build incorrectly. To correct this, please make sure that $(OutDir), $(TargetName) and $(TargetExt) property values match the value specified in %(Link.OutputFile).
  Generating code
  Finished generating code
glew32s.lib(glew.obj) : warning LNK4099: PDB '' was not found with 'glew32s.lib(glew.obj)' or at ''; linking object as if no debug info
  Defcon.vcxproj -> C:\xampp\htdocs\targets\msvc\x64\Release\Defcon.exe
