c:\xampp\htdocs\targets\msvc\x64\release\defcon.pch
c:\xampp\htdocs\targets\msvc\x64\release\vc143.pdb
c:\xampp\htdocs\targets\msvc\x64\release\universal_include.obj
c:\xampp\htdocs\targets\msvc\x64\release\vc142.pdb
c:\xampp\htdocs\targets\msvc\x64\release\archive.obj
c:\xampp\htdocs\targets\msvc\x64\release\int64.obj
c:\xampp\htdocs\targets\msvc\x64\release\strfn.obj
c:\xampp\htdocs\targets\msvc\x64\release\consio.obj
c:\xampp\htdocs\targets\msvc\x64\release\isnt.obj
c:\xampp\htdocs\targets\msvc\x64\release\smallfn.obj
c:\xampp\htdocs\targets\msvc\x64\release\crypt.obj
c:\xampp\htdocs\targets\msvc\x64\release\list.obj
c:\xampp\htdocs\targets\msvc\x64\release\strlist.obj
c:\xampp\htdocs\targets\msvc\x64\release\arcread.obj
c:\xampp\htdocs\targets\msvc\x64\release\rs.obj
c:\xampp\htdocs\targets\msvc\x64\release\volume.obj
c:\xampp\htdocs\targets\msvc\x64\release\getbits.obj
c:\xampp\htdocs\targets\msvc\x64\release\recvol.obj
c:\xampp\htdocs\targets\msvc\x64\release\unicode.obj
c:\xampp\htdocs\targets\msvc\x64\release\filefn.obj
c:\xampp\htdocs\targets\msvc\x64\release\rijndael.obj
c:\xampp\htdocs\targets\msvc\x64\release\unrar.obj
c:\xampp\htdocs\targets\msvc\x64\release\extract.obj
c:\xampp\htdocs\targets\msvc\x64\release\savepos.obj
c:\xampp\htdocs\targets\msvc\x64\release\unpack.obj
c:\xampp\htdocs\targets\msvc\x64\release\file.obj
c:\xampp\htdocs\targets\msvc\x64\release\pathfn.obj
c:\xampp\htdocs\targets\msvc\x64\release\ulinks.obj
c:\xampp\htdocs\targets\msvc\x64\release\find.obj
c:\xampp\htdocs\targets\msvc\x64\release\rarvm.obj
c:\xampp\htdocs\targets\msvc\x64\release\filestr.obj
c:\xampp\htdocs\targets\msvc\x64\release\rdwrfn.obj
c:\xampp\htdocs\targets\msvc\x64\release\encname.obj
c:\xampp\htdocs\targets\msvc\x64\release\rarvmtbl.obj
c:\xampp\htdocs\targets\msvc\x64\release\scantree.obj
c:\xampp\htdocs\targets\msvc\x64\release\crc.obj
c:\xampp\htdocs\targets\msvc\x64\release\global.obj
c:\xampp\htdocs\targets\msvc\x64\release\sha1.obj
c:\xampp\htdocs\targets\msvc\x64\release\filcreat.obj
c:\xampp\htdocs\targets\msvc\x64\release\rarresource.obj
c:\xampp\htdocs\targets\msvc\x64\release\extinfo.obj
c:\xampp\htdocs\targets\msvc\x64\release\options.obj
c:\xampp\htdocs\targets\msvc\x64\release\timefn.obj
c:\xampp\htdocs\targets\msvc\x64\release\cmddata.obj
c:\xampp\htdocs\targets\msvc\x64\release\match.obj
c:\xampp\htdocs\targets\msvc\x64\release\system.obj
c:\xampp\htdocs\targets\msvc\x64\release\errhnd.obj
c:\xampp\htdocs\targets\msvc\x64\release\rawread.obj
c:\xampp\htdocs\targets\msvc\x64\release\checkbox.obj
c:\xampp\htdocs\targets\msvc\x64\release\fixed_64.obj
c:\xampp\htdocs\targets\msvc\x64\release\condition_win32.obj
c:\xampp\htdocs\targets\msvc\x64\release\renderer_vbo.obj
c:\xampp\htdocs\targets\msvc\x64\release\string_utils.obj
c:\xampp\htdocs\targets\msvc\x64\release\directory.obj
c:\xampp\htdocs\targets\msvc\x64\release\casualties_window.obj
c:\xampp\htdocs\targets\msvc\x64\release\recording_selection.obj
c:\xampp\htdocs\targets\msvc\x64\release\animated_icon.obj
c:\xampp\htdocs\targets\msvc\x64\release\fleet.obj
c:\xampp\htdocs\targets\msvc\x64\release\scrollbar.obj
c:\xampp\htdocs\targets\msvc\x64\release\input_win32.obj
c:\xampp\htdocs\targets\msvc\x64\release\authentication.obj
c:\xampp\htdocs\targets\msvc\x64\release\bitmapfont.obj
c:\xampp\htdocs\targets\msvc\x64\release\game.obj
c:\xampp\htdocs\targets\msvc\x64\release\info_window.obj
c:\xampp\htdocs\targets\msvc\x64\release\tutorial_window.obj
c:\xampp\htdocs\targets\msvc\x64\release\carrier.obj
c:\xampp\htdocs\targets\msvc\x64\release\votingsystem.obj
c:\xampp\htdocs\targets\msvc\x64\release\debug_utils.obj
c:\xampp\htdocs\targets\msvc\x64\release\text_file_writer.obj
c:\xampp\htdocs\targets\msvc\x64\release\text_stream_readers.obj
c:\xampp\htdocs\targets\msvc\x64\release\win32library.obj
c:\xampp\htdocs\targets\msvc\x64\release\random_number.obj
c:\xampp\htdocs\targets\msvc\x64\release\styletable.obj
c:\xampp\htdocs\targets\msvc\x64\release\defcon_soundinterface.obj
c:\xampp\htdocs\targets\msvc\x64\release\chat_window.obj
c:\xampp\htdocs\targets\msvc\x64\release\resynchronise_window.obj
c:\xampp\htdocs\targets\msvc\x64\release\lobby_renderer.obj
c:\xampp\htdocs\targets\msvc\x64\release\movingobject.obj
c:\xampp\htdocs\targets\msvc\x64\release\filedialog.obj
c:\xampp\htdocs\targets\msvc\x64\release\hi_res_time.obj
c:\xampp\htdocs\targets\msvc\x64\release\vector3.obj
c:\xampp\htdocs\targets\msvc\x64\release\bitmap.obj
c:\xampp\htdocs\targets\msvc\x64\release\app.obj
c:\xampp\htdocs\targets\msvc\x64\release\debug_window.obj
c:\xampp\htdocs\targets\msvc\x64\release\serverdetails_window.obj
c:\xampp\htdocs\targets\msvc\x64\release\map_renderer.obj
c:\xampp\htdocs\targets\msvc\x64\release\silo.obj
c:\xampp\htdocs\targets\msvc\x64\release\core.obj
c:\xampp\htdocs\targets\msvc\x64\release\language_table.obj
c:\xampp\htdocs\targets\msvc\x64\release\renderer_debug_menu.obj
c:\xampp\htdocs\targets\msvc\x64\release\game_history.obj
c:\xampp\htdocs\targets\msvc\x64\release\connecting_window.obj
c:\xampp\htdocs\targets\msvc\x64\release\serverbrowser_window.obj
c:\xampp\htdocs\targets\msvc\x64\release\globe_renderer.obj
c:\xampp\htdocs\targets\msvc\x64\release\node.obj
c:\xampp\htdocs\targets\msvc\x64\release\eclbutton.obj
c:\xampp\htdocs\targets\msvc\x64\release\eclwindow.obj
c:\xampp\htdocs\targets\msvc\x64\release\filesys_utils.obj
c:\xampp\htdocs\targets\msvc\x64\release\input.obj
c:\xampp\htdocs\targets\msvc\x64\release\hash.obj
c:\xampp\htdocs\targets\msvc\x64\release\preferences.obj
c:\xampp\htdocs\targets\msvc\x64\release\sound_filter.obj
c:\xampp\htdocs\targets\msvc\x64\release\sound_library_3d.obj
c:\xampp\htdocs\targets\msvc\x64\release\version_manager.obj
c:\xampp\htdocs\targets\msvc\x64\release\fleet_placement_icon.obj
c:\xampp\htdocs\targets\msvc\x64\release\whiteboard_panel.obj
c:\xampp\htdocs\targets\msvc\x64\release\battleship.obj
c:\xampp\htdocs\targets\msvc\x64\release\nuke.obj
c:\xampp\htdocs\targets\msvc\x64\release\screenoptions_window.obj
c:\xampp\htdocs\targets\msvc\x64\release\fixed_float.obj
c:\xampp\htdocs\targets\msvc\x64\release\image.obj
c:\xampp\htdocs\targets\msvc\x64\release\modsystem.obj
c:\xampp\htdocs\targets\msvc\x64\release\interface.obj
c:\xampp\htdocs\targets\msvc\x64\release\worldobject_window.obj
c:\xampp\htdocs\targets\msvc\x64\release\city.obj
c:\xampp\htdocs\targets\msvc\x64\release\sub.obj
c:\xampp\htdocs\targets\msvc\x64\release\inputfield.obj
c:\xampp\htdocs\targets\msvc\x64\release\window_manager.obj
c:\xampp\htdocs\targets\msvc\x64\release\matchmaker.obj
c:\xampp\htdocs\targets\msvc\x64\release\resource.obj
c:\xampp\htdocs\targets\msvc\x64\release\statusicon.obj
c:\xampp\htdocs\targets\msvc\x64\release\trayicon.obj
c:\xampp\htdocs\targets\msvc\x64\release\lobby_window.obj
c:\xampp\htdocs\targets\msvc\x64\release\worldstatus_window.obj
c:\xampp\htdocs\targets\msvc\x64\release\date.obj
c:\xampp\htdocs\targets\msvc\x64\release\saucer.obj
c:\xampp\htdocs\targets\msvc\x64\release\drop_down_menu.obj
c:\xampp\htdocs\targets\msvc\x64\release\math_utils.obj
c:\xampp\htdocs\targets\msvc\x64\release\renderer_nuke.obj
c:\xampp\htdocs\targets\msvc\x64\release\sound_sample_decoder.obj
c:\xampp\htdocs\targets\msvc\x64\release\alliances_window.obj
c:\xampp\htdocs\targets\msvc\x64\release\profile_window.obj
c:\xampp\htdocs\targets\msvc\x64\release\server.obj
c:\xampp\htdocs\targets\msvc\x64\release\gunfire.obj
c:\xampp\htdocs\targets\msvc\x64\release\soundeditor_window.obj
c:\xampp\htdocs\targets\msvc\x64\release\memory_leak.obj
c:\xampp\htdocs\targets\msvc\x64\release\sprite_atlas.obj
c:\xampp\htdocs\targets\msvc\x64\release\soundsystem_interface.obj
c:\xampp\htdocs\targets\msvc\x64\release\synctestrecordings.obj
c:\xampp\htdocs\targets\msvc\x64\release\fading_window.obj
c:\xampp\htdocs\targets\msvc\x64\release\side_panel.obj
c:\xampp\htdocs\targets\msvc\x64\release\bomber.obj
c:\xampp\htdocs\targets\msvc\x64\release\team.obj
c:\xampp\htdocs\targets\msvc\x64\release\soundstats_window.obj
c:\xampp\htdocs\targets\msvc\x64\release\net_socket.obj
c:\xampp\htdocs\targets\msvc\x64\release\thread_controller.obj
c:\xampp\htdocs\targets\msvc\x64\release\renderer_3d.obj
c:\xampp\htdocs\targets\msvc\x64\release\sound_library_2d.obj
c:\xampp\htdocs\targets\msvc\x64\release\sound_sample_bank.obj
c:\xampp\htdocs\targets\msvc\x64\release\authkey_window.obj
c:\xampp\htdocs\targets\msvc\x64\release\mod_window.obj
c:\xampp\htdocs\targets\msvc\x64\release\multiline_text.obj
c:\xampp\htdocs\targets\msvc\x64\release\depthcharge.obj
c:\xampp\htdocs\targets\msvc\x64\release\tornado.obj
c:\xampp\htdocs\targets\msvc\x64\release\message_dialog.obj
c:\xampp\htdocs\targets\msvc\x64\release\window_manager_win32.obj
c:\xampp\htdocs\targets\msvc\x64\release\net_lib.obj
c:\xampp\htdocs\targets\msvc\x64\release\net_socket_session.obj
c:\xampp\htdocs\targets\msvc\x64\release\profiler.obj
c:\xampp\htdocs\targets\msvc\x64\release\renderer_3d_buffers.obj
c:\xampp\htdocs\targets\msvc\x64\release\sound_parameter.obj
c:\xampp\htdocs\targets\msvc\x64\release\curves.obj
c:\xampp\htdocs\targets\msvc\x64\release\mainmenu.obj
c:\xampp\htdocs\targets\msvc\x64\release\clienttoserver.obj
c:\xampp\htdocs\targets\msvc\x64\release\explosion.obj
c:\xampp\htdocs\targets\msvc\x64\release\world.obj
c:\xampp\htdocs\targets\msvc\x64\release\soundparameter_window.obj
c:\xampp\htdocs\targets\msvc\x64\release\condition_winxp.obj
c:\xampp\htdocs\targets\msvc\x64\release\colour.obj
c:\xampp\htdocs\targets\msvc\x64\release\sound_blueprint_manager.obj
c:\xampp\htdocs\targets\msvc\x64\release\tutorial_defcon.obj
c:\xampp\htdocs\targets\msvc\x64\release\network_window.obj
c:\xampp\htdocs\targets\msvc\x64\release\recordingparser.obj
c:\xampp\htdocs\targets\msvc\x64\release\fighter.obj
c:\xampp\htdocs\targets\msvc\x64\release\worldobject.obj
c:\xampp\htdocs\targets\msvc\x64\release\eclipse.obj
c:\xampp\htdocs\targets\msvc\x64\release\binary_stream_readers.obj
c:\xampp\htdocs\targets\msvc\x64\release\file_system.obj
c:\xampp\htdocs\targets\msvc\x64\release\net_mutex_win32.obj
c:\xampp\htdocs\targets\msvc\x64\release\net_thread_win32.obj
c:\xampp\htdocs\targets\msvc\x64\release\renderer.obj
c:\xampp\htdocs\targets\msvc\x64\release\sound_instance.obj
c:\xampp\htdocs\targets\msvc\x64\release\defcon.obj
c:\xampp\htdocs\targets\msvc\x64\release\placement_icon.obj
c:\xampp\htdocs\targets\msvc\x64\release\random_object.obj
c:\xampp\htdocs\targets\msvc\x64\release\airbase.obj
c:\xampp\htdocs\targets\msvc\x64\release\radarstation.obj
c:\xampp\htdocs\targets\msvc\x64\release\styleeditor_window.obj
c:\xampp\htdocs\targets\msvc\x64\release\net_socket_listener.obj
c:\xampp\htdocs\targets\msvc\x64\release\net_udp_packet.obj
c:\xampp\htdocs\targets\msvc\x64\release\renderer_buffers.obj
c:\xampp\htdocs\targets\msvc\x64\release\sound_library_3d_dsound.obj
c:\xampp\htdocs\targets\msvc\x64\release\badkey_window.obj
c:\xampp\htdocs\targets\msvc\x64\release\playback_control_window.obj
c:\xampp\htdocs\targets\msvc\x64\release\servertoclient.obj
c:\xampp\htdocs\targets\msvc\x64\release\earthdata.obj
c:\xampp\htdocs\targets\msvc\x64\release\whiteboard.obj
c:\xampp\htdocs\targets\msvc\x64\release\soundoptions_window.obj
c:\xampp\htdocs\targets\msvc\x64\release\metaserver.obj
c:\xampp\htdocs\targets\msvc\x64\release\soundsystem.obj
c:\xampp\htdocs\targets\msvc\x64\release\tutorial.obj
c:\xampp\htdocs\targets\msvc\x64\release\demo_window.obj
c:\xampp\htdocs\targets\msvc\x64\release\toolbar.obj
c:\xampp\htdocs\targets\msvc\x64\release\blip.obj
c:\xampp\htdocs\targets\msvc\x64\release\radargrid.obj
c:\xampp\htdocs\targets\msvc\x64\release\defcon.tlog\cl.command.1.tlog
c:\xampp\htdocs\targets\msvc\x64\release\defcon.tlog\cl.read.1.tlog
c:\xampp\htdocs\targets\msvc\x64\release\defcon.tlog\cl.write.1.tlog
c:\xampp\htdocs\targets\msvc\x64\release\defcon.tlog\link.command.1.tlog
c:\xampp\htdocs\targets\msvc\x64\release\defcon.tlog\link.read.1.tlog
c:\xampp\htdocs\targets\msvc\x64\release\defcon.tlog\link.write.1.tlog
c:\xampp\htdocs\targets\msvc\x64\release\defcon.tlog\rc.command.1.tlog
c:\xampp\htdocs\targets\msvc\x64\release\defcon.tlog\rc.read.1.tlog
c:\xampp\htdocs\targets\msvc\x64\release\defcon.tlog\rc.write.1.tlog
